----- 400 -----
 <<< Combine >>> 
>>> random number generator seed is 123456
Will use a-priori expected background instead of a-posteriori one.
>>> method used is AsymptoticLimits
SimNLL created with 1 channels, 0 generic constraints, 6 fast gaussian constraints, 0 fast poisson constraints, 0 fast group constraints, 

 -- AsymptoticLimits ( CLs ) --
Expected  2.5%: r < 58.3198
Expected 16.0%: r < 63.7125
Expected 50.0%: r < 72.1250
Expected 84.0%: r < 82.7623
Expected 97.5%: r < 95.2980

Done in 0.00 min (cpu), 0.00 min (real)
----- 480 -----
 <<< Combine >>> 
>>> random number generator seed is 123456
Will use a-priori expected background instead of a-posteriori one.
>>> method used is AsymptoticLimits
SimNLL created with 1 channels, 0 generic constraints, 7 fast gaussian constraints, 0 fast poisson constraints, 0 fast group constraints, 

 -- AsymptoticLimits ( CLs ) --
Expected  2.5%: r < 1.1862
Expected 16.0%: r < 2.0514
Expected 50.0%: r < 3.7031
Expected 84.0%: r < 6.5667
Expected 97.5%: r < 10.4906

Done in 0.00 min (cpu), 0.00 min (real)
----- 560 -----
 <<< Combine >>> 
>>> random number generator seed is 123456
Will use a-priori expected background instead of a-posteriori one.
>>> method used is AsymptoticLimits
SimNLL created with 1 channels, 0 generic constraints, 8 fast gaussian constraints, 0 fast poisson constraints, 0 fast group constraints, 

 -- AsymptoticLimits ( CLs ) --
Expected  2.5%: r < 0.5640
Expected 16.0%: r < 0.9808
Expected 50.0%: r < 1.8047
Expected 84.0%: r < 3.2578
Expected 97.5%: r < 5.2962

Done in 0.00 min (cpu), 0.00 min (real)
----- 640 -----
 <<< Combine >>> 
>>> random number generator seed is 123456
Will use a-priori expected background instead of a-posteriori one.
>>> method used is AsymptoticLimits
SimNLL created with 1 channels, 0 generic constraints, 9 fast gaussian constraints, 0 fast poisson constraints, 0 fast group constraints, 

 -- AsymptoticLimits ( CLs ) --
Expected  2.5%: r < 0.4796
Expected 16.0%: r < 0.8276
Expected 50.0%: r < 1.5156
Expected 84.0%: r < 2.7360
Expected 97.5%: r < 4.4478

Done in 0.00 min (cpu), 0.00 min (real)
----- 720 -----
 <<< Combine >>> 
>>> random number generator seed is 123456
Will use a-priori expected background instead of a-posteriori one.
>>> method used is AsymptoticLimits
SimNLL created with 1 channels, 0 generic constraints, 10 fast gaussian constraints, 0 fast poisson constraints, 0 fast group constraints, 

 -- AsymptoticLimits ( CLs ) --
Expected  2.5%: r < 0.4697
Expected 16.0%: r < 0.8105
Expected 50.0%: r < 1.4844
Expected 84.0%: r < 2.6796
Expected 97.5%: r < 4.3418

Done in 0.00 min (cpu), 0.00 min (real)
----- 800 -----
 <<< Combine >>> 
>>> random number generator seed is 123456
Will use a-priori expected background instead of a-posteriori one.
>>> method used is AsymptoticLimits
SimNLL created with 1 channels, 0 generic constraints, 11 fast gaussian constraints, 0 fast poisson constraints, 0 fast group constraints, 

 -- AsymptoticLimits ( CLs ) --
Expected  2.5%: r < 0.4697
Expected 16.0%: r < 0.8105
Expected 50.0%: r < 1.4844
Expected 84.0%: r < 2.6677
Expected 97.5%: r < 4.3263

Done in 0.00 min (cpu), 0.00 min (real)
----- 900 -----
 <<< Combine >>> 
>>> random number generator seed is 123456
Will use a-priori expected background instead of a-posteriori one.
>>> method used is AsymptoticLimits
SimNLL created with 1 channels, 0 generic constraints, 12 fast gaussian constraints, 0 fast poisson constraints, 0 fast group constraints, 

 -- AsymptoticLimits ( CLs ) --
Expected  2.5%: r < 0.4684
Expected 16.0%: r < 0.8084
Expected 50.0%: r < 1.4805
Expected 84.0%: r < 2.6607
Expected 97.5%: r < 4.3005

Done in 0.00 min (cpu), 0.00 min (real)
----- 1000 -----
 <<< Combine >>> 
>>> random number generator seed is 123456
Will use a-priori expected background instead of a-posteriori one.
>>> method used is AsymptoticLimits
SimNLL created with 1 channels, 0 generic constraints, 13 fast gaussian constraints, 0 fast poisson constraints, 0 fast group constraints, 

 -- AsymptoticLimits ( CLs ) --
Expected  2.5%: r < 0.4730
Expected 16.0%: r < 0.8101
Expected 50.0%: r < 1.4766
Expected 84.0%: r < 2.6537
Expected 97.5%: r < 4.3035

Done in 0.00 min (cpu), 0.00 min (real)
----- 1150 -----
 <<< Combine >>> 
>>> random number generator seed is 123456
Will use a-priori expected background instead of a-posteriori one.
>>> method used is AsymptoticLimits
SimNLL created with 1 channels, 0 generic constraints, 14 fast gaussian constraints, 0 fast poisson constraints, 0 fast group constraints, 

 -- AsymptoticLimits ( CLs ) --
Expected  2.5%: r < 0.4567
Expected 16.0%: r < 0.7822
Expected 50.0%: r < 1.4258
Expected 84.0%: r < 2.5397
Expected 97.5%: r < 4.0690

Done in 0.00 min (cpu), 0.00 min (real)
----- 1300 -----
 <<< Combine >>> 
>>> random number generator seed is 123456
Will use a-priori expected background instead of a-posteriori one.
>>> method used is AsymptoticLimits
SimNLL created with 1 channels, 0 generic constraints, 15 fast gaussian constraints, 0 fast poisson constraints, 0 fast group constraints, 

 -- AsymptoticLimits ( CLs ) --
Expected  2.5%: r < 0.4554
Expected 16.0%: r < 0.7801
Expected 50.0%: r < 1.4219
Expected 84.0%: r < 2.5214
Expected 97.5%: r < 4.0421

Done in 0.00 min (cpu), 0.00 min (real)
----- 1500 -----
 <<< Combine >>> 
>>> random number generator seed is 123456
Will use a-priori expected background instead of a-posteriori one.
>>> method used is AsymptoticLimits
SimNLL created with 1 channels, 0 generic constraints, 16 fast gaussian constraints, 0 fast poisson constraints, 0 fast group constraints, 

 -- AsymptoticLimits ( CLs ) --
Expected  2.5%: r < 0.4542
Expected 16.0%: r < 0.7855
Expected 50.0%: r < 1.4180
Expected 84.0%: r < 2.5145
Expected 97.5%: r < 3.9889

Done in 0.00 min (cpu), 0.00 min (real)
----- 1700 -----
 <<< Combine >>> 
>>> random number generator seed is 123456
Will use a-priori expected background instead of a-posteriori one.
>>> method used is AsymptoticLimits
SimNLL created with 1 channels, 0 generic constraints, 17 fast gaussian constraints, 0 fast poisson constraints, 0 fast group constraints, 

 -- AsymptoticLimits ( CLs ) --
Expected  2.5%: r < 0.4504
Expected 16.0%: r < 0.7715
Expected 50.0%: r < 1.4062
Expected 84.0%: r < 2.4937
Expected 97.5%: r < 3.9838

Done in 0.00 min (cpu), 0.00 min (real)
----- 2000 -----
 <<< Combine >>> 
>>> random number generator seed is 123456
Will use a-priori expected background instead of a-posteriori one.
>>> method used is AsymptoticLimits
SimNLL created with 1 channels, 0 generic constraints, 18 fast gaussian constraints, 0 fast poisson constraints, 0 fast group constraints, 

 -- AsymptoticLimits ( CLs ) --
Expected  2.5%: r < 0.4479
Expected 16.0%: r < 0.7672
Expected 50.0%: r < 1.3984
Expected 84.0%: r < 2.4798
Expected 97.5%: r < 3.9893

Done in 0.00 min (cpu), 0.00 min (real)
----- 2300 -----
 <<< Combine >>> 
>>> random number generator seed is 123456
Will use a-priori expected background instead of a-posteriori one.
>>> method used is AsymptoticLimits
SimNLL created with 1 channels, 0 generic constraints, 19 fast gaussian constraints, 0 fast poisson constraints, 0 fast group constraints, 

 -- AsymptoticLimits ( CLs ) --
Expected  2.5%: r < 0.4276
Expected 16.0%: r < 0.7380
Expected 50.0%: r < 1.3516
Expected 84.0%: r < 2.4183
Expected 97.5%: r < 3.8852

Done in 0.00 min (cpu), 0.00 min (real)
----- 3500 -----
 <<< Combine >>> 
>>> random number generator seed is 123456
Will use a-priori expected background instead of a-posteriori one.
>>> method used is AsymptoticLimits
SimNLL created with 1 channels, 0 generic constraints, 20 fast gaussian constraints, 0 fast poisson constraints, 0 fast group constraints, 

 -- AsymptoticLimits ( CLs ) --
Expected  2.5%: r < 0.4199
Expected 16.0%: r < 0.7303
Expected 50.0%: r < 1.3438
Expected 84.0%: r < 2.4043
Expected 97.5%: r < 3.8759

Done in 0.00 min (cpu), 0.00 min (real)
