============================================================
Analysing bin errors for: prop_binSR_bin1_TopTag
Poisson cut-off: 0
Processes excluded for sums: ALP_ttbar_signal ALP_ttbar_interference
============================================================
Bin        Contents        Error           Notes                         
0          2300.858036     13.246480       total sum                     
0          2353.574238     12.542076       excluding marked processes    
0          35214.000000    187.653937      Unweighted events, alpha=0.065339
  => Total parameter prop_binSR_bin1_TopTag_bin0[0.00,-7.00,7.00] to be gaussian constrained
------------------------------------------------------------
1          2597.443813     13.017666       total sum                     
1          2607.190517     12.303691       excluding marked processes    
1          44903.000000    211.903280      Unweighted events, alpha=0.057846
  => Total parameter prop_binSR_bin1_TopTag_bin1[0.00,-7.00,7.00] to be gaussian constrained
------------------------------------------------------------
2          1837.438174     11.317931       total sum                     
2          1819.927157     10.846875       excluding marked processes    
2          28151.000000    167.782597      Unweighted events, alpha=0.065271
  => Total parameter prop_binSR_bin1_TopTag_bin2[0.00,-7.00,7.00] to be gaussian constrained
------------------------------------------------------------
3          0.000000        0.000000        total sum                     
3          0.000000        0.000000        excluding marked processes    
  => Error is zero, ignore      
------------------------------------------------------------
4          0.000000        0.000000        total sum                     
4          0.000000        0.000000        excluding marked processes    
  => Error is zero, ignore      
------------------------------------------------------------
5          0.000000        0.000000        total sum                     
5          0.000000        0.000000        excluding marked processes    
  => Error is zero, ignore      
------------------------------------------------------------
6          0.000000        0.000000        total sum                     
6          0.000000        0.000000        excluding marked processes    
  => Error is zero, ignore      
------------------------------------------------------------
7          0.000000        0.000000        total sum                     
7          0.000000        0.000000        excluding marked processes    
  => Error is zero, ignore      
------------------------------------------------------------
8          0.000000        0.000000        total sum                     
8          0.000000        0.000000        excluding marked processes    
  => Error is zero, ignore      
------------------------------------------------------------
============================================================
Analysing bin errors for: prop_binSR_bin1_NoTopTag
Poisson cut-off: 0
Processes excluded for sums: ALP_ttbar_signal ALP_ttbar_interference
============================================================
Bin        Contents        Error           Notes                         
0          593205.979492   3936.762177     total sum                     
0          606466.789062   3936.434413     excluding marked processes    
0          23736.000000    154.064921      Unweighted events, alpha=24.991826
  => Total parameter prop_binSR_bin1_NoTopTag_bin0[0.00,-7.00,7.00] to be gaussian constrained
------------------------------------------------------------
1          78452.006104    596.694604      total sum                     
1          79548.891846    596.484084      excluding marked processes    
1          17786.000000    133.364163      Unweighted events, alpha=4.410885
  => Total parameter prop_binSR_bin1_NoTopTag_bin1[0.00,-7.00,7.00] to be gaussian constrained
------------------------------------------------------------
2          23949.136108    138.587875      total sum                     
2          24216.999176    138.329272      excluding marked processes    
2          30649.000000    175.068558      Unweighted events, alpha=0.781400
  => Total parameter prop_binSR_bin1_NoTopTag_bin2[0.00,-7.00,7.00] to be gaussian constrained
------------------------------------------------------------
3          0.000000        0.000000        total sum                     
3          0.000000        0.000000        excluding marked processes    
  => Error is zero, ignore      
------------------------------------------------------------
4          0.000000        0.000000        total sum                     
4          0.000000        0.000000        excluding marked processes    
  => Error is zero, ignore      
------------------------------------------------------------
5          0.000000        0.000000        total sum                     
5          0.000000        0.000000        excluding marked processes    
  => Error is zero, ignore      
------------------------------------------------------------
6          0.000000        0.000000        total sum                     
6          0.000000        0.000000        excluding marked processes    
  => Error is zero, ignore      
------------------------------------------------------------
7          0.000000        0.000000        total sum                     
7          0.000000        0.000000        excluding marked processes    
  => Error is zero, ignore      
------------------------------------------------------------
8          0.000000        0.000000        total sum                     
8          0.000000        0.000000        excluding marked processes    
  => Error is zero, ignore      
------------------------------------------------------------
============================================================
Analysing bin errors for: prop_binSR_bin2_TopTag
Poisson cut-off: 0
Processes excluded for sums: ALP_ttbar_signal ALP_ttbar_interference
============================================================
Bin        Contents        Error           Notes                         
0          1043.654452     8.217432        total sum                     
0          1079.733241     7.438377        excluding marked processes    
0          21071.000000    145.158534      Unweighted events, alpha=0.049530
  => Total parameter prop_binSR_bin2_TopTag_bin0[0.00,-7.00,7.00] to be gaussian constrained
------------------------------------------------------------
1          1814.870028     10.490318       total sum                     
1          1817.982821     9.684698        excluding marked processes    
1          35238.000000    187.717873      Unweighted events, alpha=0.051503
  => Total parameter prop_binSR_bin2_TopTag_bin1[0.00,-7.00,7.00] to be gaussian constrained
------------------------------------------------------------
2          2025.315032     10.989029       total sum                     
2          2004.836780     10.412676       excluding marked processes    
2          37071.000000    192.538308      Unweighted events, alpha=0.054633
  => Total parameter prop_binSR_bin2_TopTag_bin2[0.00,-7.00,7.00] to be gaussian constrained
------------------------------------------------------------
3          0.000000        0.000000        total sum                     
3          0.000000        0.000000        excluding marked processes    
  => Error is zero, ignore      
------------------------------------------------------------
4          0.000000        0.000000        total sum                     
4          0.000000        0.000000        excluding marked processes    
  => Error is zero, ignore      
------------------------------------------------------------
5          0.000000        0.000000        total sum                     
5          0.000000        0.000000        excluding marked processes    
  => Error is zero, ignore      
------------------------------------------------------------
6          0.000000        0.000000        total sum                     
6          0.000000        0.000000        excluding marked processes    
  => Error is zero, ignore      
------------------------------------------------------------
7          0.000000        0.000000        total sum                     
7          0.000000        0.000000        excluding marked processes    
  => Error is zero, ignore      
------------------------------------------------------------
8          0.000000        0.000000        total sum                     
8          0.000000        0.000000        excluding marked processes    
  => Error is zero, ignore      
------------------------------------------------------------
============================================================
Analysing bin errors for: prop_binSR_bin2_NoTopTag
Poisson cut-off: 0
Processes excluded for sums: ALP_ttbar_signal ALP_ttbar_interference
============================================================
Bin        Contents        Error           Notes                         
0          392891.467773   1787.674271     total sum                     
0          402277.358398   1787.152187     excluding marked processes    
0          50667.000000    225.093314      Unweighted events, alpha=7.754386
  => Total parameter prop_binSR_bin2_NoTopTag_bin0[0.00,-7.00,7.00] to be gaussian constrained
------------------------------------------------------------
1          38228.061920    87.291331       total sum                     
1          38782.490234    86.350709       excluding marked processes    
1          201716.000000   449.128044      Unweighted events, alpha=0.189514
  => Total parameter prop_binSR_bin2_NoTopTag_bin1[0.00,-7.00,7.00] to be gaussian constrained
------------------------------------------------------------
2          8806.235672     36.215517       total sum                     
2          8869.961884     35.747230       excluding marked processes    
2          61569.000000    248.131014      Unweighted events, alpha=0.143030
  => Total parameter prop_binSR_bin2_NoTopTag_bin2[0.00,-7.00,7.00] to be gaussian constrained
------------------------------------------------------------
3          0.000000        0.000000        total sum                     
3          0.000000        0.000000        excluding marked processes    
  => Error is zero, ignore      
------------------------------------------------------------
4          0.000000        0.000000        total sum                     
4          0.000000        0.000000        excluding marked processes    
  => Error is zero, ignore      
------------------------------------------------------------
5          0.000000        0.000000        total sum                     
5          0.000000        0.000000        excluding marked processes    
  => Error is zero, ignore      
------------------------------------------------------------
6          0.000000        0.000000        total sum                     
6          0.000000        0.000000        excluding marked processes    
  => Error is zero, ignore      
------------------------------------------------------------
7          0.000000        0.000000        total sum                     
7          0.000000        0.000000        excluding marked processes    
  => Error is zero, ignore      
------------------------------------------------------------
8          0.000000        0.000000        total sum                     
8          0.000000        0.000000        excluding marked processes    
  => Error is zero, ignore      
------------------------------------------------------------
============================================================
Analysing bin errors for: prop_binSR_bin3_TopTag
Poisson cut-off: 0
Processes excluded for sums: ALP_ttbar_signal ALP_ttbar_interference
============================================================
Bin        Contents        Error           Notes                         
0          1400.972959     10.252142       total sum                     
0          1450.511327     9.333717        excluding marked processes    
0          24151.000000    155.405920      Unweighted events, alpha=0.058009
  => Total parameter prop_binSR_bin3_TopTag_bin0[0.00,-7.00,7.00] to be gaussian constrained
------------------------------------------------------------
1          5762.722301     19.283373       total sum                     
1          5761.217541     17.912637       excluding marked processes    
1          103445.000000   321.628668      Unweighted events, alpha=0.055708
  => Total parameter prop_binSR_bin3_TopTag_bin1[0.00,-7.00,7.00] to be gaussian constrained
------------------------------------------------------------
2          5091.283663     17.187111       total sum                     
2          4992.197268     16.034441       excluding marked processes    
2          96934.000000    311.342255      Unweighted events, alpha=0.052523
  => Total parameter prop_binSR_bin3_TopTag_bin2[0.00,-7.00,7.00] to be gaussian constrained
------------------------------------------------------------
3          0.000000        0.000000        total sum                     
3          0.000000        0.000000        excluding marked processes    
  => Error is zero, ignore      
------------------------------------------------------------
4          0.000000        0.000000        total sum                     
4          0.000000        0.000000        excluding marked processes    
  => Error is zero, ignore      
------------------------------------------------------------
5          0.000000        0.000000        total sum                     
5          0.000000        0.000000        excluding marked processes    
  => Error is zero, ignore      
------------------------------------------------------------
6          0.000000        0.000000        total sum                     
6          0.000000        0.000000        excluding marked processes    
  => Error is zero, ignore      
------------------------------------------------------------
7          0.000000        0.000000        total sum                     
7          0.000000        0.000000        excluding marked processes    
  => Error is zero, ignore      
------------------------------------------------------------
8          0.000000        0.000000        total sum                     
8          0.000000        0.000000        excluding marked processes    
  => Error is zero, ignore      
------------------------------------------------------------
============================================================
Analysing bin errors for: prop_binSR_bin3_NoTopTag
Poisson cut-off: 0
Processes excluded for sums: ALP_ttbar_signal ALP_ttbar_interference
============================================================
Bin        Contents        Error           Notes                         
0          895127.118164   3749.927210     total sum                     
0          918105.542969   3749.292338     excluding marked processes    
0          59963.000000    244.873437      Unweighted events, alpha=14.927991
  => Total parameter prop_binSR_bin3_NoTopTag_bin0[0.00,-7.00,7.00] to be gaussian constrained
------------------------------------------------------------
1          57377.357361    103.450827      total sum                     
1          58049.689148    101.957826      excluding marked processes    
1          324159.000000   569.349629      Unweighted events, alpha=0.177004
  => Total parameter prop_binSR_bin3_NoTopTag_bin1[0.00,-7.00,7.00] to be gaussian constrained
------------------------------------------------------------
2          10759.096558    45.139483       total sum                     
2          10781.632874    44.527660       excluding marked processes    
2          58629.000000    242.134260      Unweighted events, alpha=0.183512
  => Total parameter prop_binSR_bin3_NoTopTag_bin2[0.00,-7.00,7.00] to be gaussian constrained
------------------------------------------------------------
3          0.000000        0.000000        total sum                     
3          0.000000        0.000000        excluding marked processes    
  => Error is zero, ignore      
------------------------------------------------------------
4          0.000000        0.000000        total sum                     
4          0.000000        0.000000        excluding marked processes    
  => Error is zero, ignore      
------------------------------------------------------------
5          0.000000        0.000000        total sum                     
5          0.000000        0.000000        excluding marked processes    
  => Error is zero, ignore      
------------------------------------------------------------
6          0.000000        0.000000        total sum                     
6          0.000000        0.000000        excluding marked processes    
  => Error is zero, ignore      
------------------------------------------------------------
7          0.000000        0.000000        total sum                     
7          0.000000        0.000000        excluding marked processes    
  => Error is zero, ignore      
------------------------------------------------------------
8          0.000000        0.000000        total sum                     
8          0.000000        0.000000        excluding marked processes    
  => Error is zero, ignore      
------------------------------------------------------------
============================================================
Analysing bin errors for: prop_binSR_bin4
Poisson cut-off: 0
Processes excluded for sums: ALP_ttbar_signal ALP_ttbar_interference
============================================================
Bin        Contents        Error           Notes                         
0          899151.334961   3865.175162     total sum                     
0          922313.257812   3864.538315     excluding marked processes    
0          56959.000000    238.660847      Unweighted events, alpha=15.785940
  => Total parameter prop_binSR_bin4_bin0[0.00,-7.00,7.00] to be gaussian constrained
------------------------------------------------------------
1          55281.347778    110.789503      total sum                     
1          55870.282227    109.279070      excluding marked processes    
1          261389.000000   511.262164      Unweighted events, alpha=0.211491
  => Total parameter prop_binSR_bin4_bin1[0.00,-7.00,7.00] to be gaussian constrained
------------------------------------------------------------
2          14797.690643    391.952400      total sum                     
2          14710.548401    391.841507      excluding marked processes    
2          1409.000000     37.536649       Unweighted events, alpha=10.502264
  => Total parameter prop_binSR_bin4_bin2[0.00,-7.00,7.00] to be gaussian constrained
------------------------------------------------------------
3          0.000000        0.000000        total sum                     
3          0.000000        0.000000        excluding marked processes    
  => Error is zero, ignore      
------------------------------------------------------------
4          0.000000        0.000000        total sum                     
4          0.000000        0.000000        excluding marked processes    
  => Error is zero, ignore      
------------------------------------------------------------
5          0.000000        0.000000        total sum                     
5          0.000000        0.000000        excluding marked processes    
  => Error is zero, ignore      
------------------------------------------------------------
6          0.000000        0.000000        total sum                     
6          0.000000        0.000000        excluding marked processes    
  => Error is zero, ignore      
------------------------------------------------------------
7          0.000000        0.000000        total sum                     
7          0.000000        0.000000        excluding marked processes    
  => Error is zero, ignore      
------------------------------------------------------------
8          0.000000        0.000000        total sum                     
8          0.000000        0.000000        excluding marked processes    
  => Error is zero, ignore      
------------------------------------------------------------
============================================================
Analysing bin errors for: prop_binSR_bin5
Poisson cut-off: 0
Processes excluded for sums: ALP_ttbar_signal ALP_ttbar_interference
============================================================
Bin        Contents        Error           Notes                         
0          414738.656738   2173.709927     total sum                     
0          424707.492188   2173.224144     excluding marked processes    
0          38192.000000    195.427736      Unweighted events, alpha=10.859307
  => Total parameter prop_binSR_bin5_bin0[0.00,-7.00,7.00] to be gaussian constrained
------------------------------------------------------------
1          32043.489990    85.356131       total sum                     
1          32423.663757    84.491830       excluding marked processes    
1          147263.000000   383.748616      Unweighted events, alpha=0.217594
  => Total parameter prop_binSR_bin5_bin1[0.00,-7.00,7.00] to be gaussian constrained
------------------------------------------------------------
2          8391.643448     40.315533       total sum                     
2          8409.307709     39.888234       excluding marked processes    
2          44446.000000    210.822200      Unweighted events, alpha=0.188805
  => Total parameter prop_binSR_bin5_bin2[0.00,-7.00,7.00] to be gaussian constrained
------------------------------------------------------------
3          0.000000        0.000000        total sum                     
3          0.000000        0.000000        excluding marked processes    
  => Error is zero, ignore      
------------------------------------------------------------
4          0.000000        0.000000        total sum                     
4          0.000000        0.000000        excluding marked processes    
  => Error is zero, ignore      
------------------------------------------------------------
5          0.000000        0.000000        total sum                     
5          0.000000        0.000000        excluding marked processes    
  => Error is zero, ignore      
------------------------------------------------------------
6          0.000000        0.000000        total sum                     
6          0.000000        0.000000        excluding marked processes    
  => Error is zero, ignore      
------------------------------------------------------------
7          0.000000        0.000000        total sum                     
7          0.000000        0.000000        excluding marked processes    
  => Error is zero, ignore      
------------------------------------------------------------
8          0.000000        0.000000        total sum                     
8          0.000000        0.000000        excluding marked processes    
  => Error is zero, ignore      
------------------------------------------------------------
============================================================
Analysing bin errors for: prop_binSR_bin6
Poisson cut-off: 0
Processes excluded for sums: ALP_ttbar_signal ALP_ttbar_interference
============================================================
Bin        Contents        Error           Notes                         
0          799830.427246   5195.415127     total sum                     
0          816895.023438   5195.068332     excluding marked processes    
0          24726.000000    157.245032      Unweighted events, alpha=32.347748
  => Total parameter prop_binSR_bin6_bin0[0.00,-7.00,7.00] to be gaussian constrained
------------------------------------------------------------
1          113982.867798   748.353176      total sum                     
1          115419.135254   748.097134      excluding marked processes    
1          23803.000000    154.282209      Unweighted events, alpha=4.788593
  => Total parameter prop_binSR_bin6_bin1[0.00,-7.00,7.00] to be gaussian constrained
------------------------------------------------------------
2          37520.252991    2403.563889     total sum                     
2          37828.779053    2403.543864     excluding marked processes    
2          248.000000      15.748016       Unweighted events, alpha=151.291343
  => Total parameter prop_binSR_bin6_bin2[0.00,-7.00,7.00] to be gaussian constrained
------------------------------------------------------------
3          0.000000        0.000000        total sum                     
3          0.000000        0.000000        excluding marked processes    
  => Error is zero, ignore      
------------------------------------------------------------
4          0.000000        0.000000        total sum                     
4          0.000000        0.000000        excluding marked processes    
  => Error is zero, ignore      
------------------------------------------------------------
5          0.000000        0.000000        total sum                     
5          0.000000        0.000000        excluding marked processes    
  => Error is zero, ignore      
------------------------------------------------------------
6          0.000000        0.000000        total sum                     
6          0.000000        0.000000        excluding marked processes    
  => Error is zero, ignore      
------------------------------------------------------------
7          0.000000        0.000000        total sum                     
7          0.000000        0.000000        excluding marked processes    
  => Error is zero, ignore      
------------------------------------------------------------
8          0.000000        0.000000        total sum                     
8          0.000000        0.000000        excluding marked processes    
  => Error is zero, ignore      
------------------------------------------------------------
============================================================
Analysing bin errors for: prop_binCR1
Poisson cut-off: 0
Processes excluded for sums: ALP_ttbar_signal ALP_ttbar_interference
============================================================
Bin        Contents        Error           Notes                         
0          18618.746819    1700.723354     total sum                     
0          18710.479248    1700.718035     excluding marked processes    
0          121.000000      11.000000       Unweighted events, alpha=153.873941
  => Total parameter prop_binCR1_bin0[0.00,-7.00,7.00] to be gaussian constrained
------------------------------------------------------------
1          6634.929136     58.936778       total sum                     
1          6673.545258     58.864714       excluding marked processes    
1          12853.000000    113.371072      Unweighted events, alpha=0.516216
  => Total parameter prop_binCR1_bin1[0.00,-7.00,7.00] to be gaussian constrained
------------------------------------------------------------
2          3300.153422     263.207722      total sum                     
2          3311.121368     263.200610      excluding marked processes    
2          158.000000      12.569805       Unweighted events, alpha=20.887047
  => Total parameter prop_binCR1_bin2[0.00,-7.00,7.00] to be gaussian constrained
------------------------------------------------------------
3          0.000000        0.000000        total sum                     
3          0.000000        0.000000        excluding marked processes    
  => Error is zero, ignore      
------------------------------------------------------------
4          0.000000        0.000000        total sum                     
4          0.000000        0.000000        excluding marked processes    
  => Error is zero, ignore      
------------------------------------------------------------
5          0.000000        0.000000        total sum                     
5          0.000000        0.000000        excluding marked processes    
  => Error is zero, ignore      
------------------------------------------------------------
6          0.000000        0.000000        total sum                     
6          0.000000        0.000000        excluding marked processes    
  => Error is zero, ignore      
------------------------------------------------------------
7          0.000000        0.000000        total sum                     
7          0.000000        0.000000        excluding marked processes    
  => Error is zero, ignore      
------------------------------------------------------------
8          0.000000        0.000000        total sum                     
8          0.000000        0.000000        excluding marked processes    
  => Error is zero, ignore      
------------------------------------------------------------
============================================================
Analysing bin errors for: prop_binCR2
Poisson cut-off: 0
Processes excluded for sums: ALP_ttbar_signal ALP_ttbar_interference
============================================================
Bin        Contents        Error           Notes                         
0          434235.640076   8435.771688     total sum                     
0          436649.337891   8435.740545     excluding marked processes    
0          2679.000000     51.759057       Unweighted events, alpha=162.088705
  => Total parameter prop_binCR2_bin0[0.00,-7.00,7.00] to be gaussian constrained
------------------------------------------------------------
1          82868.246597    812.299881      total sum                     
1          83156.491211    812.249148      excluding marked processes    
1          10481.000000    102.376755      Unweighted events, alpha=7.906521
  => Total parameter prop_binCR2_bin1[0.00,-7.00,7.00] to be gaussian constrained
------------------------------------------------------------
2          32603.161674    473.291246      total sum                     
2          32684.729614    473.261995      excluding marked processes    
2          4770.000000     69.065187       Unweighted events, alpha=6.835044
  => Total parameter prop_binCR2_bin2[0.00,-7.00,7.00] to be gaussian constrained
------------------------------------------------------------
3          0.000000        0.000000        total sum                     
3          0.000000        0.000000        excluding marked processes    
  => Error is zero, ignore      
------------------------------------------------------------
4          0.000000        0.000000        total sum                     
4          0.000000        0.000000        excluding marked processes    
  => Error is zero, ignore      
------------------------------------------------------------
5          0.000000        0.000000        total sum                     
5          0.000000        0.000000        excluding marked processes    
  => Error is zero, ignore      
------------------------------------------------------------
6          0.000000        0.000000        total sum                     
6          0.000000        0.000000        excluding marked processes    
  => Error is zero, ignore      
------------------------------------------------------------
7          0.000000        0.000000        total sum                     
7          0.000000        0.000000        excluding marked processes    
  => Error is zero, ignore      
------------------------------------------------------------
8          0.000000        0.000000        total sum                     
8          0.000000        0.000000        excluding marked processes    
  => Error is zero, ignore      
------------------------------------------------------------
Channel SR_bin1_TopTag will use autoMCStats with settings: event-threshold=0, include-signal=0, hist-mode=1
Channel SR_bin1_NoTopTag will use autoMCStats with settings: event-threshold=0, include-signal=0, hist-mode=1
Channel SR_bin2_TopTag will use autoMCStats with settings: event-threshold=0, include-signal=0, hist-mode=1
Channel SR_bin2_NoTopTag will use autoMCStats with settings: event-threshold=0, include-signal=0, hist-mode=1
Channel SR_bin3_TopTag will use autoMCStats with settings: event-threshold=0, include-signal=0, hist-mode=1
Channel SR_bin3_NoTopTag will use autoMCStats with settings: event-threshold=0, include-signal=0, hist-mode=1
Channel SR_bin4 will use autoMCStats with settings: event-threshold=0, include-signal=0, hist-mode=1
Channel SR_bin5 will use autoMCStats with settings: event-threshold=0, include-signal=0, hist-mode=1
Channel SR_bin6 will use autoMCStats with settings: event-threshold=0, include-signal=0, hist-mode=1
Channel CR1 will use autoMCStats with settings: event-threshold=0, include-signal=0, hist-mode=1
Channel CR2 will use autoMCStats with settings: event-threshold=0, include-signal=0, hist-mode=1
