============================================================
Analysing bin errors for: prop_binSR_bin1_TopTag
Poisson cut-off: 0
Processes excluded for sums: ALP_ttbar_signal ALP_ttbar_interference
============================================================
Bin        Contents        Error           Notes                         
0          2523.639408     13.246480       total sum                     
0          2353.574238     12.542076       excluding marked processes    
0          35214.000000    187.653937      Unweighted events, alpha=0.071666
  => Total parameter prop_binSR_bin1_TopTag_bin0[0.00,-7.00,7.00] to be gaussian constrained
------------------------------------------------------------
1          2811.234035     13.017666       total sum                     
1          2607.190517     12.303691       excluding marked processes    
1          44903.000000    211.903280      Unweighted events, alpha=0.062607
  => Total parameter prop_binSR_bin1_TopTag_bin1[0.00,-7.00,7.00] to be gaussian constrained
------------------------------------------------------------
2          1948.590503     11.317931       total sum                     
2          1819.927157     10.846875       excluding marked processes    
2          28151.000000    167.782597      Unweighted events, alpha=0.069219
  => Total parameter prop_binSR_bin1_TopTag_bin2[0.00,-7.00,7.00] to be gaussian constrained
------------------------------------------------------------
3          1328.782034     15.874415       total sum                     
3          1259.202280     15.709061       excluding marked processes    
3          6425.000000     80.156098       Unweighted events, alpha=0.206814
  => Total parameter prop_binSR_bin1_TopTag_bin3[0.00,-7.00,7.00] to be gaussian constrained
------------------------------------------------------------
4          773.476050      8.060255        total sum                     
4          738.237983      7.894165        excluding marked processes    
4          8745.000000     93.514705       Unweighted events, alpha=0.088448
  => Total parameter prop_binSR_bin1_TopTag_bin4[0.00,-7.00,7.00] to be gaussian constrained
------------------------------------------------------------
5          405.986172      4.910415        total sum                     
5          386.532434      4.751486        excluding marked processes    
5          6618.000000     81.351091       Unweighted events, alpha=0.061346
  => Total parameter prop_binSR_bin1_TopTag_bin5[0.00,-7.00,7.00] to be gaussian constrained
------------------------------------------------------------
6          295.907030      5.575597        total sum                     
6          284.466527      5.511425        excluding marked processes    
6          2664.000000     51.613952       Unweighted events, alpha=0.111076
  => Total parameter prop_binSR_bin1_TopTag_bin6[0.00,-7.00,7.00] to be gaussian constrained
------------------------------------------------------------
7          76.082475       2.099690        total sum                     
7          73.597985       2.059368        excluding marked processes    
7          1277.000000     35.735137       Unweighted events, alpha=0.059579
  => Total parameter prop_binSR_bin1_TopTag_bin7[0.00,-7.00,7.00] to be gaussian constrained
------------------------------------------------------------
8          27.867770       1.375257        total sum                     
8          26.537233       1.301059        excluding marked processes    
8          416.000000      20.396078       Unweighted events, alpha=0.066990
  => Total parameter prop_binSR_bin1_TopTag_bin8[0.00,-7.00,7.00] to be gaussian constrained
------------------------------------------------------------
============================================================
Analysing bin errors for: prop_binSR_bin1_NoTopTag
Poisson cut-off: 0
Processes excluded for sums: ALP_ttbar_signal ALP_ttbar_interference
============================================================
Bin        Contents        Error           Notes                         
0          628582.663086   3936.762177     total sum                     
0          606466.789062   3936.434413     excluding marked processes    
0          23736.000000    154.064921      Unweighted events, alpha=26.482249
  => Total parameter prop_binSR_bin1_NoTopTag_bin0[0.00,-7.00,7.00] to be gaussian constrained
------------------------------------------------------------
1          81811.834717    596.694604      total sum                     
1          79548.891846    596.484084      excluding marked processes    
1          17786.000000    133.364163      Unweighted events, alpha=4.599788
  => Total parameter prop_binSR_bin1_NoTopTag_bin1[0.00,-7.00,7.00] to be gaussian constrained
------------------------------------------------------------
2          24874.426147    138.587875      total sum                     
2          24216.999176    138.329272      excluding marked processes    
2          30649.000000    175.068558      Unweighted events, alpha=0.811590
  => Total parameter prop_binSR_bin1_NoTopTag_bin2[0.00,-7.00,7.00] to be gaussian constrained
------------------------------------------------------------
3          8511.920654     65.429659       total sum                     
3          8297.689850     65.254588       excluding marked processes    
3          16169.000000    127.157383      Unweighted events, alpha=0.526435
  => Total parameter prop_binSR_bin1_NoTopTag_bin3[0.00,-7.00,7.00] to be gaussian constrained
------------------------------------------------------------
4          3078.142406     37.794134       total sum                     
4          3000.052948     37.689136       excluding marked processes    
4          6336.000000     79.598995       Unweighted events, alpha=0.485818
  => Total parameter prop_binSR_bin1_NoTopTag_bin4[0.00,-7.00,7.00] to be gaussian constrained
------------------------------------------------------------
5          1292.258418     54.513199       total sum                     
5          1259.103683     54.480873       excluding marked processes    
5          534.000000      23.108440       Unweighted events, alpha=2.419960
  => Total parameter prop_binSR_bin1_NoTopTag_bin5[0.00,-7.00,7.00] to be gaussian constrained
------------------------------------------------------------
6          776.767200      14.917781       total sum                     
6          752.626049      14.833124       excluding marked processes    
6          2575.000000     50.744458       Unweighted events, alpha=0.301657
  => Total parameter prop_binSR_bin1_NoTopTag_bin6[0.00,-7.00,7.00] to be gaussian constrained
------------------------------------------------------------
7          183.804610      6.575175        total sum                     
7          178.973364      6.536902        excluding marked processes    
7          750.000000      27.386128       Unweighted events, alpha=0.245073
  => Total parameter prop_binSR_bin1_NoTopTag_bin7[0.00,-7.00,7.00] to be gaussian constrained
------------------------------------------------------------
8          74.637674       5.552284        total sum                     
8          73.380711       5.544630        excluding marked processes    
8          175.000000      13.228757       Unweighted events, alpha=0.426501
  => Total parameter prop_binSR_bin1_NoTopTag_bin8[0.00,-7.00,7.00] to be gaussian constrained
------------------------------------------------------------
============================================================
Analysing bin errors for: prop_binSR_bin2_TopTag
Poisson cut-off: 0
Processes excluded for sums: ALP_ttbar_signal ALP_ttbar_interference
============================================================
Bin        Contents        Error           Notes                         
0          1187.000049     8.217432        total sum                     
0          1079.733241     7.438377        excluding marked processes    
0          21071.000000    145.158534      Unweighted events, alpha=0.056333
  => Total parameter prop_binSR_bin2_TopTag_bin0[0.00,-7.00,7.00] to be gaussian constrained
------------------------------------------------------------
1          1994.213840     10.490318       total sum                     
1          1817.982821     9.684698        excluding marked processes    
1          35238.000000    187.717873      Unweighted events, alpha=0.056593
  => Total parameter prop_binSR_bin2_TopTag_bin1[0.00,-7.00,7.00] to be gaussian constrained
------------------------------------------------------------
2          2151.373664     10.989029       total sum                     
2          2004.836780     10.412676       excluding marked processes    
2          37071.000000    192.538308      Unweighted events, alpha=0.058034
  => Total parameter prop_binSR_bin2_TopTag_bin2[0.00,-7.00,7.00] to be gaussian constrained
------------------------------------------------------------
3          1179.467717     8.200530        total sum                     
3          1099.647555     7.796784        excluding marked processes    
3          19892.000000    141.039002      Unweighted events, alpha=0.059294
  => Total parameter prop_binSR_bin2_TopTag_bin3[0.00,-7.00,7.00] to be gaussian constrained
------------------------------------------------------------
4          447.993162      5.039206        total sum                     
4          416.067750      4.827225        excluding marked processes    
4          7429.000000     86.191647       Unweighted events, alpha=0.060303
  => Total parameter prop_binSR_bin2_TopTag_bin4[0.00,-7.00,7.00] to be gaussian constrained
------------------------------------------------------------
5          160.996112      3.500132        total sum                     
5          149.979632      3.417957        excluding marked processes    
5          1925.000000     43.874822       Unweighted events, alpha=0.083634
  => Total parameter prop_binSR_bin2_TopTag_bin5[0.00,-7.00,7.00] to be gaussian constrained
------------------------------------------------------------
6          90.088348       2.322805        total sum                     
6          81.920420       2.230635        excluding marked processes    
6          1349.000000     36.728735       Unweighted events, alpha=0.066782
  => Total parameter prop_binSR_bin2_TopTag_bin6[0.00,-7.00,7.00] to be gaussian constrained
------------------------------------------------------------
7          15.544652       1.371081        total sum                     
7          13.698392       1.331263        excluding marked processes    
7          106.000000      10.295630       Unweighted events, alpha=0.146648
  => Total parameter prop_binSR_bin2_TopTag_bin7[0.00,-7.00,7.00] to be gaussian constrained
------------------------------------------------------------
8          4.047616        0.511533        total sum                     
8          3.530873        0.473856        excluding marked processes    
8          56.000000       7.483315        Unweighted events, alpha=0.072279
  => Total parameter prop_binSR_bin2_TopTag_bin8[0.00,-7.00,7.00] to be gaussian constrained
------------------------------------------------------------
============================================================
Analysing bin errors for: prop_binSR_bin2_NoTopTag
Poisson cut-off: 0
Processes excluded for sums: ALP_ttbar_signal ALP_ttbar_interference
============================================================
Bin        Contents        Error           Notes                         
0          418531.442383   1787.674271     total sum                     
0          402277.358398   1787.152187     excluding marked processes    
0          50667.000000    225.093314      Unweighted events, alpha=8.260435
  => Total parameter prop_binSR_bin2_NoTopTag_bin0[0.00,-7.00,7.00] to be gaussian constrained
------------------------------------------------------------
1          40336.904205    87.291331       total sum                     
1          38782.490234    86.350709       excluding marked processes    
1          201716.000000   449.128044      Unweighted events, alpha=0.199969
  => Total parameter prop_binSR_bin2_NoTopTag_bin1[0.00,-7.00,7.00] to be gaussian constrained
------------------------------------------------------------
2          9224.096725     36.215517       total sum                     
2          8869.961884     35.747230       excluding marked processes    
2          61569.000000    248.131014      Unweighted events, alpha=0.149817
  => Total parameter prop_binSR_bin2_NoTopTag_bin2[0.00,-7.00,7.00] to be gaussian constrained
------------------------------------------------------------
3          2372.256622     21.497744       total sum                     
3          2278.492432     21.278219       excluding marked processes    
3          11466.000000    107.079410      Unweighted events, alpha=0.206895
  => Total parameter prop_binSR_bin2_NoTopTag_bin3[0.00,-7.00,7.00] to be gaussian constrained
------------------------------------------------------------
4          783.007329      20.129342       total sum                     
4          754.615273      20.067720       excluding marked processes    
4          1414.000000     37.603191       Unweighted events, alpha=0.553753
  => Total parameter prop_binSR_bin2_NoTopTag_bin4[0.00,-7.00,7.00] to be gaussian constrained
------------------------------------------------------------
5          287.789864      10.353575       total sum                     
5          276.335268      10.307646       excluding marked processes    
5          719.000000      26.814175       Unweighted events, alpha=0.400264
  => Total parameter prop_binSR_bin2_NoTopTag_bin5[0.00,-7.00,7.00] to be gaussian constrained
------------------------------------------------------------
6          178.638850      8.597175        total sum                     
6          171.407949      8.557501        excluding marked processes    
6          401.000000      20.024984       Unweighted events, alpha=0.445483
  => Total parameter prop_binSR_bin2_NoTopTag_bin6[0.00,-7.00,7.00] to be gaussian constrained
------------------------------------------------------------
7          33.952244       1.737428        total sum                     
7          32.341090       1.708555        excluding marked processes    
7          358.000000      18.920888       Unweighted events, alpha=0.094839
  => Total parameter prop_binSR_bin2_NoTopTag_bin7[0.00,-7.00,7.00] to be gaussian constrained
------------------------------------------------------------
8          11.044708       0.962749        total sum                     
8          10.839833       0.954661        excluding marked processes    
8          129.000000      11.357817       Unweighted events, alpha=0.085618
  => Total parameter prop_binSR_bin2_NoTopTag_bin8[0.00,-7.00,7.00] to be gaussian constrained
------------------------------------------------------------
============================================================
Analysing bin errors for: prop_binSR_bin3_TopTag
Poisson cut-off: 0
Processes excluded for sums: ALP_ttbar_signal ALP_ttbar_interference
============================================================
Bin        Contents        Error           Notes                         
0          1614.653134     10.252142       total sum                     
0          1450.511327     9.333717        excluding marked processes    
0          24151.000000    155.405920      Unweighted events, alpha=0.066857
  => Total parameter prop_binSR_bin3_TopTag_bin0[0.00,-7.00,7.00] to be gaussian constrained
------------------------------------------------------------
1          6341.395641     19.283373       total sum                     
1          5761.217541     17.912637       excluding marked processes    
1          103445.000000   321.628668      Unweighted events, alpha=0.061302
  => Total parameter prop_binSR_bin3_TopTag_bin1[0.00,-7.00,7.00] to be gaussian constrained
------------------------------------------------------------
2          5493.567904     17.187111       total sum                     
2          4992.197268     16.034441       excluding marked processes    
2          96934.000000    311.342255      Unweighted events, alpha=0.056673
  => Total parameter prop_binSR_bin3_TopTag_bin2[0.00,-7.00,7.00] to be gaussian constrained
------------------------------------------------------------
3          1881.285677     10.121205       total sum                     
3          1688.432166     9.460376        excluding marked processes    
3          31853.000000    178.474088      Unweighted events, alpha=0.059061
  => Total parameter prop_binSR_bin3_TopTag_bin3[0.00,-7.00,7.00] to be gaussian constrained
------------------------------------------------------------
4          596.019953      5.706865        total sum                     
4          525.333615      5.311211        excluding marked processes    
4          9783.000000     98.909049       Unweighted events, alpha=0.060924
  => Total parameter prop_binSR_bin3_TopTag_bin4[0.00,-7.00,7.00] to be gaussian constrained
------------------------------------------------------------
5          202.568311      3.356193        total sum                     
5          175.859142      3.119780        excluding marked processes    
5          3177.000000     56.364883       Unweighted events, alpha=0.063761
  => Total parameter prop_binSR_bin3_TopTag_bin5[0.00,-7.00,7.00] to be gaussian constrained
------------------------------------------------------------
6          109.317473      2.551869        total sum                     
6          93.329778       2.373694        excluding marked processes    
6          1546.000000     39.319207       Unweighted events, alpha=0.070710
  => Total parameter prop_binSR_bin3_TopTag_bin6[0.00,-7.00,7.00] to be gaussian constrained
------------------------------------------------------------
7          17.809100       1.039199        total sum                     
7          14.456228       0.939635        excluding marked processes    
7          237.000000      15.394804       Unweighted events, alpha=0.075144
  => Total parameter prop_binSR_bin3_TopTag_bin7[0.00,-7.00,7.00] to be gaussian constrained
------------------------------------------------------------
8          5.814960        0.636162        total sum                     
8          4.820605        0.598254        excluding marked processes    
8          65.000000       8.062258        Unweighted events, alpha=0.089461
  => Total parameter prop_binSR_bin3_TopTag_bin8[0.00,-7.00,7.00] to be gaussian constrained
------------------------------------------------------------
============================================================
Analysing bin errors for: prop_binSR_bin3_NoTopTag
Poisson cut-off: 0
Processes excluded for sums: ALP_ttbar_signal ALP_ttbar_interference
============================================================
Bin        Contents        Error           Notes                         
0          959852.004883   3749.927210     total sum                     
0          918105.542969   3749.292338     excluding marked processes    
0          59963.000000    244.873437      Unweighted events, alpha=16.007405
  => Total parameter prop_binSR_bin3_NoTopTag_bin0[0.00,-7.00,7.00] to be gaussian constrained
------------------------------------------------------------
1          61179.282654    103.450827      total sum                     
1          58049.689148    101.957826      excluding marked processes    
1          324159.000000   569.349629      Unweighted events, alpha=0.188732
  => Total parameter prop_binSR_bin3_NoTopTag_bin1[0.00,-7.00,7.00] to be gaussian constrained
------------------------------------------------------------
2          11386.281616    45.139483       total sum                     
2          10781.632874    44.527660       excluding marked processes    
2          58629.000000    242.134260      Unweighted events, alpha=0.194209
  => Total parameter prop_binSR_bin3_NoTopTag_bin2[0.00,-7.00,7.00] to be gaussian constrained
------------------------------------------------------------
3          3011.635231     29.474233       total sum                     
3          2841.231171     29.207753       excluding marked processes    
3          9463.000000     97.277952       Unweighted events, alpha=0.318254
  => Total parameter prop_binSR_bin3_NoTopTag_bin3[0.00,-7.00,7.00] to be gaussian constrained
------------------------------------------------------------
4          934.485825      13.505106       total sum                     
4          884.345802      13.357604       excluding marked processes    
4          4383.000000     66.204229       Unweighted events, alpha=0.213207
  => Total parameter prop_binSR_bin3_NoTopTag_bin4[0.00,-7.00,7.00] to be gaussian constrained
------------------------------------------------------------
5          367.541402      8.793039        total sum                     
5          347.709656      8.714280        excluding marked processes    
5          1592.000000     39.899875       Unweighted events, alpha=0.230868
  => Total parameter prop_binSR_bin3_NoTopTag_bin5[0.00,-7.00,7.00] to be gaussian constrained
------------------------------------------------------------
6          206.004377      4.538394        total sum                     
6          194.592350      4.447392        excluding marked processes    
6          1914.000000     43.749286       Unweighted events, alpha=0.107630
  => Total parameter prop_binSR_bin3_NoTopTag_bin6[0.00,-7.00,7.00] to be gaussian constrained
------------------------------------------------------------
7          39.495811       1.719699        total sum                     
7          38.199445       1.706231        excluding marked processes    
7          501.000000      22.383029       Unweighted events, alpha=0.078834
  => Total parameter prop_binSR_bin3_NoTopTag_bin7[0.00,-7.00,7.00] to be gaussian constrained
------------------------------------------------------------
8          14.818174       1.193193        total sum                     
8          14.215281       1.182953        excluding marked processes    
8          144.000000      12.000000       Unweighted events, alpha=0.102904
  => Total parameter prop_binSR_bin3_NoTopTag_bin8[0.00,-7.00,7.00] to be gaussian constrained
------------------------------------------------------------
============================================================
Analysing bin errors for: prop_binSR_bin4
Poisson cut-off: 0
Processes excluded for sums: ALP_ttbar_signal ALP_ttbar_interference
============================================================
Bin        Contents        Error           Notes                         
0          965696.522461   3865.175162     total sum                     
0          922313.257812   3864.538315     excluding marked processes    
0          56959.000000    238.660847      Unweighted events, alpha=16.954239
  => Total parameter prop_binSR_bin4_bin0[0.00,-7.00,7.00] to be gaussian constrained
------------------------------------------------------------
1          59323.411987    110.789503      total sum                     
1          55870.282227    109.279070      excluding marked processes    
1          261389.000000   511.262164      Unweighted events, alpha=0.226955
  => Total parameter prop_binSR_bin4_bin1[0.00,-7.00,7.00] to be gaussian constrained
------------------------------------------------------------
2          15735.927155    391.952400      total sum                     
2          14710.548401    391.841507      excluding marked processes    
2          1409.000000     37.536649       Unweighted events, alpha=11.168153
  => Total parameter prop_binSR_bin4_bin2[0.00,-7.00,7.00] to be gaussian constrained
------------------------------------------------------------
3          4413.713692     26.351051       total sum                     
3          4081.720673     25.856997       excluding marked processes    
3          24919.000000    157.857531      Unweighted events, alpha=0.177122
  => Total parameter prop_binSR_bin4_bin3[0.00,-7.00,7.00] to be gaussian constrained
------------------------------------------------------------
4          1436.127262     19.350666       total sum                     
4          1324.173454     19.144420       excluding marked processes    
4          4784.000000     69.166466       Unweighted events, alpha=0.300194
  => Total parameter prop_binSR_bin4_bin4[0.00,-7.00,7.00] to be gaussian constrained
------------------------------------------------------------
5          510.357499      6.520080        total sum                     
5          468.505314      6.333641        excluding marked processes    
5          5472.000000     73.972968       Unweighted events, alpha=0.093267
  => Total parameter prop_binSR_bin4_bin5[0.00,-7.00,7.00] to be gaussian constrained
------------------------------------------------------------
6          294.937101      9.300783        total sum                     
6          269.944445      9.228086        excluding marked processes    
6          856.000000      29.257478       Unweighted events, alpha=0.344553
  => Total parameter prop_binSR_bin4_bin6[0.00,-7.00,7.00] to be gaussian constrained
------------------------------------------------------------
7          52.652614       1.914240        total sum                     
7          48.397856       1.863892        excluding marked processes    
7          674.000000      25.961510       Unweighted events, alpha=0.078120
  => Total parameter prop_binSR_bin4_bin7[0.00,-7.00,7.00] to be gaussian constrained
------------------------------------------------------------
8          16.376255       1.189501        total sum                     
8          15.326718       1.172782        excluding marked processes    
8          171.000000      13.076697       Unweighted events, alpha=0.095768
  => Total parameter prop_binSR_bin4_bin8[0.00,-7.00,7.00] to be gaussian constrained
------------------------------------------------------------
============================================================
Analysing bin errors for: prop_binSR_bin5
Poisson cut-off: 0
Processes excluded for sums: ALP_ttbar_signal ALP_ttbar_interference
============================================================
Bin        Contents        Error           Notes                         
0          443213.283691   2173.709927     total sum                     
0          424707.492188   2173.224144     excluding marked processes    
0          38192.000000    195.427736      Unweighted events, alpha=11.604872
  => Total parameter prop_binSR_bin5_bin0[0.00,-7.00,7.00] to be gaussian constrained
------------------------------------------------------------
1          33885.055054    85.356131       total sum                     
1          32423.663757    84.491830       excluding marked processes    
1          147263.000000   383.748616      Unweighted events, alpha=0.230099
  => Total parameter prop_binSR_bin5_bin1[0.00,-7.00,7.00] to be gaussian constrained
------------------------------------------------------------
2          8800.906815     40.315533       total sum                     
2          8409.307709     39.888234       excluding marked processes    
2          44446.000000    210.822200      Unweighted events, alpha=0.198013
  => Total parameter prop_binSR_bin5_bin2[0.00,-7.00,7.00] to be gaussian constrained
------------------------------------------------------------
3          2858.064331     38.718333       total sum                     
3          2718.260971     38.569172       excluding marked processes    
3          4967.000000     70.476947       Unweighted events, alpha=0.575411
  => Total parameter prop_binSR_bin5_bin3[0.00,-7.00,7.00] to be gaussian constrained
------------------------------------------------------------
4          946.717234      9.227642        total sum                     
4          895.710419      9.029303        excluding marked processes    
4          9841.000000     99.201814       Unweighted events, alpha=0.096201
  => Total parameter prop_binSR_bin5_bin4[0.00,-7.00,7.00] to be gaussian constrained
------------------------------------------------------------
5          348.771471      6.134302        total sum                     
5          328.309822      5.988589        excluding marked processes    
5          3006.000000     54.827001       Unweighted events, alpha=0.116025
  => Total parameter prop_binSR_bin5_bin5[0.00,-7.00,7.00] to be gaussian constrained
------------------------------------------------------------
6          194.196810      3.890734        total sum                     
6          184.070045      3.811615        excluding marked processes    
6          2332.000000     48.290786       Unweighted events, alpha=0.083275
  => Total parameter prop_binSR_bin5_bin6[0.00,-7.00,7.00] to be gaussian constrained
------------------------------------------------------------
7          38.780439       1.659069        total sum                     
7          36.562388       1.611703        excluding marked processes    
7          515.000000      22.693611       Unweighted events, alpha=0.075302
  => Total parameter prop_binSR_bin5_bin7[0.00,-7.00,7.00] to be gaussian constrained
------------------------------------------------------------
8          12.843605       1.083967        total sum                     
8          12.282656       1.073929        excluding marked processes    
8          131.000000      11.445523       Unweighted events, alpha=0.098043
  => Total parameter prop_binSR_bin5_bin8[0.00,-7.00,7.00] to be gaussian constrained
------------------------------------------------------------
============================================================
Analysing bin errors for: prop_binSR_bin6
Poisson cut-off: 0
Processes excluded for sums: ALP_ttbar_signal ALP_ttbar_interference
============================================================
Bin        Contents        Error           Notes                         
0          848356.661621   5195.415127     total sum                     
0          816895.023438   5195.068332     excluding marked processes    
0          24726.000000    157.245032      Unweighted events, alpha=34.310307
  => Total parameter prop_binSR_bin6_bin0[0.00,-7.00,7.00] to be gaussian constrained
------------------------------------------------------------
1          118985.474731   748.353176      total sum                     
1          115419.135254   748.097134      excluding marked processes    
1          23803.000000    154.282209      Unweighted events, alpha=4.998760
  => Total parameter prop_binSR_bin6_bin1[0.00,-7.00,7.00] to be gaussian constrained
------------------------------------------------------------
2          38760.359192    2403.563889     total sum                     
2          37828.779053    2403.543864     excluding marked processes    
2          248.000000      15.748016       Unweighted events, alpha=156.291771
  => Total parameter prop_binSR_bin6_bin2[0.00,-7.00,7.00] to be gaussian constrained
------------------------------------------------------------
3          20246.733765    7825.851787     total sum                     
3          19943.846436    7825.849857     excluding marked processes    
3          6.000000        2.449490        Unweighted events, alpha=3374.455627
  => Total parameter prop_binSR_bin6_bin3[0.00,-7.00,7.00] to be gaussian constrained
------------------------------------------------------------
4          4840.222748     252.357249      total sum                     
4          4727.532410     252.335637      excluding marked processes    
4          351.000000      18.734994       Unweighted events, alpha=13.789808
  => Total parameter prop_binSR_bin6_bin4[0.00,-7.00,7.00] to be gaussian constrained
------------------------------------------------------------
5          2683.998983     627.377990      total sum                     
5          2636.907646     627.374218      excluding marked processes    
5          18.000000       4.242641        Unweighted events, alpha=149.111055
  => Total parameter prop_binSR_bin6_bin5[0.00,-7.00,7.00] to be gaussian constrained
------------------------------------------------------------
6          1122.499063     18.865454       total sum                     
6          1095.402805     18.796423       excluding marked processes    
6          3396.000000     58.275209       Unweighted events, alpha=0.330536
  => Total parameter prop_binSR_bin6_bin6[0.00,-7.00,7.00] to be gaussian constrained
------------------------------------------------------------
7          240.904226      8.973656        total sum                     
7          234.726778      8.944357        excluding marked processes    
7          689.000000      26.248809       Unweighted events, alpha=0.349643
  => Total parameter prop_binSR_bin6_bin7[0.00,-7.00,7.00] to be gaussian constrained
------------------------------------------------------------
8          76.448593       2.797053        total sum                     
8          75.277777       2.787229        excluding marked processes    
8          729.000000      27.000000       Unweighted events, alpha=0.104868
  => Total parameter prop_binSR_bin6_bin8[0.00,-7.00,7.00] to be gaussian constrained
------------------------------------------------------------
============================================================
Analysing bin errors for: prop_binCR1
Poisson cut-off: 0
Processes excluded for sums: ALP_ttbar_signal ALP_ttbar_interference
============================================================
Bin        Contents        Error           Notes                         
0          18882.408134    1700.723354     total sum                     
0          18710.479248    1700.718035     excluding marked processes    
0          121.000000      11.000000       Unweighted events, alpha=156.052960
  => Total parameter prop_binCR1_bin0[0.00,-7.00,7.00] to be gaussian constrained
------------------------------------------------------------
1          6757.292143     58.936778       total sum                     
1          6673.545258     58.864714       excluding marked processes    
1          12853.000000    113.371072      Unweighted events, alpha=0.525737
  => Total parameter prop_binCR1_bin1[0.00,-7.00,7.00] to be gaussian constrained
------------------------------------------------------------
2          3349.533645     263.207722      total sum                     
2          3311.121368     263.200610      excluding marked processes    
2          158.000000      12.569805       Unweighted events, alpha=21.199580
  => Total parameter prop_binCR1_bin2[0.00,-7.00,7.00] to be gaussian constrained
------------------------------------------------------------
3          1323.259518     18.664121       total sum                     
3          1304.770615     18.617120       excluding marked processes    
3          4912.000000     70.085662       Unweighted events, alpha=0.269393
  => Total parameter prop_binCR1_bin3[0.00,-7.00,7.00] to be gaussian constrained
------------------------------------------------------------
4          605.784986      15.852448       total sum                     
4          597.627182      15.824874       excluding marked processes    
4          1426.000000     37.762415       Unweighted events, alpha=0.424814
  => Total parameter prop_binCR1_bin4[0.00,-7.00,7.00] to be gaussian constrained
------------------------------------------------------------
5          289.723882      8.739375        total sum                     
5          285.395977      8.716970        excluding marked processes    
5          1072.000000     32.741411       Unweighted events, alpha=0.270265
  => Total parameter prop_binCR1_bin5[0.00,-7.00,7.00] to be gaussian constrained
------------------------------------------------------------
6          462.244269      256.655928      total sum                     
6          459.628395      256.655498      excluding marked processes    
6          3.000000        1.732051        Unweighted events, alpha=154.081423
  => Total parameter prop_binCR1_bin6[0.00,-7.00,7.00] to be gaussian constrained
------------------------------------------------------------
7          60.822005       5.163076        total sum                     
7          59.975057       5.157374        excluding marked processes    
7          135.000000      11.618950       Unweighted events, alpha=0.450533
  => Total parameter prop_binCR1_bin7[0.00,-7.00,7.00] to be gaussian constrained
------------------------------------------------------------
8          23.550413       2.259951        total sum                     
8          22.935270       2.248518        excluding marked processes    
8          104.000000      10.198039       Unweighted events, alpha=0.226446
  => Total parameter prop_binCR1_bin8[0.00,-7.00,7.00] to be gaussian constrained
------------------------------------------------------------
============================================================
Analysing bin errors for: prop_binCR2
Poisson cut-off: 0
Processes excluded for sums: ALP_ttbar_signal ALP_ttbar_interference
============================================================
Bin        Contents        Error           Notes                         
0          440802.059509   8435.771688     total sum                     
0          436649.337891   8435.740545     excluding marked processes    
0          2679.000000     51.759057       Unweighted events, alpha=164.539776
  => Total parameter prop_binCR2_bin0[0.00,-7.00,7.00] to be gaussian constrained
------------------------------------------------------------
1          83850.647659    812.299881      total sum                     
1          83156.491211    812.249148      excluding marked processes    
1          10481.000000    102.376755      Unweighted events, alpha=8.000253
  => Total parameter prop_binCR2_bin1[0.00,-7.00,7.00] to be gaussian constrained
------------------------------------------------------------
2          32926.795952    473.291246      total sum                     
2          32684.729614    473.261995      excluding marked processes    
2          4770.000000     69.065187       Unweighted events, alpha=6.902892
  => Total parameter prop_binCR2_bin2[0.00,-7.00,7.00] to be gaussian constrained
------------------------------------------------------------
3          15195.036774    659.871409      total sum                     
3          15098.796265    659.863711      excluding marked processes    
3          524.000000      22.891046       Unweighted events, alpha=28.998162
  => Total parameter prop_binCR2_bin3[0.00,-7.00,7.00] to be gaussian constrained
------------------------------------------------------------
4          6865.969915     54.367027       total sum                     
4          6823.812744     54.323970       excluding marked processes    
4          15779.000000    125.614490      Unweighted events, alpha=0.435133
  => Total parameter prop_binCR2_bin4[0.00,-7.00,7.00] to be gaussian constrained
------------------------------------------------------------
5          3500.462726     36.485902       total sum                     
5          3480.075287     36.457135       excluding marked processes    
5          9112.000000     95.456797       Unweighted events, alpha=0.384160
  => Total parameter prop_binCR2_bin5[0.00,-7.00,7.00] to be gaussian constrained
------------------------------------------------------------
6          3378.859514     394.697224      total sum                     
6          3362.242828     394.695166      excluding marked processes    
6          73.000000       8.544004        Unweighted events, alpha=46.285747
  => Total parameter prop_binCR2_bin6[0.00,-7.00,7.00] to be gaussian constrained
------------------------------------------------------------
7          1010.316360     16.738139       total sum                     
7          1005.389397     16.721829       excluding marked processes    
7          3615.000000     60.124870       Unweighted events, alpha=0.279479
  => Total parameter prop_binCR2_bin7[0.00,-7.00,7.00] to be gaussian constrained
------------------------------------------------------------
8          628.432170      118.625327      total sum                     
8          626.493546      118.624798      excluding marked processes    
8          28.000000       5.291503        Unweighted events, alpha=22.444006
  => Total parameter prop_binCR2_bin8[0.00,-7.00,7.00] to be gaussian constrained
------------------------------------------------------------
Channel SR_bin1_TopTag will use autoMCStats with settings: event-threshold=0, include-signal=0, hist-mode=1
Channel SR_bin1_NoTopTag will use autoMCStats with settings: event-threshold=0, include-signal=0, hist-mode=1
Channel SR_bin2_TopTag will use autoMCStats with settings: event-threshold=0, include-signal=0, hist-mode=1
Channel SR_bin2_NoTopTag will use autoMCStats with settings: event-threshold=0, include-signal=0, hist-mode=1
Channel SR_bin3_TopTag will use autoMCStats with settings: event-threshold=0, include-signal=0, hist-mode=1
Channel SR_bin3_NoTopTag will use autoMCStats with settings: event-threshold=0, include-signal=0, hist-mode=1
Channel SR_bin4 will use autoMCStats with settings: event-threshold=0, include-signal=0, hist-mode=1
Channel SR_bin5 will use autoMCStats with settings: event-threshold=0, include-signal=0, hist-mode=1
Channel SR_bin6 will use autoMCStats with settings: event-threshold=0, include-signal=0, hist-mode=1
Channel CR1 will use autoMCStats with settings: event-threshold=0, include-signal=0, hist-mode=1
Channel CR2 will use autoMCStats with settings: event-threshold=0, include-signal=0, hist-mode=1
