============================================================
Analysing bin errors for: prop_binSR_bin1_TopTag
Poisson cut-off: 0
Processes excluded for sums: ALP_ttbar_signal ALP_ttbar_interference
============================================================
Bin        Contents        Error           Notes                         
0          2523.639408     13.246480       total sum                     
0          2353.574238     12.542076       excluding marked processes    
0          35214.000000    187.653937      Unweighted events, alpha=0.071666
  => Total parameter prop_binSR_bin1_TopTag_bin0[0.00,-7.00,7.00] to be gaussian constrained
------------------------------------------------------------
1          2811.234035     13.017666       total sum                     
1          2607.190517     12.303691       excluding marked processes    
1          44903.000000    211.903280      Unweighted events, alpha=0.062607
  => Total parameter prop_binSR_bin1_TopTag_bin1[0.00,-7.00,7.00] to be gaussian constrained
------------------------------------------------------------
2          1948.590503     11.317931       total sum                     
2          1819.927157     10.846875       excluding marked processes    
2          28151.000000    167.782597      Unweighted events, alpha=0.069219
  => Total parameter prop_binSR_bin1_TopTag_bin2[0.00,-7.00,7.00] to be gaussian constrained
------------------------------------------------------------
3          0.000000        0.000000        total sum                     
3          0.000000        0.000000        excluding marked processes    
  => Error is zero, ignore      
------------------------------------------------------------
4          0.000000        0.000000        total sum                     
4          0.000000        0.000000        excluding marked processes    
  => Error is zero, ignore      
------------------------------------------------------------
5          0.000000        0.000000        total sum                     
5          0.000000        0.000000        excluding marked processes    
  => Error is zero, ignore      
------------------------------------------------------------
6          0.000000        0.000000        total sum                     
6          0.000000        0.000000        excluding marked processes    
  => Error is zero, ignore      
------------------------------------------------------------
7          0.000000        0.000000        total sum                     
7          0.000000        0.000000        excluding marked processes    
  => Error is zero, ignore      
------------------------------------------------------------
8          0.000000        0.000000        total sum                     
8          0.000000        0.000000        excluding marked processes    
  => Error is zero, ignore      
------------------------------------------------------------
============================================================
Analysing bin errors for: prop_binSR_bin1_NoTopTag
Poisson cut-off: 0
Processes excluded for sums: ALP_ttbar_signal ALP_ttbar_interference
============================================================
Bin        Contents        Error           Notes                         
0          628582.663086   3936.762177     total sum                     
0          606466.789062   3936.434413     excluding marked processes    
0          23736.000000    154.064921      Unweighted events, alpha=26.482249
  => Total parameter prop_binSR_bin1_NoTopTag_bin0[0.00,-7.00,7.00] to be gaussian constrained
------------------------------------------------------------
1          81811.834717    596.694604      total sum                     
1          79548.891846    596.484084      excluding marked processes    
1          17786.000000    133.364163      Unweighted events, alpha=4.599788
  => Total parameter prop_binSR_bin1_NoTopTag_bin1[0.00,-7.00,7.00] to be gaussian constrained
------------------------------------------------------------
2          24874.426147    138.587875      total sum                     
2          24216.999176    138.329272      excluding marked processes    
2          30649.000000    175.068558      Unweighted events, alpha=0.811590
  => Total parameter prop_binSR_bin1_NoTopTag_bin2[0.00,-7.00,7.00] to be gaussian constrained
------------------------------------------------------------
3          0.000000        0.000000        total sum                     
3          0.000000        0.000000        excluding marked processes    
  => Error is zero, ignore      
------------------------------------------------------------
4          0.000000        0.000000        total sum                     
4          0.000000        0.000000        excluding marked processes    
  => Error is zero, ignore      
------------------------------------------------------------
5          0.000000        0.000000        total sum                     
5          0.000000        0.000000        excluding marked processes    
  => Error is zero, ignore      
------------------------------------------------------------
6          0.000000        0.000000        total sum                     
6          0.000000        0.000000        excluding marked processes    
  => Error is zero, ignore      
------------------------------------------------------------
7          0.000000        0.000000        total sum                     
7          0.000000        0.000000        excluding marked processes    
  => Error is zero, ignore      
------------------------------------------------------------
8          0.000000        0.000000        total sum                     
8          0.000000        0.000000        excluding marked processes    
  => Error is zero, ignore      
------------------------------------------------------------
============================================================
Analysing bin errors for: prop_binSR_bin2_TopTag
Poisson cut-off: 0
Processes excluded for sums: ALP_ttbar_signal ALP_ttbar_interference
============================================================
Bin        Contents        Error           Notes                         
0          1187.000049     8.217432        total sum                     
0          1079.733241     7.438377        excluding marked processes    
0          21071.000000    145.158534      Unweighted events, alpha=0.056333
  => Total parameter prop_binSR_bin2_TopTag_bin0[0.00,-7.00,7.00] to be gaussian constrained
------------------------------------------------------------
1          1994.213840     10.490318       total sum                     
1          1817.982821     9.684698        excluding marked processes    
1          35238.000000    187.717873      Unweighted events, alpha=0.056593
  => Total parameter prop_binSR_bin2_TopTag_bin1[0.00,-7.00,7.00] to be gaussian constrained
------------------------------------------------------------
2          2151.373664     10.989029       total sum                     
2          2004.836780     10.412676       excluding marked processes    
2          37071.000000    192.538308      Unweighted events, alpha=0.058034
  => Total parameter prop_binSR_bin2_TopTag_bin2[0.00,-7.00,7.00] to be gaussian constrained
------------------------------------------------------------
3          0.000000        0.000000        total sum                     
3          0.000000        0.000000        excluding marked processes    
  => Error is zero, ignore      
------------------------------------------------------------
4          0.000000        0.000000        total sum                     
4          0.000000        0.000000        excluding marked processes    
  => Error is zero, ignore      
------------------------------------------------------------
5          0.000000        0.000000        total sum                     
5          0.000000        0.000000        excluding marked processes    
  => Error is zero, ignore      
------------------------------------------------------------
6          0.000000        0.000000        total sum                     
6          0.000000        0.000000        excluding marked processes    
  => Error is zero, ignore      
------------------------------------------------------------
7          0.000000        0.000000        total sum                     
7          0.000000        0.000000        excluding marked processes    
  => Error is zero, ignore      
------------------------------------------------------------
8          0.000000        0.000000        total sum                     
8          0.000000        0.000000        excluding marked processes    
  => Error is zero, ignore      
------------------------------------------------------------
============================================================
Analysing bin errors for: prop_binSR_bin2_NoTopTag
Poisson cut-off: 0
Processes excluded for sums: ALP_ttbar_signal ALP_ttbar_interference
============================================================
Bin        Contents        Error           Notes                         
0          418531.442383   1787.674271     total sum                     
0          402277.358398   1787.152187     excluding marked processes    
0          50667.000000    225.093314      Unweighted events, alpha=8.260435
  => Total parameter prop_binSR_bin2_NoTopTag_bin0[0.00,-7.00,7.00] to be gaussian constrained
------------------------------------------------------------
1          40336.904205    87.291331       total sum                     
1          38782.490234    86.350709       excluding marked processes    
1          201716.000000   449.128044      Unweighted events, alpha=0.199969
  => Total parameter prop_binSR_bin2_NoTopTag_bin1[0.00,-7.00,7.00] to be gaussian constrained
------------------------------------------------------------
2          9224.096725     36.215517       total sum                     
2          8869.961884     35.747230       excluding marked processes    
2          61569.000000    248.131014      Unweighted events, alpha=0.149817
  => Total parameter prop_binSR_bin2_NoTopTag_bin2[0.00,-7.00,7.00] to be gaussian constrained
------------------------------------------------------------
3          0.000000        0.000000        total sum                     
3          0.000000        0.000000        excluding marked processes    
  => Error is zero, ignore      
------------------------------------------------------------
4          0.000000        0.000000        total sum                     
4          0.000000        0.000000        excluding marked processes    
  => Error is zero, ignore      
------------------------------------------------------------
5          0.000000        0.000000        total sum                     
5          0.000000        0.000000        excluding marked processes    
  => Error is zero, ignore      
------------------------------------------------------------
6          0.000000        0.000000        total sum                     
6          0.000000        0.000000        excluding marked processes    
  => Error is zero, ignore      
------------------------------------------------------------
7          0.000000        0.000000        total sum                     
7          0.000000        0.000000        excluding marked processes    
  => Error is zero, ignore      
------------------------------------------------------------
8          0.000000        0.000000        total sum                     
8          0.000000        0.000000        excluding marked processes    
  => Error is zero, ignore      
------------------------------------------------------------
============================================================
Analysing bin errors for: prop_binSR_bin3_TopTag
Poisson cut-off: 0
Processes excluded for sums: ALP_ttbar_signal ALP_ttbar_interference
============================================================
Bin        Contents        Error           Notes                         
0          1614.653134     10.252142       total sum                     
0          1450.511327     9.333717        excluding marked processes    
0          24151.000000    155.405920      Unweighted events, alpha=0.066857
  => Total parameter prop_binSR_bin3_TopTag_bin0[0.00,-7.00,7.00] to be gaussian constrained
------------------------------------------------------------
1          6341.395641     19.283373       total sum                     
1          5761.217541     17.912637       excluding marked processes    
1          103445.000000   321.628668      Unweighted events, alpha=0.061302
  => Total parameter prop_binSR_bin3_TopTag_bin1[0.00,-7.00,7.00] to be gaussian constrained
------------------------------------------------------------
2          5493.567904     17.187111       total sum                     
2          4992.197268     16.034441       excluding marked processes    
2          96934.000000    311.342255      Unweighted events, alpha=0.056673
  => Total parameter prop_binSR_bin3_TopTag_bin2[0.00,-7.00,7.00] to be gaussian constrained
------------------------------------------------------------
3          0.000000        0.000000        total sum                     
3          0.000000        0.000000        excluding marked processes    
  => Error is zero, ignore      
------------------------------------------------------------
4          0.000000        0.000000        total sum                     
4          0.000000        0.000000        excluding marked processes    
  => Error is zero, ignore      
------------------------------------------------------------
5          0.000000        0.000000        total sum                     
5          0.000000        0.000000        excluding marked processes    
  => Error is zero, ignore      
------------------------------------------------------------
6          0.000000        0.000000        total sum                     
6          0.000000        0.000000        excluding marked processes    
  => Error is zero, ignore      
------------------------------------------------------------
7          0.000000        0.000000        total sum                     
7          0.000000        0.000000        excluding marked processes    
  => Error is zero, ignore      
------------------------------------------------------------
8          0.000000        0.000000        total sum                     
8          0.000000        0.000000        excluding marked processes    
  => Error is zero, ignore      
------------------------------------------------------------
============================================================
Analysing bin errors for: prop_binSR_bin3_NoTopTag
Poisson cut-off: 0
Processes excluded for sums: ALP_ttbar_signal ALP_ttbar_interference
============================================================
Bin        Contents        Error           Notes                         
0          959852.004883   3749.927210     total sum                     
0          918105.542969   3749.292338     excluding marked processes    
0          59963.000000    244.873437      Unweighted events, alpha=16.007405
  => Total parameter prop_binSR_bin3_NoTopTag_bin0[0.00,-7.00,7.00] to be gaussian constrained
------------------------------------------------------------
1          61179.282654    103.450827      total sum                     
1          58049.689148    101.957826      excluding marked processes    
1          324159.000000   569.349629      Unweighted events, alpha=0.188732
  => Total parameter prop_binSR_bin3_NoTopTag_bin1[0.00,-7.00,7.00] to be gaussian constrained
------------------------------------------------------------
2          11386.281616    45.139483       total sum                     
2          10781.632874    44.527660       excluding marked processes    
2          58629.000000    242.134260      Unweighted events, alpha=0.194209
  => Total parameter prop_binSR_bin3_NoTopTag_bin2[0.00,-7.00,7.00] to be gaussian constrained
------------------------------------------------------------
3          0.000000        0.000000        total sum                     
3          0.000000        0.000000        excluding marked processes    
  => Error is zero, ignore      
------------------------------------------------------------
4          0.000000        0.000000        total sum                     
4          0.000000        0.000000        excluding marked processes    
  => Error is zero, ignore      
------------------------------------------------------------
5          0.000000        0.000000        total sum                     
5          0.000000        0.000000        excluding marked processes    
  => Error is zero, ignore      
------------------------------------------------------------
6          0.000000        0.000000        total sum                     
6          0.000000        0.000000        excluding marked processes    
  => Error is zero, ignore      
------------------------------------------------------------
7          0.000000        0.000000        total sum                     
7          0.000000        0.000000        excluding marked processes    
  => Error is zero, ignore      
------------------------------------------------------------
8          0.000000        0.000000        total sum                     
8          0.000000        0.000000        excluding marked processes    
  => Error is zero, ignore      
------------------------------------------------------------
============================================================
Analysing bin errors for: prop_binSR_bin4
Poisson cut-off: 0
Processes excluded for sums: ALP_ttbar_signal ALP_ttbar_interference
============================================================
Bin        Contents        Error           Notes                         
0          965696.522461   3865.175162     total sum                     
0          922313.257812   3864.538315     excluding marked processes    
0          56959.000000    238.660847      Unweighted events, alpha=16.954239
  => Total parameter prop_binSR_bin4_bin0[0.00,-7.00,7.00] to be gaussian constrained
------------------------------------------------------------
1          59323.411987    110.789503      total sum                     
1          55870.282227    109.279070      excluding marked processes    
1          261389.000000   511.262164      Unweighted events, alpha=0.226955
  => Total parameter prop_binSR_bin4_bin1[0.00,-7.00,7.00] to be gaussian constrained
------------------------------------------------------------
2          15735.927155    391.952400      total sum                     
2          14710.548401    391.841507      excluding marked processes    
2          1409.000000     37.536649       Unweighted events, alpha=11.168153
  => Total parameter prop_binSR_bin4_bin2[0.00,-7.00,7.00] to be gaussian constrained
------------------------------------------------------------
3          0.000000        0.000000        total sum                     
3          0.000000        0.000000        excluding marked processes    
  => Error is zero, ignore      
------------------------------------------------------------
4          0.000000        0.000000        total sum                     
4          0.000000        0.000000        excluding marked processes    
  => Error is zero, ignore      
------------------------------------------------------------
5          0.000000        0.000000        total sum                     
5          0.000000        0.000000        excluding marked processes    
  => Error is zero, ignore      
------------------------------------------------------------
6          0.000000        0.000000        total sum                     
6          0.000000        0.000000        excluding marked processes    
  => Error is zero, ignore      
------------------------------------------------------------
7          0.000000        0.000000        total sum                     
7          0.000000        0.000000        excluding marked processes    
  => Error is zero, ignore      
------------------------------------------------------------
8          0.000000        0.000000        total sum                     
8          0.000000        0.000000        excluding marked processes    
  => Error is zero, ignore      
------------------------------------------------------------
============================================================
Analysing bin errors for: prop_binSR_bin5
Poisson cut-off: 0
Processes excluded for sums: ALP_ttbar_signal ALP_ttbar_interference
============================================================
Bin        Contents        Error           Notes                         
0          443213.283691   2173.709927     total sum                     
0          424707.492188   2173.224144     excluding marked processes    
0          38192.000000    195.427736      Unweighted events, alpha=11.604872
  => Total parameter prop_binSR_bin5_bin0[0.00,-7.00,7.00] to be gaussian constrained
------------------------------------------------------------
1          33885.055054    85.356131       total sum                     
1          32423.663757    84.491830       excluding marked processes    
1          147263.000000   383.748616      Unweighted events, alpha=0.230099
  => Total parameter prop_binSR_bin5_bin1[0.00,-7.00,7.00] to be gaussian constrained
------------------------------------------------------------
2          8800.906815     40.315533       total sum                     
2          8409.307709     39.888234       excluding marked processes    
2          44446.000000    210.822200      Unweighted events, alpha=0.198013
  => Total parameter prop_binSR_bin5_bin2[0.00,-7.00,7.00] to be gaussian constrained
------------------------------------------------------------
3          0.000000        0.000000        total sum                     
3          0.000000        0.000000        excluding marked processes    
  => Error is zero, ignore      
------------------------------------------------------------
4          0.000000        0.000000        total sum                     
4          0.000000        0.000000        excluding marked processes    
  => Error is zero, ignore      
------------------------------------------------------------
5          0.000000        0.000000        total sum                     
5          0.000000        0.000000        excluding marked processes    
  => Error is zero, ignore      
------------------------------------------------------------
6          0.000000        0.000000        total sum                     
6          0.000000        0.000000        excluding marked processes    
  => Error is zero, ignore      
------------------------------------------------------------
7          0.000000        0.000000        total sum                     
7          0.000000        0.000000        excluding marked processes    
  => Error is zero, ignore      
------------------------------------------------------------
8          0.000000        0.000000        total sum                     
8          0.000000        0.000000        excluding marked processes    
  => Error is zero, ignore      
------------------------------------------------------------
============================================================
Analysing bin errors for: prop_binSR_bin6
Poisson cut-off: 0
Processes excluded for sums: ALP_ttbar_signal ALP_ttbar_interference
============================================================
Bin        Contents        Error           Notes                         
0          848356.661621   5195.415127     total sum                     
0          816895.023438   5195.068332     excluding marked processes    
0          24726.000000    157.245032      Unweighted events, alpha=34.310307
  => Total parameter prop_binSR_bin6_bin0[0.00,-7.00,7.00] to be gaussian constrained
------------------------------------------------------------
1          118985.474731   748.353176      total sum                     
1          115419.135254   748.097134      excluding marked processes    
1          23803.000000    154.282209      Unweighted events, alpha=4.998760
  => Total parameter prop_binSR_bin6_bin1[0.00,-7.00,7.00] to be gaussian constrained
------------------------------------------------------------
2          38760.359192    2403.563889     total sum                     
2          37828.779053    2403.543864     excluding marked processes    
2          248.000000      15.748016       Unweighted events, alpha=156.291771
  => Total parameter prop_binSR_bin6_bin2[0.00,-7.00,7.00] to be gaussian constrained
------------------------------------------------------------
3          0.000000        0.000000        total sum                     
3          0.000000        0.000000        excluding marked processes    
  => Error is zero, ignore      
------------------------------------------------------------
4          0.000000        0.000000        total sum                     
4          0.000000        0.000000        excluding marked processes    
  => Error is zero, ignore      
------------------------------------------------------------
5          0.000000        0.000000        total sum                     
5          0.000000        0.000000        excluding marked processes    
  => Error is zero, ignore      
------------------------------------------------------------
6          0.000000        0.000000        total sum                     
6          0.000000        0.000000        excluding marked processes    
  => Error is zero, ignore      
------------------------------------------------------------
7          0.000000        0.000000        total sum                     
7          0.000000        0.000000        excluding marked processes    
  => Error is zero, ignore      
------------------------------------------------------------
8          0.000000        0.000000        total sum                     
8          0.000000        0.000000        excluding marked processes    
  => Error is zero, ignore      
------------------------------------------------------------
============================================================
Analysing bin errors for: prop_binCR1
Poisson cut-off: 0
Processes excluded for sums: ALP_ttbar_signal ALP_ttbar_interference
============================================================
Bin        Contents        Error           Notes                         
0          18882.408134    1700.723354     total sum                     
0          18710.479248    1700.718035     excluding marked processes    
0          121.000000      11.000000       Unweighted events, alpha=156.052960
  => Total parameter prop_binCR1_bin0[0.00,-7.00,7.00] to be gaussian constrained
------------------------------------------------------------
1          6757.292143     58.936778       total sum                     
1          6673.545258     58.864714       excluding marked processes    
1          12853.000000    113.371072      Unweighted events, alpha=0.525737
  => Total parameter prop_binCR1_bin1[0.00,-7.00,7.00] to be gaussian constrained
------------------------------------------------------------
2          3349.533645     263.207722      total sum                     
2          3311.121368     263.200610      excluding marked processes    
2          158.000000      12.569805       Unweighted events, alpha=21.199580
  => Total parameter prop_binCR1_bin2[0.00,-7.00,7.00] to be gaussian constrained
------------------------------------------------------------
3          0.000000        0.000000        total sum                     
3          0.000000        0.000000        excluding marked processes    
  => Error is zero, ignore      
------------------------------------------------------------
4          0.000000        0.000000        total sum                     
4          0.000000        0.000000        excluding marked processes    
  => Error is zero, ignore      
------------------------------------------------------------
5          0.000000        0.000000        total sum                     
5          0.000000        0.000000        excluding marked processes    
  => Error is zero, ignore      
------------------------------------------------------------
6          0.000000        0.000000        total sum                     
6          0.000000        0.000000        excluding marked processes    
  => Error is zero, ignore      
------------------------------------------------------------
7          0.000000        0.000000        total sum                     
7          0.000000        0.000000        excluding marked processes    
  => Error is zero, ignore      
------------------------------------------------------------
8          0.000000        0.000000        total sum                     
8          0.000000        0.000000        excluding marked processes    
  => Error is zero, ignore      
------------------------------------------------------------
============================================================
Analysing bin errors for: prop_binCR2
Poisson cut-off: 0
Processes excluded for sums: ALP_ttbar_signal ALP_ttbar_interference
============================================================
Bin        Contents        Error           Notes                         
0          440802.059509   8435.771688     total sum                     
0          436649.337891   8435.740545     excluding marked processes    
0          2679.000000     51.759057       Unweighted events, alpha=164.539776
  => Total parameter prop_binCR2_bin0[0.00,-7.00,7.00] to be gaussian constrained
------------------------------------------------------------
1          83850.647659    812.299881      total sum                     
1          83156.491211    812.249148      excluding marked processes    
1          10481.000000    102.376755      Unweighted events, alpha=8.000253
  => Total parameter prop_binCR2_bin1[0.00,-7.00,7.00] to be gaussian constrained
------------------------------------------------------------
2          32926.795952    473.291246      total sum                     
2          32684.729614    473.261995      excluding marked processes    
2          4770.000000     69.065187       Unweighted events, alpha=6.902892
  => Total parameter prop_binCR2_bin2[0.00,-7.00,7.00] to be gaussian constrained
------------------------------------------------------------
3          0.000000        0.000000        total sum                     
3          0.000000        0.000000        excluding marked processes    
  => Error is zero, ignore      
------------------------------------------------------------
4          0.000000        0.000000        total sum                     
4          0.000000        0.000000        excluding marked processes    
  => Error is zero, ignore      
------------------------------------------------------------
5          0.000000        0.000000        total sum                     
5          0.000000        0.000000        excluding marked processes    
  => Error is zero, ignore      
------------------------------------------------------------
6          0.000000        0.000000        total sum                     
6          0.000000        0.000000        excluding marked processes    
  => Error is zero, ignore      
------------------------------------------------------------
7          0.000000        0.000000        total sum                     
7          0.000000        0.000000        excluding marked processes    
  => Error is zero, ignore      
------------------------------------------------------------
8          0.000000        0.000000        total sum                     
8          0.000000        0.000000        excluding marked processes    
  => Error is zero, ignore      
------------------------------------------------------------
Channel SR_bin1_TopTag will use autoMCStats with settings: event-threshold=0, include-signal=0, hist-mode=1
Channel SR_bin1_NoTopTag will use autoMCStats with settings: event-threshold=0, include-signal=0, hist-mode=1
Channel SR_bin2_TopTag will use autoMCStats with settings: event-threshold=0, include-signal=0, hist-mode=1
Channel SR_bin2_NoTopTag will use autoMCStats with settings: event-threshold=0, include-signal=0, hist-mode=1
Channel SR_bin3_TopTag will use autoMCStats with settings: event-threshold=0, include-signal=0, hist-mode=1
Channel SR_bin3_NoTopTag will use autoMCStats with settings: event-threshold=0, include-signal=0, hist-mode=1
Channel SR_bin4 will use autoMCStats with settings: event-threshold=0, include-signal=0, hist-mode=1
Channel SR_bin5 will use autoMCStats with settings: event-threshold=0, include-signal=0, hist-mode=1
Channel SR_bin6 will use autoMCStats with settings: event-threshold=0, include-signal=0, hist-mode=1
Channel CR1 will use autoMCStats with settings: event-threshold=0, include-signal=0, hist-mode=1
Channel CR2 will use autoMCStats with settings: event-threshold=0, include-signal=0, hist-mode=1
