============================================================
Analysing bin errors for: prop_binSR_bin1_TopTag
Poisson cut-off: 0
Processes excluded for sums: ALP_ttbar_signal ALP_ttbar_interference
============================================================
Bin        Contents        Error           Notes                         
0          2303.472157     13.269616       total sum                     
0          2356.188358     12.566509       excluding marked processes    
0          35155.000000    187.496667      Unweighted events, alpha=0.065523
  => Total parameter prop_binSR_bin1_TopTag_bin0[0.00,-7.00,7.00] to be gaussian constrained
------------------------------------------------------------
1          2589.406620     13.011155       total sum                     
1          2599.153324     12.296801       excluding marked processes    
1          44677.000000    211.369345      Unweighted events, alpha=0.057958
  => Total parameter prop_binSR_bin1_TopTag_bin1[0.00,-7.00,7.00] to be gaussian constrained
------------------------------------------------------------
2          1838.192893     11.354557       total sum                     
2          1820.681876     10.885086       excluding marked processes    
2          27977.000000    167.263266      Unweighted events, alpha=0.065704
  => Total parameter prop_binSR_bin1_TopTag_bin2[0.00,-7.00,7.00] to be gaussian constrained
------------------------------------------------------------
3          1273.580996     15.881654       total sum                     
3          1258.827238     15.716376       excluding marked processes    
3          6415.000000     80.093695       Unweighted events, alpha=0.198532
  => Total parameter prop_binSR_bin1_TopTag_bin3[0.00,-7.00,7.00] to be gaussian constrained
------------------------------------------------------------
4          0.000000        0.000000        total sum                     
4          0.000000        0.000000        excluding marked processes    
  => Error is zero, ignore      
------------------------------------------------------------
5          0.000000        0.000000        total sum                     
5          0.000000        0.000000        excluding marked processes    
  => Error is zero, ignore      
------------------------------------------------------------
6          0.000000        0.000000        total sum                     
6          0.000000        0.000000        excluding marked processes    
  => Error is zero, ignore      
------------------------------------------------------------
7          0.000000        0.000000        total sum                     
7          0.000000        0.000000        excluding marked processes    
  => Error is zero, ignore      
------------------------------------------------------------
8          0.000000        0.000000        total sum                     
8          0.000000        0.000000        excluding marked processes    
  => Error is zero, ignore      
------------------------------------------------------------
============================================================
Analysing bin errors for: prop_binSR_bin1_NoTopTag
Poisson cut-off: 0
Processes excluded for sums: ALP_ttbar_signal ALP_ttbar_interference
============================================================
Bin        Contents        Error           Notes                         
0          593145.467773   3936.780413     total sum                     
0          606406.277344   3936.452650     excluding marked processes    
0          23731.000000    154.048694      Unweighted events, alpha=24.994542
  => Total parameter prop_binSR_bin1_NoTopTag_bin0[0.00,-7.00,7.00] to be gaussian constrained
------------------------------------------------------------
1          78452.636963    596.712496      total sum                     
1          79549.522705    596.501983      excluding marked processes    
1          17785.000000    133.360414      Unweighted events, alpha=4.411169
  => Total parameter prop_binSR_bin1_NoTopTag_bin1[0.00,-7.00,7.00] to be gaussian constrained
------------------------------------------------------------
2          23960.395996    138.618053      total sum                     
2          24228.259064    138.359507      excluding marked processes    
2          30664.000000    175.111393      Unweighted events, alpha=0.781385
  => Total parameter prop_binSR_bin1_NoTopTag_bin2[0.00,-7.00,7.00] to be gaussian constrained
------------------------------------------------------------
3          8238.519836     65.456483       total sum                     
3          8312.388458     65.281483       excluding marked processes    
3          16213.000000    127.330279      Unweighted events, alpha=0.508143
  => Total parameter prop_binSR_bin1_NoTopTag_bin3[0.00,-7.00,7.00] to be gaussian constrained
------------------------------------------------------------
4          0.000000        0.000000        total sum                     
4          0.000000        0.000000        excluding marked processes    
  => Error is zero, ignore      
------------------------------------------------------------
5          0.000000        0.000000        total sum                     
5          0.000000        0.000000        excluding marked processes    
  => Error is zero, ignore      
------------------------------------------------------------
6          0.000000        0.000000        total sum                     
6          0.000000        0.000000        excluding marked processes    
  => Error is zero, ignore      
------------------------------------------------------------
7          0.000000        0.000000        total sum                     
7          0.000000        0.000000        excluding marked processes    
  => Error is zero, ignore      
------------------------------------------------------------
8          0.000000        0.000000        total sum                     
8          0.000000        0.000000        excluding marked processes    
  => Error is zero, ignore      
------------------------------------------------------------
============================================================
Analysing bin errors for: prop_binSR_bin2_TopTag
Poisson cut-off: 0
Processes excluded for sums: ALP_ttbar_signal ALP_ttbar_interference
============================================================
Bin        Contents        Error           Notes                         
0          1035.363112     8.157052        total sum                     
0          1071.441901     7.371619        excluding marked processes    
0          21126.000000    145.347859      Unweighted events, alpha=0.049009
  => Total parameter prop_binSR_bin2_TopTag_bin0[0.00,-7.00,7.00] to be gaussian constrained
------------------------------------------------------------
1          1815.542262     10.511753       total sum                     
1          1818.655055     9.707913        excluding marked processes    
1          35095.000000    187.336595      Unweighted events, alpha=0.051732
  => Total parameter prop_binSR_bin2_TopTag_bin1[0.00,-7.00,7.00] to be gaussian constrained
------------------------------------------------------------
2          2027.248069     11.023838       total sum                     
2          2006.769816     10.449405       excluding marked processes    
2          36882.000000    192.046869      Unweighted events, alpha=0.054966
  => Total parameter prop_binSR_bin2_TopTag_bin2[0.00,-7.00,7.00] to be gaussian constrained
------------------------------------------------------------
3          1115.769383     8.234448        total sum                     
3          1099.885993     7.832450        excluding marked processes    
3          19720.000000    140.427917      Unweighted events, alpha=0.056581
  => Total parameter prop_binSR_bin2_TopTag_bin3[0.00,-7.00,7.00] to be gaussian constrained
------------------------------------------------------------
4          0.000000        0.000000        total sum                     
4          0.000000        0.000000        excluding marked processes    
  => Error is zero, ignore      
------------------------------------------------------------
5          0.000000        0.000000        total sum                     
5          0.000000        0.000000        excluding marked processes    
  => Error is zero, ignore      
------------------------------------------------------------
6          0.000000        0.000000        total sum                     
6          0.000000        0.000000        excluding marked processes    
  => Error is zero, ignore      
------------------------------------------------------------
7          0.000000        0.000000        total sum                     
7          0.000000        0.000000        excluding marked processes    
  => Error is zero, ignore      
------------------------------------------------------------
8          0.000000        0.000000        total sum                     
8          0.000000        0.000000        excluding marked processes    
  => Error is zero, ignore      
------------------------------------------------------------
============================================================
Analysing bin errors for: prop_binSR_bin2_NoTopTag
Poisson cut-off: 0
Processes excluded for sums: ALP_ttbar_signal ALP_ttbar_interference
============================================================
Bin        Contents        Error           Notes                         
0          392845.110352   1787.705443     total sum                     
0          402231.000977   1787.183368     excluding marked processes    
0          50654.000000    225.064435      Unweighted events, alpha=7.755461
  => Total parameter prop_binSR_bin2_NoTopTag_bin0[0.00,-7.00,7.00] to be gaussian constrained
------------------------------------------------------------
1          38236.727448    87.366879       total sum                     
1          38791.155762    86.427078       excluding marked processes    
1          201449.000000   448.830703      Unweighted events, alpha=0.189808
  => Total parameter prop_binSR_bin2_NoTopTag_bin1[0.00,-7.00,7.00] to be gaussian constrained
------------------------------------------------------------
2          8807.584061     36.261247       total sum                     
2          8871.310272     35.793558       excluding marked processes    
2          61428.000000    247.846727      Unweighted events, alpha=0.143381
  => Total parameter prop_binSR_bin2_NoTopTag_bin2[0.00,-7.00,7.00] to be gaussian constrained
------------------------------------------------------------
3          2268.304550     21.516462       total sum                     
3          2278.086624     21.297129       excluding marked processes    
3          11442.000000    106.967285      Unweighted events, alpha=0.198244
  => Total parameter prop_binSR_bin2_NoTopTag_bin3[0.00,-7.00,7.00] to be gaussian constrained
------------------------------------------------------------
4          0.000000        0.000000        total sum                     
4          0.000000        0.000000        excluding marked processes    
  => Error is zero, ignore      
------------------------------------------------------------
5          0.000000        0.000000        total sum                     
5          0.000000        0.000000        excluding marked processes    
  => Error is zero, ignore      
------------------------------------------------------------
6          0.000000        0.000000        total sum                     
6          0.000000        0.000000        excluding marked processes    
  => Error is zero, ignore      
------------------------------------------------------------
7          0.000000        0.000000        total sum                     
7          0.000000        0.000000        excluding marked processes    
  => Error is zero, ignore      
------------------------------------------------------------
8          0.000000        0.000000        total sum                     
8          0.000000        0.000000        excluding marked processes    
  => Error is zero, ignore      
------------------------------------------------------------
============================================================
Analysing bin errors for: prop_binSR_bin3_TopTag
Poisson cut-off: 0
Processes excluded for sums: ALP_ttbar_signal ALP_ttbar_interference
============================================================
Bin        Contents        Error           Notes                         
0          1401.000447     10.280172       total sum                     
0          1450.538815     9.364497        excluding marked processes    
0          23993.000000    154.896740      Unweighted events, alpha=0.058392
  => Total parameter prop_binSR_bin3_TopTag_bin0[0.00,-7.00,7.00] to be gaussian constrained
------------------------------------------------------------
1          5757.387737     19.312076       total sum                     
1          5755.882977     17.943533       excluding marked processes    
1          102898.000000   320.777181      Unweighted events, alpha=0.055952
  => Total parameter prop_binSR_bin3_TopTag_bin1[0.00,-7.00,7.00] to be gaussian constrained
------------------------------------------------------------
2          5087.277025     17.193871       total sum                     
2          4988.190630     16.041687       excluding marked processes    
2          96691.000000    310.951765      Unweighted events, alpha=0.052614
  => Total parameter prop_binSR_bin3_TopTag_bin2[0.00,-7.00,7.00] to be gaussian constrained
------------------------------------------------------------
3          1766.295332     10.131389       total sum                     
3          1690.410136     9.471271        excluding marked processes    
3          31854.000000    178.476889      Unweighted events, alpha=0.055450
  => Total parameter prop_binSR_bin3_TopTag_bin3[0.00,-7.00,7.00] to be gaussian constrained
------------------------------------------------------------
4          0.000000        0.000000        total sum                     
4          0.000000        0.000000        excluding marked processes    
  => Error is zero, ignore      
------------------------------------------------------------
5          0.000000        0.000000        total sum                     
5          0.000000        0.000000        excluding marked processes    
  => Error is zero, ignore      
------------------------------------------------------------
6          0.000000        0.000000        total sum                     
6          0.000000        0.000000        excluding marked processes    
  => Error is zero, ignore      
------------------------------------------------------------
7          0.000000        0.000000        total sum                     
7          0.000000        0.000000        excluding marked processes    
  => Error is zero, ignore      
------------------------------------------------------------
8          0.000000        0.000000        total sum                     
8          0.000000        0.000000        excluding marked processes    
  => Error is zero, ignore      
------------------------------------------------------------
============================================================
Analysing bin errors for: prop_binSR_bin3_NoTopTag
Poisson cut-off: 0
Processes excluded for sums: ALP_ttbar_signal ALP_ttbar_interference
============================================================
Bin        Contents        Error           Notes                         
0          895210.461914   3749.965177     total sum                     
0          918188.886719   3749.330312     excluding marked processes    
0          59973.000000    244.893855      Unweighted events, alpha=14.926891
  => Total parameter prop_binSR_bin3_NoTopTag_bin0[0.00,-7.00,7.00] to be gaussian constrained
------------------------------------------------------------
1          57357.665955    103.540893      total sum                     
1          58029.997742    102.049209      excluding marked processes    
1          323360.000000   568.647518      Unweighted events, alpha=0.177380
  => Total parameter prop_binSR_bin3_NoTopTag_bin1[0.00,-7.00,7.00] to be gaussian constrained
------------------------------------------------------------
2          10766.915100    45.199018       total sum                     
2          10789.451416    44.588012       excluding marked processes    
2          58555.000000    241.981404      Unweighted events, alpha=0.183877
  => Total parameter prop_binSR_bin3_NoTopTag_bin2[0.00,-7.00,7.00] to be gaussian constrained
------------------------------------------------------------
3          2845.561821     29.471837       total sum                     
3          2837.236511     29.205335       excluding marked processes    
3          9438.000000     97.149370       Unweighted events, alpha=0.301501
  => Total parameter prop_binSR_bin3_NoTopTag_bin3[0.00,-7.00,7.00] to be gaussian constrained
------------------------------------------------------------
4          0.000000        0.000000        total sum                     
4          0.000000        0.000000        excluding marked processes    
  => Error is zero, ignore      
------------------------------------------------------------
5          0.000000        0.000000        total sum                     
5          0.000000        0.000000        excluding marked processes    
  => Error is zero, ignore      
------------------------------------------------------------
6          0.000000        0.000000        total sum                     
6          0.000000        0.000000        excluding marked processes    
  => Error is zero, ignore      
------------------------------------------------------------
7          0.000000        0.000000        total sum                     
7          0.000000        0.000000        excluding marked processes    
  => Error is zero, ignore      
------------------------------------------------------------
8          0.000000        0.000000        total sum                     
8          0.000000        0.000000        excluding marked processes    
  => Error is zero, ignore      
------------------------------------------------------------
============================================================
Analysing bin errors for: prop_binSR_bin4
Poisson cut-off: 0
Processes excluded for sums: ALP_ttbar_signal ALP_ttbar_interference
============================================================
Bin        Contents        Error           Notes                         
0          899111.874023   3865.210419     total sum                     
0          922273.796875   3864.573577     excluding marked processes    
0          56953.000000    238.648277      Unweighted events, alpha=15.786910
  => Total parameter prop_binSR_bin4_bin0[0.00,-7.00,7.00] to be gaussian constrained
------------------------------------------------------------
1          55301.538940    110.884805      total sum                     
1          55890.473389    109.375688      excluding marked processes    
1          261116.000000   510.995108      Unweighted events, alpha=0.211789
  => Total parameter prop_binSR_bin4_bin1[0.00,-7.00,7.00] to be gaussian constrained
------------------------------------------------------------
2          14785.003998    391.958829      total sum                     
2          14697.861755    391.847938      excluding marked processes    
2          1407.000000     37.509999       Unweighted events, alpha=10.508176
  => Total parameter prop_binSR_bin4_bin2[0.00,-7.00,7.00] to be gaussian constrained
------------------------------------------------------------
3          4151.774712     26.367183       total sum                     
3          4074.419037     25.873437       excluding marked processes    
3          24798.000000    157.473807      Unweighted events, alpha=0.167424
  => Total parameter prop_binSR_bin4_bin3[0.00,-7.00,7.00] to be gaussian constrained
------------------------------------------------------------
4          0.000000        0.000000        total sum                     
4          0.000000        0.000000        excluding marked processes    
  => Error is zero, ignore      
------------------------------------------------------------
5          0.000000        0.000000        total sum                     
5          0.000000        0.000000        excluding marked processes    
  => Error is zero, ignore      
------------------------------------------------------------
6          0.000000        0.000000        total sum                     
6          0.000000        0.000000        excluding marked processes    
  => Error is zero, ignore      
------------------------------------------------------------
7          0.000000        0.000000        total sum                     
7          0.000000        0.000000        excluding marked processes    
  => Error is zero, ignore      
------------------------------------------------------------
8          0.000000        0.000000        total sum                     
8          0.000000        0.000000        excluding marked processes    
  => Error is zero, ignore      
------------------------------------------------------------
============================================================
Analysing bin errors for: prop_binSR_bin5
Poisson cut-off: 0
Processes excluded for sums: ALP_ttbar_signal ALP_ttbar_interference
============================================================
Bin        Contents        Error           Notes                         
0          414802.113770   2173.740440     total sum                     
0          424770.949219   2173.254664     excluding marked processes    
0          38202.000000    195.453319      Unweighted events, alpha=10.858126
  => Total parameter prop_binSR_bin5_bin0[0.00,-7.00,7.00] to be gaussian constrained
------------------------------------------------------------
1          32091.361572    85.447243       total sum                     
1          32471.535339    84.583873       excluding marked processes    
1          147377.000000   383.897122      Unweighted events, alpha=0.217750
  => Total parameter prop_binSR_bin5_bin1[0.00,-7.00,7.00] to be gaussian constrained
------------------------------------------------------------
2          8396.406540     40.353130       total sum                     
2          8414.070801     39.926233       excluding marked processes    
2          44412.000000    210.741548      Unweighted events, alpha=0.189057
  => Total parameter prop_binSR_bin5_bin2[0.00,-7.00,7.00] to be gaussian constrained
------------------------------------------------------------
3          2731.861511     38.720173       total sum                     
3          2715.015457     38.571019       excluding marked processes    
3          4955.000000     70.391761       Unweighted events, alpha=0.551334
  => Total parameter prop_binSR_bin5_bin3[0.00,-7.00,7.00] to be gaussian constrained
------------------------------------------------------------
4          0.000000        0.000000        total sum                     
4          0.000000        0.000000        excluding marked processes    
  => Error is zero, ignore      
------------------------------------------------------------
5          0.000000        0.000000        total sum                     
5          0.000000        0.000000        excluding marked processes    
  => Error is zero, ignore      
------------------------------------------------------------
6          0.000000        0.000000        total sum                     
6          0.000000        0.000000        excluding marked processes    
  => Error is zero, ignore      
------------------------------------------------------------
7          0.000000        0.000000        total sum                     
7          0.000000        0.000000        excluding marked processes    
  => Error is zero, ignore      
------------------------------------------------------------
8          0.000000        0.000000        total sum                     
8          0.000000        0.000000        excluding marked processes    
  => Error is zero, ignore      
------------------------------------------------------------
============================================================
Analysing bin errors for: prop_binSR_bin6
Poisson cut-off: 0
Processes excluded for sums: ALP_ttbar_signal ALP_ttbar_interference
============================================================
Bin        Contents        Error           Notes                         
0          799700.181152   5195.435384     total sum                     
0          816764.777344   5195.088591     excluding marked processes    
0          24718.000000    157.219592      Unweighted events, alpha=32.352949
  => Total parameter prop_binSR_bin6_bin0[0.00,-7.00,7.00] to be gaussian constrained
------------------------------------------------------------
1          113947.653931   748.374188      total sum                     
1          115383.921387   748.118153      excluding marked processes    
1          23788.000000    154.233589      Unweighted events, alpha=4.790132
  => Total parameter prop_binSR_bin6_bin1[0.00,-7.00,7.00] to be gaussian constrained
------------------------------------------------------------
2          37538.946350    2403.566077     total sum                     
2          37847.472412    2403.546052     excluding marked processes    
2          248.000000      15.748016       Unweighted events, alpha=151.366719
  => Total parameter prop_binSR_bin6_bin2[0.00,-7.00,7.00] to be gaussian constrained
------------------------------------------------------------
3          19863.386505    7825.851873     total sum                     
3          19937.086792    7825.849944     excluding marked processes    
3          6.000000        2.449490        Unweighted events, alpha=3310.564418
  => Total parameter prop_binSR_bin6_bin3[0.00,-7.00,7.00] to be gaussian constrained
------------------------------------------------------------
4          0.000000        0.000000        total sum                     
4          0.000000        0.000000        excluding marked processes    
  => Error is zero, ignore      
------------------------------------------------------------
5          0.000000        0.000000        total sum                     
5          0.000000        0.000000        excluding marked processes    
  => Error is zero, ignore      
------------------------------------------------------------
6          0.000000        0.000000        total sum                     
6          0.000000        0.000000        excluding marked processes    
  => Error is zero, ignore      
------------------------------------------------------------
7          0.000000        0.000000        total sum                     
7          0.000000        0.000000        excluding marked processes    
  => Error is zero, ignore      
------------------------------------------------------------
8          0.000000        0.000000        total sum                     
8          0.000000        0.000000        excluding marked processes    
  => Error is zero, ignore      
------------------------------------------------------------
============================================================
Analysing bin errors for: prop_binCR1
Poisson cut-off: 0
Processes excluded for sums: ALP_ttbar_signal ALP_ttbar_interference
============================================================
Bin        Contents        Error           Notes                         
0          18650.858147    1700.726546     total sum                     
0          18742.590576    1700.721227     excluding marked processes    
0          121.000000      11.000000       Unweighted events, alpha=154.139324
  => Total parameter prop_binCR1_bin0[0.00,-7.00,7.00] to be gaussian constrained
------------------------------------------------------------
1          6614.851500     58.958946       total sum                     
1          6653.467621     58.886909       excluding marked processes    
1          12766.000000    112.986725      Unweighted events, alpha=0.518162
  => Total parameter prop_binCR1_bin1[0.00,-7.00,7.00] to be gaussian constrained
------------------------------------------------------------
2          3291.051494     263.211167      total sum                     
2          3302.019440     263.204055      excluding marked processes    
2          157.000000      12.529964       Unweighted events, alpha=20.962111
  => Total parameter prop_binCR1_bin2[0.00,-7.00,7.00] to be gaussian constrained
------------------------------------------------------------
3          1297.579438     18.696502       total sum                     
3          1303.584702     18.649583       excluding marked processes    
3          4886.000000     69.899928       Unweighted events, alpha=0.265571
  => Total parameter prop_binCR1_bin3[0.00,-7.00,7.00] to be gaussian constrained
------------------------------------------------------------
4          0.000000        0.000000        total sum                     
4          0.000000        0.000000        excluding marked processes    
  => Error is zero, ignore      
------------------------------------------------------------
5          0.000000        0.000000        total sum                     
5          0.000000        0.000000        excluding marked processes    
  => Error is zero, ignore      
------------------------------------------------------------
6          0.000000        0.000000        total sum                     
6          0.000000        0.000000        excluding marked processes    
  => Error is zero, ignore      
------------------------------------------------------------
7          0.000000        0.000000        total sum                     
7          0.000000        0.000000        excluding marked processes    
  => Error is zero, ignore      
------------------------------------------------------------
8          0.000000        0.000000        total sum                     
8          0.000000        0.000000        excluding marked processes    
  => Error is zero, ignore      
------------------------------------------------------------
============================================================
Analysing bin errors for: prop_binCR2
Poisson cut-off: 0
Processes excluded for sums: ALP_ttbar_signal ALP_ttbar_interference
============================================================
Bin        Contents        Error           Notes                         
0          434354.624451   8435.777786     total sum                     
0          436768.322266   8435.746643     excluding marked processes    
0          2681.000000     51.778374       Unweighted events, alpha=162.012169
  => Total parameter prop_binCR2_bin0[0.00,-7.00,7.00] to be gaussian constrained
------------------------------------------------------------
1          82862.113785    812.309069      total sum                     
1          83150.358398    812.258338      excluding marked processes    
1          10479.000000    102.366987      Unweighted events, alpha=7.907445
  => Total parameter prop_binCR2_bin1[0.00,-7.00,7.00] to be gaussian constrained
------------------------------------------------------------
2          32635.398247    473.301860      total sum                     
2          32716.966187    473.272610      excluding marked processes    
2          4779.000000     69.130312       Unweighted events, alpha=6.828918
  => Total parameter prop_binCR2_bin2[0.00,-7.00,7.00] to be gaussian constrained
------------------------------------------------------------
3          15069.160225    659.873237      total sum                     
3          15089.759033    659.865539      excluding marked processes    
3          523.000000      22.869193       Unweighted events, alpha=28.812926
  => Total parameter prop_binCR2_bin3[0.00,-7.00,7.00] to be gaussian constrained
------------------------------------------------------------
4          0.000000        0.000000        total sum                     
4          0.000000        0.000000        excluding marked processes    
  => Error is zero, ignore      
------------------------------------------------------------
5          0.000000        0.000000        total sum                     
5          0.000000        0.000000        excluding marked processes    
  => Error is zero, ignore      
------------------------------------------------------------
6          0.000000        0.000000        total sum                     
6          0.000000        0.000000        excluding marked processes    
  => Error is zero, ignore      
------------------------------------------------------------
7          0.000000        0.000000        total sum                     
7          0.000000        0.000000        excluding marked processes    
  => Error is zero, ignore      
------------------------------------------------------------
8          0.000000        0.000000        total sum                     
8          0.000000        0.000000        excluding marked processes    
  => Error is zero, ignore      
------------------------------------------------------------
Channel SR_bin1_TopTag will use autoMCStats with settings: event-threshold=0, include-signal=0, hist-mode=1
Channel SR_bin1_NoTopTag will use autoMCStats with settings: event-threshold=0, include-signal=0, hist-mode=1
Channel SR_bin2_TopTag will use autoMCStats with settings: event-threshold=0, include-signal=0, hist-mode=1
Channel SR_bin2_NoTopTag will use autoMCStats with settings: event-threshold=0, include-signal=0, hist-mode=1
Channel SR_bin3_TopTag will use autoMCStats with settings: event-threshold=0, include-signal=0, hist-mode=1
Channel SR_bin3_NoTopTag will use autoMCStats with settings: event-threshold=0, include-signal=0, hist-mode=1
Channel SR_bin4 will use autoMCStats with settings: event-threshold=0, include-signal=0, hist-mode=1
Channel SR_bin5 will use autoMCStats with settings: event-threshold=0, include-signal=0, hist-mode=1
Channel SR_bin6 will use autoMCStats with settings: event-threshold=0, include-signal=0, hist-mode=1
Channel CR1 will use autoMCStats with settings: event-threshold=0, include-signal=0, hist-mode=1
Channel CR2 will use autoMCStats with settings: event-threshold=0, include-signal=0, hist-mode=1
