============================================================
Analysing bin errors for: prop_binSR_bin1_TopTag
Poisson cut-off: 0
Processes excluded for sums: ALP_ttbar_signal ALP_ttbar_interference
============================================================
Bin        Contents        Error           Notes                         
0          2300.858036     13.246480       total sum                     
0          2353.574238     12.542076       excluding marked processes    
0          35214.000000    187.653937      Unweighted events, alpha=0.065339
  => Total parameter prop_binSR_bin1_TopTag_bin0[0.00,-7.00,7.00] to be gaussian constrained
------------------------------------------------------------
1          2597.443813     13.017666       total sum                     
1          2607.190517     12.303691       excluding marked processes    
1          44903.000000    211.903280      Unweighted events, alpha=0.057846
  => Total parameter prop_binSR_bin1_TopTag_bin1[0.00,-7.00,7.00] to be gaussian constrained
------------------------------------------------------------
2          1837.438174     11.317931       total sum                     
2          1819.927157     10.846875       excluding marked processes    
2          28151.000000    167.782597      Unweighted events, alpha=0.065271
  => Total parameter prop_binSR_bin1_TopTag_bin2[0.00,-7.00,7.00] to be gaussian constrained
------------------------------------------------------------
3          1273.956038     15.874415       total sum                     
3          1259.202280     15.709061       excluding marked processes    
3          6425.000000     80.156098       Unweighted events, alpha=0.198281
  => Total parameter prop_binSR_bin1_TopTag_bin3[0.00,-7.00,7.00] to be gaussian constrained
------------------------------------------------------------
4          745.765307      8.060255        total sum                     
4          738.237983      7.894165        excluding marked processes    
4          8745.000000     93.514705       Unweighted events, alpha=0.085279
  => Total parameter prop_binSR_bin1_TopTag_bin4[0.00,-7.00,7.00] to be gaussian constrained
------------------------------------------------------------
5          391.303566      4.910415        total sum                     
5          386.532434      4.751486        excluding marked processes    
5          6618.000000     81.351091       Unweighted events, alpha=0.059127
  => Total parameter prop_binSR_bin1_TopTag_bin5[0.00,-7.00,7.00] to be gaussian constrained
------------------------------------------------------------
6          289.997624      5.575597        total sum                     
6          284.466527      5.511425        excluding marked processes    
6          2664.000000     51.613952       Unweighted events, alpha=0.108858
  => Total parameter prop_binSR_bin1_TopTag_bin6[0.00,-7.00,7.00] to be gaussian constrained
------------------------------------------------------------
7          74.560840       2.099690        total sum                     
7          73.597985       2.059368        excluding marked processes    
7          1277.000000     35.735137       Unweighted events, alpha=0.058388
  => Total parameter prop_binSR_bin1_TopTag_bin7[0.00,-7.00,7.00] to be gaussian constrained
------------------------------------------------------------
8          26.607398       1.375257        total sum                     
8          26.537233       1.301059        excluding marked processes    
8          416.000000      20.396078       Unweighted events, alpha=0.063960
  => Total parameter prop_binSR_bin1_TopTag_bin8[0.00,-7.00,7.00] to be gaussian constrained
------------------------------------------------------------
============================================================
Analysing bin errors for: prop_binSR_bin1_NoTopTag
Poisson cut-off: 0
Processes excluded for sums: ALP_ttbar_signal ALP_ttbar_interference
============================================================
Bin        Contents        Error           Notes                         
0          593205.979492   3936.762177     total sum                     
0          606466.789062   3936.434413     excluding marked processes    
0          23736.000000    154.064921      Unweighted events, alpha=24.991826
  => Total parameter prop_binSR_bin1_NoTopTag_bin0[0.00,-7.00,7.00] to be gaussian constrained
------------------------------------------------------------
1          78452.006104    596.694604      total sum                     
1          79548.891846    596.484084      excluding marked processes    
1          17786.000000    133.364163      Unweighted events, alpha=4.410885
  => Total parameter prop_binSR_bin1_NoTopTag_bin1[0.00,-7.00,7.00] to be gaussian constrained
------------------------------------------------------------
2          23949.136108    138.587875      total sum                     
2          24216.999176    138.329272      excluding marked processes    
2          30649.000000    175.068558      Unweighted events, alpha=0.781400
  => Total parameter prop_binSR_bin1_NoTopTag_bin2[0.00,-7.00,7.00] to be gaussian constrained
------------------------------------------------------------
3          8223.821228     65.429659       total sum                     
3          8297.689850     65.254588       excluding marked processes    
3          16169.000000    127.157383      Unweighted events, alpha=0.508617
  => Total parameter prop_binSR_bin1_NoTopTag_bin3[0.00,-7.00,7.00] to be gaussian constrained
------------------------------------------------------------
4          2979.311756     37.794134       total sum                     
4          3000.052948     37.689136       excluding marked processes    
4          6336.000000     79.598995       Unweighted events, alpha=0.470220
  => Total parameter prop_binSR_bin1_NoTopTag_bin4[0.00,-7.00,7.00] to be gaussian constrained
------------------------------------------------------------
5          1250.618087     54.513199       total sum                     
5          1259.103683     54.480873       excluding marked processes    
5          534.000000      23.108440       Unweighted events, alpha=2.341981
  => Total parameter prop_binSR_bin1_NoTopTag_bin5[0.00,-7.00,7.00] to be gaussian constrained
------------------------------------------------------------
6          746.564618      14.917781       total sum                     
6          752.626049      14.833124       excluding marked processes    
6          2575.000000     50.744458       Unweighted events, alpha=0.289928
  => Total parameter prop_binSR_bin1_NoTopTag_bin6[0.00,-7.00,7.00] to be gaussian constrained
------------------------------------------------------------
7          178.064648      6.575175        total sum                     
7          178.973364      6.536902        excluding marked processes    
7          750.000000      27.386128       Unweighted events, alpha=0.237420
  => Total parameter prop_binSR_bin1_NoTopTag_bin7[0.00,-7.00,7.00] to be gaussian constrained
------------------------------------------------------------
8          74.092033       5.552284        total sum                     
8          73.380711       5.544630        excluding marked processes    
8          175.000000      13.228757       Unweighted events, alpha=0.423383
  => Total parameter prop_binSR_bin1_NoTopTag_bin8[0.00,-7.00,7.00] to be gaussian constrained
------------------------------------------------------------
============================================================
Analysing bin errors for: prop_binSR_bin2_TopTag
Poisson cut-off: 0
Processes excluded for sums: ALP_ttbar_signal ALP_ttbar_interference
============================================================
Bin        Contents        Error           Notes                         
0          1043.654452     8.217432        total sum                     
0          1079.733241     7.438377        excluding marked processes    
0          21071.000000    145.158534      Unweighted events, alpha=0.049530
  => Total parameter prop_binSR_bin2_TopTag_bin0[0.00,-7.00,7.00] to be gaussian constrained
------------------------------------------------------------
1          1814.870028     10.490318       total sum                     
1          1817.982821     9.684698        excluding marked processes    
1          35238.000000    187.717873      Unweighted events, alpha=0.051503
  => Total parameter prop_binSR_bin2_TopTag_bin1[0.00,-7.00,7.00] to be gaussian constrained
------------------------------------------------------------
2          2025.315032     10.989029       total sum                     
2          2004.836780     10.412676       excluding marked processes    
2          37071.000000    192.538308      Unweighted events, alpha=0.054633
  => Total parameter prop_binSR_bin2_TopTag_bin2[0.00,-7.00,7.00] to be gaussian constrained
------------------------------------------------------------
3          1115.530946     8.200530        total sum                     
3          1099.647555     7.796784        excluding marked processes    
3          19892.000000    141.039002      Unweighted events, alpha=0.056079
  => Total parameter prop_binSR_bin2_TopTag_bin3[0.00,-7.00,7.00] to be gaussian constrained
------------------------------------------------------------
4          427.263680      5.039206        total sum                     
4          416.067750      4.827225        excluding marked processes    
4          7429.000000     86.191647       Unweighted events, alpha=0.057513
  => Total parameter prop_binSR_bin2_TopTag_bin4[0.00,-7.00,7.00] to be gaussian constrained
------------------------------------------------------------
5          156.172574      3.500132        total sum                     
5          149.979632      3.417957        excluding marked processes    
5          1925.000000     43.874822       Unweighted events, alpha=0.081129
  => Total parameter prop_binSR_bin2_TopTag_bin5[0.00,-7.00,7.00] to be gaussian constrained
------------------------------------------------------------
6          86.529476       2.322805        total sum                     
6          81.920420       2.230635        excluding marked processes    
6          1349.000000     36.728735       Unweighted events, alpha=0.064143
  => Total parameter prop_binSR_bin2_TopTag_bin6[0.00,-7.00,7.00] to be gaussian constrained
------------------------------------------------------------
7          14.548276       1.371081        total sum                     
7          13.698392       1.331263        excluding marked processes    
7          106.000000      10.295630       Unweighted events, alpha=0.137248
  => Total parameter prop_binSR_bin2_TopTag_bin7[0.00,-7.00,7.00] to be gaussian constrained
------------------------------------------------------------
8          3.726959        0.511533        total sum                     
8          3.530873        0.473856        excluding marked processes    
8          56.000000       7.483315        Unweighted events, alpha=0.066553
  => Total parameter prop_binSR_bin2_TopTag_bin8[0.00,-7.00,7.00] to be gaussian constrained
------------------------------------------------------------
============================================================
Analysing bin errors for: prop_binSR_bin2_NoTopTag
Poisson cut-off: 0
Processes excluded for sums: ALP_ttbar_signal ALP_ttbar_interference
============================================================
Bin        Contents        Error           Notes                         
0          392891.467773   1787.674271     total sum                     
0          402277.358398   1787.152187     excluding marked processes    
0          50667.000000    225.093314      Unweighted events, alpha=7.754386
  => Total parameter prop_binSR_bin2_NoTopTag_bin0[0.00,-7.00,7.00] to be gaussian constrained
------------------------------------------------------------
1          38228.061920    87.291331       total sum                     
1          38782.490234    86.350709       excluding marked processes    
1          201716.000000   449.128044      Unweighted events, alpha=0.189514
  => Total parameter prop_binSR_bin2_NoTopTag_bin1[0.00,-7.00,7.00] to be gaussian constrained
------------------------------------------------------------
2          8806.235672     36.215517       total sum                     
2          8869.961884     35.747230       excluding marked processes    
2          61569.000000    248.131014      Unweighted events, alpha=0.143030
  => Total parameter prop_binSR_bin2_NoTopTag_bin2[0.00,-7.00,7.00] to be gaussian constrained
------------------------------------------------------------
3          2268.710358     21.497744       total sum                     
3          2278.492432     21.278219       excluding marked processes    
3          11466.000000    107.079410      Unweighted events, alpha=0.197864
  => Total parameter prop_binSR_bin2_NoTopTag_bin3[0.00,-7.00,7.00] to be gaussian constrained
------------------------------------------------------------
4          755.281045      20.129342       total sum                     
4          754.615273      20.067720       excluding marked processes    
4          1414.000000     37.603191       Unweighted events, alpha=0.534145
  => Total parameter prop_binSR_bin2_NoTopTag_bin4[0.00,-7.00,7.00] to be gaussian constrained
------------------------------------------------------------
5          277.339602      10.353575       total sum                     
5          276.335268      10.307646       excluding marked processes    
5          719.000000      26.814175       Unweighted events, alpha=0.385730
  => Total parameter prop_binSR_bin2_NoTopTag_bin5[0.00,-7.00,7.00] to be gaussian constrained
------------------------------------------------------------
6          171.517590      8.597175        total sum                     
6          171.407949      8.557501        excluding marked processes    
6          401.000000      20.024984       Unweighted events, alpha=0.427725
  => Total parameter prop_binSR_bin2_NoTopTag_bin6[0.00,-7.00,7.00] to be gaussian constrained
------------------------------------------------------------
7          32.987314       1.737428        total sum                     
7          32.341090       1.708555        excluding marked processes    
7          358.000000      18.920888       Unweighted events, alpha=0.092143
  => Total parameter prop_binSR_bin2_NoTopTag_bin7[0.00,-7.00,7.00] to be gaussian constrained
------------------------------------------------------------
8          10.820770       0.962749        total sum                     
8          10.839833       0.954661        excluding marked processes    
8          129.000000      11.357817       Unweighted events, alpha=0.083882
  => Total parameter prop_binSR_bin2_NoTopTag_bin8[0.00,-7.00,7.00] to be gaussian constrained
------------------------------------------------------------
============================================================
Analysing bin errors for: prop_binSR_bin3_TopTag
Poisson cut-off: 0
Processes excluded for sums: ALP_ttbar_signal ALP_ttbar_interference
============================================================
Bin        Contents        Error           Notes                         
0          1400.972959     10.252142       total sum                     
0          1450.511327     9.333717        excluding marked processes    
0          24151.000000    155.405920      Unweighted events, alpha=0.058009
  => Total parameter prop_binSR_bin3_TopTag_bin0[0.00,-7.00,7.00] to be gaussian constrained
------------------------------------------------------------
1          5762.722301     19.283373       total sum                     
1          5761.217541     17.912637       excluding marked processes    
1          103445.000000   321.628668      Unweighted events, alpha=0.055708
  => Total parameter prop_binSR_bin3_TopTag_bin1[0.00,-7.00,7.00] to be gaussian constrained
------------------------------------------------------------
2          5091.283663     17.187111       total sum                     
2          4992.197268     16.034441       excluding marked processes    
2          96934.000000    311.342255      Unweighted events, alpha=0.052523
  => Total parameter prop_binSR_bin3_TopTag_bin2[0.00,-7.00,7.00] to be gaussian constrained
------------------------------------------------------------
3          1764.317362     10.121205       total sum                     
3          1688.432166     9.460376        excluding marked processes    
3          31853.000000    178.474088      Unweighted events, alpha=0.055389
  => Total parameter prop_binSR_bin3_TopTag_bin3[0.00,-7.00,7.00] to be gaussian constrained
------------------------------------------------------------
4          559.908065      5.706865        total sum                     
4          525.333615      5.311211        excluding marked processes    
4          9783.000000     98.909049       Unweighted events, alpha=0.057233
  => Total parameter prop_binSR_bin3_TopTag_bin4[0.00,-7.00,7.00] to be gaussian constrained
------------------------------------------------------------
5          191.919539      3.356193        total sum                     
5          175.859142      3.119780        excluding marked processes    
5          3177.000000     56.364883       Unweighted events, alpha=0.060409
  => Total parameter prop_binSR_bin3_TopTag_bin5[0.00,-7.00,7.00] to be gaussian constrained
------------------------------------------------------------
6          102.011153      2.551869        total sum                     
6          93.329778       2.373694        excluding marked processes    
6          1546.000000     39.319207       Unweighted events, alpha=0.065984
  => Total parameter prop_binSR_bin3_TopTag_bin6[0.00,-7.00,7.00] to be gaussian constrained
------------------------------------------------------------
7          16.296770       1.039199        total sum                     
7          14.456228       0.939635        excluding marked processes    
7          237.000000      15.394804       Unweighted events, alpha=0.068763
  => Total parameter prop_binSR_bin3_TopTag_bin7[0.00,-7.00,7.00] to be gaussian constrained
------------------------------------------------------------
8          5.524403        0.636162        total sum                     
8          4.820605        0.598254        excluding marked processes    
8          65.000000       8.062258        Unweighted events, alpha=0.084991
  => Total parameter prop_binSR_bin3_TopTag_bin8[0.00,-7.00,7.00] to be gaussian constrained
------------------------------------------------------------
============================================================
Analysing bin errors for: prop_binSR_bin3_NoTopTag
Poisson cut-off: 0
Processes excluded for sums: ALP_ttbar_signal ALP_ttbar_interference
============================================================
Bin        Contents        Error           Notes                         
0          895127.118164   3749.927210     total sum                     
0          918105.542969   3749.292338     excluding marked processes    
0          59963.000000    244.873437      Unweighted events, alpha=14.927991
  => Total parameter prop_binSR_bin3_NoTopTag_bin0[0.00,-7.00,7.00] to be gaussian constrained
------------------------------------------------------------
1          57377.357361    103.450827      total sum                     
1          58049.689148    101.957826      excluding marked processes    
1          324159.000000   569.349629      Unweighted events, alpha=0.177004
  => Total parameter prop_binSR_bin3_NoTopTag_bin1[0.00,-7.00,7.00] to be gaussian constrained
------------------------------------------------------------
2          10759.096558    45.139483       total sum                     
2          10781.632874    44.527660       excluding marked processes    
2          58629.000000    242.134260      Unweighted events, alpha=0.183512
  => Total parameter prop_binSR_bin3_NoTopTag_bin2[0.00,-7.00,7.00] to be gaussian constrained
------------------------------------------------------------
3          2849.556480     29.474233       total sum                     
3          2841.231171     29.207753       excluding marked processes    
3          9463.000000     97.277952       Unweighted events, alpha=0.301126
  => Total parameter prop_binSR_bin3_NoTopTag_bin3[0.00,-7.00,7.00] to be gaussian constrained
------------------------------------------------------------
4          894.584778      13.505106       total sum                     
4          884.345802      13.357604       excluding marked processes    
4          4383.000000     66.204229       Unweighted events, alpha=0.204103
  => Total parameter prop_binSR_bin3_NoTopTag_bin4[0.00,-7.00,7.00] to be gaussian constrained
------------------------------------------------------------
5          354.604056      8.793039        total sum                     
5          347.709656      8.714280        excluding marked processes    
5          1592.000000     39.899875       Unweighted events, alpha=0.222741
  => Total parameter prop_binSR_bin3_NoTopTag_bin5[0.00,-7.00,7.00] to be gaussian constrained
------------------------------------------------------------
6          198.109834      4.538394        total sum                     
6          194.592350      4.447392        excluding marked processes    
6          1914.000000     43.749286       Unweighted events, alpha=0.103506
  => Total parameter prop_binSR_bin3_NoTopTag_bin6[0.00,-7.00,7.00] to be gaussian constrained
------------------------------------------------------------
7          39.331495       1.719699        total sum                     
7          38.199445       1.706231        excluding marked processes    
7          501.000000      22.383029       Unweighted events, alpha=0.078506
  => Total parameter prop_binSR_bin3_NoTopTag_bin7[0.00,-7.00,7.00] to be gaussian constrained
------------------------------------------------------------
8          14.818174       1.193193        total sum                     
8          14.215281       1.182953        excluding marked processes    
8          144.000000      12.000000       Unweighted events, alpha=0.102904
  => Total parameter prop_binSR_bin3_NoTopTag_bin8[0.00,-7.00,7.00] to be gaussian constrained
------------------------------------------------------------
============================================================
Analysing bin errors for: prop_binSR_bin4
Poisson cut-off: 0
Processes excluded for sums: ALP_ttbar_signal ALP_ttbar_interference
============================================================
Bin        Contents        Error           Notes                         
0          899151.334961   3865.175162     total sum                     
0          922313.257812   3864.538315     excluding marked processes    
0          56959.000000    238.660847      Unweighted events, alpha=15.785940
  => Total parameter prop_binSR_bin4_bin0[0.00,-7.00,7.00] to be gaussian constrained
------------------------------------------------------------
1          55281.347778    110.789503      total sum                     
1          55870.282227    109.279070      excluding marked processes    
1          261389.000000   511.262164      Unweighted events, alpha=0.211491
  => Total parameter prop_binSR_bin4_bin1[0.00,-7.00,7.00] to be gaussian constrained
------------------------------------------------------------
2          14797.690643    391.952400      total sum                     
2          14710.548401    391.841507      excluding marked processes    
2          1409.000000     37.536649       Unweighted events, alpha=10.502264
  => Total parameter prop_binSR_bin4_bin2[0.00,-7.00,7.00] to be gaussian constrained
------------------------------------------------------------
3          4159.076347     26.351051       total sum                     
3          4081.720673     25.856997       excluding marked processes    
3          24919.000000    157.857531      Unweighted events, alpha=0.166904
  => Total parameter prop_binSR_bin4_bin3[0.00,-7.00,7.00] to be gaussian constrained
------------------------------------------------------------
4          1362.779003     19.350666       total sum                     
4          1324.173454     19.144420       excluding marked processes    
4          4784.000000     69.166466       Unweighted events, alpha=0.284862
  => Total parameter prop_binSR_bin4_bin4[0.00,-7.00,7.00] to be gaussian constrained
------------------------------------------------------------
5          488.673812      6.520080        total sum                     
5          468.505314      6.333641        excluding marked processes    
5          5472.000000     73.972968       Unweighted events, alpha=0.089304
  => Total parameter prop_binSR_bin4_bin5[0.00,-7.00,7.00] to be gaussian constrained
------------------------------------------------------------
6          284.800100      9.300783        total sum                     
6          269.944445      9.228086        excluding marked processes    
6          856.000000      29.257478       Unweighted events, alpha=0.332710
  => Total parameter prop_binSR_bin4_bin6[0.00,-7.00,7.00] to be gaussian constrained
------------------------------------------------------------
7          51.533322       1.914240        total sum                     
7          48.397856       1.863892        excluding marked processes    
7          674.000000      25.961510       Unweighted events, alpha=0.076459
  => Total parameter prop_binSR_bin4_bin7[0.00,-7.00,7.00] to be gaussian constrained
------------------------------------------------------------
8          16.132179       1.189501        total sum                     
8          15.326718       1.172782        excluding marked processes    
8          171.000000      13.076697       Unweighted events, alpha=0.094340
  => Total parameter prop_binSR_bin4_bin8[0.00,-7.00,7.00] to be gaussian constrained
------------------------------------------------------------
============================================================
Analysing bin errors for: prop_binSR_bin5
Poisson cut-off: 0
Processes excluded for sums: ALP_ttbar_signal ALP_ttbar_interference
============================================================
Bin        Contents        Error           Notes                         
0          414738.656738   2173.709927     total sum                     
0          424707.492188   2173.224144     excluding marked processes    
0          38192.000000    195.427736      Unweighted events, alpha=10.859307
  => Total parameter prop_binSR_bin5_bin0[0.00,-7.00,7.00] to be gaussian constrained
------------------------------------------------------------
1          32043.489990    85.356131       total sum                     
1          32423.663757    84.491830       excluding marked processes    
1          147263.000000   383.748616      Unweighted events, alpha=0.217594
  => Total parameter prop_binSR_bin5_bin1[0.00,-7.00,7.00] to be gaussian constrained
------------------------------------------------------------
2          8391.643448     40.315533       total sum                     
2          8409.307709     39.888234       excluding marked processes    
2          44446.000000    210.822200      Unweighted events, alpha=0.188805
  => Total parameter prop_binSR_bin5_bin2[0.00,-7.00,7.00] to be gaussian constrained
------------------------------------------------------------
3          2735.107025     38.718333       total sum                     
3          2718.260971     38.569172       excluding marked processes    
3          4967.000000     70.476947       Unweighted events, alpha=0.550656
  => Total parameter prop_binSR_bin5_bin3[0.00,-7.00,7.00] to be gaussian constrained
------------------------------------------------------------
4          908.007116      9.227642        total sum                     
4          895.710419      9.029303        excluding marked processes    
4          9841.000000     99.201814       Unweighted events, alpha=0.092268
  => Total parameter prop_binSR_bin5_bin4[0.00,-7.00,7.00] to be gaussian constrained
------------------------------------------------------------
5          331.933041      6.134302        total sum                     
5          328.309822      5.988589        excluding marked processes    
5          3006.000000     54.827001       Unweighted events, alpha=0.110423
  => Total parameter prop_binSR_bin5_bin5[0.00,-7.00,7.00] to be gaussian constrained
------------------------------------------------------------
6          188.548652      3.890734        total sum                     
6          184.070045      3.811615        excluding marked processes    
6          2332.000000     48.290786       Unweighted events, alpha=0.080853
  => Total parameter prop_binSR_bin5_bin6[0.00,-7.00,7.00] to be gaussian constrained
------------------------------------------------------------
7          37.676513       1.659069        total sum                     
7          36.562388       1.611703        excluding marked processes    
7          515.000000      22.693611       Unweighted events, alpha=0.073158
  => Total parameter prop_binSR_bin5_bin7[0.00,-7.00,7.00] to be gaussian constrained
------------------------------------------------------------
8          12.672135       1.083967        total sum                     
8          12.282656       1.073929        excluding marked processes    
8          131.000000      11.445523       Unweighted events, alpha=0.096734
  => Total parameter prop_binSR_bin5_bin8[0.00,-7.00,7.00] to be gaussian constrained
------------------------------------------------------------
============================================================
Analysing bin errors for: prop_binSR_bin6
Poisson cut-off: 0
Processes excluded for sums: ALP_ttbar_signal ALP_ttbar_interference
============================================================
Bin        Contents        Error           Notes                         
0          799830.427246   5195.415127     total sum                     
0          816895.023438   5195.068332     excluding marked processes    
0          24726.000000    157.245032      Unweighted events, alpha=32.347748
  => Total parameter prop_binSR_bin6_bin0[0.00,-7.00,7.00] to be gaussian constrained
------------------------------------------------------------
1          113982.867798   748.353176      total sum                     
1          115419.135254   748.097134      excluding marked processes    
1          23803.000000    154.282209      Unweighted events, alpha=4.788593
  => Total parameter prop_binSR_bin6_bin1[0.00,-7.00,7.00] to be gaussian constrained
------------------------------------------------------------
2          37520.252991    2403.563889     total sum                     
2          37828.779053    2403.543864     excluding marked processes    
2          248.000000      15.748016       Unweighted events, alpha=151.291343
  => Total parameter prop_binSR_bin6_bin2[0.00,-7.00,7.00] to be gaussian constrained
------------------------------------------------------------
3          19870.146149    7825.851787     total sum                     
3          19943.846436    7825.849857     excluding marked processes    
3          6.000000        2.449490        Unweighted events, alpha=3311.691025
  => Total parameter prop_binSR_bin6_bin3[0.00,-7.00,7.00] to be gaussian constrained
------------------------------------------------------------
4          4708.374481     252.357249      total sum                     
4          4727.532410     252.335637      excluding marked processes    
4          351.000000      18.734994       Unweighted events, alpha=13.414172
  => Total parameter prop_binSR_bin6_bin4[0.00,-7.00,7.00] to be gaussian constrained
------------------------------------------------------------
5          2631.384150     627.377990      total sum                     
5          2636.907646     627.374218      excluding marked processes    
5          18.000000       4.242641        Unweighted events, alpha=146.188008
  => Total parameter prop_binSR_bin6_bin5[0.00,-7.00,7.00] to be gaussian constrained
------------------------------------------------------------
6          1095.106146     18.865454       total sum                     
6          1095.402805     18.796423       excluding marked processes    
6          3396.000000     58.275209       Unweighted events, alpha=0.322469
  => Total parameter prop_binSR_bin6_bin6[0.00,-7.00,7.00] to be gaussian constrained
------------------------------------------------------------
7          235.412577      8.973656        total sum                     
7          234.726778      8.944357        excluding marked processes    
7          689.000000      26.248809       Unweighted events, alpha=0.341673
  => Total parameter prop_binSR_bin6_bin7[0.00,-7.00,7.00] to be gaussian constrained
------------------------------------------------------------
8          75.998982       2.797053        total sum                     
8          75.277777       2.787229        excluding marked processes    
8          729.000000      27.000000       Unweighted events, alpha=0.104251
  => Total parameter prop_binSR_bin6_bin8[0.00,-7.00,7.00] to be gaussian constrained
------------------------------------------------------------
============================================================
Analysing bin errors for: prop_binCR1
Poisson cut-off: 0
Processes excluded for sums: ALP_ttbar_signal ALP_ttbar_interference
============================================================
Bin        Contents        Error           Notes                         
0          18618.746819    1700.723354     total sum                     
0          18710.479248    1700.718035     excluding marked processes    
0          121.000000      11.000000       Unweighted events, alpha=153.873941
  => Total parameter prop_binCR1_bin0[0.00,-7.00,7.00] to be gaussian constrained
------------------------------------------------------------
1          6634.929136     58.936778       total sum                     
1          6673.545258     58.864714       excluding marked processes    
1          12853.000000    113.371072      Unweighted events, alpha=0.516216
  => Total parameter prop_binCR1_bin1[0.00,-7.00,7.00] to be gaussian constrained
------------------------------------------------------------
2          3300.153422     263.207722      total sum                     
2          3311.121368     263.200610      excluding marked processes    
2          158.000000      12.569805       Unweighted events, alpha=20.887047
  => Total parameter prop_binCR1_bin2[0.00,-7.00,7.00] to be gaussian constrained
------------------------------------------------------------
3          1298.765351     18.664121       total sum                     
3          1304.770615     18.617120       excluding marked processes    
3          4912.000000     70.085662       Unweighted events, alpha=0.264407
  => Total parameter prop_binCR1_bin3[0.00,-7.00,7.00] to be gaussian constrained
------------------------------------------------------------
4          594.917128      15.852448       total sum                     
4          597.627182      15.824874       excluding marked processes    
4          1426.000000     37.762415       Unweighted events, alpha=0.417193
  => Total parameter prop_binCR1_bin4[0.00,-7.00,7.00] to be gaussian constrained
------------------------------------------------------------
5          284.329618      8.739375        total sum                     
5          285.395977      8.716970        excluding marked processes    
5          1072.000000     32.741411       Unweighted events, alpha=0.265233
  => Total parameter prop_binCR1_bin5[0.00,-7.00,7.00] to be gaussian constrained
------------------------------------------------------------
6          459.541569      256.655928      total sum                     
6          459.628395      256.655498      excluding marked processes    
6          3.000000        1.732051        Unweighted events, alpha=153.180523
  => Total parameter prop_binCR1_bin6[0.00,-7.00,7.00] to be gaussian constrained
------------------------------------------------------------
7          59.759565       5.163076        total sum                     
7          59.975057       5.157374        excluding marked processes    
7          135.000000      11.618950       Unweighted events, alpha=0.442663
  => Total parameter prop_binCR1_bin7[0.00,-7.00,7.00] to be gaussian constrained
------------------------------------------------------------
8          22.865254       2.259951        total sum                     
8          22.935270       2.248518        excluding marked processes    
8          104.000000      10.198039       Unweighted events, alpha=0.219858
  => Total parameter prop_binCR1_bin8[0.00,-7.00,7.00] to be gaussian constrained
------------------------------------------------------------
============================================================
Analysing bin errors for: prop_binCR2
Poisson cut-off: 0
Processes excluded for sums: ALP_ttbar_signal ALP_ttbar_interference
============================================================
Bin        Contents        Error           Notes                         
0          434235.640076   8435.771688     total sum                     
0          436649.337891   8435.740545     excluding marked processes    
0          2679.000000     51.759057       Unweighted events, alpha=162.088705
  => Total parameter prop_binCR2_bin0[0.00,-7.00,7.00] to be gaussian constrained
------------------------------------------------------------
1          82868.246597    812.299881      total sum                     
1          83156.491211    812.249148      excluding marked processes    
1          10481.000000    102.376755      Unweighted events, alpha=7.906521
  => Total parameter prop_binCR2_bin1[0.00,-7.00,7.00] to be gaussian constrained
------------------------------------------------------------
2          32603.161674    473.291246      total sum                     
2          32684.729614    473.261995      excluding marked processes    
2          4770.000000     69.065187       Unweighted events, alpha=6.835044
  => Total parameter prop_binCR2_bin2[0.00,-7.00,7.00] to be gaussian constrained
------------------------------------------------------------
3          15078.197456    659.871409      total sum                     
3          15098.796265    659.863711      excluding marked processes    
3          524.000000      22.891046       Unweighted events, alpha=28.775186
  => Total parameter prop_binCR2_bin3[0.00,-7.00,7.00] to be gaussian constrained
------------------------------------------------------------
4          6814.599203     54.367027       total sum                     
4          6823.812744     54.323970       excluding marked processes    
4          15779.000000    125.614490      Unweighted events, alpha=0.431878
  => Total parameter prop_binCR2_bin4[0.00,-7.00,7.00] to be gaussian constrained
------------------------------------------------------------
5          3479.297585     36.485902       total sum                     
5          3480.075287     36.457135       excluding marked processes    
5          9112.000000     95.456797       Unweighted events, alpha=0.381837
  => Total parameter prop_binCR2_bin5[0.00,-7.00,7.00] to be gaussian constrained
------------------------------------------------------------
6          3362.474850     394.697224      total sum                     
6          3362.242828     394.695166      excluding marked processes    
6          73.000000       8.544004        Unweighted events, alpha=46.061299
  => Total parameter prop_binCR2_bin6[0.00,-7.00,7.00] to be gaussian constrained
------------------------------------------------------------
7          1005.023327     16.738139       total sum                     
7          1005.389397     16.721829       excluding marked processes    
7          3615.000000     60.124870       Unweighted events, alpha=0.278015
  => Total parameter prop_binCR2_bin7[0.00,-7.00,7.00] to be gaussian constrained
------------------------------------------------------------
8          627.218763      118.625327      total sum                     
8          626.493546      118.624798      excluding marked processes    
8          28.000000       5.291503        Unweighted events, alpha=22.400670
  => Total parameter prop_binCR2_bin8[0.00,-7.00,7.00] to be gaussian constrained
------------------------------------------------------------
Channel SR_bin1_TopTag will use autoMCStats with settings: event-threshold=0, include-signal=0, hist-mode=1
Channel SR_bin1_NoTopTag will use autoMCStats with settings: event-threshold=0, include-signal=0, hist-mode=1
Channel SR_bin2_TopTag will use autoMCStats with settings: event-threshold=0, include-signal=0, hist-mode=1
Channel SR_bin2_NoTopTag will use autoMCStats with settings: event-threshold=0, include-signal=0, hist-mode=1
Channel SR_bin3_TopTag will use autoMCStats with settings: event-threshold=0, include-signal=0, hist-mode=1
Channel SR_bin3_NoTopTag will use autoMCStats with settings: event-threshold=0, include-signal=0, hist-mode=1
Channel SR_bin4 will use autoMCStats with settings: event-threshold=0, include-signal=0, hist-mode=1
Channel SR_bin5 will use autoMCStats with settings: event-threshold=0, include-signal=0, hist-mode=1
Channel SR_bin6 will use autoMCStats with settings: event-threshold=0, include-signal=0, hist-mode=1
Channel CR1 will use autoMCStats with settings: event-threshold=0, include-signal=0, hist-mode=1
Channel CR2 will use autoMCStats with settings: event-threshold=0, include-signal=0, hist-mode=1
