============================================================
Analysing bin errors for: prop_binSR_bin1_TopTag
Poisson cut-off: 0
Processes excluded for sums: ALP_ttbar_signal ALP_ttbar_interference
============================================================
Bin        Contents        Error           Notes                         
0          2523.639408     13.246480       total sum                     
0          2353.574238     12.542076       excluding marked processes    
0          35214.000000    187.653937      Unweighted events, alpha=0.071666
  => Total parameter prop_binSR_bin1_TopTag_bin0[0.00,-7.00,7.00] to be gaussian constrained
------------------------------------------------------------
1          0.000000        0.000000        total sum                     
1          0.000000        0.000000        excluding marked processes    
  => Error is zero, ignore      
------------------------------------------------------------
2          0.000000        0.000000        total sum                     
2          0.000000        0.000000        excluding marked processes    
  => Error is zero, ignore      
------------------------------------------------------------
3          0.000000        0.000000        total sum                     
3          0.000000        0.000000        excluding marked processes    
  => Error is zero, ignore      
------------------------------------------------------------
4          0.000000        0.000000        total sum                     
4          0.000000        0.000000        excluding marked processes    
  => Error is zero, ignore      
------------------------------------------------------------
5          0.000000        0.000000        total sum                     
5          0.000000        0.000000        excluding marked processes    
  => Error is zero, ignore      
------------------------------------------------------------
6          0.000000        0.000000        total sum                     
6          0.000000        0.000000        excluding marked processes    
  => Error is zero, ignore      
------------------------------------------------------------
7          0.000000        0.000000        total sum                     
7          0.000000        0.000000        excluding marked processes    
  => Error is zero, ignore      
------------------------------------------------------------
8          0.000000        0.000000        total sum                     
8          0.000000        0.000000        excluding marked processes    
  => Error is zero, ignore      
------------------------------------------------------------
============================================================
Analysing bin errors for: prop_binSR_bin1_NoTopTag
Poisson cut-off: 0
Processes excluded for sums: ALP_ttbar_signal ALP_ttbar_interference
============================================================
Bin        Contents        Error           Notes                         
0          628582.663086   3936.762177     total sum                     
0          606466.789062   3936.434413     excluding marked processes    
0          23736.000000    154.064921      Unweighted events, alpha=26.482249
  => Total parameter prop_binSR_bin1_NoTopTag_bin0[0.00,-7.00,7.00] to be gaussian constrained
------------------------------------------------------------
1          0.000000        0.000000        total sum                     
1          0.000000        0.000000        excluding marked processes    
  => Error is zero, ignore      
------------------------------------------------------------
2          0.000000        0.000000        total sum                     
2          0.000000        0.000000        excluding marked processes    
  => Error is zero, ignore      
------------------------------------------------------------
3          0.000000        0.000000        total sum                     
3          0.000000        0.000000        excluding marked processes    
  => Error is zero, ignore      
------------------------------------------------------------
4          0.000000        0.000000        total sum                     
4          0.000000        0.000000        excluding marked processes    
  => Error is zero, ignore      
------------------------------------------------------------
5          0.000000        0.000000        total sum                     
5          0.000000        0.000000        excluding marked processes    
  => Error is zero, ignore      
------------------------------------------------------------
6          0.000000        0.000000        total sum                     
6          0.000000        0.000000        excluding marked processes    
  => Error is zero, ignore      
------------------------------------------------------------
7          0.000000        0.000000        total sum                     
7          0.000000        0.000000        excluding marked processes    
  => Error is zero, ignore      
------------------------------------------------------------
8          0.000000        0.000000        total sum                     
8          0.000000        0.000000        excluding marked processes    
  => Error is zero, ignore      
------------------------------------------------------------
============================================================
Analysing bin errors for: prop_binSR_bin2_TopTag
Poisson cut-off: 0
Processes excluded for sums: ALP_ttbar_signal ALP_ttbar_interference
============================================================
Bin        Contents        Error           Notes                         
0          1187.000049     8.217432        total sum                     
0          1079.733241     7.438377        excluding marked processes    
0          21071.000000    145.158534      Unweighted events, alpha=0.056333
  => Total parameter prop_binSR_bin2_TopTag_bin0[0.00,-7.00,7.00] to be gaussian constrained
------------------------------------------------------------
1          0.000000        0.000000        total sum                     
1          0.000000        0.000000        excluding marked processes    
  => Error is zero, ignore      
------------------------------------------------------------
2          0.000000        0.000000        total sum                     
2          0.000000        0.000000        excluding marked processes    
  => Error is zero, ignore      
------------------------------------------------------------
3          0.000000        0.000000        total sum                     
3          0.000000        0.000000        excluding marked processes    
  => Error is zero, ignore      
------------------------------------------------------------
4          0.000000        0.000000        total sum                     
4          0.000000        0.000000        excluding marked processes    
  => Error is zero, ignore      
------------------------------------------------------------
5          0.000000        0.000000        total sum                     
5          0.000000        0.000000        excluding marked processes    
  => Error is zero, ignore      
------------------------------------------------------------
6          0.000000        0.000000        total sum                     
6          0.000000        0.000000        excluding marked processes    
  => Error is zero, ignore      
------------------------------------------------------------
7          0.000000        0.000000        total sum                     
7          0.000000        0.000000        excluding marked processes    
  => Error is zero, ignore      
------------------------------------------------------------
8          0.000000        0.000000        total sum                     
8          0.000000        0.000000        excluding marked processes    
  => Error is zero, ignore      
------------------------------------------------------------
============================================================
Analysing bin errors for: prop_binSR_bin2_NoTopTag
Poisson cut-off: 0
Processes excluded for sums: ALP_ttbar_signal ALP_ttbar_interference
============================================================
Bin        Contents        Error           Notes                         
0          418531.442383   1787.674271     total sum                     
0          402277.358398   1787.152187     excluding marked processes    
0          50667.000000    225.093314      Unweighted events, alpha=8.260435
  => Total parameter prop_binSR_bin2_NoTopTag_bin0[0.00,-7.00,7.00] to be gaussian constrained
------------------------------------------------------------
1          0.000000        0.000000        total sum                     
1          0.000000        0.000000        excluding marked processes    
  => Error is zero, ignore      
------------------------------------------------------------
2          0.000000        0.000000        total sum                     
2          0.000000        0.000000        excluding marked processes    
  => Error is zero, ignore      
------------------------------------------------------------
3          0.000000        0.000000        total sum                     
3          0.000000        0.000000        excluding marked processes    
  => Error is zero, ignore      
------------------------------------------------------------
4          0.000000        0.000000        total sum                     
4          0.000000        0.000000        excluding marked processes    
  => Error is zero, ignore      
------------------------------------------------------------
5          0.000000        0.000000        total sum                     
5          0.000000        0.000000        excluding marked processes    
  => Error is zero, ignore      
------------------------------------------------------------
6          0.000000        0.000000        total sum                     
6          0.000000        0.000000        excluding marked processes    
  => Error is zero, ignore      
------------------------------------------------------------
7          0.000000        0.000000        total sum                     
7          0.000000        0.000000        excluding marked processes    
  => Error is zero, ignore      
------------------------------------------------------------
8          0.000000        0.000000        total sum                     
8          0.000000        0.000000        excluding marked processes    
  => Error is zero, ignore      
------------------------------------------------------------
============================================================
Analysing bin errors for: prop_binSR_bin3_TopTag
Poisson cut-off: 0
Processes excluded for sums: ALP_ttbar_signal ALP_ttbar_interference
============================================================
Bin        Contents        Error           Notes                         
0          1614.653134     10.252142       total sum                     
0          1450.511327     9.333717        excluding marked processes    
0          24151.000000    155.405920      Unweighted events, alpha=0.066857
  => Total parameter prop_binSR_bin3_TopTag_bin0[0.00,-7.00,7.00] to be gaussian constrained
------------------------------------------------------------
1          0.000000        0.000000        total sum                     
1          0.000000        0.000000        excluding marked processes    
  => Error is zero, ignore      
------------------------------------------------------------
2          0.000000        0.000000        total sum                     
2          0.000000        0.000000        excluding marked processes    
  => Error is zero, ignore      
------------------------------------------------------------
3          0.000000        0.000000        total sum                     
3          0.000000        0.000000        excluding marked processes    
  => Error is zero, ignore      
------------------------------------------------------------
4          0.000000        0.000000        total sum                     
4          0.000000        0.000000        excluding marked processes    
  => Error is zero, ignore      
------------------------------------------------------------
5          0.000000        0.000000        total sum                     
5          0.000000        0.000000        excluding marked processes    
  => Error is zero, ignore      
------------------------------------------------------------
6          0.000000        0.000000        total sum                     
6          0.000000        0.000000        excluding marked processes    
  => Error is zero, ignore      
------------------------------------------------------------
7          0.000000        0.000000        total sum                     
7          0.000000        0.000000        excluding marked processes    
  => Error is zero, ignore      
------------------------------------------------------------
8          0.000000        0.000000        total sum                     
8          0.000000        0.000000        excluding marked processes    
  => Error is zero, ignore      
------------------------------------------------------------
============================================================
Analysing bin errors for: prop_binSR_bin3_NoTopTag
Poisson cut-off: 0
Processes excluded for sums: ALP_ttbar_signal ALP_ttbar_interference
============================================================
Bin        Contents        Error           Notes                         
0          959852.004883   3749.927210     total sum                     
0          918105.542969   3749.292338     excluding marked processes    
0          59963.000000    244.873437      Unweighted events, alpha=16.007405
  => Total parameter prop_binSR_bin3_NoTopTag_bin0[0.00,-7.00,7.00] to be gaussian constrained
------------------------------------------------------------
1          0.000000        0.000000        total sum                     
1          0.000000        0.000000        excluding marked processes    
  => Error is zero, ignore      
------------------------------------------------------------
2          0.000000        0.000000        total sum                     
2          0.000000        0.000000        excluding marked processes    
  => Error is zero, ignore      
------------------------------------------------------------
3          0.000000        0.000000        total sum                     
3          0.000000        0.000000        excluding marked processes    
  => Error is zero, ignore      
------------------------------------------------------------
4          0.000000        0.000000        total sum                     
4          0.000000        0.000000        excluding marked processes    
  => Error is zero, ignore      
------------------------------------------------------------
5          0.000000        0.000000        total sum                     
5          0.000000        0.000000        excluding marked processes    
  => Error is zero, ignore      
------------------------------------------------------------
6          0.000000        0.000000        total sum                     
6          0.000000        0.000000        excluding marked processes    
  => Error is zero, ignore      
------------------------------------------------------------
7          0.000000        0.000000        total sum                     
7          0.000000        0.000000        excluding marked processes    
  => Error is zero, ignore      
------------------------------------------------------------
8          0.000000        0.000000        total sum                     
8          0.000000        0.000000        excluding marked processes    
  => Error is zero, ignore      
------------------------------------------------------------
============================================================
Analysing bin errors for: prop_binSR_bin4
Poisson cut-off: 0
Processes excluded for sums: ALP_ttbar_signal ALP_ttbar_interference
============================================================
Bin        Contents        Error           Notes                         
0          965696.522461   3865.175162     total sum                     
0          922313.257812   3864.538315     excluding marked processes    
0          56959.000000    238.660847      Unweighted events, alpha=16.954239
  => Total parameter prop_binSR_bin4_bin0[0.00,-7.00,7.00] to be gaussian constrained
------------------------------------------------------------
1          0.000000        0.000000        total sum                     
1          0.000000        0.000000        excluding marked processes    
  => Error is zero, ignore      
------------------------------------------------------------
2          0.000000        0.000000        total sum                     
2          0.000000        0.000000        excluding marked processes    
  => Error is zero, ignore      
------------------------------------------------------------
3          0.000000        0.000000        total sum                     
3          0.000000        0.000000        excluding marked processes    
  => Error is zero, ignore      
------------------------------------------------------------
4          0.000000        0.000000        total sum                     
4          0.000000        0.000000        excluding marked processes    
  => Error is zero, ignore      
------------------------------------------------------------
5          0.000000        0.000000        total sum                     
5          0.000000        0.000000        excluding marked processes    
  => Error is zero, ignore      
------------------------------------------------------------
6          0.000000        0.000000        total sum                     
6          0.000000        0.000000        excluding marked processes    
  => Error is zero, ignore      
------------------------------------------------------------
7          0.000000        0.000000        total sum                     
7          0.000000        0.000000        excluding marked processes    
  => Error is zero, ignore      
------------------------------------------------------------
8          0.000000        0.000000        total sum                     
8          0.000000        0.000000        excluding marked processes    
  => Error is zero, ignore      
------------------------------------------------------------
============================================================
Analysing bin errors for: prop_binSR_bin5
Poisson cut-off: 0
Processes excluded for sums: ALP_ttbar_signal ALP_ttbar_interference
============================================================
Bin        Contents        Error           Notes                         
0          443213.283691   2173.709927     total sum                     
0          424707.492188   2173.224144     excluding marked processes    
0          38192.000000    195.427736      Unweighted events, alpha=11.604872
  => Total parameter prop_binSR_bin5_bin0[0.00,-7.00,7.00] to be gaussian constrained
------------------------------------------------------------
1          0.000000        0.000000        total sum                     
1          0.000000        0.000000        excluding marked processes    
  => Error is zero, ignore      
------------------------------------------------------------
2          0.000000        0.000000        total sum                     
2          0.000000        0.000000        excluding marked processes    
  => Error is zero, ignore      
------------------------------------------------------------
3          0.000000        0.000000        total sum                     
3          0.000000        0.000000        excluding marked processes    
  => Error is zero, ignore      
------------------------------------------------------------
4          0.000000        0.000000        total sum                     
4          0.000000        0.000000        excluding marked processes    
  => Error is zero, ignore      
------------------------------------------------------------
5          0.000000        0.000000        total sum                     
5          0.000000        0.000000        excluding marked processes    
  => Error is zero, ignore      
------------------------------------------------------------
6          0.000000        0.000000        total sum                     
6          0.000000        0.000000        excluding marked processes    
  => Error is zero, ignore      
------------------------------------------------------------
7          0.000000        0.000000        total sum                     
7          0.000000        0.000000        excluding marked processes    
  => Error is zero, ignore      
------------------------------------------------------------
8          0.000000        0.000000        total sum                     
8          0.000000        0.000000        excluding marked processes    
  => Error is zero, ignore      
------------------------------------------------------------
============================================================
Analysing bin errors for: prop_binSR_bin6
Poisson cut-off: 0
Processes excluded for sums: ALP_ttbar_signal ALP_ttbar_interference
============================================================
Bin        Contents        Error           Notes                         
0          848356.661621   5195.415127     total sum                     
0          816895.023438   5195.068332     excluding marked processes    
0          24726.000000    157.245032      Unweighted events, alpha=34.310307
  => Total parameter prop_binSR_bin6_bin0[0.00,-7.00,7.00] to be gaussian constrained
------------------------------------------------------------
1          0.000000        0.000000        total sum                     
1          0.000000        0.000000        excluding marked processes    
  => Error is zero, ignore      
------------------------------------------------------------
2          0.000000        0.000000        total sum                     
2          0.000000        0.000000        excluding marked processes    
  => Error is zero, ignore      
------------------------------------------------------------
3          0.000000        0.000000        total sum                     
3          0.000000        0.000000        excluding marked processes    
  => Error is zero, ignore      
------------------------------------------------------------
4          0.000000        0.000000        total sum                     
4          0.000000        0.000000        excluding marked processes    
  => Error is zero, ignore      
------------------------------------------------------------
5          0.000000        0.000000        total sum                     
5          0.000000        0.000000        excluding marked processes    
  => Error is zero, ignore      
------------------------------------------------------------
6          0.000000        0.000000        total sum                     
6          0.000000        0.000000        excluding marked processes    
  => Error is zero, ignore      
------------------------------------------------------------
7          0.000000        0.000000        total sum                     
7          0.000000        0.000000        excluding marked processes    
  => Error is zero, ignore      
------------------------------------------------------------
8          0.000000        0.000000        total sum                     
8          0.000000        0.000000        excluding marked processes    
  => Error is zero, ignore      
------------------------------------------------------------
============================================================
Analysing bin errors for: prop_binCR1
Poisson cut-off: 0
Processes excluded for sums: ALP_ttbar_signal ALP_ttbar_interference
============================================================
Bin        Contents        Error           Notes                         
0          18882.408134    1700.723354     total sum                     
0          18710.479248    1700.718035     excluding marked processes    
0          121.000000      11.000000       Unweighted events, alpha=156.052960
  => Total parameter prop_binCR1_bin0[0.00,-7.00,7.00] to be gaussian constrained
------------------------------------------------------------
1          0.000000        0.000000        total sum                     
1          0.000000        0.000000        excluding marked processes    
  => Error is zero, ignore      
------------------------------------------------------------
2          0.000000        0.000000        total sum                     
2          0.000000        0.000000        excluding marked processes    
  => Error is zero, ignore      
------------------------------------------------------------
3          0.000000        0.000000        total sum                     
3          0.000000        0.000000        excluding marked processes    
  => Error is zero, ignore      
------------------------------------------------------------
4          0.000000        0.000000        total sum                     
4          0.000000        0.000000        excluding marked processes    
  => Error is zero, ignore      
------------------------------------------------------------
5          0.000000        0.000000        total sum                     
5          0.000000        0.000000        excluding marked processes    
  => Error is zero, ignore      
------------------------------------------------------------
6          0.000000        0.000000        total sum                     
6          0.000000        0.000000        excluding marked processes    
  => Error is zero, ignore      
------------------------------------------------------------
7          0.000000        0.000000        total sum                     
7          0.000000        0.000000        excluding marked processes    
  => Error is zero, ignore      
------------------------------------------------------------
8          0.000000        0.000000        total sum                     
8          0.000000        0.000000        excluding marked processes    
  => Error is zero, ignore      
------------------------------------------------------------
============================================================
Analysing bin errors for: prop_binCR2
Poisson cut-off: 0
Processes excluded for sums: ALP_ttbar_signal ALP_ttbar_interference
============================================================
Bin        Contents        Error           Notes                         
0          440802.059509   8435.771688     total sum                     
0          436649.337891   8435.740545     excluding marked processes    
0          2679.000000     51.759057       Unweighted events, alpha=164.539776
  => Total parameter prop_binCR2_bin0[0.00,-7.00,7.00] to be gaussian constrained
------------------------------------------------------------
1          0.000000        0.000000        total sum                     
1          0.000000        0.000000        excluding marked processes    
  => Error is zero, ignore      
------------------------------------------------------------
2          0.000000        0.000000        total sum                     
2          0.000000        0.000000        excluding marked processes    
  => Error is zero, ignore      
------------------------------------------------------------
3          0.000000        0.000000        total sum                     
3          0.000000        0.000000        excluding marked processes    
  => Error is zero, ignore      
------------------------------------------------------------
4          0.000000        0.000000        total sum                     
4          0.000000        0.000000        excluding marked processes    
  => Error is zero, ignore      
------------------------------------------------------------
5          0.000000        0.000000        total sum                     
5          0.000000        0.000000        excluding marked processes    
  => Error is zero, ignore      
------------------------------------------------------------
6          0.000000        0.000000        total sum                     
6          0.000000        0.000000        excluding marked processes    
  => Error is zero, ignore      
------------------------------------------------------------
7          0.000000        0.000000        total sum                     
7          0.000000        0.000000        excluding marked processes    
  => Error is zero, ignore      
------------------------------------------------------------
8          0.000000        0.000000        total sum                     
8          0.000000        0.000000        excluding marked processes    
  => Error is zero, ignore      
------------------------------------------------------------
Channel SR_bin1_TopTag will use autoMCStats with settings: event-threshold=0, include-signal=0, hist-mode=1
Channel SR_bin1_NoTopTag will use autoMCStats with settings: event-threshold=0, include-signal=0, hist-mode=1
Channel SR_bin2_TopTag will use autoMCStats with settings: event-threshold=0, include-signal=0, hist-mode=1
Channel SR_bin2_NoTopTag will use autoMCStats with settings: event-threshold=0, include-signal=0, hist-mode=1
Channel SR_bin3_TopTag will use autoMCStats with settings: event-threshold=0, include-signal=0, hist-mode=1
Channel SR_bin3_NoTopTag will use autoMCStats with settings: event-threshold=0, include-signal=0, hist-mode=1
Channel SR_bin4 will use autoMCStats with settings: event-threshold=0, include-signal=0, hist-mode=1
Channel SR_bin5 will use autoMCStats with settings: event-threshold=0, include-signal=0, hist-mode=1
Channel SR_bin6 will use autoMCStats with settings: event-threshold=0, include-signal=0, hist-mode=1
Channel CR1 will use autoMCStats with settings: event-threshold=0, include-signal=0, hist-mode=1
Channel CR2 will use autoMCStats with settings: event-threshold=0, include-signal=0, hist-mode=1
