============================================================
Analysing bin errors for: prop_binSR_bin1_TopTag
Poisson cut-off: 0
Processes excluded for sums: ALP_ttbar_signal ALP_ttbar_interference
============================================================
Bin        Contents        Error           Notes                         
0          2303.472157     13.269616       total sum                     
0          2356.188358     12.566509       excluding marked processes    
0          35155.000000    187.496667      Unweighted events, alpha=0.065523
  => Total parameter prop_binSR_bin1_TopTag_bin0[0.00,-7.00,7.00] to be gaussian constrained
------------------------------------------------------------
1          2589.406620     13.011155       total sum                     
1          2599.153324     12.296801       excluding marked processes    
1          44677.000000    211.369345      Unweighted events, alpha=0.057958
  => Total parameter prop_binSR_bin1_TopTag_bin1[0.00,-7.00,7.00] to be gaussian constrained
------------------------------------------------------------
2          1838.192893     11.354557       total sum                     
2          1820.681876     10.885086       excluding marked processes    
2          27977.000000    167.263266      Unweighted events, alpha=0.065704
  => Total parameter prop_binSR_bin1_TopTag_bin2[0.00,-7.00,7.00] to be gaussian constrained
------------------------------------------------------------
3          1273.580996     15.881654       total sum                     
3          1258.827238     15.716376       excluding marked processes    
3          6415.000000     80.093695       Unweighted events, alpha=0.198532
  => Total parameter prop_binSR_bin1_TopTag_bin3[0.00,-7.00,7.00] to be gaussian constrained
------------------------------------------------------------
4          747.199992      8.090467        total sum                     
4          739.672668      7.925011        excluding marked processes    
4          8711.000000     93.332738       Unweighted events, alpha=0.085777
  => Total parameter prop_binSR_bin1_TopTag_bin4[0.00,-7.00,7.00] to be gaussian constrained
------------------------------------------------------------
5          391.488395      4.925427        total sum                     
5          386.717263      4.766999        excluding marked processes    
5          6581.000000     81.123363       Unweighted events, alpha=0.059488
  => Total parameter prop_binSR_bin1_TopTag_bin5[0.00,-7.00,7.00] to be gaussian constrained
------------------------------------------------------------
6          291.767625      5.608057        total sum                     
6          286.236527      5.544261        excluding marked processes    
6          2665.000000     51.623638       Unweighted events, alpha=0.109481
  => Total parameter prop_binSR_bin1_TopTag_bin6[0.00,-7.00,7.00] to be gaussian constrained
------------------------------------------------------------
7          74.865419       2.112196        total sum                     
7          73.902564       2.072117        excluding marked processes    
7          1272.000000     35.665109       Unweighted events, alpha=0.058856
  => Total parameter prop_binSR_bin1_TopTag_bin7[0.00,-7.00,7.00] to be gaussian constrained
------------------------------------------------------------
8          0.000000        0.000000        total sum                     
8          0.000000        0.000000        excluding marked processes    
  => Error is zero, ignore      
------------------------------------------------------------
============================================================
Analysing bin errors for: prop_binSR_bin1_NoTopTag
Poisson cut-off: 0
Processes excluded for sums: ALP_ttbar_signal ALP_ttbar_interference
============================================================
Bin        Contents        Error           Notes                         
0          593145.467773   3936.780413     total sum                     
0          606406.277344   3936.452650     excluding marked processes    
0          23731.000000    154.048694      Unweighted events, alpha=24.994542
  => Total parameter prop_binSR_bin1_NoTopTag_bin0[0.00,-7.00,7.00] to be gaussian constrained
------------------------------------------------------------
1          78452.636963    596.712496      total sum                     
1          79549.522705    596.501983      excluding marked processes    
1          17785.000000    133.360414      Unweighted events, alpha=4.411169
  => Total parameter prop_binSR_bin1_NoTopTag_bin1[0.00,-7.00,7.00] to be gaussian constrained
------------------------------------------------------------
2          23960.395996    138.618053      total sum                     
2          24228.259064    138.359507      excluding marked processes    
2          30664.000000    175.111393      Unweighted events, alpha=0.781385
  => Total parameter prop_binSR_bin1_NoTopTag_bin2[0.00,-7.00,7.00] to be gaussian constrained
------------------------------------------------------------
3          8238.519836     65.456483       total sum                     
3          8312.388458     65.281483       excluding marked processes    
3          16213.000000    127.330279      Unweighted events, alpha=0.508143
  => Total parameter prop_binSR_bin1_NoTopTag_bin3[0.00,-7.00,7.00] to be gaussian constrained
------------------------------------------------------------
4          2975.090061     37.797972       total sum                     
4          2995.831253     37.692985       excluding marked processes    
4          6317.000000     79.479557       Unweighted events, alpha=0.470966
  => Total parameter prop_binSR_bin1_NoTopTag_bin4[0.00,-7.00,7.00] to be gaussian constrained
------------------------------------------------------------
5          1250.188735     54.516102       total sum                     
5          1258.674332     54.483778       excluding marked processes    
5          534.000000      23.108440       Unweighted events, alpha=2.341177
  => Total parameter prop_binSR_bin1_NoTopTag_bin5[0.00,-7.00,7.00] to be gaussian constrained
------------------------------------------------------------
6          749.092572      14.933723       total sum                     
6          755.154003      14.849156       excluding marked processes    
6          2586.000000     50.852729       Unweighted events, alpha=0.289672
  => Total parameter prop_binSR_bin1_NoTopTag_bin6[0.00,-7.00,7.00] to be gaussian constrained
------------------------------------------------------------
7          178.709319      6.588004        total sum                     
7          179.618034      6.549806        excluding marked processes    
7          752.000000      27.422618       Unweighted events, alpha=0.237645
  => Total parameter prop_binSR_bin1_NoTopTag_bin7[0.00,-7.00,7.00] to be gaussian constrained
------------------------------------------------------------
8          0.000000        0.000000        total sum                     
8          0.000000        0.000000        excluding marked processes    
  => Error is zero, ignore      
------------------------------------------------------------
============================================================
Analysing bin errors for: prop_binSR_bin2_TopTag
Poisson cut-off: 0
Processes excluded for sums: ALP_ttbar_signal ALP_ttbar_interference
============================================================
Bin        Contents        Error           Notes                         
0          1035.363112     8.157052        total sum                     
0          1071.441901     7.371619        excluding marked processes    
0          21126.000000    145.347859      Unweighted events, alpha=0.049009
  => Total parameter prop_binSR_bin2_TopTag_bin0[0.00,-7.00,7.00] to be gaussian constrained
------------------------------------------------------------
1          1815.542262     10.511753       total sum                     
1          1818.655055     9.707913        excluding marked processes    
1          35095.000000    187.336595      Unweighted events, alpha=0.051732
  => Total parameter prop_binSR_bin2_TopTag_bin1[0.00,-7.00,7.00] to be gaussian constrained
------------------------------------------------------------
2          2027.248069     11.023838       total sum                     
2          2006.769816     10.449405       excluding marked processes    
2          36882.000000    192.046869      Unweighted events, alpha=0.054966
  => Total parameter prop_binSR_bin2_TopTag_bin2[0.00,-7.00,7.00] to be gaussian constrained
------------------------------------------------------------
3          1115.769383     8.234448        total sum                     
3          1099.885993     7.832450        excluding marked processes    
3          19720.000000    140.427917      Unweighted events, alpha=0.056581
  => Total parameter prop_binSR_bin2_TopTag_bin3[0.00,-7.00,7.00] to be gaussian constrained
------------------------------------------------------------
4          427.286906      5.045570        total sum                     
4          416.090976      4.833868        excluding marked processes    
4          7409.000000     86.075548       Unweighted events, alpha=0.057671
  => Total parameter prop_binSR_bin2_TopTag_bin4[0.00,-7.00,7.00] to be gaussian constrained
------------------------------------------------------------
5          156.628939      3.505954        total sum                     
5          150.435997      3.423920        excluding marked processes    
5          1930.000000     43.931765       Unweighted events, alpha=0.081155
  => Total parameter prop_binSR_bin2_TopTag_bin5[0.00,-7.00,7.00] to be gaussian constrained
------------------------------------------------------------
6          85.940597       2.329074        total sum                     
6          81.331542       2.237162        excluding marked processes    
6          1322.000000     36.359318       Unweighted events, alpha=0.065008
  => Total parameter prop_binSR_bin2_TopTag_bin6[0.00,-7.00,7.00] to be gaussian constrained
------------------------------------------------------------
7          14.936223       1.399432        total sum                     
7          14.086339       1.360444        excluding marked processes    
7          107.000000      10.344080       Unweighted events, alpha=0.139591
  => Total parameter prop_binSR_bin2_TopTag_bin7[0.00,-7.00,7.00] to be gaussian constrained
------------------------------------------------------------
8          0.000000        0.000000        total sum                     
8          0.000000        0.000000        excluding marked processes    
  => Error is zero, ignore      
------------------------------------------------------------
============================================================
Analysing bin errors for: prop_binSR_bin2_NoTopTag
Poisson cut-off: 0
Processes excluded for sums: ALP_ttbar_signal ALP_ttbar_interference
============================================================
Bin        Contents        Error           Notes                         
0          392845.110352   1787.705443     total sum                     
0          402231.000977   1787.183368     excluding marked processes    
0          50654.000000    225.064435      Unweighted events, alpha=7.755461
  => Total parameter prop_binSR_bin2_NoTopTag_bin0[0.00,-7.00,7.00] to be gaussian constrained
------------------------------------------------------------
1          38236.727448    87.366879       total sum                     
1          38791.155762    86.427078       excluding marked processes    
1          201449.000000   448.830703      Unweighted events, alpha=0.189808
  => Total parameter prop_binSR_bin2_NoTopTag_bin1[0.00,-7.00,7.00] to be gaussian constrained
------------------------------------------------------------
2          8807.584061     36.261247       total sum                     
2          8871.310272     35.793558       excluding marked processes    
2          61428.000000    247.846727      Unweighted events, alpha=0.143381
  => Total parameter prop_binSR_bin2_NoTopTag_bin2[0.00,-7.00,7.00] to be gaussian constrained
------------------------------------------------------------
3          2268.304550     21.516462       total sum                     
3          2278.086624     21.297129       excluding marked processes    
3          11442.000000    106.967285      Unweighted events, alpha=0.198244
  => Total parameter prop_binSR_bin2_NoTopTag_bin3[0.00,-7.00,7.00] to be gaussian constrained
------------------------------------------------------------
4          753.575044      20.131355       total sum                     
4          752.909271      20.069739       excluding marked processes    
4          1407.000000     37.509999       Unweighted events, alpha=0.535590
  => Total parameter prop_binSR_bin2_NoTopTag_bin4[0.00,-7.00,7.00] to be gaussian constrained
------------------------------------------------------------
5          276.214909      10.355043       total sum                     
5          275.210575      10.309121       excluding marked processes    
5          713.000000      26.702060       Unweighted events, alpha=0.387398
  => Total parameter prop_binSR_bin2_NoTopTag_bin5[0.00,-7.00,7.00] to be gaussian constrained
------------------------------------------------------------
6          169.898968      8.592805        total sum                     
6          169.789328      8.553110        excluding marked processes    
6          394.000000      19.849433       Unweighted events, alpha=0.431216
  => Total parameter prop_binSR_bin2_NoTopTag_bin6[0.00,-7.00,7.00] to be gaussian constrained
------------------------------------------------------------
7          33.349308       1.759391        total sum                     
7          32.703084       1.730885        excluding marked processes    
7          357.000000      18.894444       Unweighted events, alpha=0.093415
  => Total parameter prop_binSR_bin2_NoTopTag_bin7[0.00,-7.00,7.00] to be gaussian constrained
------------------------------------------------------------
8          0.000000        0.000000        total sum                     
8          0.000000        0.000000        excluding marked processes    
  => Error is zero, ignore      
------------------------------------------------------------
============================================================
Analysing bin errors for: prop_binSR_bin3_TopTag
Poisson cut-off: 0
Processes excluded for sums: ALP_ttbar_signal ALP_ttbar_interference
============================================================
Bin        Contents        Error           Notes                         
0          1401.000447     10.280172       total sum                     
0          1450.538815     9.364497        excluding marked processes    
0          23993.000000    154.896740      Unweighted events, alpha=0.058392
  => Total parameter prop_binSR_bin3_TopTag_bin0[0.00,-7.00,7.00] to be gaussian constrained
------------------------------------------------------------
1          5757.387737     19.312076       total sum                     
1          5755.882977     17.943533       excluding marked processes    
1          102898.000000   320.777181      Unweighted events, alpha=0.055952
  => Total parameter prop_binSR_bin3_TopTag_bin1[0.00,-7.00,7.00] to be gaussian constrained
------------------------------------------------------------
2          5087.277025     17.193871       total sum                     
2          4988.190630     16.041687       excluding marked processes    
2          96691.000000    310.951765      Unweighted events, alpha=0.052614
  => Total parameter prop_binSR_bin3_TopTag_bin2[0.00,-7.00,7.00] to be gaussian constrained
------------------------------------------------------------
3          1766.295332     10.131389       total sum                     
3          1690.410136     9.471271        excluding marked processes    
3          31854.000000    178.476889      Unweighted events, alpha=0.055450
  => Total parameter prop_binSR_bin3_TopTag_bin3[0.00,-7.00,7.00] to be gaussian constrained
------------------------------------------------------------
4          564.099903      5.755966        total sum                     
4          529.525453      5.363935        excluding marked processes    
4          9746.000000     98.721831       Unweighted events, alpha=0.057880
  => Total parameter prop_binSR_bin3_TopTag_bin4[0.00,-7.00,7.00] to be gaussian constrained
------------------------------------------------------------
5          191.840112      3.372834        total sum                     
5          175.779715      3.137675        excluding marked processes    
5          3138.000000     56.017854       Unweighted events, alpha=0.061135
  => Total parameter prop_binSR_bin3_TopTag_bin5[0.00,-7.00,7.00] to be gaussian constrained
------------------------------------------------------------
6          101.541104      2.558498        total sum                     
6          92.859729       2.380819        excluding marked processes    
6          1521.000000     39.000000       Unweighted events, alpha=0.066759
  => Total parameter prop_binSR_bin3_TopTag_bin6[0.00,-7.00,7.00] to be gaussian constrained
------------------------------------------------------------
7          16.635754       1.062715        total sum                     
7          14.795212       0.965580        excluding marked processes    
7          235.000000      15.329710       Unweighted events, alpha=0.070790
  => Total parameter prop_binSR_bin3_TopTag_bin7[0.00,-7.00,7.00] to be gaussian constrained
------------------------------------------------------------
8          0.000000        0.000000        total sum                     
8          0.000000        0.000000        excluding marked processes    
  => Error is zero, ignore      
------------------------------------------------------------
============================================================
Analysing bin errors for: prop_binSR_bin3_NoTopTag
Poisson cut-off: 0
Processes excluded for sums: ALP_ttbar_signal ALP_ttbar_interference
============================================================
Bin        Contents        Error           Notes                         
0          895210.461914   3749.965177     total sum                     
0          918188.886719   3749.330312     excluding marked processes    
0          59973.000000    244.893855      Unweighted events, alpha=14.926891
  => Total parameter prop_binSR_bin3_NoTopTag_bin0[0.00,-7.00,7.00] to be gaussian constrained
------------------------------------------------------------
1          57357.665955    103.540893      total sum                     
1          58029.997742    102.049209      excluding marked processes    
1          323360.000000   568.647518      Unweighted events, alpha=0.177380
  => Total parameter prop_binSR_bin3_NoTopTag_bin1[0.00,-7.00,7.00] to be gaussian constrained
------------------------------------------------------------
2          10766.915100    45.199018       total sum                     
2          10789.451416    44.588012       excluding marked processes    
2          58555.000000    241.981404      Unweighted events, alpha=0.183877
  => Total parameter prop_binSR_bin3_NoTopTag_bin2[0.00,-7.00,7.00] to be gaussian constrained
------------------------------------------------------------
3          2845.561821     29.471837       total sum                     
3          2837.236511     29.205335       excluding marked processes    
3          9438.000000     97.149370       Unweighted events, alpha=0.301501
  => Total parameter prop_binSR_bin3_NoTopTag_bin3[0.00,-7.00,7.00] to be gaussian constrained
------------------------------------------------------------
4          896.379715      13.527653       total sum                     
4          886.140739      13.380399       excluding marked processes    
4          4386.000000     66.226883       Unweighted events, alpha=0.204373
  => Total parameter prop_binSR_bin3_NoTopTag_bin4[0.00,-7.00,7.00] to be gaussian constrained
------------------------------------------------------------
5          352.045325      8.784743        total sum                     
5          345.150925      8.705909        excluding marked processes    
5          1572.000000     39.648455       Unweighted events, alpha=0.223947
  => Total parameter prop_binSR_bin3_NoTopTag_bin5[0.00,-7.00,7.00] to be gaussian constrained
------------------------------------------------------------
6          198.833902      4.552769        total sum                     
6          195.316418      4.462060        excluding marked processes    
6          1916.000000     43.772137       Unweighted events, alpha=0.103776
  => Total parameter prop_binSR_bin3_NoTopTag_bin6[0.00,-7.00,7.00] to be gaussian constrained
------------------------------------------------------------
7          39.902709       1.771073        total sum                     
7          38.770659       1.758000        excluding marked processes    
7          486.000000      22.045408       Unweighted events, alpha=0.082104
  => Total parameter prop_binSR_bin3_NoTopTag_bin7[0.00,-7.00,7.00] to be gaussian constrained
------------------------------------------------------------
8          0.000000        0.000000        total sum                     
8          0.000000        0.000000        excluding marked processes    
  => Error is zero, ignore      
------------------------------------------------------------
============================================================
Analysing bin errors for: prop_binSR_bin4
Poisson cut-off: 0
Processes excluded for sums: ALP_ttbar_signal ALP_ttbar_interference
============================================================
Bin        Contents        Error           Notes                         
0          899111.874023   3865.210419     total sum                     
0          922273.796875   3864.573577     excluding marked processes    
0          56953.000000    238.648277      Unweighted events, alpha=15.786910
  => Total parameter prop_binSR_bin4_bin0[0.00,-7.00,7.00] to be gaussian constrained
------------------------------------------------------------
1          55301.538940    110.884805      total sum                     
1          55890.473389    109.375688      excluding marked processes    
1          261116.000000   510.995108      Unweighted events, alpha=0.211789
  => Total parameter prop_binSR_bin4_bin1[0.00,-7.00,7.00] to be gaussian constrained
------------------------------------------------------------
2          14785.003998    391.958829      total sum                     
2          14697.861755    391.847938      excluding marked processes    
2          1407.000000     37.509999       Unweighted events, alpha=10.508176
  => Total parameter prop_binSR_bin4_bin2[0.00,-7.00,7.00] to be gaussian constrained
------------------------------------------------------------
3          4151.774712     26.367183       total sum                     
3          4074.419037     25.873437       excluding marked processes    
3          24798.000000    157.473807      Unweighted events, alpha=0.167424
  => Total parameter prop_binSR_bin4_bin3[0.00,-7.00,7.00] to be gaussian constrained
------------------------------------------------------------
4          1361.242916     19.355218       total sum                     
4          1322.637367     19.149021       excluding marked processes    
4          4771.000000     69.072426       Unweighted events, alpha=0.285316
  => Total parameter prop_binSR_bin4_bin4[0.00,-7.00,7.00] to be gaussian constrained
------------------------------------------------------------
5          488.052516      6.524672        total sum                     
5          467.884018      6.338368        excluding marked processes    
5          5449.000000     73.817342       Unweighted events, alpha=0.089567
  => Total parameter prop_binSR_bin4_bin5[0.00,-7.00,7.00] to be gaussian constrained
------------------------------------------------------------
6          283.772177      9.298846        total sum                     
6          268.916521      9.226133        excluding marked processes    
6          850.000000      29.154759       Unweighted events, alpha=0.333850
  => Total parameter prop_binSR_bin4_bin6[0.00,-7.00,7.00] to be gaussian constrained
------------------------------------------------------------
7          49.906867       1.865244        total sum                     
7          46.771401       1.813536        excluding marked processes    
7          665.000000      25.787594       Unweighted events, alpha=0.075048
  => Total parameter prop_binSR_bin4_bin7[0.00,-7.00,7.00] to be gaussian constrained
------------------------------------------------------------
8          0.000000        0.000000        total sum                     
8          0.000000        0.000000        excluding marked processes    
  => Error is zero, ignore      
------------------------------------------------------------
============================================================
Analysing bin errors for: prop_binSR_bin5
Poisson cut-off: 0
Processes excluded for sums: ALP_ttbar_signal ALP_ttbar_interference
============================================================
Bin        Contents        Error           Notes                         
0          414802.113770   2173.740440     total sum                     
0          424770.949219   2173.254664     excluding marked processes    
0          38202.000000    195.453319      Unweighted events, alpha=10.858126
  => Total parameter prop_binSR_bin5_bin0[0.00,-7.00,7.00] to be gaussian constrained
------------------------------------------------------------
1          32091.361572    85.447243       total sum                     
1          32471.535339    84.583873       excluding marked processes    
1          147377.000000   383.897122      Unweighted events, alpha=0.217750
  => Total parameter prop_binSR_bin5_bin1[0.00,-7.00,7.00] to be gaussian constrained
------------------------------------------------------------
2          8396.406540     40.353130       total sum                     
2          8414.070801     39.926233       excluding marked processes    
2          44412.000000    210.741548      Unweighted events, alpha=0.189057
  => Total parameter prop_binSR_bin5_bin2[0.00,-7.00,7.00] to be gaussian constrained
------------------------------------------------------------
3          2731.861511     38.720173       total sum                     
3          2715.015457     38.571019       excluding marked processes    
3          4955.000000     70.391761       Unweighted events, alpha=0.551334
  => Total parameter prop_binSR_bin5_bin3[0.00,-7.00,7.00] to be gaussian constrained
------------------------------------------------------------
4          907.972078      9.251491        total sum                     
4          895.675381      9.053675        excluding marked processes    
4          9787.000000     98.929268       Unweighted events, alpha=0.092773
  => Total parameter prop_binSR_bin5_bin4[0.00,-7.00,7.00] to be gaussian constrained
------------------------------------------------------------
5          330.902182      6.123892        total sum                     
5          327.278963      5.977924        excluding marked processes    
5          2997.000000     54.744863       Unweighted events, alpha=0.110411
  => Total parameter prop_binSR_bin5_bin5[0.00,-7.00,7.00] to be gaussian constrained
------------------------------------------------------------
6          186.645339      3.869776        total sum                     
6          182.166733      3.790219        excluding marked processes    
6          2310.000000     48.062459       Unweighted events, alpha=0.080799
  => Total parameter prop_binSR_bin5_bin6[0.00,-7.00,7.00] to be gaussian constrained
------------------------------------------------------------
7          38.058541       1.669732        total sum                     
7          36.944416       1.622677        excluding marked processes    
7          518.000000      22.759613       Unweighted events, alpha=0.073472
  => Total parameter prop_binSR_bin5_bin7[0.00,-7.00,7.00] to be gaussian constrained
------------------------------------------------------------
8          0.000000        0.000000        total sum                     
8          0.000000        0.000000        excluding marked processes    
  => Error is zero, ignore      
------------------------------------------------------------
============================================================
Analysing bin errors for: prop_binSR_bin6
Poisson cut-off: 0
Processes excluded for sums: ALP_ttbar_signal ALP_ttbar_interference
============================================================
Bin        Contents        Error           Notes                         
0          799700.181152   5195.435384     total sum                     
0          816764.777344   5195.088591     excluding marked processes    
0          24718.000000    157.219592      Unweighted events, alpha=32.352949
  => Total parameter prop_binSR_bin6_bin0[0.00,-7.00,7.00] to be gaussian constrained
------------------------------------------------------------
1          113947.653931   748.374188      total sum                     
1          115383.921387   748.118153      excluding marked processes    
1          23788.000000    154.233589      Unweighted events, alpha=4.790132
  => Total parameter prop_binSR_bin6_bin1[0.00,-7.00,7.00] to be gaussian constrained
------------------------------------------------------------
2          37538.946350    2403.566077     total sum                     
2          37847.472412    2403.546052     excluding marked processes    
2          248.000000      15.748016       Unweighted events, alpha=151.366719
  => Total parameter prop_binSR_bin6_bin2[0.00,-7.00,7.00] to be gaussian constrained
------------------------------------------------------------
3          19863.386505    7825.851873     total sum                     
3          19937.086792    7825.849944     excluding marked processes    
3          6.000000        2.449490        Unweighted events, alpha=3310.564418
  => Total parameter prop_binSR_bin6_bin3[0.00,-7.00,7.00] to be gaussian constrained
------------------------------------------------------------
4          4701.959915     252.357576      total sum                     
4          4721.117844     252.335965      excluding marked processes    
4          350.000000      18.708287       Unweighted events, alpha=13.434171
  => Total parameter prop_binSR_bin6_bin4[0.00,-7.00,7.00] to be gaussian constrained
------------------------------------------------------------
5          2627.012636     627.377895      total sum                     
5          2632.536133     627.374123      excluding marked processes    
5          18.000000       4.242641        Unweighted events, alpha=145.945146
  => Total parameter prop_binSR_bin6_bin5[0.00,-7.00,7.00] to be gaussian constrained
------------------------------------------------------------
6          1100.309839     18.893179       total sum                     
6          1100.606499     18.824250       excluding marked processes    
6          3418.000000     58.463664       Unweighted events, alpha=0.321916
  => Total parameter prop_binSR_bin6_bin6[0.00,-7.00,7.00] to be gaussian constrained
------------------------------------------------------------
7          235.041800      8.969994        total sum                     
7          234.356001      8.940683        excluding marked processes    
7          687.000000      26.210685       Unweighted events, alpha=0.342128
  => Total parameter prop_binSR_bin6_bin7[0.00,-7.00,7.00] to be gaussian constrained
------------------------------------------------------------
8          0.000000        0.000000        total sum                     
8          0.000000        0.000000        excluding marked processes    
  => Error is zero, ignore      
------------------------------------------------------------
============================================================
Analysing bin errors for: prop_binCR1
Poisson cut-off: 0
Processes excluded for sums: ALP_ttbar_signal ALP_ttbar_interference
============================================================
Bin        Contents        Error           Notes                         
0          18650.858147    1700.726546     total sum                     
0          18742.590576    1700.721227     excluding marked processes    
0          121.000000      11.000000       Unweighted events, alpha=154.139324
  => Total parameter prop_binCR1_bin0[0.00,-7.00,7.00] to be gaussian constrained
------------------------------------------------------------
1          6614.851500     58.958946       total sum                     
1          6653.467621     58.886909       excluding marked processes    
1          12766.000000    112.986725      Unweighted events, alpha=0.518162
  => Total parameter prop_binCR1_bin1[0.00,-7.00,7.00] to be gaussian constrained
------------------------------------------------------------
2          3291.051494     263.211167      total sum                     
2          3302.019440     263.204055      excluding marked processes    
2          157.000000      12.529964       Unweighted events, alpha=20.962111
  => Total parameter prop_binCR1_bin2[0.00,-7.00,7.00] to be gaussian constrained
------------------------------------------------------------
3          1297.579438     18.696502       total sum                     
3          1303.584702     18.649583       excluding marked processes    
3          4886.000000     69.899928       Unweighted events, alpha=0.265571
  => Total parameter prop_binCR1_bin3[0.00,-7.00,7.00] to be gaussian constrained
------------------------------------------------------------
4          596.118147      15.872628       total sum                     
4          598.828201      15.845089       excluding marked processes    
4          1428.000000     37.788887       Unweighted events, alpha=0.417450
  => Total parameter prop_binCR1_bin4[0.00,-7.00,7.00] to be gaussian constrained
------------------------------------------------------------
5          284.392164      8.766885        total sum                     
5          285.458523      8.744551        excluding marked processes    
5          1066.000000     32.649655       Unweighted events, alpha=0.266784
  => Total parameter prop_binCR1_bin5[0.00,-7.00,7.00] to be gaussian constrained
------------------------------------------------------------
6          459.817982      256.656683      total sum                     
6          459.904808      256.656253      excluding marked processes    
6          3.000000        1.732051        Unweighted events, alpha=153.272661
  => Total parameter prop_binCR1_bin6[0.00,-7.00,7.00] to be gaussian constrained
------------------------------------------------------------
7          59.806886       5.171396        total sum                     
7          60.022378       5.165704        excluding marked processes    
7          135.000000      11.618950       Unweighted events, alpha=0.443014
  => Total parameter prop_binCR1_bin7[0.00,-7.00,7.00] to be gaussian constrained
------------------------------------------------------------
8          0.000000        0.000000        total sum                     
8          0.000000        0.000000        excluding marked processes    
  => Error is zero, ignore      
------------------------------------------------------------
============================================================
Analysing bin errors for: prop_binCR2
Poisson cut-off: 0
Processes excluded for sums: ALP_ttbar_signal ALP_ttbar_interference
============================================================
Bin        Contents        Error           Notes                         
0          434354.624451   8435.777786     total sum                     
0          436768.322266   8435.746643     excluding marked processes    
0          2681.000000     51.778374       Unweighted events, alpha=162.012169
  => Total parameter prop_binCR2_bin0[0.00,-7.00,7.00] to be gaussian constrained
------------------------------------------------------------
1          82862.113785    812.309069      total sum                     
1          83150.358398    812.258338      excluding marked processes    
1          10479.000000    102.366987      Unweighted events, alpha=7.907445
  => Total parameter prop_binCR2_bin1[0.00,-7.00,7.00] to be gaussian constrained
------------------------------------------------------------
2          32635.398247    473.301860      total sum                     
2          32716.966187    473.272610      excluding marked processes    
2          4779.000000     69.130312       Unweighted events, alpha=6.828918
  => Total parameter prop_binCR2_bin2[0.00,-7.00,7.00] to be gaussian constrained
------------------------------------------------------------
3          15069.160225    659.873237      total sum                     
3          15089.759033    659.865539      excluding marked processes    
3          523.000000      22.869193       Unweighted events, alpha=28.812926
  => Total parameter prop_binCR2_bin3[0.00,-7.00,7.00] to be gaussian constrained
------------------------------------------------------------
4          6813.069510     54.369194       total sum                     
4          6822.283051     54.326138       excluding marked processes    
4          15770.000000    125.578661      Unweighted events, alpha=0.432027
  => Total parameter prop_binCR2_bin4[0.00,-7.00,7.00] to be gaussian constrained
------------------------------------------------------------
5          3482.645425     36.503661       total sum                     
5          3483.423126     36.474908       excluding marked processes    
5          9121.000000     95.503927       Unweighted events, alpha=0.381827
  => Total parameter prop_binCR2_bin5[0.00,-7.00,7.00] to be gaussian constrained
------------------------------------------------------------
6          3359.081676     394.697738      total sum                     
6          3358.849655     394.695680      excluding marked processes    
6          72.000000       8.485281        Unweighted events, alpha=46.653912
  => Total parameter prop_binCR2_bin6[0.00,-7.00,7.00] to be gaussian constrained
------------------------------------------------------------
7          1005.466686     16.744037       total sum                     
7          1005.832756     16.727733       excluding marked processes    
7          3616.000000     60.133186       Unweighted events, alpha=0.278060
  => Total parameter prop_binCR2_bin7[0.00,-7.00,7.00] to be gaussian constrained
------------------------------------------------------------
8          0.000000        0.000000        total sum                     
8          0.000000        0.000000        excluding marked processes    
  => Error is zero, ignore      
------------------------------------------------------------
Channel SR_bin1_TopTag will use autoMCStats with settings: event-threshold=0, include-signal=0, hist-mode=1
Channel SR_bin1_NoTopTag will use autoMCStats with settings: event-threshold=0, include-signal=0, hist-mode=1
Channel SR_bin2_TopTag will use autoMCStats with settings: event-threshold=0, include-signal=0, hist-mode=1
Channel SR_bin2_NoTopTag will use autoMCStats with settings: event-threshold=0, include-signal=0, hist-mode=1
Channel SR_bin3_TopTag will use autoMCStats with settings: event-threshold=0, include-signal=0, hist-mode=1
Channel SR_bin3_NoTopTag will use autoMCStats with settings: event-threshold=0, include-signal=0, hist-mode=1
Channel SR_bin4 will use autoMCStats with settings: event-threshold=0, include-signal=0, hist-mode=1
Channel SR_bin5 will use autoMCStats with settings: event-threshold=0, include-signal=0, hist-mode=1
Channel SR_bin6 will use autoMCStats with settings: event-threshold=0, include-signal=0, hist-mode=1
Channel CR1 will use autoMCStats with settings: event-threshold=0, include-signal=0, hist-mode=1
Channel CR2 will use autoMCStats with settings: event-threshold=0, include-signal=0, hist-mode=1
