Have POIs: ['r']
 <<< Combine >>> 
>>> random number generator seed is 123456
   Options for Robust Minimizer :: 
        Tolerance  0.1
        Strategy   0
        Type,Algo  Minuit2,Migrad
>>> method used is MultiDimFit
Set Range of Parameter ttag_corr To : (-5,5)
Set Range of Parameter ttag_uncorr_UL16preVFP To : (-5,5)
Set Range of Parameter ttag_uncorr_UL16postVFP To : (-5,5)
Set Range of Parameter ttag_uncorr_UL17 To : (-5,5)
Set Range of Parameter ttag_uncorr_UL18 To : (-5,5)
>>> 0 out of 11 channels masked

SimNLL created with 11 channels, 5 generic constraints, 138 fast gaussian constraints, 0 fast poisson constraints, 0 fast group constraints, 

 --- MultiDimFit ---
best fit parameter values and profile-likelihood uncertainties: 
   r :    +0.000   -0.302/+0.349 (68%)
Done in 0.34 min (cpu), 0.34 min (real)
>> combine -M MultiDimFit -n _initialFit_Test --algo singles --redefineSignalPOIs r --rMin -5 --rMax 5 --robustFit 1 -t -1 --setParameterRanges ttag_corr=-5,5:ttag_uncorr_UL16preVFP=-5,5:ttag_uncorr_UL16postVFP=-5,5:ttag_uncorr_UL17=-5,5:ttag_uncorr_UL18=-5,5 -m 125 -d ../../asymptoticlimits/workspace_run2_fa10000_negint.root
