diffNuisances run on fitDiagnostics_negint.root, at 2023-09-21 08:53:30.631858 with the following options ... {'vtol': 0.3, 'stol': 0.1, 'vtol2': 2.0, 'stol2': 0.5, 'show_all_parameters': False, 'absolute_values': False, 'poi': 'r', 'format': 'text', 'plotfile': 'pulls_negint.root', 'pullDef': '', 'skipFitS': False, 'skipFitB': False, 'sortBy': 'correlation', 'regex': '.*'}

name                                              b-only fit            s+b fit         rho  approx impact
prop_binSR_bin4_bin0                             -0.00, 0.00     ! +0.00, 0.00!     !+0.15!      +0.003
prop_binSR_bin3_NoTopTag_bin0                    -0.00, 0.00     ! +0.00, 0.00!     !+0.14!      +0.003
btag_lf                                          +0.00, 0.00     ! +0.00, 0.00!     !+0.12!      +0.001
ttbar_rate                                       +0.00, 0.00     ! +0.00, 0.00!     !+0.10!      +0.000
prop_binSR_bin6_bin1                             -0.00, 0.00     ! -0.00, 0.00!     !-0.10!      -0.003
prop_binSR_bin5_bin0                             -0.00, 0.00     ! +0.00, 0.00!     !+0.08!      +0.002
prop_binSR_bin1_NoTopTag_bin1                    -0.00, 0.00     ! -0.00, 0.00!     !-0.08!      -0.002
btag_cferr2                                      +0.00, 0.00     ! -0.00, 0.00!     !+0.08!      +0.000
btag_cferr1                                      +0.00, 0.00     ! +0.00, 0.00!     !+0.08!      +0.000
mcscale                                          +0.00, 0.00     ! -0.00, 0.00!     !-0.07!      -0.000
prop_binSR_bin6_bin4                             -0.00, 0.00     ! -0.00, 0.00!     !-0.06!      -0.001
prop_binCR1_bin0                                 -0.00, 0.00     ! -0.00, 0.00!     !-0.06!      -0.000
lumi_13TeV                                       +0.00, 0.00     ! +0.00, 0.00!     !+0.06!      +0.000
ele_trigger                                      +0.00, 0.00     ! +0.00, 0.00!     !+0.06!      +0.000
btag_lfstats1_UL18                               -0.00, 0.00     ! +0.00, 0.00!     !-0.06!      -0.001
btag_lfstats1_UL17                               -0.00, 0.00     ! +0.00, 0.00!     !-0.06!      -0.001
wjets_rate                                       +0.00, 0.00     ! -0.00, 0.00!     !-0.05!      -0.000
jec                                              +0.00, 0.00     ! -0.00, 0.00!     !+0.05!      +0.000
ele_reco                                         +0.00, 0.00     ! -0.00, 0.00!     !+0.05!      +0.001
btag_lfstats2_UL18                               -0.00, 0.00     ! +0.00, 0.00!     !-0.05!      -0.000
btag_lfstats1_UL16preVFP                         -0.00, 0.00     ! +0.00, 0.00!     !-0.05!      -0.001
btag_lfstats1_UL16postVFP                        -0.00, 0.00     ! +0.00, 0.00!     !-0.05!      -0.001
btag_hfstats2_UL18                               -0.00, 0.00     ! +0.00, 0.00!     !-0.05!      -0.002
prop_binSR_bin6_bin5                             -0.00, 0.00     ! -0.00, 0.00!     !-0.04!      -0.000
prop_binSR_bin6_bin0                             -0.00, 0.00     ! +0.00, 0.00!     !-0.04!      -0.001
prop_binSR_bin2_NoTopTag_bin0                    -0.00, 0.00     ! +0.00, 0.00!     !+0.04!      +0.001
mu_trigger                                       +0.00, 0.00     ! -0.00, 0.00!     !-0.04!      -0.002
jer                                              +0.00, 0.00     ! +0.00, 0.00!     !+0.04!      +0.000
ele_id                                           +0.00, 0.00     ! -0.00, 0.00!     !+0.04!      +0.001
btag_lfstats2_UL17                               -0.00, 0.00     ! +0.00, 0.00!     !-0.04!      -0.000
btag_lfstats2_UL16preVFP                         -0.00, 0.00     ! +0.00, 0.00!     !-0.04!      -0.001
btag_lfstats2_UL16postVFP                        -0.00, 0.00     ! +0.00, 0.00!     !-0.04!      -0.001
btag_hfstats2_UL17                               -0.00, 0.00     ! +0.00, 0.00!     !-0.04!      -0.002
tmistag                                          +0.00, 0.00     ! +0.00, 0.00!     !+0.03!      +0.001
pu                                               +0.00, 0.00     ! +0.00, 0.00!     !-0.03!      -0.001
prop_binCR2_bin0                                 -0.00, 0.00     ! +0.00, 0.00!     !-0.03!      -0.000
prop_binCR1_bin1                                 -0.00, 0.00     ! +0.00, 0.00!     !-0.03!      -0.002
btag_hfstats2_UL16postVFP                        -0.00, 0.00     ! +0.00, 0.00!     !+0.03!      +0.002
prop_binSR_bin4_bin1                             -0.00, 0.00     ! +0.00, 0.00!     !+0.02!      +0.001
prop_binSR_bin2_NoTopTag_bin1                    -0.00, 0.00     ! +0.00, 0.00!     !-0.02!      -0.001
prop_binSR_bin1_NoTopTag_bin3                    -0.00, 0.00     ! +0.00, 0.00!     !-0.02!      -0.001
prop_binSR_bin1_NoTopTag_bin0                    -0.00, 0.00     ! -0.00, 0.00!     !+0.02!      +0.000
prop_binCR2_bin5                                 -0.00, 0.00     ! +0.00, 0.00!     !+0.02!      +0.001
prop_binCR2_bin2                                 -0.00, 0.00     ! +0.00, 0.00!     !-0.02!      -0.000
prop_binCR2_bin1                                 -0.00, 0.00     ! +0.00, 0.00!     !-0.02!      -0.001
btag_hfstats2_UL16preVFP                         -0.00, 0.00     ! -0.00, 0.00!     !-0.02!      -0.001
btag_hfstats1_UL18                               +0.00, 0.00     ! -0.00, 0.00!     !-0.02!      -0.001
ttag_uncorr_UL18                                 -0.00, 0.44     ! +0.01, 0.22!     !+0.01!      +0.000
ttag_corr                                        -0.00, 0.15     ! -0.00, 0.08!     !-0.01!      -0.000
prop_binSR_bin6_bin7                             -0.00, 0.00     ! +0.00, 0.00!     !-0.01!      -0.000
prop_binSR_bin6_bin6                             -0.00, 0.00     ! -0.00, 0.00!     !-0.01!      -0.001
prop_binSR_bin6_bin3                             -0.00, 0.00     ! +0.00, 0.00!     !+0.01!      +0.000
prop_binSR_bin6_bin2                             -0.00, 0.00     ! -0.00, 0.00!     !+0.01!      +0.000
prop_binSR_bin5_bin3                             -0.00, 0.00     ! -0.00, 0.00!     !-0.01!      -0.001
prop_binSR_bin5_bin2                             -0.00, 0.00     ! -0.00, 0.00!     !-0.01!      -0.001
prop_binSR_bin5_bin1                             -0.00, 0.00     ! -0.00, 0.00!     !-0.01!      -0.000
prop_binSR_bin4_bin2                             -0.00, 0.00     ! +0.00, 0.00!     !-0.01!      -0.000
prop_binSR_bin3_TopTag_bin1                      -0.00, 0.00     ! +0.00, 0.00!     !+0.01!      +0.000
prop_binSR_bin3_TopTag_bin0                      -0.00, 0.00     ! +0.00, 0.00!     !+0.01!      +0.001
prop_binSR_bin3_NoTopTag_bin5                    -0.00, 0.00     ! -0.00, 0.00!     !+0.01!      +0.000
prop_binSR_bin3_NoTopTag_bin3                    -0.00, 0.00     ! +0.00, 0.00!     !+0.01!      +0.000
prop_binSR_bin2_TopTag_bin0                      -0.00, 0.00     ! +0.00, 0.00!     !+0.01!      +0.001
prop_binSR_bin2_NoTopTag_bin2                    -0.00, 0.00     ! -0.00, 0.00!     !-0.01!      -0.001
prop_binSR_bin1_TopTag_bin6                      -0.00, 0.00     ! -0.00, 0.00!     !-0.01!      -0.000
prop_binSR_bin1_TopTag_bin4                      -0.00, 0.00     ! -0.00, 0.00!     !-0.01!      -0.000
prop_binSR_bin1_TopTag_bin3                      -0.00, 0.00     ! -0.00, 0.00!     !-0.01!      -0.001
prop_binSR_bin1_TopTag_bin2                      -0.00, 0.00     ! -0.00, 0.00!     !-0.01!      -0.000
prop_binSR_bin1_NoTopTag_bin4                    -0.00, 0.00     ! +0.00, 0.00!     !-0.01!      -0.001
prop_binSR_bin1_NoTopTag_bin2                    -0.00, 0.00     ! -0.00, 0.00!     !-0.01!      -0.000
prop_binCR2_bin6                                 -0.00, 0.00     ! +0.00, 0.00!     !-0.01!      -0.000
prop_binCR2_bin4                                 -0.00, 0.00     ! +0.00, 0.00!     !-0.01!      -0.001
prop_binCR2_bin3                                 -0.00, 0.00     ! -0.00, 0.00!     !-0.01!      -0.000
prop_binCR1_bin6                                 -0.00, 0.00     ! +0.00, 0.00!     !-0.01!      -0.000
prop_binCR1_bin4                                 -0.00, 0.00     ! +0.00, 0.00!     !-0.01!      -0.000
prop_binCR1_bin3                                 -0.00, 0.00     ! +0.00, 0.00!     !-0.01!      -0.001
prefiring                                        -0.00, 0.00     ! +0.00, 0.00!     !+0.01!      +0.000
others_rate                                      +0.00, 0.00     ! -0.00, 0.00!     !-0.01!      -0.000
mu_reco                                          -0.00, 0.00     ! -0.00, 0.00!     !-0.01!      -0.001
mu_id                                            +0.00, 0.00     ! -0.00, 0.00!     !-0.01!      -0.001
btag_hfstats1_UL17                               +0.00, 0.00     ! -0.00, 0.00!     !-0.01!      -0.000
btag_hfstats1_UL16preVFP                         +0.00, 0.00     ! -0.00, 0.00!     !-0.01!      -0.001
btag_hfstats1_UL16postVFP                        +0.00, 0.00     ! -0.00, 0.00!     !-0.01!      -0.000
btag_hf                                          -0.00, 0.00     ! -0.00, 0.00!     !+0.01!      +0.000
ttag_uncorr_UL17                                 -0.00, 0.51        -0.01, 0.26     !+0.00!      +0.000
ttag_uncorr_UL16preVFP                           -0.00, 0.82        +0.00, 0.46     !+0.00!      +0.001
ttag_uncorr_UL16postVFP                          -0.00, 1.43        +0.01, 0.48     !+0.00!      +0.000
st_rate                                          +0.00, 0.00     ! +0.00, 0.00!     !-0.00!      -0.000
prop_binSR_bin6_bin8                             -0.00, 0.00     ! -0.00, 0.00!     !-0.00!      -0.000
prop_binSR_bin5_bin8                             -0.00, 0.00     ! -0.00, 0.00!     !+0.00!      +0.000
prop_binSR_bin5_bin7                             -0.00, 0.00     ! -0.00, 0.00!     !+0.00!      +0.000
prop_binSR_bin5_bin6                             -0.00, 0.00     ! +0.00, 0.00!     !-0.00!      -0.000
prop_binSR_bin5_bin5                             -0.00, 0.00     ! +0.00, 0.00!     !-0.00!      -0.000
prop_binSR_bin5_bin4                             -0.00, 0.00     ! -0.00, 0.00!     !-0.00!      -0.000
prop_binSR_bin4_bin8                             -0.00, 0.00     ! -0.00, 0.00!     !-0.00!      -0.000
prop_binSR_bin4_bin7                             -0.00, 0.00     ! -0.00, 0.00!     !-0.00!      -0.000
prop_binSR_bin4_bin6                             -0.00, 0.00     ! -0.00, 0.00!     !+0.00!      +0.000
prop_binSR_bin4_bin5                             -0.00, 0.00     ! +0.00, 0.00!     !-0.00!      -0.000
prop_binSR_bin4_bin4                             -0.00, 0.00     ! +0.00, 0.00!     !-0.00!      -0.000
prop_binSR_bin4_bin3                             -0.00, 0.00     ! +0.00, 0.00!     !-0.00!      -0.000
prop_binSR_bin3_TopTag_bin8                      -0.00, 0.00     ! +0.00, 0.00!     !+0.00!      +0.000
prop_binSR_bin3_TopTag_bin7                      -0.00, 0.00     ! +0.00, 0.00!     !+0.00!      +0.000
prop_binSR_bin3_TopTag_bin6                      -0.00, 0.00     ! +0.00, 0.00!     !+0.00!      +0.000
prop_binSR_bin3_TopTag_bin5                      -0.00, 0.00     ! +0.00, 0.00!     !-0.00!      -0.000
prop_binSR_bin3_TopTag_bin4                      -0.00, 0.00     ! +0.00, 0.00!     !-0.00!      -0.000
prop_binSR_bin3_TopTag_bin3                      -0.00, 0.00     ! +0.00, 0.00!     !-0.00!      -0.000
prop_binSR_bin3_TopTag_bin2                      -0.00, 0.00     ! -0.00, 0.00!     !+0.00!      +0.000
prop_binSR_bin3_NoTopTag_bin8                    -0.00, 0.00     ! -0.00, 0.00!     !-0.00!      -0.000
prop_binSR_bin3_NoTopTag_bin7                    -0.00, 0.00     ! -0.00, 0.00!     !-0.00!      -0.000
prop_binSR_bin3_NoTopTag_bin6                    -0.00, 0.00     ! +0.00, 0.00!     !+0.00!      +0.000
prop_binSR_bin3_NoTopTag_bin4                    -0.00, 0.00     ! +0.00, 0.00!     !-0.00!      -0.000
prop_binSR_bin3_NoTopTag_bin2                    -0.00, 0.00     ! +0.00, 0.00!     !-0.00!      -0.000
prop_binSR_bin3_NoTopTag_bin1                    -0.00, 0.00     ! +0.00, 0.00!     !-0.00!      -0.000
prop_binSR_bin2_TopTag_bin8                      -0.00, 0.00     ! +0.00, 0.00!     !+0.00!      +0.000
prop_binSR_bin2_TopTag_bin7                      -0.00, 0.00     ! -0.00, 0.00!     !+0.00!      +0.000
prop_binSR_bin2_TopTag_bin6                      -0.00, 0.00     ! -0.00, 0.00!     !-0.00!      -0.000
prop_binSR_bin2_TopTag_bin5                      -0.00, 0.00     ! -0.00, 0.00!     !-0.00!      -0.000
prop_binSR_bin2_TopTag_bin4                      -0.00, 0.00     ! -0.00, 0.00!     !-0.00!      -0.000
prop_binSR_bin2_TopTag_bin3                      -0.00, 0.00     ! -0.00, 0.00!     !-0.00!      -0.000
prop_binSR_bin2_TopTag_bin2                      -0.00, 0.00     ! -0.00, 0.00!     !-0.00!      -0.000
prop_binSR_bin2_TopTag_bin1                      -0.00, 0.00     ! +0.00, 0.00!     !+0.00!      +0.000
prop_binSR_bin2_NoTopTag_bin8                    -0.00, 0.00     ! -0.00, 0.00!     !-0.00!      -0.000
prop_binSR_bin2_NoTopTag_bin7                    -0.00, 0.00     ! +0.00, 0.00!     !+0.00!      +0.000
prop_binSR_bin2_NoTopTag_bin6                    -0.00, 0.00     ! +0.00, 0.00!     !+0.00!      +0.000
prop_binSR_bin2_NoTopTag_bin5                    -0.00, 0.00     ! -0.00, 0.00!     !+0.00!      +0.000
prop_binSR_bin2_NoTopTag_bin4                    -0.00, 0.00     ! +0.00, 0.00!     !-0.00!      -0.000
prop_binSR_bin2_NoTopTag_bin3                    -0.00, 0.00     ! -0.00, 0.00!     !-0.00!      -0.000
prop_binSR_bin1_TopTag_bin8                      -0.00, 0.00     ! +0.00, 0.00!     !-0.00!      -0.000
prop_binSR_bin1_TopTag_bin7                      -0.00, 0.00     ! -0.00, 0.00!     !-0.00!      -0.000
prop_binSR_bin1_TopTag_bin5                      -0.00, 0.00     ! -0.00, 0.00!     !-0.00!      -0.000
prop_binSR_bin1_TopTag_bin1                      -0.00, 0.00     ! -0.00, 0.00!     !-0.00!      -0.000
prop_binSR_bin1_TopTag_bin0                      -0.00, 0.00     ! -0.00, 0.00!     !+0.00!      +0.000
prop_binSR_bin1_NoTopTag_bin8                    -0.00, 0.00     ! +0.00, 0.00!     !-0.00!      -0.000
prop_binSR_bin1_NoTopTag_bin7                    -0.00, 0.00     ! +0.00, 0.00!     !+0.00!      +0.000
prop_binSR_bin1_NoTopTag_bin6                    -0.00, 0.00     ! +0.00, 0.00!     !-0.00!      -0.000
prop_binSR_bin1_NoTopTag_bin5                    -0.00, 0.00     ! -0.00, 0.00!     !-0.00!      -0.000
prop_binCR2_bin8                                 -0.00, 0.00     ! +0.00, 0.00!     !+0.00!      +0.000
prop_binCR2_bin7                                 -0.00, 0.00     ! +0.00, 0.00!     !+0.00!      +0.000
prop_binCR1_bin8                                 -0.00, 0.00     ! +0.00, 0.00!     !+0.00!      +0.000
prop_binCR1_bin7                                 -0.00, 0.00     ! +0.00, 0.00!     !+0.00!      +0.000
prop_binCR1_bin5                                 -0.00, 0.00     ! +0.00, 0.00!     !-0.00!      -0.000
prop_binCR1_bin2                                 -0.00, 0.00     ! -0.00, 0.00!     !-0.00!      -0.000
mu_iso                                           +0.00, 0.00     ! +0.00, 0.00!     !+0.00!      +0.000
