----- 400 -----
 <<< Combine >>> 
>>> random number generator seed is 123456
Will use a-priori expected background instead of a-posteriori one.
>>> method used is AsymptoticLimits
SimNLL created with 1 channels, 0 generic constraints, 1 fast gaussian constraints, 0 fast poisson constraints, 0 fast group constraints, 

 -- AsymptoticLimits ( CLs ) --
Expected  2.5%: r < 0.1682
Expected 16.0%: r < 0.3119
Expected 50.0%: r < 0.6523
Expected 84.0%: r < 1.3128
Expected 97.5%: r < 1.9784

Done in 0.00 min (cpu), 0.00 min (real)
----- 480 -----
 <<< Combine >>> 
>>> random number generator seed is 123456
Will use a-priori expected background instead of a-posteriori one.
>>> method used is AsymptoticLimits
SimNLL created with 1 channels, 0 generic constraints, 1 fast gaussian constraints, 0 fast poisson constraints, 0 fast group constraints, 

 -- AsymptoticLimits ( CLs ) --
Expected  2.5%: r < 0.0048
Expected 16.0%: r < 0.0087
Expected 50.0%: r < 0.0161
Expected 84.0%: r < 0.0310
Expected 97.5%: r < 0.0487

Done in 0.00 min (cpu), 0.00 min (real)
----- 560 -----
 <<< Combine >>> 
>>> random number generator seed is 123456
Will use a-priori expected background instead of a-posteriori one.
>>> method used is AsymptoticLimits
SimNLL created with 1 channels, 0 generic constraints, 1 fast gaussian constraints, 0 fast poisson constraints, 0 fast group constraints, 

 -- AsymptoticLimits ( CLs ) --
Expected  2.5%: r < 0.0020
Expected 16.0%: r < 0.0033
Expected 50.0%: r < 0.0063
Expected 84.0%: r < 0.0124
Expected 97.5%: r < 0.0189

Done in 0.00 min (cpu), 0.00 min (real)
----- 640 -----
 <<< Combine >>> 
>>> random number generator seed is 123456
Will use a-priori expected background instead of a-posteriori one.
>>> method used is AsymptoticLimits
SimNLL created with 1 channels, 0 generic constraints, 1 fast gaussian constraints, 0 fast poisson constraints, 0 fast group constraints, 

 -- AsymptoticLimits ( CLs ) --
Expected  2.5%: r < 0.0014
Expected 16.0%: r < 0.0025
Expected 50.0%: r < 0.0044
Expected 84.0%: r < 0.0086
Expected 97.5%: r < 0.0131

Done in 0.00 min (cpu), 0.00 min (real)
----- 720 -----
 <<< Combine >>> 
>>> random number generator seed is 123456
Will use a-priori expected background instead of a-posteriori one.
>>> method used is AsymptoticLimits
SimNLL created with 1 channels, 0 generic constraints, 1 fast gaussian constraints, 0 fast poisson constraints, 0 fast group constraints, 

 -- AsymptoticLimits ( CLs ) --
Expected  2.5%: r < 0.0013
Expected 16.0%: r < 0.0021
Expected 50.0%: r < 0.0034
Expected 84.0%: r < 0.0065
Expected 97.5%: r < 0.0099

Done in 0.00 min (cpu), 0.00 min (real)
----- 800 -----
 <<< Combine >>> 
>>> random number generator seed is 123456
Will use a-priori expected background instead of a-posteriori one.
>>> method used is AsymptoticLimits
SimNLL created with 1 channels, 0 generic constraints, 1 fast gaussian constraints, 0 fast poisson constraints, 0 fast group constraints, 

 -- AsymptoticLimits ( CLs ) --
Expected  2.5%: r < 0.0013
Expected 16.0%: r < 0.0015
Expected 50.0%: r < 0.0034
Expected 84.0%: r < 0.0065
Expected 97.5%: r < 0.0099

Done in 0.00 min (cpu), 0.00 min (real)
----- 900 -----
 <<< Combine >>> 
>>> random number generator seed is 123456
Will use a-priori expected background instead of a-posteriori one.
>>> method used is AsymptoticLimits
SimNLL created with 1 channels, 0 generic constraints, 1 fast gaussian constraints, 0 fast poisson constraints, 0 fast group constraints, 

 -- AsymptoticLimits ( CLs ) --
Expected  2.5%: r < 0.0013
Expected 16.0%: r < 0.0015
Expected 50.0%: r < 0.0034
Expected 84.0%: r < 0.0056
Expected 97.5%: r < 0.0101

Done in 0.00 min (cpu), 0.00 min (real)
----- 1000 -----
 <<< Combine >>> 
>>> random number generator seed is 123456
Will use a-priori expected background instead of a-posteriori one.
>>> method used is AsymptoticLimits
SimNLL created with 1 channels, 0 generic constraints, 1 fast gaussian constraints, 0 fast poisson constraints, 0 fast group constraints, 

 -- AsymptoticLimits ( CLs ) --
Expected  2.5%: r < 0.0009
Expected 16.0%: r < 0.0013
Expected 50.0%: r < 0.0024
Expected 84.0%: r < 0.0046
Expected 97.5%: r < 0.0071

Done in 0.00 min (cpu), 0.00 min (real)
----- 1150 -----
 <<< Combine >>> 
>>> random number generator seed is 123456
Will use a-priori expected background instead of a-posteriori one.
>>> method used is AsymptoticLimits
SimNLL created with 1 channels, 0 generic constraints, 1 fast gaussian constraints, 0 fast poisson constraints, 0 fast group constraints, 

 -- AsymptoticLimits ( CLs ) --
Expected  2.5%: r < 0.0009
Expected 16.0%: r < 0.0013
Expected 50.0%: r < 0.0024
Expected 84.0%: r < 0.0046
Expected 97.5%: r < 0.0071

Done in 0.00 min (cpu), 0.00 min (real)
----- 1300 -----
 <<< Combine >>> 
>>> random number generator seed is 123456
Will use a-priori expected background instead of a-posteriori one.
>>> method used is AsymptoticLimits
SimNLL created with 1 channels, 0 generic constraints, 1 fast gaussian constraints, 0 fast poisson constraints, 0 fast group constraints, 

 -- AsymptoticLimits ( CLs ) --
Expected  2.5%: r < 0.0009
Expected 16.0%: r < 0.0013
Expected 50.0%: r < 0.0024
Expected 84.0%: r < 0.0046
Expected 97.5%: r < 0.0071

Done in 0.00 min (cpu), 0.00 min (real)
----- 1500 -----
 <<< Combine >>> 
>>> random number generator seed is 123456
Will use a-priori expected background instead of a-posteriori one.
>>> method used is AsymptoticLimits
SimNLL created with 1 channels, 0 generic constraints, 1 fast gaussian constraints, 0 fast poisson constraints, 0 fast group constraints, 

 -- AsymptoticLimits ( CLs ) --
Expected  2.5%: r < 0.0009
Expected 16.0%: r < 0.0013
Expected 50.0%: r < 0.0024
Expected 84.0%: r < 0.0046
Expected 97.5%: r < 0.0071

Done in 0.00 min (cpu), 0.00 min (real)
----- 1700 -----
 <<< Combine >>> 
>>> random number generator seed is 123456
Will use a-priori expected background instead of a-posteriori one.
>>> method used is AsymptoticLimits
SimNLL created with 1 channels, 0 generic constraints, 1 fast gaussian constraints, 0 fast poisson constraints, 0 fast group constraints, 

 -- AsymptoticLimits ( CLs ) --
Expected  2.5%: r < 0.0009
Expected 16.0%: r < 0.0013
Expected 50.0%: r < 0.0024
Expected 84.0%: r < 0.0046
Expected 97.5%: r < 0.0071

Done in 0.00 min (cpu), 0.00 min (real)
----- 2000 -----
 <<< Combine >>> 
>>> random number generator seed is 123456
Will use a-priori expected background instead of a-posteriori one.
>>> method used is AsymptoticLimits
SimNLL created with 1 channels, 0 generic constraints, 1 fast gaussian constraints, 0 fast poisson constraints, 0 fast group constraints, 

 -- AsymptoticLimits ( CLs ) --
Expected  2.5%: r < 0.0009
Expected 16.0%: r < 0.0013
Expected 50.0%: r < 0.0024
Expected 84.0%: r < 0.0046
Expected 97.5%: r < 0.0071

Done in 0.00 min (cpu), 0.00 min (real)
----- 2300 -----
 <<< Combine >>> 
>>> random number generator seed is 123456
Will use a-priori expected background instead of a-posteriori one.
>>> method used is AsymptoticLimits
SimNLL created with 1 channels, 0 generic constraints, 1 fast gaussian constraints, 0 fast poisson constraints, 0 fast group constraints, 

 -- AsymptoticLimits ( CLs ) --
Expected  2.5%: r < 0.0009
Expected 16.0%: r < 0.0013
Expected 50.0%: r < 0.0024
Expected 84.0%: r < 0.0046
Expected 97.5%: r < 0.0071

Done in 0.00 min (cpu), 0.00 min (real)
----- 3500 -----
 <<< Combine >>> 
>>> random number generator seed is 123456
Will use a-priori expected background instead of a-posteriori one.
>>> method used is AsymptoticLimits
SimNLL created with 1 channels, 0 generic constraints, 1 fast gaussian constraints, 0 fast poisson constraints, 0 fast group constraints, 

 -- AsymptoticLimits ( CLs ) --
Expected  2.5%: r < 0.0009
Expected 16.0%: r < 0.0013
Expected 50.0%: r < 0.0024
Expected 84.0%: r < 0.0046
Expected 97.5%: r < 0.0071

Done in 0.00 min (cpu), 0.00 min (real)
