INFO: (function: asimovDatasetNominal) AsimovUtils.cc: 23 -- Parameters after fit for asimov dataset
INFO: (function: asimovDatasetNominal) AsimovUtils.cc: 27 -- CMS_channel = 10 
INFO: (function: asimovDatasetNominal) AsimovUtils.cc: 27 -- CMS_th1x = 8.5 
INFO: (function: asimovDatasetNominal) AsimovUtils.cc: 27 -- ONE = 1 (constant)
INFO: (function: asimovDatasetNominal) AsimovUtils.cc: 27 -- btag_cferr1 = 0 
INFO: (function: asimovDatasetNominal) AsimovUtils.cc: 27 -- btag_cferr1_In = 0 (constant)
INFO: (function: asimovDatasetNominal) AsimovUtils.cc: 27 -- btag_cferr2 = 0 
INFO: (function: asimovDatasetNominal) AsimovUtils.cc: 27 -- btag_cferr2_In = 0 (constant)
INFO: (function: asimovDatasetNominal) AsimovUtils.cc: 27 -- btag_hf = 0 
INFO: (function: asimovDatasetNominal) AsimovUtils.cc: 27 -- btag_hf_In = 0 (constant)
INFO: (function: asimovDatasetNominal) AsimovUtils.cc: 27 -- btag_hfstats1_UL16postVFP = 0 
INFO: (function: asimovDatasetNominal) AsimovUtils.cc: 27 -- btag_hfstats1_UL16postVFP_In = 0 (constant)
INFO: (function: asimovDatasetNominal) AsimovUtils.cc: 27 -- btag_hfstats1_UL16preVFP = 0 
INFO: (function: asimovDatasetNominal) AsimovUtils.cc: 27 -- btag_hfstats1_UL16preVFP_In = 0 (constant)
INFO: (function: asimovDatasetNominal) AsimovUtils.cc: 27 -- btag_hfstats1_UL17 = 0 
INFO: (function: asimovDatasetNominal) AsimovUtils.cc: 27 -- btag_hfstats1_UL17_In = 0 (constant)
INFO: (function: asimovDatasetNominal) AsimovUtils.cc: 27 -- btag_hfstats1_UL18 = 0 
INFO: (function: asimovDatasetNominal) AsimovUtils.cc: 27 -- btag_hfstats1_UL18_In = 0 (constant)
INFO: (function: asimovDatasetNominal) AsimovUtils.cc: 27 -- btag_hfstats2_UL16postVFP = 0 
INFO: (function: asimovDatasetNominal) AsimovUtils.cc: 27 -- btag_hfstats2_UL16postVFP_In = 0 (constant)
INFO: (function: asimovDatasetNominal) AsimovUtils.cc: 27 -- btag_hfstats2_UL16preVFP = 0 
INFO: (function: asimovDatasetNominal) AsimovUtils.cc: 27 -- btag_hfstats2_UL16preVFP_In = 0 (constant)
INFO: (function: asimovDatasetNominal) AsimovUtils.cc: 27 -- btag_hfstats2_UL17 = 0 
INFO: (function: asimovDatasetNominal) AsimovUtils.cc: 27 -- btag_hfstats2_UL17_In = 0 (constant)
INFO: (function: asimovDatasetNominal) AsimovUtils.cc: 27 -- btag_hfstats2_UL18 = 0 
INFO: (function: asimovDatasetNominal) AsimovUtils.cc: 27 -- btag_hfstats2_UL18_In = 0 (constant)
INFO: (function: asimovDatasetNominal) AsimovUtils.cc: 27 -- btag_lf = 0 
INFO: (function: asimovDatasetNominal) AsimovUtils.cc: 27 -- btag_lf_In = 0 (constant)
INFO: (function: asimovDatasetNominal) AsimovUtils.cc: 27 -- btag_lfstats1_UL16postVFP = 0 
INFO: (function: asimovDatasetNominal) AsimovUtils.cc: 27 -- btag_lfstats1_UL16postVFP_In = 0 (constant)
INFO: (function: asimovDatasetNominal) AsimovUtils.cc: 27 -- btag_lfstats1_UL16preVFP = 0 
INFO: (function: asimovDatasetNominal) AsimovUtils.cc: 27 -- btag_lfstats1_UL16preVFP_In = 0 (constant)
INFO: (function: asimovDatasetNominal) AsimovUtils.cc: 27 -- btag_lfstats1_UL17 = 0 
INFO: (function: asimovDatasetNominal) AsimovUtils.cc: 27 -- btag_lfstats1_UL17_In = 0 (constant)
INFO: (function: asimovDatasetNominal) AsimovUtils.cc: 27 -- btag_lfstats1_UL18 = 0 
INFO: (function: asimovDatasetNominal) AsimovUtils.cc: 27 -- btag_lfstats1_UL18_In = 0 (constant)
INFO: (function: asimovDatasetNominal) AsimovUtils.cc: 27 -- btag_lfstats2_UL16postVFP = 0 
INFO: (function: asimovDatasetNominal) AsimovUtils.cc: 27 -- btag_lfstats2_UL16postVFP_In = 0 (constant)
INFO: (function: asimovDatasetNominal) AsimovUtils.cc: 27 -- btag_lfstats2_UL16preVFP = 0 
INFO: (function: asimovDatasetNominal) AsimovUtils.cc: 27 -- btag_lfstats2_UL16preVFP_In = 0 (constant)
INFO: (function: asimovDatasetNominal) AsimovUtils.cc: 27 -- btag_lfstats2_UL17 = 0 
INFO: (function: asimovDatasetNominal) AsimovUtils.cc: 27 -- btag_lfstats2_UL17_In = 0 (constant)
INFO: (function: asimovDatasetNominal) AsimovUtils.cc: 27 -- btag_lfstats2_UL18 = 0 
INFO: (function: asimovDatasetNominal) AsimovUtils.cc: 27 -- btag_lfstats2_UL18_In = 0 (constant)
INFO: (function: asimovDatasetNominal) AsimovUtils.cc: 27 -- ele_id = 0 
INFO: (function: asimovDatasetNominal) AsimovUtils.cc: 27 -- ele_id_In = 0 (constant)
INFO: (function: asimovDatasetNominal) AsimovUtils.cc: 27 -- ele_reco = 0 
INFO: (function: asimovDatasetNominal) AsimovUtils.cc: 27 -- ele_reco_In = 0 (constant)
INFO: (function: asimovDatasetNominal) AsimovUtils.cc: 27 -- ele_trigger = 0 
INFO: (function: asimovDatasetNominal) AsimovUtils.cc: 27 -- ele_trigger_In = 0 (constant)
INFO: (function: asimovDatasetNominal) AsimovUtils.cc: 27 -- jec = 0 
INFO: (function: asimovDatasetNominal) AsimovUtils.cc: 27 -- jec_In = 0 (constant)
INFO: (function: asimovDatasetNominal) AsimovUtils.cc: 27 -- jer = 0 
INFO: (function: asimovDatasetNominal) AsimovUtils.cc: 27 -- jer_In = 0 (constant)
INFO: (function: asimovDatasetNominal) AsimovUtils.cc: 27 -- lumi_13TeV = 0 
INFO: (function: asimovDatasetNominal) AsimovUtils.cc: 27 -- lumi_13TeV_In = 0 (constant)
INFO: (function: asimovDatasetNominal) AsimovUtils.cc: 27 -- mask_CR1 = 0 (constant)
INFO: (function: asimovDatasetNominal) AsimovUtils.cc: 27 -- mask_CR2 = 0 (constant)
INFO: (function: asimovDatasetNominal) AsimovUtils.cc: 27 -- mask_SR_bin1_NoTopTag = 0 (constant)
INFO: (function: asimovDatasetNominal) AsimovUtils.cc: 27 -- mask_SR_bin1_TopTag = 0 (constant)
INFO: (function: asimovDatasetNominal) AsimovUtils.cc: 27 -- mask_SR_bin2_NoTopTag = 0 (constant)
INFO: (function: asimovDatasetNominal) AsimovUtils.cc: 27 -- mask_SR_bin2_TopTag = 0 (constant)
INFO: (function: asimovDatasetNominal) AsimovUtils.cc: 27 -- mask_SR_bin3_NoTopTag = 0 (constant)
INFO: (function: asimovDatasetNominal) AsimovUtils.cc: 27 -- mask_SR_bin3_TopTag = 0 (constant)
INFO: (function: asimovDatasetNominal) AsimovUtils.cc: 27 -- mask_SR_bin4 = 0 (constant)
INFO: (function: asimovDatasetNominal) AsimovUtils.cc: 27 -- mask_SR_bin5 = 0 (constant)
INFO: (function: asimovDatasetNominal) AsimovUtils.cc: 27 -- mask_SR_bin6 = 0 (constant)
INFO: (function: asimovDatasetNominal) AsimovUtils.cc: 27 -- mcscale = 0 
INFO: (function: asimovDatasetNominal) AsimovUtils.cc: 27 -- mcscale_In = 0 (constant)
INFO: (function: asimovDatasetNominal) AsimovUtils.cc: 27 -- mu_id = 0 
INFO: (function: asimovDatasetNominal) AsimovUtils.cc: 27 -- mu_id_In = 0 (constant)
INFO: (function: asimovDatasetNominal) AsimovUtils.cc: 27 -- mu_iso = 0 
INFO: (function: asimovDatasetNominal) AsimovUtils.cc: 27 -- mu_iso_In = 0 (constant)
INFO: (function: asimovDatasetNominal) AsimovUtils.cc: 27 -- mu_reco = 0 
INFO: (function: asimovDatasetNominal) AsimovUtils.cc: 27 -- mu_reco_In = 0 (constant)
INFO: (function: asimovDatasetNominal) AsimovUtils.cc: 27 -- mu_trigger = 0 
INFO: (function: asimovDatasetNominal) AsimovUtils.cc: 27 -- mu_trigger_In = 0 (constant)
INFO: (function: asimovDatasetNominal) AsimovUtils.cc: 27 -- others_rate = 0 
INFO: (function: asimovDatasetNominal) AsimovUtils.cc: 27 -- others_rate_In = 0 (constant)
INFO: (function: asimovDatasetNominal) AsimovUtils.cc: 27 -- pdf = 0 
INFO: (function: asimovDatasetNominal) AsimovUtils.cc: 27 -- pdf_In = 0 (constant)
INFO: (function: asimovDatasetNominal) AsimovUtils.cc: 27 -- prefiring = 0 
INFO: (function: asimovDatasetNominal) AsimovUtils.cc: 27 -- prefiring_In = 0 (constant)
INFO: (function: asimovDatasetNominal) AsimovUtils.cc: 27 -- prop_binCR1_bin0 = 0 
INFO: (function: asimovDatasetNominal) AsimovUtils.cc: 27 -- prop_binCR1_bin0_In = 0 (constant)
INFO: (function: asimovDatasetNominal) AsimovUtils.cc: 27 -- prop_binCR1_bin1 = 0 
INFO: (function: asimovDatasetNominal) AsimovUtils.cc: 27 -- prop_binCR1_bin1_In = 0 (constant)
INFO: (function: asimovDatasetNominal) AsimovUtils.cc: 27 -- prop_binCR1_bin2 = 0 
INFO: (function: asimovDatasetNominal) AsimovUtils.cc: 27 -- prop_binCR1_bin2_In = 0 (constant)
INFO: (function: asimovDatasetNominal) AsimovUtils.cc: 27 -- prop_binCR1_bin3 = 0 
INFO: (function: asimovDatasetNominal) AsimovUtils.cc: 27 -- prop_binCR1_bin3_In = 0 (constant)
INFO: (function: asimovDatasetNominal) AsimovUtils.cc: 27 -- prop_binCR1_bin4 = 0 
INFO: (function: asimovDatasetNominal) AsimovUtils.cc: 27 -- prop_binCR1_bin4_In = 0 (constant)
INFO: (function: asimovDatasetNominal) AsimovUtils.cc: 27 -- prop_binCR1_bin5 = 0 
INFO: (function: asimovDatasetNominal) AsimovUtils.cc: 27 -- prop_binCR1_bin5_In = 0 (constant)
INFO: (function: asimovDatasetNominal) AsimovUtils.cc: 27 -- prop_binCR1_bin6 = 0 
INFO: (function: asimovDatasetNominal) AsimovUtils.cc: 27 -- prop_binCR1_bin6_In = 0 (constant)
INFO: (function: asimovDatasetNominal) AsimovUtils.cc: 27 -- prop_binCR1_bin7 = 0 
INFO: (function: asimovDatasetNominal) AsimovUtils.cc: 27 -- prop_binCR1_bin7_In = 0 (constant)
INFO: (function: asimovDatasetNominal) AsimovUtils.cc: 27 -- prop_binCR1_bin8 = 0 
INFO: (function: asimovDatasetNominal) AsimovUtils.cc: 27 -- prop_binCR1_bin8_In = 0 (constant)
INFO: (function: asimovDatasetNominal) AsimovUtils.cc: 27 -- prop_binCR2_bin0 = 0 
INFO: (function: asimovDatasetNominal) AsimovUtils.cc: 27 -- prop_binCR2_bin0_In = 0 (constant)
INFO: (function: asimovDatasetNominal) AsimovUtils.cc: 27 -- prop_binCR2_bin1 = 0 
INFO: (function: asimovDatasetNominal) AsimovUtils.cc: 27 -- prop_binCR2_bin1_In = 0 (constant)
INFO: (function: asimovDatasetNominal) AsimovUtils.cc: 27 -- prop_binCR2_bin2 = 0 
INFO: (function: asimovDatasetNominal) AsimovUtils.cc: 27 -- prop_binCR2_bin2_In = 0 (constant)
INFO: (function: asimovDatasetNominal) AsimovUtils.cc: 27 -- prop_binCR2_bin3 = 0 
INFO: (function: asimovDatasetNominal) AsimovUtils.cc: 27 -- prop_binCR2_bin3_In = 0 (constant)
INFO: (function: asimovDatasetNominal) AsimovUtils.cc: 27 -- prop_binCR2_bin4 = 0 
INFO: (function: asimovDatasetNominal) AsimovUtils.cc: 27 -- prop_binCR2_bin4_In = 0 (constant)
INFO: (function: asimovDatasetNominal) AsimovUtils.cc: 27 -- prop_binCR2_bin5 = 0 
INFO: (function: asimovDatasetNominal) AsimovUtils.cc: 27 -- prop_binCR2_bin5_In = 0 (constant)
INFO: (function: asimovDatasetNominal) AsimovUtils.cc: 27 -- prop_binCR2_bin6 = 0 
INFO: (function: asimovDatasetNominal) AsimovUtils.cc: 27 -- prop_binCR2_bin6_In = 0 (constant)
INFO: (function: asimovDatasetNominal) AsimovUtils.cc: 27 -- prop_binCR2_bin7 = 0 
INFO: (function: asimovDatasetNominal) AsimovUtils.cc: 27 -- prop_binCR2_bin7_In = 0 (constant)
INFO: (function: asimovDatasetNominal) AsimovUtils.cc: 27 -- prop_binCR2_bin8 = 0 
INFO: (function: asimovDatasetNominal) AsimovUtils.cc: 27 -- prop_binCR2_bin8_In = 0 (constant)
INFO: (function: asimovDatasetNominal) AsimovUtils.cc: 27 -- prop_binSR_bin1_NoTopTag_bin0 = 0 
INFO: (function: asimovDatasetNominal) AsimovUtils.cc: 27 -- prop_binSR_bin1_NoTopTag_bin0_In = 0 (constant)
INFO: (function: asimovDatasetNominal) AsimovUtils.cc: 27 -- prop_binSR_bin1_NoTopTag_bin1 = 0 
INFO: (function: asimovDatasetNominal) AsimovUtils.cc: 27 -- prop_binSR_bin1_NoTopTag_bin1_In = 0 (constant)
INFO: (function: asimovDatasetNominal) AsimovUtils.cc: 27 -- prop_binSR_bin1_NoTopTag_bin2 = 0 
INFO: (function: asimovDatasetNominal) AsimovUtils.cc: 27 -- prop_binSR_bin1_NoTopTag_bin2_In = 0 (constant)
INFO: (function: asimovDatasetNominal) AsimovUtils.cc: 27 -- prop_binSR_bin1_NoTopTag_bin3 = 0 
INFO: (function: asimovDatasetNominal) AsimovUtils.cc: 27 -- prop_binSR_bin1_NoTopTag_bin3_In = 0 (constant)
INFO: (function: asimovDatasetNominal) AsimovUtils.cc: 27 -- prop_binSR_bin1_NoTopTag_bin4 = 0 
INFO: (function: asimovDatasetNominal) AsimovUtils.cc: 27 -- prop_binSR_bin1_NoTopTag_bin4_In = 0 (constant)
INFO: (function: asimovDatasetNominal) AsimovUtils.cc: 27 -- prop_binSR_bin1_NoTopTag_bin5 = 0 
INFO: (function: asimovDatasetNominal) AsimovUtils.cc: 27 -- prop_binSR_bin1_NoTopTag_bin5_In = 0 (constant)
INFO: (function: asimovDatasetNominal) AsimovUtils.cc: 27 -- prop_binSR_bin1_NoTopTag_bin6 = 0 
INFO: (function: asimovDatasetNominal) AsimovUtils.cc: 27 -- prop_binSR_bin1_NoTopTag_bin6_In = 0 (constant)
INFO: (function: asimovDatasetNominal) AsimovUtils.cc: 27 -- prop_binSR_bin1_NoTopTag_bin7 = 0 
INFO: (function: asimovDatasetNominal) AsimovUtils.cc: 27 -- prop_binSR_bin1_NoTopTag_bin7_In = 0 (constant)
INFO: (function: asimovDatasetNominal) AsimovUtils.cc: 27 -- prop_binSR_bin1_NoTopTag_bin8 = 0 
INFO: (function: asimovDatasetNominal) AsimovUtils.cc: 27 -- prop_binSR_bin1_NoTopTag_bin8_In = 0 (constant)
INFO: (function: asimovDatasetNominal) AsimovUtils.cc: 27 -- prop_binSR_bin1_TopTag_bin0 = 0 
INFO: (function: asimovDatasetNominal) AsimovUtils.cc: 27 -- prop_binSR_bin1_TopTag_bin0_In = 0 (constant)
INFO: (function: asimovDatasetNominal) AsimovUtils.cc: 27 -- prop_binSR_bin1_TopTag_bin1 = 0 
INFO: (function: asimovDatasetNominal) AsimovUtils.cc: 27 -- prop_binSR_bin1_TopTag_bin1_In = 0 (constant)
INFO: (function: asimovDatasetNominal) AsimovUtils.cc: 27 -- prop_binSR_bin1_TopTag_bin2 = 0 
INFO: (function: asimovDatasetNominal) AsimovUtils.cc: 27 -- prop_binSR_bin1_TopTag_bin2_In = 0 (constant)
INFO: (function: asimovDatasetNominal) AsimovUtils.cc: 27 -- prop_binSR_bin1_TopTag_bin3 = 0 
INFO: (function: asimovDatasetNominal) AsimovUtils.cc: 27 -- prop_binSR_bin1_TopTag_bin3_In = 0 (constant)
INFO: (function: asimovDatasetNominal) AsimovUtils.cc: 27 -- prop_binSR_bin1_TopTag_bin4 = 0 
INFO: (function: asimovDatasetNominal) AsimovUtils.cc: 27 -- prop_binSR_bin1_TopTag_bin4_In = 0 (constant)
INFO: (function: asimovDatasetNominal) AsimovUtils.cc: 27 -- prop_binSR_bin1_TopTag_bin5 = 0 
INFO: (function: asimovDatasetNominal) AsimovUtils.cc: 27 -- prop_binSR_bin1_TopTag_bin5_In = 0 (constant)
INFO: (function: asimovDatasetNominal) AsimovUtils.cc: 27 -- prop_binSR_bin1_TopTag_bin6 = 0 
INFO: (function: asimovDatasetNominal) AsimovUtils.cc: 27 -- prop_binSR_bin1_TopTag_bin6_In = 0 (constant)
INFO: (function: asimovDatasetNominal) AsimovUtils.cc: 27 -- prop_binSR_bin1_TopTag_bin7 = 0 
INFO: (function: asimovDatasetNominal) AsimovUtils.cc: 27 -- prop_binSR_bin1_TopTag_bin7_In = 0 (constant)
INFO: (function: asimovDatasetNominal) AsimovUtils.cc: 27 -- prop_binSR_bin1_TopTag_bin8 = 0 
INFO: (function: asimovDatasetNominal) AsimovUtils.cc: 27 -- prop_binSR_bin1_TopTag_bin8_In = 0 (constant)
INFO: (function: asimovDatasetNominal) AsimovUtils.cc: 27 -- prop_binSR_bin2_NoTopTag_bin0 = 0 
INFO: (function: asimovDatasetNominal) AsimovUtils.cc: 27 -- prop_binSR_bin2_NoTopTag_bin0_In = 0 (constant)
INFO: (function: asimovDatasetNominal) AsimovUtils.cc: 27 -- prop_binSR_bin2_NoTopTag_bin1 = 0 
INFO: (function: asimovDatasetNominal) AsimovUtils.cc: 27 -- prop_binSR_bin2_NoTopTag_bin1_In = 0 (constant)
INFO: (function: asimovDatasetNominal) AsimovUtils.cc: 27 -- prop_binSR_bin2_NoTopTag_bin2 = 0 
INFO: (function: asimovDatasetNominal) AsimovUtils.cc: 27 -- prop_binSR_bin2_NoTopTag_bin2_In = 0 (constant)
INFO: (function: asimovDatasetNominal) AsimovUtils.cc: 27 -- prop_binSR_bin2_NoTopTag_bin3 = 0 
INFO: (function: asimovDatasetNominal) AsimovUtils.cc: 27 -- prop_binSR_bin2_NoTopTag_bin3_In = 0 (constant)
INFO: (function: asimovDatasetNominal) AsimovUtils.cc: 27 -- prop_binSR_bin2_NoTopTag_bin4 = 0 
INFO: (function: asimovDatasetNominal) AsimovUtils.cc: 27 -- prop_binSR_bin2_NoTopTag_bin4_In = 0 (constant)
INFO: (function: asimovDatasetNominal) AsimovUtils.cc: 27 -- prop_binSR_bin2_NoTopTag_bin5 = 0 
INFO: (function: asimovDatasetNominal) AsimovUtils.cc: 27 -- prop_binSR_bin2_NoTopTag_bin5_In = 0 (constant)
INFO: (function: asimovDatasetNominal) AsimovUtils.cc: 27 -- prop_binSR_bin2_NoTopTag_bin6 = 0 
INFO: (function: asimovDatasetNominal) AsimovUtils.cc: 27 -- prop_binSR_bin2_NoTopTag_bin6_In = 0 (constant)
INFO: (function: asimovDatasetNominal) AsimovUtils.cc: 27 -- prop_binSR_bin2_NoTopTag_bin7 = 0 
INFO: (function: asimovDatasetNominal) AsimovUtils.cc: 27 -- prop_binSR_bin2_NoTopTag_bin7_In = 0 (constant)
INFO: (function: asimovDatasetNominal) AsimovUtils.cc: 27 -- prop_binSR_bin2_NoTopTag_bin8 = 0 
INFO: (function: asimovDatasetNominal) AsimovUtils.cc: 27 -- prop_binSR_bin2_NoTopTag_bin8_In = 0 (constant)
INFO: (function: asimovDatasetNominal) AsimovUtils.cc: 27 -- prop_binSR_bin2_TopTag_bin0 = 0 
INFO: (function: asimovDatasetNominal) AsimovUtils.cc: 27 -- prop_binSR_bin2_TopTag_bin0_In = 0 (constant)
INFO: (function: asimovDatasetNominal) AsimovUtils.cc: 27 -- prop_binSR_bin2_TopTag_bin1 = 0 
INFO: (function: asimovDatasetNominal) AsimovUtils.cc: 27 -- prop_binSR_bin2_TopTag_bin1_In = 0 (constant)
INFO: (function: asimovDatasetNominal) AsimovUtils.cc: 27 -- prop_binSR_bin2_TopTag_bin2 = 0 
INFO: (function: asimovDatasetNominal) AsimovUtils.cc: 27 -- prop_binSR_bin2_TopTag_bin2_In = 0 (constant)
INFO: (function: asimovDatasetNominal) AsimovUtils.cc: 27 -- prop_binSR_bin2_TopTag_bin3 = 0 
INFO: (function: asimovDatasetNominal) AsimovUtils.cc: 27 -- prop_binSR_bin2_TopTag_bin3_In = 0 (constant)
INFO: (function: asimovDatasetNominal) AsimovUtils.cc: 27 -- prop_binSR_bin2_TopTag_bin4 = 0 
INFO: (function: asimovDatasetNominal) AsimovUtils.cc: 27 -- prop_binSR_bin2_TopTag_bin4_In = 0 (constant)
INFO: (function: asimovDatasetNominal) AsimovUtils.cc: 27 -- prop_binSR_bin2_TopTag_bin5 = 0 
INFO: (function: asimovDatasetNominal) AsimovUtils.cc: 27 -- prop_binSR_bin2_TopTag_bin5_In = 0 (constant)
INFO: (function: asimovDatasetNominal) AsimovUtils.cc: 27 -- prop_binSR_bin2_TopTag_bin6 = 0 
INFO: (function: asimovDatasetNominal) AsimovUtils.cc: 27 -- prop_binSR_bin2_TopTag_bin6_In = 0 (constant)
INFO: (function: asimovDatasetNominal) AsimovUtils.cc: 27 -- prop_binSR_bin2_TopTag_bin7 = 0 
INFO: (function: asimovDatasetNominal) AsimovUtils.cc: 27 -- prop_binSR_bin2_TopTag_bin7_In = 0 (constant)
INFO: (function: asimovDatasetNominal) AsimovUtils.cc: 27 -- prop_binSR_bin2_TopTag_bin8 = 0 
INFO: (function: asimovDatasetNominal) AsimovUtils.cc: 27 -- prop_binSR_bin2_TopTag_bin8_In = 0 (constant)
INFO: (function: asimovDatasetNominal) AsimovUtils.cc: 27 -- prop_binSR_bin3_NoTopTag_bin0 = 0 
INFO: (function: asimovDatasetNominal) AsimovUtils.cc: 27 -- prop_binSR_bin3_NoTopTag_bin0_In = 0 (constant)
INFO: (function: asimovDatasetNominal) AsimovUtils.cc: 27 -- prop_binSR_bin3_NoTopTag_bin1 = 0 
INFO: (function: asimovDatasetNominal) AsimovUtils.cc: 27 -- prop_binSR_bin3_NoTopTag_bin1_In = 0 (constant)
INFO: (function: asimovDatasetNominal) AsimovUtils.cc: 27 -- prop_binSR_bin3_NoTopTag_bin2 = 0 
INFO: (function: asimovDatasetNominal) AsimovUtils.cc: 27 -- prop_binSR_bin3_NoTopTag_bin2_In = 0 (constant)
INFO: (function: asimovDatasetNominal) AsimovUtils.cc: 27 -- prop_binSR_bin3_NoTopTag_bin3 = 0 
INFO: (function: asimovDatasetNominal) AsimovUtils.cc: 27 -- prop_binSR_bin3_NoTopTag_bin3_In = 0 (constant)
INFO: (function: asimovDatasetNominal) AsimovUtils.cc: 27 -- prop_binSR_bin3_NoTopTag_bin4 = 0 
INFO: (function: asimovDatasetNominal) AsimovUtils.cc: 27 -- prop_binSR_bin3_NoTopTag_bin4_In = 0 (constant)
INFO: (function: asimovDatasetNominal) AsimovUtils.cc: 27 -- prop_binSR_bin3_NoTopTag_bin5 = 0 
INFO: (function: asimovDatasetNominal) AsimovUtils.cc: 27 -- prop_binSR_bin3_NoTopTag_bin5_In = 0 (constant)
INFO: (function: asimovDatasetNominal) AsimovUtils.cc: 27 -- prop_binSR_bin3_NoTopTag_bin6 = 0 
INFO: (function: asimovDatasetNominal) AsimovUtils.cc: 27 -- prop_binSR_bin3_NoTopTag_bin6_In = 0 (constant)
INFO: (function: asimovDatasetNominal) AsimovUtils.cc: 27 -- prop_binSR_bin3_NoTopTag_bin7 = 0 
INFO: (function: asimovDatasetNominal) AsimovUtils.cc: 27 -- prop_binSR_bin3_NoTopTag_bin7_In = 0 (constant)
INFO: (function: asimovDatasetNominal) AsimovUtils.cc: 27 -- prop_binSR_bin3_NoTopTag_bin8 = 0 
INFO: (function: asimovDatasetNominal) AsimovUtils.cc: 27 -- prop_binSR_bin3_NoTopTag_bin8_In = 0 (constant)
INFO: (function: asimovDatasetNominal) AsimovUtils.cc: 27 -- prop_binSR_bin3_TopTag_bin0 = 0 
INFO: (function: asimovDatasetNominal) AsimovUtils.cc: 27 -- prop_binSR_bin3_TopTag_bin0_In = 0 (constant)
INFO: (function: asimovDatasetNominal) AsimovUtils.cc: 27 -- prop_binSR_bin3_TopTag_bin1 = 0 
INFO: (function: asimovDatasetNominal) AsimovUtils.cc: 27 -- prop_binSR_bin3_TopTag_bin1_In = 0 (constant)
INFO: (function: asimovDatasetNominal) AsimovUtils.cc: 27 -- prop_binSR_bin3_TopTag_bin2 = 0 
INFO: (function: asimovDatasetNominal) AsimovUtils.cc: 27 -- prop_binSR_bin3_TopTag_bin2_In = 0 (constant)
INFO: (function: asimovDatasetNominal) AsimovUtils.cc: 27 -- prop_binSR_bin3_TopTag_bin3 = 0 
INFO: (function: asimovDatasetNominal) AsimovUtils.cc: 27 -- prop_binSR_bin3_TopTag_bin3_In = 0 (constant)
INFO: (function: asimovDatasetNominal) AsimovUtils.cc: 27 -- prop_binSR_bin3_TopTag_bin4 = 0 
INFO: (function: asimovDatasetNominal) AsimovUtils.cc: 27 -- prop_binSR_bin3_TopTag_bin4_In = 0 (constant)
INFO: (function: asimovDatasetNominal) AsimovUtils.cc: 27 -- prop_binSR_bin3_TopTag_bin5 = 0 
INFO: (function: asimovDatasetNominal) AsimovUtils.cc: 27 -- prop_binSR_bin3_TopTag_bin5_In = 0 (constant)
INFO: (function: asimovDatasetNominal) AsimovUtils.cc: 27 -- prop_binSR_bin3_TopTag_bin6 = 0 
INFO: (function: asimovDatasetNominal) AsimovUtils.cc: 27 -- prop_binSR_bin3_TopTag_bin6_In = 0 (constant)
INFO: (function: asimovDatasetNominal) AsimovUtils.cc: 27 -- prop_binSR_bin3_TopTag_bin7 = 0 
INFO: (function: asimovDatasetNominal) AsimovUtils.cc: 27 -- prop_binSR_bin3_TopTag_bin7_In = 0 (constant)
INFO: (function: asimovDatasetNominal) AsimovUtils.cc: 27 -- prop_binSR_bin3_TopTag_bin8 = 0 
INFO: (function: asimovDatasetNominal) AsimovUtils.cc: 27 -- prop_binSR_bin3_TopTag_bin8_In = 0 (constant)
INFO: (function: asimovDatasetNominal) AsimovUtils.cc: 27 -- prop_binSR_bin4_bin0 = 0 
INFO: (function: asimovDatasetNominal) AsimovUtils.cc: 27 -- prop_binSR_bin4_bin0_In = 0 (constant)
INFO: (function: asimovDatasetNominal) AsimovUtils.cc: 27 -- prop_binSR_bin4_bin1 = 0 
INFO: (function: asimovDatasetNominal) AsimovUtils.cc: 27 -- prop_binSR_bin4_bin1_In = 0 (constant)
INFO: (function: asimovDatasetNominal) AsimovUtils.cc: 27 -- prop_binSR_bin4_bin2 = 0 
INFO: (function: asimovDatasetNominal) AsimovUtils.cc: 27 -- prop_binSR_bin4_bin2_In = 0 (constant)
INFO: (function: asimovDatasetNominal) AsimovUtils.cc: 27 -- prop_binSR_bin4_bin3 = 0 
INFO: (function: asimovDatasetNominal) AsimovUtils.cc: 27 -- prop_binSR_bin4_bin3_In = 0 (constant)
INFO: (function: asimovDatasetNominal) AsimovUtils.cc: 27 -- prop_binSR_bin4_bin4 = 0 
INFO: (function: asimovDatasetNominal) AsimovUtils.cc: 27 -- prop_binSR_bin4_bin4_In = 0 (constant)
INFO: (function: asimovDatasetNominal) AsimovUtils.cc: 27 -- prop_binSR_bin4_bin5 = 0 
INFO: (function: asimovDatasetNominal) AsimovUtils.cc: 27 -- prop_binSR_bin4_bin5_In = 0 (constant)
INFO: (function: asimovDatasetNominal) AsimovUtils.cc: 27 -- prop_binSR_bin4_bin6 = 0 
INFO: (function: asimovDatasetNominal) AsimovUtils.cc: 27 -- prop_binSR_bin4_bin6_In = 0 (constant)
INFO: (function: asimovDatasetNominal) AsimovUtils.cc: 27 -- prop_binSR_bin4_bin7 = 0 
INFO: (function: asimovDatasetNominal) AsimovUtils.cc: 27 -- prop_binSR_bin4_bin7_In = 0 (constant)
INFO: (function: asimovDatasetNominal) AsimovUtils.cc: 27 -- prop_binSR_bin4_bin8 = 0 
INFO: (function: asimovDatasetNominal) AsimovUtils.cc: 27 -- prop_binSR_bin4_bin8_In = 0 (constant)
INFO: (function: asimovDatasetNominal) AsimovUtils.cc: 27 -- prop_binSR_bin5_bin0 = 0 
INFO: (function: asimovDatasetNominal) AsimovUtils.cc: 27 -- prop_binSR_bin5_bin0_In = 0 (constant)
INFO: (function: asimovDatasetNominal) AsimovUtils.cc: 27 -- prop_binSR_bin5_bin1 = 0 
INFO: (function: asimovDatasetNominal) AsimovUtils.cc: 27 -- prop_binSR_bin5_bin1_In = 0 (constant)
INFO: (function: asimovDatasetNominal) AsimovUtils.cc: 27 -- prop_binSR_bin5_bin2 = 0 
INFO: (function: asimovDatasetNominal) AsimovUtils.cc: 27 -- prop_binSR_bin5_bin2_In = 0 (constant)
INFO: (function: asimovDatasetNominal) AsimovUtils.cc: 27 -- prop_binSR_bin5_bin3 = 0 
INFO: (function: asimovDatasetNominal) AsimovUtils.cc: 27 -- prop_binSR_bin5_bin3_In = 0 (constant)
INFO: (function: asimovDatasetNominal) AsimovUtils.cc: 27 -- prop_binSR_bin5_bin4 = 0 
INFO: (function: asimovDatasetNominal) AsimovUtils.cc: 27 -- prop_binSR_bin5_bin4_In = 0 (constant)
INFO: (function: asimovDatasetNominal) AsimovUtils.cc: 27 -- prop_binSR_bin5_bin5 = 0 
INFO: (function: asimovDatasetNominal) AsimovUtils.cc: 27 -- prop_binSR_bin5_bin5_In = 0 (constant)
INFO: (function: asimovDatasetNominal) AsimovUtils.cc: 27 -- prop_binSR_bin5_bin6 = 0 
INFO: (function: asimovDatasetNominal) AsimovUtils.cc: 27 -- prop_binSR_bin5_bin6_In = 0 (constant)
INFO: (function: asimovDatasetNominal) AsimovUtils.cc: 27 -- prop_binSR_bin5_bin7 = 0 
INFO: (function: asimovDatasetNominal) AsimovUtils.cc: 27 -- prop_binSR_bin5_bin7_In = 0 (constant)
INFO: (function: asimovDatasetNominal) AsimovUtils.cc: 27 -- prop_binSR_bin5_bin8 = 0 
INFO: (function: asimovDatasetNominal) AsimovUtils.cc: 27 -- prop_binSR_bin5_bin8_In = 0 (constant)
INFO: (function: asimovDatasetNominal) AsimovUtils.cc: 27 -- prop_binSR_bin6_bin0 = 0 
INFO: (function: asimovDatasetNominal) AsimovUtils.cc: 27 -- prop_binSR_bin6_bin0_In = 0 (constant)
INFO: (function: asimovDatasetNominal) AsimovUtils.cc: 27 -- prop_binSR_bin6_bin1 = 0 
INFO: (function: asimovDatasetNominal) AsimovUtils.cc: 27 -- prop_binSR_bin6_bin1_In = 0 (constant)
INFO: (function: asimovDatasetNominal) AsimovUtils.cc: 27 -- prop_binSR_bin6_bin2 = 0 
INFO: (function: asimovDatasetNominal) AsimovUtils.cc: 27 -- prop_binSR_bin6_bin2_In = 0 (constant)
INFO: (function: asimovDatasetNominal) AsimovUtils.cc: 27 -- prop_binSR_bin6_bin3 = 0 
INFO: (function: asimovDatasetNominal) AsimovUtils.cc: 27 -- prop_binSR_bin6_bin3_In = 0 (constant)
INFO: (function: asimovDatasetNominal) AsimovUtils.cc: 27 -- prop_binSR_bin6_bin4 = 0 
INFO: (function: asimovDatasetNominal) AsimovUtils.cc: 27 -- prop_binSR_bin6_bin4_In = 0 (constant)
INFO: (function: asimovDatasetNominal) AsimovUtils.cc: 27 -- prop_binSR_bin6_bin5 = 0 
INFO: (function: asimovDatasetNominal) AsimovUtils.cc: 27 -- prop_binSR_bin6_bin5_In = 0 (constant)
INFO: (function: asimovDatasetNominal) AsimovUtils.cc: 27 -- prop_binSR_bin6_bin6 = 0 
INFO: (function: asimovDatasetNominal) AsimovUtils.cc: 27 -- prop_binSR_bin6_bin6_In = 0 (constant)
INFO: (function: asimovDatasetNominal) AsimovUtils.cc: 27 -- prop_binSR_bin6_bin7 = 0 
INFO: (function: asimovDatasetNominal) AsimovUtils.cc: 27 -- prop_binSR_bin6_bin7_In = 0 (constant)
INFO: (function: asimovDatasetNominal) AsimovUtils.cc: 27 -- prop_binSR_bin6_bin8 = 0 
INFO: (function: asimovDatasetNominal) AsimovUtils.cc: 27 -- prop_binSR_bin6_bin8_In = 0 (constant)
INFO: (function: asimovDatasetNominal) AsimovUtils.cc: 27 -- pu = 0 
INFO: (function: asimovDatasetNominal) AsimovUtils.cc: 27 -- pu_In = 0 (constant)
INFO: (function: asimovDatasetNominal) AsimovUtils.cc: 27 -- r = 0 (constant)
INFO: (function: asimovDatasetNominal) AsimovUtils.cc: 27 -- st_rate = 0 
INFO: (function: asimovDatasetNominal) AsimovUtils.cc: 27 -- st_rate_In = 0 (constant)
INFO: (function: asimovDatasetNominal) AsimovUtils.cc: 27 -- tmistag = 0 
INFO: (function: asimovDatasetNominal) AsimovUtils.cc: 27 -- tmistag_In = 0 (constant)
INFO: (function: asimovDatasetNominal) AsimovUtils.cc: 27 -- ttag_corr = 0 
INFO: (function: asimovDatasetNominal) AsimovUtils.cc: 27 -- ttag_uncorr_UL16postVFP = 0 
INFO: (function: asimovDatasetNominal) AsimovUtils.cc: 27 -- ttag_uncorr_UL16preVFP = 0 
INFO: (function: asimovDatasetNominal) AsimovUtils.cc: 27 -- ttag_uncorr_UL17 = 0 
INFO: (function: asimovDatasetNominal) AsimovUtils.cc: 27 -- ttag_uncorr_UL18 = 0 
INFO: (function: asimovDatasetNominal) AsimovUtils.cc: 27 -- ttbar_rate = 0 
INFO: (function: asimovDatasetNominal) AsimovUtils.cc: 27 -- ttbar_rate_In = 0 (constant)
INFO: (function: asimovDatasetNominal) AsimovUtils.cc: 27 -- wjets_rate = 0 
INFO: (function: asimovDatasetNominal) AsimovUtils.cc: 27 -- wjets_rate_In = 0 (constant)
INFO: (function: generateAsimov) ToyMCSamplerOpt.cc: 146 -- Using internal logic for binned/unbinned Asimov dataset generation
INFO: (function: generateWithHisto) ToyMCSamplerOpt.cc: 221 -- Generating asimov with histogram for pdf pdf_binSR_bin1_TopTag_obsOnly: in 9 x-bins
INFO: (function: generateAsimov) ToyMCSamplerOpt.cc: 146 -- Using internal logic for binned/unbinned Asimov dataset generation
INFO: (function: generateWithHisto) ToyMCSamplerOpt.cc: 221 -- Generating asimov with histogram for pdf pdf_binSR_bin1_NoTopTag_obsOnly: in 9 x-bins
INFO: (function: generateAsimov) ToyMCSamplerOpt.cc: 146 -- Using internal logic for binned/unbinned Asimov dataset generation
INFO: (function: generateWithHisto) ToyMCSamplerOpt.cc: 221 -- Generating asimov with histogram for pdf pdf_binSR_bin2_TopTag_obsOnly: in 9 x-bins
INFO: (function: generateAsimov) ToyMCSamplerOpt.cc: 146 -- Using internal logic for binned/unbinned Asimov dataset generation
INFO: (function: generateWithHisto) ToyMCSamplerOpt.cc: 221 -- Generating asimov with histogram for pdf pdf_binSR_bin2_NoTopTag_obsOnly: in 9 x-bins
INFO: (function: generateAsimov) ToyMCSamplerOpt.cc: 146 -- Using internal logic for binned/unbinned Asimov dataset generation
INFO: (function: generateWithHisto) ToyMCSamplerOpt.cc: 221 -- Generating asimov with histogram for pdf pdf_binSR_bin3_TopTag_obsOnly: in 9 x-bins
INFO: (function: generateAsimov) ToyMCSamplerOpt.cc: 146 -- Using internal logic for binned/unbinned Asimov dataset generation
INFO: (function: generateWithHisto) ToyMCSamplerOpt.cc: 221 -- Generating asimov with histogram for pdf pdf_binSR_bin3_NoTopTag_obsOnly: in 9 x-bins
INFO: (function: generateAsimov) ToyMCSamplerOpt.cc: 146 -- Using internal logic for binned/unbinned Asimov dataset generation
INFO: (function: generateWithHisto) ToyMCSamplerOpt.cc: 221 -- Generating asimov with histogram for pdf pdf_binSR_bin4_obsOnly: in 9 x-bins
INFO: (function: generateAsimov) ToyMCSamplerOpt.cc: 146 -- Using internal logic for binned/unbinned Asimov dataset generation
INFO: (function: generateWithHisto) ToyMCSamplerOpt.cc: 221 -- Generating asimov with histogram for pdf pdf_binSR_bin5_obsOnly: in 9 x-bins
INFO: (function: generateAsimov) ToyMCSamplerOpt.cc: 146 -- Using internal logic for binned/unbinned Asimov dataset generation
INFO: (function: generateWithHisto) ToyMCSamplerOpt.cc: 221 -- Generating asimov with histogram for pdf pdf_binSR_bin6_obsOnly: in 9 x-bins
INFO: (function: generateAsimov) ToyMCSamplerOpt.cc: 146 -- Using internal logic for binned/unbinned Asimov dataset generation
INFO: (function: generateWithHisto) ToyMCSamplerOpt.cc: 221 -- Generating asimov with histogram for pdf pdf_binCR1_obsOnly: in 9 x-bins
INFO: (function: generateAsimov) ToyMCSamplerOpt.cc: 146 -- Using internal logic for binned/unbinned Asimov dataset generation
INFO: (function: generateWithHisto) ToyMCSamplerOpt.cc: 221 -- Generating asimov with histogram for pdf pdf_binCR2_obsOnly: in 9 x-bins
INFO: (function: improveOnce) CascadeMinimizer.cc: 188 -- Minimisation configured with Type=Minuit2, Algo=Migrad, strategy=1, tolerance=0.1
INFO: (function: improveOnce) CascadeMinimizer.cc: 211 -- Minimisation finished with status=0
INFO: (function: improveOnce) CascadeMinimizer.cc: 216 -- Minimization success! status=0
INFO: (function: anyParameterAtBoundaries) utils.cc: 1039 -- Found parameter ttag_uncorr_UL18 at boundary (within ~1sigma): -0.019458+/-1.33324
INFO: (function: anyParameterAtBoundaries) utils.cc: 1039 -- Found parameter ttag_uncorr_UL16preVFP at boundary (within ~1sigma): -0.0811515+/-1.26746
INFO: (function: anyParameterAtBoundaries) utils.cc: 1039 -- Found parameter ttag_uncorr_UL17 at boundary (within ~1sigma): 0.0617481+/-1.46536
INFO: (function: anyParameterAtBoundaries) utils.cc: 1039 -- Found parameter ttag_uncorr_UL16postVFP at boundary (within ~1sigma): -0.0461131+/-1.19527
INFO: (function: minimize) CascadeMinimizer.cc: 480 -- After fit, some parameters are found at the boundary (within ~1sigma)
INFO: (function: improveOnce) CascadeMinimizer.cc: 188 -- Minimisation configured with Type=Minuit2, Algo=Migrad, strategy=1, tolerance=0.1
INFO: (function: improveOnce) CascadeMinimizer.cc: 211 -- Minimisation finished with status=0
INFO: (function: improveOnce) CascadeMinimizer.cc: 216 -- Minimization success! status=0
INFO: (function: improveOnce) CascadeMinimizer.cc: 188 -- Minimisation configured with Type=Minuit2, Algo=Migrad, strategy=1, tolerance=0.1
INFO: (function: improveOnce) CascadeMinimizer.cc: 211 -- Minimisation finished with status=0
INFO: (function: improveOnce) CascadeMinimizer.cc: 216 -- Minimization success! status=0
INFO: (function: improveOnce) CascadeMinimizer.cc: 188 -- Minimisation configured with Type=Minuit2, Algo=Migrad, strategy=1, tolerance=0.1
INFO: (function: improveOnce) CascadeMinimizer.cc: 211 -- Minimisation finished with status=1
DEBUG: (function: improveOnce) CascadeMinimizer.cc: 212 -- finished with status 1 (covariance forced positive definite), this could indicate a problem with the minimim.
INFO: (function: improveOnce) CascadeMinimizer.cc: 216 -- Minimization success! status=0
INFO: (function: improveOnce) CascadeMinimizer.cc: 188 -- Minimisation configured with Type=Minuit2, Algo=Migrad, strategy=1, tolerance=0.1
INFO: (function: improveOnce) CascadeMinimizer.cc: 211 -- Minimisation finished with status=0
INFO: (function: improveOnce) CascadeMinimizer.cc: 216 -- Minimization success! status=0
INFO: (function: improveOnce) CascadeMinimizer.cc: 188 -- Minimisation configured with Type=Minuit2, Algo=Migrad, strategy=1, tolerance=0.1
INFO: (function: improveOnce) CascadeMinimizer.cc: 211 -- Minimisation finished with status=1
DEBUG: (function: improveOnce) CascadeMinimizer.cc: 212 -- finished with status 1 (covariance forced positive definite), this could indicate a problem with the minimim.
INFO: (function: improveOnce) CascadeMinimizer.cc: 216 -- Minimization success! status=0
INFO: (function: improveOnce) CascadeMinimizer.cc: 188 -- Minimisation configured with Type=Minuit2, Algo=Migrad, strategy=1, tolerance=0.1
INFO: (function: improveOnce) CascadeMinimizer.cc: 211 -- Minimisation finished with status=1
DEBUG: (function: improveOnce) CascadeMinimizer.cc: 212 -- finished with status 1 (covariance forced positive definite), this could indicate a problem with the minimim.
INFO: (function: improveOnce) CascadeMinimizer.cc: 216 -- Minimization success! status=0
INFO: (function: improveOnce) CascadeMinimizer.cc: 188 -- Minimisation configured with Type=Minuit2, Algo=Migrad, strategy=1, tolerance=0.1
INFO: (function: improveOnce) CascadeMinimizer.cc: 211 -- Minimisation finished with status=1
DEBUG: (function: improveOnce) CascadeMinimizer.cc: 212 -- finished with status 1 (covariance forced positive definite), this could indicate a problem with the minimim.
INFO: (function: improveOnce) CascadeMinimizer.cc: 216 -- Minimization success! status=0
INFO: (function: improveOnce) CascadeMinimizer.cc: 188 -- Minimisation configured with Type=Minuit2, Algo=Migrad, strategy=1, tolerance=0.1
INFO: (function: improveOnce) CascadeMinimizer.cc: 211 -- Minimisation finished with status=1
DEBUG: (function: improveOnce) CascadeMinimizer.cc: 212 -- finished with status 1 (covariance forced positive definite), this could indicate a problem with the minimim.
INFO: (function: improveOnce) CascadeMinimizer.cc: 216 -- Minimization success! status=0
INFO: (function: improveOnce) CascadeMinimizer.cc: 188 -- Minimisation configured with Type=Minuit2, Algo=Migrad, strategy=1, tolerance=0.1
INFO: (function: improveOnce) CascadeMinimizer.cc: 211 -- Minimisation finished with status=1
DEBUG: (function: improveOnce) CascadeMinimizer.cc: 212 -- finished with status 1 (covariance forced positive definite), this could indicate a problem with the minimim.
INFO: (function: improveOnce) CascadeMinimizer.cc: 216 -- Minimization success! status=0
INFO: (function: improveOnce) CascadeMinimizer.cc: 188 -- Minimisation configured with Type=Minuit2, Algo=Migrad, strategy=1, tolerance=0.1
INFO: (function: improveOnce) CascadeMinimizer.cc: 211 -- Minimisation finished with status=1
DEBUG: (function: improveOnce) CascadeMinimizer.cc: 212 -- finished with status 1 (covariance forced positive definite), this could indicate a problem with the minimim.
INFO: (function: improveOnce) CascadeMinimizer.cc: 216 -- Minimization success! status=0
INFO: (function: improveOnce) CascadeMinimizer.cc: 188 -- Minimisation configured with Type=Minuit2, Algo=Migrad, strategy=1, tolerance=0.1
INFO: (function: improveOnce) CascadeMinimizer.cc: 211 -- Minimisation finished with status=1
DEBUG: (function: improveOnce) CascadeMinimizer.cc: 212 -- finished with status 1 (covariance forced positive definite), this could indicate a problem with the minimim.
INFO: (function: improveOnce) CascadeMinimizer.cc: 216 -- Minimization success! status=0
INFO: (function: runLimitExpected) AsymptoticLimits.cc: 436 -- Median for expected limits = 0.529297 (Sigma for expected limits = 0.270054)
INFO: (function: improveOnce) CascadeMinimizer.cc: 188 -- Minimisation configured with Type=Minuit2, Algo=Migrad, strategy=1, tolerance=0.1
INFO: (function: improveOnce) CascadeMinimizer.cc: 211 -- Minimisation finished with status=0
INFO: (function: improveOnce) CascadeMinimizer.cc: 216 -- Minimization success! status=0
INFO: (function: improveOnce) CascadeMinimizer.cc: 188 -- Minimisation configured with Type=Minuit2, Algo=Migrad, strategy=1, tolerance=0.1
INFO: (function: improveOnce) CascadeMinimizer.cc: 211 -- Minimisation finished with status=0
INFO: (function: improveOnce) CascadeMinimizer.cc: 216 -- Minimization success! status=0
INFO: (function: improveOnce) CascadeMinimizer.cc: 188 -- Minimisation configured with Type=Minuit2, Algo=Migrad, strategy=1, tolerance=0.1
INFO: (function: improveOnce) CascadeMinimizer.cc: 211 -- Minimisation finished with status=1
DEBUG: (function: improveOnce) CascadeMinimizer.cc: 212 -- finished with status 1 (covariance forced positive definite), this could indicate a problem with the minimim.
INFO: (function: improveOnce) CascadeMinimizer.cc: 216 -- Minimization success! status=0
INFO: (function: improveOnce) CascadeMinimizer.cc: 188 -- Minimisation configured with Type=Minuit2, Algo=Migrad, strategy=1, tolerance=0.1
INFO: (function: improveOnce) CascadeMinimizer.cc: 211 -- Minimisation finished with status=1
DEBUG: (function: improveOnce) CascadeMinimizer.cc: 212 -- finished with status 1 (covariance forced positive definite), this could indicate a problem with the minimim.
INFO: (function: improveOnce) CascadeMinimizer.cc: 216 -- Minimization success! status=0
INFO: (function: improveOnce) CascadeMinimizer.cc: 188 -- Minimisation configured with Type=Minuit2, Algo=Migrad, strategy=1, tolerance=0.1
INFO: (function: improveOnce) CascadeMinimizer.cc: 211 -- Minimisation finished with status=1
DEBUG: (function: improveOnce) CascadeMinimizer.cc: 212 -- finished with status 1 (covariance forced positive definite), this could indicate a problem with the minimim.
INFO: (function: improveOnce) CascadeMinimizer.cc: 216 -- Minimization success! status=0
INFO: (function: improveOnce) CascadeMinimizer.cc: 188 -- Minimisation configured with Type=Minuit2, Algo=Migrad, strategy=1, tolerance=0.1
INFO: (function: improveOnce) CascadeMinimizer.cc: 211 -- Minimisation finished with status=1
DEBUG: (function: improveOnce) CascadeMinimizer.cc: 212 -- finished with status 1 (covariance forced positive definite), this could indicate a problem with the minimim.
INFO: (function: improveOnce) CascadeMinimizer.cc: 216 -- Minimization success! status=0
INFO: (function: improveOnce) CascadeMinimizer.cc: 188 -- Minimisation configured with Type=Minuit2, Algo=Migrad, strategy=1, tolerance=0.1
INFO: (function: improveOnce) CascadeMinimizer.cc: 211 -- Minimisation finished with status=1
DEBUG: (function: improveOnce) CascadeMinimizer.cc: 212 -- finished with status 1 (covariance forced positive definite), this could indicate a problem with the minimim.
INFO: (function: improveOnce) CascadeMinimizer.cc: 216 -- Minimization success! status=0
INFO: (function: improveOnce) CascadeMinimizer.cc: 188 -- Minimisation configured with Type=Minuit2, Algo=Migrad, strategy=1, tolerance=0.1
INFO: (function: improveOnce) CascadeMinimizer.cc: 211 -- Minimisation finished with status=1
DEBUG: (function: improveOnce) CascadeMinimizer.cc: 212 -- finished with status 1 (covariance forced positive definite), this could indicate a problem with the minimim.
INFO: (function: improveOnce) CascadeMinimizer.cc: 216 -- Minimization success! status=0
INFO: (function: improveOnce) CascadeMinimizer.cc: 188 -- Minimisation configured with Type=Minuit2, Algo=Migrad, strategy=1, tolerance=0.1
INFO: (function: improveOnce) CascadeMinimizer.cc: 211 -- Minimisation finished with status=1
DEBUG: (function: improveOnce) CascadeMinimizer.cc: 212 -- finished with status 1 (covariance forced positive definite), this could indicate a problem with the minimim.
INFO: (function: improveOnce) CascadeMinimizer.cc: 216 -- Minimization success! status=0
INFO: (function: improveOnce) CascadeMinimizer.cc: 188 -- Minimisation configured with Type=Minuit2, Algo=Migrad, strategy=1, tolerance=0.1
INFO: (function: improveOnce) CascadeMinimizer.cc: 211 -- Minimisation finished with status=1
DEBUG: (function: improveOnce) CascadeMinimizer.cc: 212 -- finished with status 1 (covariance forced positive definite), this could indicate a problem with the minimim.
INFO: (function: improveOnce) CascadeMinimizer.cc: 216 -- Minimization success! status=0
INFO: (function: improveOnce) CascadeMinimizer.cc: 188 -- Minimisation configured with Type=Minuit2, Algo=Migrad, strategy=1, tolerance=0.1
INFO: (function: improveOnce) CascadeMinimizer.cc: 211 -- Minimisation finished with status=0
INFO: (function: improveOnce) CascadeMinimizer.cc: 216 -- Minimization success! status=0
INFO: (function: improveOnce) CascadeMinimizer.cc: 188 -- Minimisation configured with Type=Minuit2, Algo=Migrad, strategy=1, tolerance=0.1
INFO: (function: improveOnce) CascadeMinimizer.cc: 211 -- Minimisation finished with status=1
DEBUG: (function: improveOnce) CascadeMinimizer.cc: 212 -- finished with status 1 (covariance forced positive definite), this could indicate a problem with the minimim.
INFO: (function: improveOnce) CascadeMinimizer.cc: 216 -- Minimization success! status=0
INFO: (function: improveOnce) CascadeMinimizer.cc: 188 -- Minimisation configured with Type=Minuit2, Algo=Migrad, strategy=1, tolerance=0.1
INFO: (function: improveOnce) CascadeMinimizer.cc: 211 -- Minimisation finished with status=1
DEBUG: (function: improveOnce) CascadeMinimizer.cc: 212 -- finished with status 1 (covariance forced positive definite), this could indicate a problem with the minimim.
INFO: (function: improveOnce) CascadeMinimizer.cc: 216 -- Minimization success! status=0
INFO: (function: improveOnce) CascadeMinimizer.cc: 188 -- Minimisation configured with Type=Minuit2, Algo=Migrad, strategy=1, tolerance=0.1
INFO: (function: improveOnce) CascadeMinimizer.cc: 211 -- Minimisation finished with status=0
INFO: (function: improveOnce) CascadeMinimizer.cc: 216 -- Minimization success! status=0
INFO: (function: improveOnce) CascadeMinimizer.cc: 188 -- Minimisation configured with Type=Minuit2, Algo=Migrad, strategy=1, tolerance=0.1
INFO: (function: improveOnce) CascadeMinimizer.cc: 211 -- Minimisation finished with status=0
INFO: (function: improveOnce) CascadeMinimizer.cc: 216 -- Minimization success! status=0
INFO: (function: improveOnce) CascadeMinimizer.cc: 188 -- Minimisation configured with Type=Minuit2, Algo=Migrad, strategy=1, tolerance=0.1
INFO: (function: improveOnce) CascadeMinimizer.cc: 211 -- Minimisation finished with status=1
DEBUG: (function: improveOnce) CascadeMinimizer.cc: 212 -- finished with status 1 (covariance forced positive definite), this could indicate a problem with the minimim.
INFO: (function: improveOnce) CascadeMinimizer.cc: 216 -- Minimization success! status=0
INFO: (function: improveOnce) CascadeMinimizer.cc: 188 -- Minimisation configured with Type=Minuit2, Algo=Migrad, strategy=1, tolerance=0.1
INFO: (function: improveOnce) CascadeMinimizer.cc: 211 -- Minimisation finished with status=1
DEBUG: (function: improveOnce) CascadeMinimizer.cc: 212 -- finished with status 1 (covariance forced positive definite), this could indicate a problem with the minimim.
INFO: (function: improveOnce) CascadeMinimizer.cc: 216 -- Minimization success! status=0
INFO: (function: improveOnce) CascadeMinimizer.cc: 188 -- Minimisation configured with Type=Minuit2, Algo=Migrad, strategy=1, tolerance=0.1
INFO: (function: improveOnce) CascadeMinimizer.cc: 211 -- Minimisation finished with status=1
DEBUG: (function: improveOnce) CascadeMinimizer.cc: 212 -- finished with status 1 (covariance forced positive definite), this could indicate a problem with the minimim.
INFO: (function: improveOnce) CascadeMinimizer.cc: 216 -- Minimization success! status=0
INFO: (function: improveOnce) CascadeMinimizer.cc: 188 -- Minimisation configured with Type=Minuit2, Algo=Migrad, strategy=1, tolerance=0.1
INFO: (function: improveOnce) CascadeMinimizer.cc: 211 -- Minimisation finished with status=1
DEBUG: (function: improveOnce) CascadeMinimizer.cc: 212 -- finished with status 1 (covariance forced positive definite), this could indicate a problem with the minimim.
INFO: (function: improveOnce) CascadeMinimizer.cc: 216 -- Minimization success! status=0
INFO: (function: improveOnce) CascadeMinimizer.cc: 188 -- Minimisation configured with Type=Minuit2, Algo=Migrad, strategy=1, tolerance=0.1
INFO: (function: improveOnce) CascadeMinimizer.cc: 211 -- Minimisation finished with status=1
DEBUG: (function: improveOnce) CascadeMinimizer.cc: 212 -- finished with status 1 (covariance forced positive definite), this could indicate a problem with the minimim.
INFO: (function: improveOnce) CascadeMinimizer.cc: 216 -- Minimization success! status=0
INFO: (function: improveOnce) CascadeMinimizer.cc: 188 -- Minimisation configured with Type=Minuit2, Algo=Migrad, strategy=1, tolerance=0.1
INFO: (function: improveOnce) CascadeMinimizer.cc: 211 -- Minimisation finished with status=0
INFO: (function: improveOnce) CascadeMinimizer.cc: 216 -- Minimization success! status=0
INFO: (function: improveOnce) CascadeMinimizer.cc: 188 -- Minimisation configured with Type=Minuit2, Algo=Migrad, strategy=1, tolerance=0.1
INFO: (function: improveOnce) CascadeMinimizer.cc: 211 -- Minimisation finished with status=0
INFO: (function: improveOnce) CascadeMinimizer.cc: 216 -- Minimization success! status=0
INFO: (function: improveOnce) CascadeMinimizer.cc: 188 -- Minimisation configured with Type=Minuit2, Algo=Migrad, strategy=1, tolerance=0.1
INFO: (function: improveOnce) CascadeMinimizer.cc: 211 -- Minimisation finished with status=1
DEBUG: (function: improveOnce) CascadeMinimizer.cc: 212 -- finished with status 1 (covariance forced positive definite), this could indicate a problem with the minimim.
INFO: (function: improveOnce) CascadeMinimizer.cc: 216 -- Minimization success! status=0
INFO: (function: improveOnce) CascadeMinimizer.cc: 188 -- Minimisation configured with Type=Minuit2, Algo=Migrad, strategy=1, tolerance=0.1
INFO: (function: improveOnce) CascadeMinimizer.cc: 211 -- Minimisation finished with status=1
DEBUG: (function: improveOnce) CascadeMinimizer.cc: 212 -- finished with status 1 (covariance forced positive definite), this could indicate a problem with the minimim.
INFO: (function: improveOnce) CascadeMinimizer.cc: 216 -- Minimization success! status=0
INFO: (function: improveOnce) CascadeMinimizer.cc: 188 -- Minimisation configured with Type=Minuit2, Algo=Migrad, strategy=1, tolerance=0.1
INFO: (function: improveOnce) CascadeMinimizer.cc: 211 -- Minimisation finished with status=1
DEBUG: (function: improveOnce) CascadeMinimizer.cc: 212 -- finished with status 1 (covariance forced positive definite), this could indicate a problem with the minimim.
INFO: (function: improveOnce) CascadeMinimizer.cc: 216 -- Minimization success! status=0
INFO: (function: improveOnce) CascadeMinimizer.cc: 188 -- Minimisation configured with Type=Minuit2, Algo=Migrad, strategy=1, tolerance=0.1
INFO: (function: improveOnce) CascadeMinimizer.cc: 211 -- Minimisation finished with status=1
DEBUG: (function: improveOnce) CascadeMinimizer.cc: 212 -- finished with status 1 (covariance forced positive definite), this could indicate a problem with the minimim.
INFO: (function: improveOnce) CascadeMinimizer.cc: 216 -- Minimization success! status=0
INFO: (function: improveOnce) CascadeMinimizer.cc: 188 -- Minimisation configured with Type=Minuit2, Algo=Migrad, strategy=1, tolerance=0.1
INFO: (function: improveOnce) CascadeMinimizer.cc: 211 -- Minimisation finished with status=1
DEBUG: (function: improveOnce) CascadeMinimizer.cc: 212 -- finished with status 1 (covariance forced positive definite), this could indicate a problem with the minimim.
INFO: (function: improveOnce) CascadeMinimizer.cc: 216 -- Minimization success! status=0
