============================================================
Analysing bin errors for: prop_binUL16postVFP_el_SR_bin1_TopTag
Poisson cut-off: 0
Processes excluded for sums: ALP_ttbar_signal ALP_ttbar_interference
============================================================
Bin        Contents        Error           Notes                         
0          120.835152      2.943134        total sum                     
0          122.811597      2.803353        excluding marked processes    
0          1919.000000     43.806392       Unweighted events, alpha=0.062968
  => Total parameter prop_binUL16postVFP_el_SR_bin1_TopTag_bin0[0.00,-7.00,7.00] to be gaussian constrained
------------------------------------------------------------
1          136.313322      2.874667        total sum                     
1          135.996550      2.728649        excluding marked processes    
1          2484.000000     49.839743       Unweighted events, alpha=0.054877
  => Total parameter prop_binUL16postVFP_el_SR_bin1_TopTag_bin1[0.00,-7.00,7.00] to be gaussian constrained
------------------------------------------------------------
2          92.786940       2.347025        total sum                     
2          92.150158       2.240293        excluding marked processes    
2          1692.000000     41.133928       Unweighted events, alpha=0.054839
  => Total parameter prop_binUL16postVFP_el_SR_bin1_TopTag_bin2[0.00,-7.00,7.00] to be gaussian constrained
------------------------------------------------------------
3          63.357225       1.935999        total sum                     
3          62.108086       1.902139        excluding marked processes    
3          1066.000000     32.649655       Unweighted events, alpha=0.059435
  => Total parameter prop_binUL16postVFP_el_SR_bin1_TopTag_bin3[0.00,-7.00,7.00] to be gaussian constrained
------------------------------------------------------------
4          38.343599       1.560547        total sum                     
4          38.105863       1.517676        excluding marked processes    
4          630.000000      25.099801       Unweighted events, alpha=0.060863
  => Total parameter prop_binUL16postVFP_el_SR_bin1_TopTag_bin4[0.00,-7.00,7.00] to be gaussian constrained
------------------------------------------------------------
5          19.290329       1.226241        total sum                     
5          19.893856       1.153504        excluding marked processes    
5          297.000000      17.233688       Unweighted events, alpha=0.064951
  => Total parameter prop_binUL16postVFP_el_SR_bin1_TopTag_bin5[0.00,-7.00,7.00] to be gaussian constrained
------------------------------------------------------------
6          14.827657       0.981779        total sum                     
6          14.455805       0.974077        excluding marked processes    
6          220.000000      14.832397       Unweighted events, alpha=0.067398
  => Total parameter prop_binUL16postVFP_el_SR_bin1_TopTag_bin6[0.00,-7.00,7.00] to be gaussian constrained
------------------------------------------------------------
7          4.263672        0.495403        total sum                     
7          4.203859        0.494418        excluding marked processes    
7          72.000000       8.485281        Unweighted events, alpha=0.059218
  => Total parameter prop_binUL16postVFP_el_SR_bin1_TopTag_bin7[0.00,-7.00,7.00] to be gaussian constrained
------------------------------------------------------------
8          1.042659        0.282945        total sum                     
8          1.018207        0.281886        excluding marked processes    
8          13.000000       3.605551        Unweighted events, alpha=0.080205
  => Total parameter prop_binUL16postVFP_el_SR_bin1_TopTag_bin8[0.00,-7.00,7.00] to be gaussian constrained
------------------------------------------------------------
============================================================
Analysing bin errors for: prop_binUL16postVFP_el_SR_bin1_NoTopTag
Poisson cut-off: 0
Processes excluded for sums: ALP_ttbar_signal ALP_ttbar_interference
============================================================
Bin        Contents        Error           Notes                         
0          33317.444046    60.590916       total sum                     
0          34075.100800    59.565629       excluding marked processes    
0          327252.000000   572.059437      Unweighted events, alpha=0.101810
  => Total parameter prop_binUL16postVFP_el_SR_bin1_NoTopTag_bin0[0.00,-7.00,7.00] to be gaussian constrained
------------------------------------------------------------
1          4086.969807     74.169645       total sum                     
1          4142.165894     74.097460       excluding marked processes    
1          3125.000000     55.901699       Unweighted events, alpha=1.307830
  => Total parameter prop_binUL16postVFP_el_SR_bin1_NoTopTag_bin1[0.00,-7.00,7.00] to be gaussian constrained
------------------------------------------------------------
2          1215.272260     10.025101       total sum                     
2          1230.937969     9.867510        excluding marked processes    
2          15562.000000    124.747745      Unweighted events, alpha=0.078092
  => Total parameter prop_binUL16postVFP_el_SR_bin1_NoTopTag_bin2[0.00,-7.00,7.00] to be gaussian constrained
------------------------------------------------------------
3          409.805885      5.935081        total sum                     
3          411.686158      5.874760        excluding marked processes    
3          4911.000000     70.078527       Unweighted events, alpha=0.083447
  => Total parameter prop_binUL16postVFP_el_SR_bin1_NoTopTag_bin3[0.00,-7.00,7.00] to be gaussian constrained
------------------------------------------------------------
4          145.117934      3.756375        total sum                     
4          146.262184      3.716954        excluding marked processes    
4          1548.000000     39.344631       Unweighted events, alpha=0.093745
  => Total parameter prop_binUL16postVFP_el_SR_bin1_NoTopTag_bin4[0.00,-7.00,7.00] to be gaussian constrained
------------------------------------------------------------
5          56.391799       2.462636        total sum                     
5          56.737320       2.431705        excluding marked processes    
5          544.000000      23.323808       Unweighted events, alpha=0.103661
  => Total parameter prop_binUL16postVFP_el_SR_bin1_NoTopTag_bin5[0.00,-7.00,7.00] to be gaussian constrained
------------------------------------------------------------
6          30.262124       1.396669        total sum                     
6          30.447640       1.363517        excluding marked processes    
6          499.000000      22.338308       Unweighted events, alpha=0.060646
  => Total parameter prop_binUL16postVFP_el_SR_bin1_NoTopTag_bin6[0.00,-7.00,7.00] to be gaussian constrained
------------------------------------------------------------
7          6.582805        0.608706        total sum                     
7          6.704602        0.589879        excluding marked processes    
7          129.000000      11.357817       Unweighted events, alpha=0.051029
  => Total parameter prop_binUL16postVFP_el_SR_bin1_NoTopTag_bin7[0.00,-7.00,7.00] to be gaussian constrained
------------------------------------------------------------
8          4.727193        1.565396        total sum                     
8          4.710674        1.565309        excluding marked processes    
8          9.000000        3.000000        Unweighted events, alpha=0.525244
  => Total parameter prop_binUL16postVFP_el_SR_bin1_NoTopTag_bin8[0.00,-7.00,7.00] to be gaussian constrained
------------------------------------------------------------
============================================================
Analysing bin errors for: prop_binUL16postVFP_el_SR_bin2_TopTag
Poisson cut-off: 0
Processes excluded for sums: ALP_ttbar_signal ALP_ttbar_interference
============================================================
Bin        Contents        Error           Notes                         
0          50.656794       1.766965        total sum                     
0          52.054339       1.618929        excluding marked processes    
0          1034.000000     32.155870       Unweighted events, alpha=0.048991
  => Total parameter prop_binUL16postVFP_el_SR_bin2_TopTag_bin0[0.00,-7.00,7.00] to be gaussian constrained
------------------------------------------------------------
1          88.627982       2.302087        total sum                     
1          88.989731       2.155392        excluding marked processes    
1          1705.000000     41.291646       Unweighted events, alpha=0.051981
  => Total parameter prop_binUL16postVFP_el_SR_bin2_TopTag_bin1[0.00,-7.00,7.00] to be gaussian constrained
------------------------------------------------------------
2          104.694621      2.788638        total sum                     
2          103.505638      2.668809        excluding marked processes    
2          1504.000000     38.781439       Unweighted events, alpha=0.069611
  => Total parameter prop_binUL16postVFP_el_SR_bin2_TopTag_bin2[0.00,-7.00,7.00] to be gaussian constrained
------------------------------------------------------------
3          62.324802       2.125664        total sum                     
3          61.028535       2.063627        excluding marked processes    
3          875.000000      29.580399       Unweighted events, alpha=0.071228
  => Total parameter prop_binUL16postVFP_el_SR_bin2_TopTag_bin3[0.00,-7.00,7.00] to be gaussian constrained
------------------------------------------------------------
4          22.123723       1.235646        total sum                     
4          21.897450       1.187938        excluding marked processes    
4          340.000000      18.439089       Unweighted events, alpha=0.065070
  => Total parameter prop_binUL16postVFP_el_SR_bin2_TopTag_bin4[0.00,-7.00,7.00] to be gaussian constrained
------------------------------------------------------------
5          7.777005        0.747961        total sum                     
5          7.650710        0.728052        excluding marked processes    
5          110.000000      10.488088       Unweighted events, alpha=0.070700
  => Total parameter prop_binUL16postVFP_el_SR_bin2_TopTag_bin5[0.00,-7.00,7.00] to be gaussian constrained
------------------------------------------------------------
6          4.643808        0.602929        total sum                     
6          4.777594        0.539121        excluding marked processes    
6          79.000000       8.888194        Unweighted events, alpha=0.058782
  => Total parameter prop_binUL16postVFP_el_SR_bin2_TopTag_bin6[0.00,-7.00,7.00] to be gaussian constrained
------------------------------------------------------------
7          0.680302        0.271643        total sum                     
7          0.671277        0.262467        excluding marked processes    
7          7.000000        2.645751        Unweighted events, alpha=0.097186
  => Total parameter prop_binUL16postVFP_el_SR_bin2_TopTag_bin7[0.00,-7.00,7.00] to be gaussian constrained
------------------------------------------------------------
8          0.290377        0.106558        total sum                     
8          0.264715        0.103422        excluding marked processes    
8          7.000000        2.645751        Unweighted events, alpha=0.041482
  => Total parameter prop_binUL16postVFP_el_SR_bin2_TopTag_bin8[0.00,-7.00,7.00] to be gaussian constrained
------------------------------------------------------------
============================================================
Analysing bin errors for: prop_binUL16postVFP_el_SR_bin2_NoTopTag
Poisson cut-off: 0
Processes excluded for sums: ALP_ttbar_signal ALP_ttbar_interference
============================================================
Bin        Contents        Error           Notes                         
0          22178.678864    169.113892      total sum                     
0          22717.872345    168.853768      excluding marked processes    
0          18101.000000    134.539957      Unweighted events, alpha=1.225274
  => Total parameter prop_binUL16postVFP_el_SR_bin2_NoTopTag_bin0[0.00,-7.00,7.00] to be gaussian constrained
------------------------------------------------------------
1          2065.075310     20.227040       total sum                     
1          2096.831411     20.040962       excluding marked processes    
1          10947.000000    104.627912      Unweighted events, alpha=0.188643
  => Total parameter prop_binUL16postVFP_el_SR_bin2_NoTopTag_bin1[0.00,-7.00,7.00] to be gaussian constrained
------------------------------------------------------------
2          474.641977      6.097311        total sum                     
2          476.103152      5.992611        excluding marked processes    
2          6312.000000     79.448096       Unweighted events, alpha=0.075197
  => Total parameter prop_binUL16postVFP_el_SR_bin2_NoTopTag_bin2[0.00,-7.00,7.00] to be gaussian constrained
------------------------------------------------------------
3          116.935364      2.895056        total sum                     
3          117.028086      2.836153        excluding marked processes    
3          1703.000000     41.267421       Unweighted events, alpha=0.068664
  => Total parameter prop_binUL16postVFP_el_SR_bin2_NoTopTag_bin3[0.00,-7.00,7.00] to be gaussian constrained
------------------------------------------------------------
4          35.526549       1.683560        total sum                     
4          35.529665       1.653334        excluding marked processes    
4          462.000000      21.494185       Unweighted events, alpha=0.076897
  => Total parameter prop_binUL16postVFP_el_SR_bin2_NoTopTag_bin4[0.00,-7.00,7.00] to be gaussian constrained
------------------------------------------------------------
5          12.662065       0.871571        total sum                     
5          12.735212       0.842037        excluding marked processes    
5          229.000000      15.132746       Unweighted events, alpha=0.055293
  => Total parameter prop_binUL16postVFP_el_SR_bin2_NoTopTag_bin5[0.00,-7.00,7.00] to be gaussian constrained
------------------------------------------------------------
6          5.764723        0.651941        total sum                     
6          5.875792        0.605886        excluding marked processes    
6          94.000000       9.695360        Unweighted events, alpha=0.061327
  => Total parameter prop_binUL16postVFP_el_SR_bin2_NoTopTag_bin6[0.00,-7.00,7.00] to be gaussian constrained
------------------------------------------------------------
7          0.900854        0.257645        total sum                     
7          0.997313        0.238907        excluding marked processes    
7          17.000000       4.123106        Unweighted events, alpha=0.052991
  => Total parameter prop_binUL16postVFP_el_SR_bin2_NoTopTag_bin7[0.00,-7.00,7.00] to be gaussian constrained
------------------------------------------------------------
8          0.458750        0.153026        total sum                     
8          0.458750        0.153026        excluding marked processes    
8          9.000000        3.000000        Unweighted events, alpha=0.050972
  => Total parameter prop_binUL16postVFP_el_SR_bin2_NoTopTag_bin8[0.00,-7.00,7.00] to be gaussian constrained
------------------------------------------------------------
============================================================
Analysing bin errors for: prop_binUL16postVFP_el_SR_bin3_TopTag
Poisson cut-off: 0
Processes excluded for sums: ALP_ttbar_signal ALP_ttbar_interference
============================================================
Bin        Contents        Error           Notes                         
0          67.477262       2.229097        total sum                     
0          70.226549       2.047572        excluding marked processes    
0          1176.000000     34.292856       Unweighted events, alpha=0.057379
  => Total parameter prop_binUL16postVFP_el_SR_bin3_TopTag_bin0[0.00,-7.00,7.00] to be gaussian constrained
------------------------------------------------------------
1          289.359106      4.325073        total sum                     
1          289.079330      4.069686        excluding marked processes    
1          5046.000000     71.035203       Unweighted events, alpha=0.057344
  => Total parameter prop_binUL16postVFP_el_SR_bin3_TopTag_bin1[0.00,-7.00,7.00] to be gaussian constrained
------------------------------------------------------------
2          276.364282      4.298045        total sum                     
2          271.758192      4.014941        excluding marked processes    
2          4581.000000     67.683085       Unweighted events, alpha=0.060328
  => Total parameter prop_binUL16postVFP_el_SR_bin3_TopTag_bin2[0.00,-7.00,7.00] to be gaussian constrained
------------------------------------------------------------
3          97.014046       2.530726        total sum                     
3          92.554218       2.383537        excluding marked processes    
3          1508.000000     38.832976       Unweighted events, alpha=0.064333
  => Total parameter prop_binUL16postVFP_el_SR_bin3_TopTag_bin3[0.00,-7.00,7.00] to be gaussian constrained
------------------------------------------------------------
4          28.138994       1.353036        total sum                     
4          25.915135       1.301361        excluding marked processes    
4          397.000000      19.924859       Unweighted events, alpha=0.070879
  => Total parameter prop_binUL16postVFP_el_SR_bin3_TopTag_bin4[0.00,-7.00,7.00] to be gaussian constrained
------------------------------------------------------------
5          9.391207        0.812372        total sum                     
5          8.519067        0.756727        excluding marked processes    
5          127.000000      11.269428       Unweighted events, alpha=0.073947
  => Total parameter prop_binUL16postVFP_el_SR_bin3_TopTag_bin5[0.00,-7.00,7.00] to be gaussian constrained
------------------------------------------------------------
6          5.960702        0.583650        total sum                     
6          5.228982        0.560650        excluding marked processes    
6          87.000000       9.327379        Unweighted events, alpha=0.068514
  => Total parameter prop_binUL16postVFP_el_SR_bin3_TopTag_bin6[0.00,-7.00,7.00] to be gaussian constrained
------------------------------------------------------------
7          0.656898        0.242438        total sum                     
7          0.465238        0.231123        excluding marked processes    
7          4.000000        2.000000        Unweighted events, alpha=0.164225
  => Total parameter prop_binUL16postVFP_el_SR_bin3_TopTag_bin7[0.00,-7.00,7.00] to be gaussian constrained
------------------------------------------------------------
8          0.055274        0.087569        total sum                     
8          0.055274        0.087569        excluding marked processes    
8          0.000000        0.000000        Unweighted events, alpha=inf  
  => Number of weighted events is below poisson threshold
    ALP_ttbar_signal     0.000000        0.000000                                      
      => Error is zero, ignore      
  ----------------------------------------------------------
    ALP_ttbar_interference 0.000000        0.000000                                      
      => Error is zero, ignore      
  ----------------------------------------------------------
    TTbar                0.049906        0.087424                                      
      => Poisson not viable, prop_binUL16postVFP_el_SR_bin3_TopTag_bin8_TTbar[0.00,-7.00,7.00] to be gaussian constrained
  ----------------------------------------------------------
    ST                   0.000000        0.000000                                      
      => Error is zero, ignore      
  ----------------------------------------------------------
    WJets                0.005367        0.005047                                      
                         1.000000        1.000000        Unweighted events, alpha=0.005367
      => Parameter prop_binUL16postVFP_el_SR_bin3_TopTag_bin8_WJets[0.00,-7.00,7.00] to be gaussian constrained
  ----------------------------------------------------------
    others               0.000000        0.000000                                      
      => Error is zero, ignore      
  ----------------------------------------------------------
------------------------------------------------------------
============================================================
Analysing bin errors for: prop_binUL16postVFP_el_SR_bin3_NoTopTag
Poisson cut-off: 0
Processes excluded for sums: ALP_ttbar_signal ALP_ttbar_interference
============================================================
Bin        Contents        Error           Notes                         
0          49655.289764    125.797827      total sum                     
0          50905.219543    124.935673      excluding marked processes    
0          166017.000000   407.451838      Unweighted events, alpha=0.299098
  => Total parameter prop_binUL16postVFP_el_SR_bin3_NoTopTag_bin0[0.00,-7.00,7.00] to be gaussian constrained
------------------------------------------------------------
1          3042.658722     15.863049       total sum                     
1          3082.609985     15.406083       excluding marked processes    
1          40036.000000    200.089980      Unweighted events, alpha=0.075998
  => Total parameter prop_binUL16postVFP_el_SR_bin3_NoTopTag_bin1[0.00,-7.00,7.00] to be gaussian constrained
------------------------------------------------------------
2          564.571274      7.099099        total sum                     
2          568.454085      6.904783        excluding marked processes    
2          6778.000000     82.328610       Unweighted events, alpha=0.083295
  => Total parameter prop_binUL16postVFP_el_SR_bin3_NoTopTag_bin2[0.00,-7.00,7.00] to be gaussian constrained
------------------------------------------------------------
3          142.344389      3.380677        total sum                     
3          141.869789      3.240947        excluding marked processes    
3          1916.000000     43.772137       Unweighted events, alpha=0.074292
  => Total parameter prop_binUL16postVFP_el_SR_bin3_NoTopTag_bin3[0.00,-7.00,7.00] to be gaussian constrained
------------------------------------------------------------
4          48.681546       1.991861        total sum                     
4          47.417797       1.968270        excluding marked processes    
4          580.000000      24.083189       Unweighted events, alpha=0.083934
  => Total parameter prop_binUL16postVFP_el_SR_bin3_NoTopTag_bin4[0.00,-7.00,7.00] to be gaussian constrained
------------------------------------------------------------
5          14.103487       0.893203        total sum                     
5          13.683882       0.866804        excluding marked processes    
5          249.000000      15.779734       Unweighted events, alpha=0.056641
  => Total parameter prop_binUL16postVFP_el_SR_bin3_NoTopTag_bin5[0.00,-7.00,7.00] to be gaussian constrained
------------------------------------------------------------
6          10.937559       1.276180        total sum                     
6          10.730559       1.266402        excluding marked processes    
6          72.000000       8.485281        Unweighted events, alpha=0.151911
  => Total parameter prop_binUL16postVFP_el_SR_bin3_NoTopTag_bin6[0.00,-7.00,7.00] to be gaussian constrained
------------------------------------------------------------
7          1.616613        0.322902        total sum                     
7          1.539704        0.318247        excluding marked processes    
7          23.000000       4.795832        Unweighted events, alpha=0.070288
  => Total parameter prop_binUL16postVFP_el_SR_bin3_NoTopTag_bin7[0.00,-7.00,7.00] to be gaussian constrained
------------------------------------------------------------
8          0.573337        0.194713        total sum                     
8          0.573337        0.194713        excluding marked processes    
8          9.000000        3.000000        Unweighted events, alpha=0.063704
  => Total parameter prop_binUL16postVFP_el_SR_bin3_NoTopTag_bin8[0.00,-7.00,7.00] to be gaussian constrained
------------------------------------------------------------
============================================================
Analysing bin errors for: prop_binUL16postVFP_el_SR_bin4
Poisson cut-off: 0
Processes excluded for sums: ALP_ttbar_signal ALP_ttbar_interference
============================================================
Bin        Contents        Error           Notes                         
0          48799.898071    99.100689       total sum                     
0          50059.792847    97.958050       excluding marked processes    
0          261155.000000   511.033267      Unweighted events, alpha=0.186862
  => Total parameter prop_binUL16postVFP_el_SR_bin4_bin0[0.00,-7.00,7.00] to be gaussian constrained
------------------------------------------------------------
1          2846.161369     19.265026       total sum                     
1          2877.821960     18.876062       excluding marked processes    
1          23244.000000    152.459831      Unweighted events, alpha=0.122447
  => Total parameter prop_binUL16postVFP_el_SR_bin4_bin1[0.00,-7.00,7.00] to be gaussian constrained
------------------------------------------------------------
2          735.521215      9.359678        total sum                     
2          730.530676      9.127074        excluding marked processes    
2          6406.000000     80.037491       Unweighted events, alpha=0.114818
  => Total parameter prop_binUL16postVFP_el_SR_bin4_bin2[0.00,-7.00,7.00] to be gaussian constrained
------------------------------------------------------------
3          213.708163      10.583871       total sum                     
3          210.136756      10.521795       excluding marked processes    
3          399.000000      19.974984       Unweighted events, alpha=0.535609
  => Total parameter prop_binUL16postVFP_el_SR_bin4_bin3[0.00,-7.00,7.00] to be gaussian constrained
------------------------------------------------------------
4          62.415769       2.051357        total sum                     
4          60.589571       1.969819        excluding marked processes    
4          946.000000      30.757113       Unweighted events, alpha=0.065979
  => Total parameter prop_binUL16postVFP_el_SR_bin4_bin4[0.00,-7.00,7.00] to be gaussian constrained
------------------------------------------------------------
5          23.270532       1.225296        total sum                     
5          22.418059       1.181500        excluding marked processes    
5          360.000000      18.973666       Unweighted events, alpha=0.064640
  => Total parameter prop_binUL16postVFP_el_SR_bin4_bin5[0.00,-7.00,7.00] to be gaussian constrained
------------------------------------------------------------
6          11.377599       0.972919        total sum                     
6          10.713052       0.946689        excluding marked processes    
6          128.000000      11.313708       Unweighted events, alpha=0.088887
  => Total parameter prop_binUL16postVFP_el_SR_bin4_bin6[0.00,-7.00,7.00] to be gaussian constrained
------------------------------------------------------------
7          2.069768        0.342211        total sum                     
7          1.781216        0.330317        excluding marked processes    
7          29.000000       5.385165        Unweighted events, alpha=0.071371
  => Total parameter prop_binUL16postVFP_el_SR_bin4_bin7[0.00,-7.00,7.00] to be gaussian constrained
------------------------------------------------------------
8          0.368421        0.208542        total sum                     
8          0.342245        0.207716        excluding marked processes    
8          3.000000        1.732051        Unweighted events, alpha=0.122807
  => Total parameter prop_binUL16postVFP_el_SR_bin4_bin8[0.00,-7.00,7.00] to be gaussian constrained
------------------------------------------------------------
============================================================
Analysing bin errors for: prop_binUL16postVFP_el_SR_bin5
Poisson cut-off: 0
Processes excluded for sums: ALP_ttbar_signal ALP_ttbar_interference
============================================================
Bin        Contents        Error           Notes                         
0          22213.972672    49.599557       total sum                     
0          22754.494003    48.627188       excluding marked processes    
0          218966.000000   467.938030      Unweighted events, alpha=0.101449
  => Total parameter prop_binUL16postVFP_el_SR_bin5_bin0[0.00,-7.00,7.00] to be gaussian constrained
------------------------------------------------------------
1          1620.899145     12.549295       total sum                     
1          1640.204613     12.304023       excluding marked processes    
1          17771.000000    133.307914      Unweighted events, alpha=0.091210
  => Total parameter prop_binUL16postVFP_el_SR_bin5_bin1[0.00,-7.00,7.00] to be gaussian constrained
------------------------------------------------------------
2          419.526134      6.385232        total sum                     
2          420.579659      6.274196        excluding marked processes    
2          4493.000000     67.029844       Unweighted events, alpha=0.093373
  => Total parameter prop_binUL16postVFP_el_SR_bin5_bin2[0.00,-7.00,7.00] to be gaussian constrained
------------------------------------------------------------
3          134.389665      3.120058        total sum                     
3          132.966979      3.054520        excluding marked processes    
3          1895.000000     43.531598       Unweighted events, alpha=0.070918
  => Total parameter prop_binUL16postVFP_el_SR_bin5_bin3[0.00,-7.00,7.00] to be gaussian constrained
------------------------------------------------------------
4          45.985116       1.917346        total sum                     
4          45.415364       1.865724        excluding marked processes    
4          593.000000      24.351591       Unweighted events, alpha=0.077547
  => Total parameter prop_binUL16postVFP_el_SR_bin5_bin4[0.00,-7.00,7.00] to be gaussian constrained
------------------------------------------------------------
5          15.426920       1.071114        total sum                     
5          15.223441       1.031714        excluding marked processes    
5          218.000000      14.764823       Unweighted events, alpha=0.070766
  => Total parameter prop_binUL16postVFP_el_SR_bin5_bin5[0.00,-7.00,7.00] to be gaussian constrained
------------------------------------------------------------
6          7.987680        0.736456        total sum                     
6          7.778393        0.714358        excluding marked processes    
6          119.000000      10.908712       Unweighted events, alpha=0.067123
  => Total parameter prop_binUL16postVFP_el_SR_bin5_bin6[0.00,-7.00,7.00] to be gaussian constrained
------------------------------------------------------------
7          0.959097        0.328986        total sum                     
7          0.981986        0.304720        excluding marked processes    
7          10.000000       3.162278        Unweighted events, alpha=0.095910
  => Total parameter prop_binUL16postVFP_el_SR_bin5_bin7[0.00,-7.00,7.00] to be gaussian constrained
------------------------------------------------------------
8          0.521394        0.141317        total sum                     
8          0.507233        0.140606        excluding marked processes    
8          13.000000       3.605551        Unweighted events, alpha=0.040107
  => Total parameter prop_binUL16postVFP_el_SR_bin5_bin8[0.00,-7.00,7.00] to be gaussian constrained
------------------------------------------------------------
============================================================
Analysing bin errors for: prop_binUL16postVFP_el_SR_bin6
Poisson cut-off: 0
Processes excluded for sums: ALP_ttbar_signal ALP_ttbar_interference
============================================================
Bin        Contents        Error           Notes                         
0          41691.514832    188.959564      total sum                     
0          42609.378601    188.532241      excluding marked processes    
0          51079.000000    226.006637      Unweighted events, alpha=0.816216
  => Total parameter prop_binUL16postVFP_el_SR_bin6_bin0[0.00,-7.00,7.00] to be gaussian constrained
------------------------------------------------------------
1          5505.433941     23.913676       total sum                     
1          5569.555420     23.587097       excluding marked processes    
1          55756.000000    236.127084      Unweighted events, alpha=0.098742
  => Total parameter prop_binUL16postVFP_el_SR_bin6_bin1[0.00,-7.00,7.00] to be gaussian constrained
------------------------------------------------------------
2          1696.776718     76.082568       total sum                     
2          1710.932533     76.057838       excluding marked processes    
2          506.000000      22.494444       Unweighted events, alpha=3.353314
  => Total parameter prop_binUL16postVFP_el_SR_bin6_bin2[0.00,-7.00,7.00] to be gaussian constrained
------------------------------------------------------------
3          534.600466      7.643046        total sum                     
3          535.332451      7.589015        excluding marked processes    
3          4976.000000     70.540768       Unweighted events, alpha=0.107436
  => Total parameter prop_binUL16postVFP_el_SR_bin6_bin3[0.00,-7.00,7.00] to be gaussian constrained
------------------------------------------------------------
4          201.221205      7.099911        total sum                     
4          202.992013      7.061505        excluding marked processes    
4          826.000000      28.740216       Unweighted events, alpha=0.243609
  => Total parameter prop_binUL16postVFP_el_SR_bin6_bin4[0.00,-7.00,7.00] to be gaussian constrained
------------------------------------------------------------
5          78.121379       2.742299        total sum                     
5          78.371721       2.710742        excluding marked processes    
5          836.000000      28.913665       Unweighted events, alpha=0.093447
  => Total parameter prop_binUL16postVFP_el_SR_bin6_bin5[0.00,-7.00,7.00] to be gaussian constrained
------------------------------------------------------------
6          48.703513       2.406376        total sum                     
6          49.098925       2.386705        excluding marked processes    
6          423.000000      20.566964       Unweighted events, alpha=0.115138
  => Total parameter prop_binUL16postVFP_el_SR_bin6_bin6[0.00,-7.00,7.00] to be gaussian constrained
------------------------------------------------------------
7          8.471139        0.786909        total sum                     
7          8.517009        0.778590        excluding marked processes    
7          120.000000      10.954451       Unweighted events, alpha=0.070593
  => Total parameter prop_binUL16postVFP_el_SR_bin6_bin7[0.00,-7.00,7.00] to be gaussian constrained
------------------------------------------------------------
8          2.800381        0.457975        total sum                     
8          2.708287        0.455045        excluding marked processes    
8          35.000000       5.916080        Unweighted events, alpha=0.080011
  => Total parameter prop_binUL16postVFP_el_SR_bin6_bin8[0.00,-7.00,7.00] to be gaussian constrained
------------------------------------------------------------
============================================================
Analysing bin errors for: prop_binUL16postVFP_el_CR1
Poisson cut-off: 0
Processes excluded for sums: ALP_ttbar_signal ALP_ttbar_interference
============================================================
Bin        Contents        Error           Notes                         
0          728.490132      11.047960       total sum                     
0          732.250648      11.023610       excluding marked processes    
0          4412.000000     66.422888       Unweighted events, alpha=0.165116
  => Total parameter prop_binUL16postVFP_el_CR1_bin0[0.00,-7.00,7.00] to be gaussian constrained
------------------------------------------------------------
1          266.167638      5.297423        total sum                     
1          268.137845      5.264102        excluding marked processes    
1          2595.000000     50.941143       Unweighted events, alpha=0.102569
  => Total parameter prop_binUL16postVFP_el_CR1_bin1[0.00,-7.00,7.00] to be gaussian constrained
------------------------------------------------------------
2          120.472097      3.491279        total sum                     
2          120.753003      3.474103        excluding marked processes    
2          1208.000000     34.756294       Unweighted events, alpha=0.099729
  => Total parameter prop_binUL16postVFP_el_CR1_bin2[0.00,-7.00,7.00] to be gaussian constrained
------------------------------------------------------------
3          50.653808       2.104626        total sum                     
3          50.889168       2.091056        excluding marked processes    
3          592.000000      24.331050       Unweighted events, alpha=0.085564
  => Total parameter prop_binUL16postVFP_el_CR1_bin3[0.00,-7.00,7.00] to be gaussian constrained
------------------------------------------------------------
4          22.704930       1.486800        total sum                     
4          22.570353       1.485675        excluding marked processes    
4          231.000000      15.198684       Unweighted events, alpha=0.098290
  => Total parameter prop_binUL16postVFP_el_CR1_bin4[0.00,-7.00,7.00] to be gaussian constrained
------------------------------------------------------------
5          10.530058       0.908386        total sum                     
5          10.554547       0.906503        excluding marked processes    
5          136.000000      11.661904       Unweighted events, alpha=0.077427
  => Total parameter prop_binUL16postVFP_el_CR1_bin5[0.00,-7.00,7.00] to be gaussian constrained
------------------------------------------------------------
6          8.794200        0.960844        total sum                     
6          8.697457        0.958825        excluding marked processes    
6          82.000000       9.055385        Unweighted events, alpha=0.107246
  => Total parameter prop_binUL16postVFP_el_CR1_bin6[0.00,-7.00,7.00] to be gaussian constrained
------------------------------------------------------------
7          2.166239        0.337481        total sum                     
7          2.166239        0.337481        excluding marked processes    
7          41.000000       6.403124        Unweighted events, alpha=0.052835
  => Total parameter prop_binUL16postVFP_el_CR1_bin7[0.00,-7.00,7.00] to be gaussian constrained
------------------------------------------------------------
8          0.605172        0.145129        total sum                     
8          0.605172        0.145129        excluding marked processes    
8          17.000000       4.123106        Unweighted events, alpha=0.035598
  => Total parameter prop_binUL16postVFP_el_CR1_bin8[0.00,-7.00,7.00] to be gaussian constrained
------------------------------------------------------------
============================================================
Analysing bin errors for: prop_binUL16postVFP_el_CR2
Poisson cut-off: 0
Processes excluded for sums: ALP_ttbar_signal ALP_ttbar_interference
============================================================
Bin        Contents        Error           Notes                         
0          32270.671097    1363.180647     total sum                     
0          32451.792480    1363.168971     excluding marked processes    
0          567.000000      23.811762       Unweighted events, alpha=56.914764
  => Total parameter prop_binUL16postVFP_el_CR2_bin0[0.00,-7.00,7.00] to be gaussian constrained
------------------------------------------------------------
1          5201.233360     65.647599       total sum                     
1          5221.483368     65.614444       excluding marked processes    
1          6333.000000     79.580148       Unweighted events, alpha=0.821291
  => Total parameter prop_binUL16postVFP_el_CR2_bin1[0.00,-7.00,7.00] to be gaussian constrained
------------------------------------------------------------
2          2093.017033     103.116569      total sum                     
2          2097.272057     103.110029      excluding marked processes    
2          414.000000      20.346990       Unweighted events, alpha=5.055597
  => Total parameter prop_binUL16postVFP_el_CR2_bin2[0.00,-7.00,7.00] to be gaussian constrained
------------------------------------------------------------
3          867.937770      22.677101       total sum                     
3          868.265381      22.669755       excluding marked processes    
3          1467.000000     38.301436       Unweighted events, alpha=0.591641
  => Total parameter prop_binUL16postVFP_el_CR2_bin3[0.00,-7.00,7.00] to be gaussian constrained
------------------------------------------------------------
4          409.723998      12.836657       total sum                     
4          410.765959      12.826473       excluding marked processes    
4          1026.000000     32.031235       Unweighted events, alpha=0.399341
  => Total parameter prop_binUL16postVFP_el_CR2_bin4[0.00,-7.00,7.00] to be gaussian constrained
------------------------------------------------------------
5          201.087557      6.866476        total sum                     
5          200.920015      6.861023        excluding marked processes    
5          858.000000      29.291637       Unweighted events, alpha=0.234368
  => Total parameter prop_binUL16postVFP_el_CR2_bin5[0.00,-7.00,7.00] to be gaussian constrained
------------------------------------------------------------
6          200.065839      24.269208       total sum                     
6          199.956856      24.268689       excluding marked processes    
6          68.000000       8.246211        Unweighted events, alpha=2.942145
  => Total parameter prop_binUL16postVFP_el_CR2_bin6[0.00,-7.00,7.00] to be gaussian constrained
------------------------------------------------------------
7          62.638935       3.633460        total sum                     
7          62.713688       3.628298        excluding marked processes    
7          299.000000      17.291616       Unweighted events, alpha=0.209495
  => Total parameter prop_binUL16postVFP_el_CR2_bin7[0.00,-7.00,7.00] to be gaussian constrained
------------------------------------------------------------
8          33.907122       2.275538        total sum                     
8          33.859602       2.275289        excluding marked processes    
8          221.000000      14.866069       Unweighted events, alpha=0.153426
  => Total parameter prop_binUL16postVFP_el_CR2_bin8[0.00,-7.00,7.00] to be gaussian constrained
------------------------------------------------------------
============================================================
Analysing bin errors for: prop_binUL16postVFP_mu_SR_bin1_TopTag
Poisson cut-off: 0
Processes excluded for sums: ALP_ttbar_signal ALP_ttbar_interference
============================================================
Bin        Contents        Error           Notes                         
0          160.872982      3.214300        total sum                     
0          165.548372      3.008168        excluding marked processes    
0          3029.000000     55.036352       Unweighted events, alpha=0.053111
  => Total parameter prop_binUL16postVFP_mu_SR_bin1_TopTag_bin0[0.00,-7.00,7.00] to be gaussian constrained
------------------------------------------------------------
1          188.743452      3.398606        total sum                     
1          188.656946      3.252526        excluding marked processes    
1          3364.000000     58.000000       Unweighted events, alpha=0.056107
  => Total parameter prop_binUL16postVFP_mu_SR_bin1_TopTag_bin1[0.00,-7.00,7.00] to be gaussian constrained
------------------------------------------------------------
2          131.033299      2.818494        total sum                     
2          129.731247      2.719934        excluding marked processes    
2          2275.000000     47.696960       Unweighted events, alpha=0.057597
  => Total parameter prop_binUL16postVFP_mu_SR_bin1_TopTag_bin2[0.00,-7.00,7.00] to be gaussian constrained
------------------------------------------------------------
3          98.953203       13.622954       total sum                     
3          98.234735       13.607978       excluding marked processes    
3          52.000000       7.211103        Unweighted events, alpha=1.902946
  => Total parameter prop_binUL16postVFP_mu_SR_bin1_TopTag_bin3[0.00,-7.00,7.00] to be gaussian constrained
------------------------------------------------------------
4          50.148866       1.714123        total sum                     
4          49.553039       1.669561        excluding marked processes    
4          881.000000      29.681644       Unweighted events, alpha=0.056923
  => Total parameter prop_binUL16postVFP_mu_SR_bin1_TopTag_bin4[0.00,-7.00,7.00] to be gaussian constrained
------------------------------------------------------------
5          27.468200       1.285238        total sum                     
5          27.192681       1.238439        excluding marked processes    
5          482.000000      21.954498       Unweighted events, alpha=0.056988
  => Total parameter prop_binUL16postVFP_mu_SR_bin1_TopTag_bin5[0.00,-7.00,7.00] to be gaussian constrained
------------------------------------------------------------
6          20.962712       1.199356        total sum                     
6          20.907925       1.179389        excluding marked processes    
6          314.000000      17.720045       Unweighted events, alpha=0.066760
  => Total parameter prop_binUL16postVFP_mu_SR_bin1_TopTag_bin6[0.00,-7.00,7.00] to be gaussian constrained
------------------------------------------------------------
7          5.925524        0.568017        total sum                     
7          5.740822        0.563810        excluding marked processes    
7          104.000000      10.198039       Unweighted events, alpha=0.056976
  => Total parameter prop_binUL16postVFP_mu_SR_bin1_TopTag_bin7[0.00,-7.00,7.00] to be gaussian constrained
------------------------------------------------------------
8          2.295226        0.503190        total sum                     
8          2.238991        0.502117        excluding marked processes    
8          20.000000       4.472136        Unweighted events, alpha=0.114761
  => Total parameter prop_binUL16postVFP_mu_SR_bin1_TopTag_bin8[0.00,-7.00,7.00] to be gaussian constrained
------------------------------------------------------------
============================================================
Analysing bin errors for: prop_binUL16postVFP_mu_SR_bin1_NoTopTag
Poisson cut-off: 0
Processes excluded for sums: ALP_ttbar_signal ALP_ttbar_interference
============================================================
Bin        Contents        Error           Notes                         
0          38337.027679    316.682889      total sum                     
0          39177.384766    316.462746      excluding marked processes    
0          15326.000000    123.798223      Unweighted events, alpha=2.501437
  => Total parameter prop_binUL16postVFP_mu_SR_bin1_NoTopTag_bin0[0.00,-7.00,7.00] to be gaussian constrained
------------------------------------------------------------
1          5513.870884     89.848048       total sum                     
1          5601.067932     89.758160       excluding marked processes    
1          3894.000000     62.401923       Unweighted events, alpha=1.415991
  => Total parameter prop_binUL16postVFP_mu_SR_bin1_NoTopTag_bin1[0.00,-7.00,7.00] to be gaussian constrained
------------------------------------------------------------
2          1804.660438     119.340129      total sum                     
2          1822.158546     119.324733      excluding marked processes    
2          233.000000      15.264338       Unweighted events, alpha=7.745324
  => Total parameter prop_binUL16postVFP_mu_SR_bin1_NoTopTag_bin2[0.00,-7.00,7.00] to be gaussian constrained
------------------------------------------------------------
3          595.249839      25.610504       total sum                     
3          600.255644      25.584652       excluding marked processes    
3          550.000000      23.452079       Unweighted events, alpha=1.082272
  => Total parameter prop_binUL16postVFP_mu_SR_bin1_NoTopTag_bin3[0.00,-7.00,7.00] to be gaussian constrained
------------------------------------------------------------
4          230.587430      15.582605       total sum                     
4          232.742212      15.563123       excluding marked processes    
4          224.000000      14.966630       Unweighted events, alpha=1.029408
  => Total parameter prop_binUL16postVFP_mu_SR_bin1_NoTopTag_bin4[0.00,-7.00,7.00] to be gaussian constrained
------------------------------------------------------------
5          82.355451       3.190537        total sum                     
5          82.965825       3.162620        excluding marked processes    
5          688.000000      26.229754       Unweighted events, alpha=0.119703
  => Total parameter prop_binUL16postVFP_mu_SR_bin1_NoTopTag_bin5[0.00,-7.00,7.00] to be gaussian constrained
------------------------------------------------------------
6          53.119573       2.306761        total sum                     
6          53.860767       2.254288        excluding marked processes    
6          571.000000      23.895606       Unweighted events, alpha=0.093029
  => Total parameter prop_binUL16postVFP_mu_SR_bin1_NoTopTag_bin6[0.00,-7.00,7.00] to be gaussian constrained
------------------------------------------------------------
7          11.827677       0.926618        total sum                     
7          12.152572       0.867486        excluding marked processes    
7          196.000000      14.000000       Unweighted events, alpha=0.060345
  => Total parameter prop_binUL16postVFP_mu_SR_bin1_NoTopTag_bin7[0.00,-7.00,7.00] to be gaussian constrained
------------------------------------------------------------
8          5.596247        0.550740        total sum                     
8          5.435537        0.545771        excluding marked processes    
8          99.000000       9.949874        Unweighted events, alpha=0.056528
  => Total parameter prop_binUL16postVFP_mu_SR_bin1_NoTopTag_bin8[0.00,-7.00,7.00] to be gaussian constrained
------------------------------------------------------------
============================================================
Analysing bin errors for: prop_binUL16postVFP_mu_SR_bin2_TopTag
Poisson cut-off: 0
Processes excluded for sums: ALP_ttbar_signal ALP_ttbar_interference
============================================================
Bin        Contents        Error           Notes                         
0          73.593249       2.225101        total sum                     
0          76.236728       2.046602        excluding marked processes    
0          1388.000000     37.255872       Unweighted events, alpha=0.053021
  => Total parameter prop_binUL16postVFP_mu_SR_bin2_TopTag_bin0[0.00,-7.00,7.00] to be gaussian constrained
------------------------------------------------------------
1          124.331748      2.821479        total sum                     
1          125.712548      2.616889        excluding marked processes    
1          2308.000000     48.041649       Unweighted events, alpha=0.053870
  => Total parameter prop_binUL16postVFP_mu_SR_bin2_TopTag_bin1[0.00,-7.00,7.00] to be gaussian constrained
------------------------------------------------------------
2          140.361653      2.938889        total sum                     
2          139.412688      2.829120        excluding marked processes    
2          2428.000000     49.274740       Unweighted events, alpha=0.057810
  => Total parameter prop_binUL16postVFP_mu_SR_bin2_TopTag_bin2[0.00,-7.00,7.00] to be gaussian constrained
------------------------------------------------------------
3          80.281097       2.241400        total sum                     
3          78.042911       2.185735        excluding marked processes    
3          1275.000000     35.707142       Unweighted events, alpha=0.062966
  => Total parameter prop_binUL16postVFP_mu_SR_bin2_TopTag_bin3[0.00,-7.00,7.00] to be gaussian constrained
------------------------------------------------------------
4          31.938875       1.349227        total sum                     
4          30.569307       1.312200        excluding marked processes    
4          543.000000      23.302360       Unweighted events, alpha=0.058819
  => Total parameter prop_binUL16postVFP_mu_SR_bin2_TopTag_bin4[0.00,-7.00,7.00] to be gaussian constrained
------------------------------------------------------------
5          10.563354       0.835476        total sum                     
5          10.173492       0.819553        excluding marked processes    
5          154.000000      12.409674       Unweighted events, alpha=0.068593
  => Total parameter prop_binUL16postVFP_mu_SR_bin2_TopTag_bin5[0.00,-7.00,7.00] to be gaussian constrained
------------------------------------------------------------
6          5.667074        0.602541        total sum                     
6          5.326570        0.585638        excluding marked processes    
6          83.000000       9.110434        Unweighted events, alpha=0.068278
  => Total parameter prop_binUL16postVFP_mu_SR_bin2_TopTag_bin6[0.00,-7.00,7.00] to be gaussian constrained
------------------------------------------------------------
7          1.901611        0.400559        total sum                     
7          1.817080        0.398352        excluding marked processes    
7          21.000000       4.582576        Unweighted events, alpha=0.090553
  => Total parameter prop_binUL16postVFP_mu_SR_bin2_TopTag_bin7[0.00,-7.00,7.00] to be gaussian constrained
------------------------------------------------------------
8          0.422224        0.170105        total sum                     
8          0.379914        0.167359        excluding marked processes    
8          5.000000        2.236068        Unweighted events, alpha=0.084445
  => Total parameter prop_binUL16postVFP_mu_SR_bin2_TopTag_bin8[0.00,-7.00,7.00] to be gaussian constrained
------------------------------------------------------------
============================================================
Analysing bin errors for: prop_binUL16postVFP_mu_SR_bin2_NoTopTag
Poisson cut-off: 0
Processes excluded for sums: ALP_ttbar_signal ALP_ttbar_interference
============================================================
Bin        Contents        Error           Notes                         
0          26721.772995    381.589492      total sum                     
0          27371.953186    381.444118      excluding marked processes    
0          5149.000000     71.756533       Unweighted events, alpha=5.189701
  => Total parameter prop_binUL16postVFP_mu_SR_bin2_NoTopTag_bin0[0.00,-7.00,7.00] to be gaussian constrained
------------------------------------------------------------
1          2732.466663     21.244711       total sum                     
1          2768.477139     21.029882       excluding marked processes    
1          17330.000000    131.643458      Unweighted events, alpha=0.157673
  => Total parameter prop_binUL16postVFP_mu_SR_bin2_NoTopTag_bin1[0.00,-7.00,7.00] to be gaussian constrained
------------------------------------------------------------
2          628.023503      9.448935        total sum                     
2          633.745818      9.330745        excluding marked processes    
2          4613.000000     67.919069       Unweighted events, alpha=0.136142
  => Total parameter prop_binUL16postVFP_mu_SR_bin2_NoTopTag_bin2[0.00,-7.00,7.00] to be gaussian constrained
------------------------------------------------------------
3          168.198956      6.289892        total sum                     
3          169.179482      6.244022        excluding marked processes    
3          734.000000      27.092434       Unweighted events, alpha=0.229154
  => Total parameter prop_binUL16postVFP_mu_SR_bin2_NoTopTag_bin3[0.00,-7.00,7.00] to be gaussian constrained
------------------------------------------------------------
4          64.053783       7.256931        total sum                     
4          63.583597       7.246149        excluding marked processes    
4          77.000000       8.774964        Unweighted events, alpha=0.831867
  => Total parameter prop_binUL16postVFP_mu_SR_bin2_NoTopTag_bin4[0.00,-7.00,7.00] to be gaussian constrained
------------------------------------------------------------
5          20.902290       2.198086        total sum                     
5          21.126877       2.181244        excluding marked processes    
5          94.000000       9.695360        Unweighted events, alpha=0.222365
  => Total parameter prop_binUL16postVFP_mu_SR_bin2_NoTopTag_bin5[0.00,-7.00,7.00] to be gaussian constrained
------------------------------------------------------------
6          12.090394       0.871388        total sum                     
6          11.904645       0.863312        excluding marked processes    
6          190.000000      13.784049       Unweighted events, alpha=0.063634
  => Total parameter prop_binUL16postVFP_mu_SR_bin2_NoTopTag_bin6[0.00,-7.00,7.00] to be gaussian constrained
------------------------------------------------------------
7          2.800283        0.387926        total sum                     
7          2.817521        0.375190        excluding marked processes    
7          56.000000       7.483315        Unweighted events, alpha=0.050005
  => Total parameter prop_binUL16postVFP_mu_SR_bin2_NoTopTag_bin7[0.00,-7.00,7.00] to be gaussian constrained
------------------------------------------------------------
8          0.946844        0.215731        total sum                     
8          0.946844        0.215731        excluding marked processes    
8          19.000000       4.358899        Unweighted events, alpha=0.049834
  => Total parameter prop_binUL16postVFP_mu_SR_bin2_NoTopTag_bin8[0.00,-7.00,7.00] to be gaussian constrained
------------------------------------------------------------
============================================================
Analysing bin errors for: prop_binUL16postVFP_mu_SR_bin3_TopTag
Poisson cut-off: 0
Processes excluded for sums: ALP_ttbar_signal ALP_ttbar_interference
============================================================
Bin        Contents        Error           Notes                         
0          100.035308      2.667353        total sum                     
0          104.597603      2.426908        excluding marked processes    
0          1858.000000     43.104524       Unweighted events, alpha=0.053840
  => Total parameter prop_binUL16postVFP_mu_SR_bin3_TopTag_bin0[0.00,-7.00,7.00] to be gaussian constrained
------------------------------------------------------------
1          411.143643      5.034056        total sum                     
1          409.180068      4.744015        excluding marked processes    
1          7439.000000     86.249638       Unweighted events, alpha=0.055269
  => Total parameter prop_binUL16postVFP_mu_SR_bin3_TopTag_bin1[0.00,-7.00,7.00] to be gaussian constrained
------------------------------------------------------------
2          374.331832      4.836419        total sum                     
2          365.298404      4.593086        excluding marked processes    
2          6325.000000     79.529869       Unweighted events, alpha=0.059183
  => Total parameter prop_binUL16postVFP_mu_SR_bin3_TopTag_bin2[0.00,-7.00,7.00] to be gaussian constrained
------------------------------------------------------------
3          132.617922      3.007347        total sum                     
3          126.997696      2.804886        excluding marked processes    
3          2050.000000     45.276926       Unweighted events, alpha=0.064692
  => Total parameter prop_binUL16postVFP_mu_SR_bin3_TopTag_bin3[0.00,-7.00,7.00] to be gaussian constrained
------------------------------------------------------------
4          44.133379       1.749667        total sum                     
4          41.399372       1.671447        excluding marked processes    
4          613.000000      24.758837       Unweighted events, alpha=0.071996
  => Total parameter prop_binUL16postVFP_mu_SR_bin3_TopTag_bin4[0.00,-7.00,7.00] to be gaussian constrained
------------------------------------------------------------
5          15.160532       0.985866        total sum                     
5          14.100815       0.951634        excluding marked processes    
5          220.000000      14.832397       Unweighted events, alpha=0.068912
  => Total parameter prop_binUL16postVFP_mu_SR_bin3_TopTag_bin5[0.00,-7.00,7.00] to be gaussian constrained
------------------------------------------------------------
6          6.934742        0.678059        total sum                     
6          6.267369        0.645643        excluding marked processes    
6          94.000000       9.695360        Unweighted events, alpha=0.073774
  => Total parameter prop_binUL16postVFP_mu_SR_bin3_TopTag_bin6[0.00,-7.00,7.00] to be gaussian constrained
------------------------------------------------------------
7          1.166969        0.296550        total sum                     
7          1.079053        0.294020        excluding marked processes    
7          13.000000       3.605551        Unweighted events, alpha=0.089767
  => Total parameter prop_binUL16postVFP_mu_SR_bin3_TopTag_bin7[0.00,-7.00,7.00] to be gaussian constrained
------------------------------------------------------------
8          0.230659        0.118403        total sum                     
8          0.204727        0.116965        excluding marked processes    
8          3.000000        1.732051        Unweighted events, alpha=0.076886
  => Total parameter prop_binUL16postVFP_mu_SR_bin3_TopTag_bin8[0.00,-7.00,7.00] to be gaussian constrained
------------------------------------------------------------
============================================================
Analysing bin errors for: prop_binUL16postVFP_mu_SR_bin3_NoTopTag
Poisson cut-off: 0
Processes excluded for sums: ALP_ttbar_signal ALP_ttbar_interference
============================================================
Bin        Contents        Error           Notes                         
0          61526.244995    914.044111      total sum                     
0          63095.321167    913.890884      excluding marked processes    
0          4767.000000     69.043465       Unweighted events, alpha=12.906701
  => Total parameter prop_binUL16postVFP_mu_SR_bin3_NoTopTag_bin0[0.00,-7.00,7.00] to be gaussian constrained
------------------------------------------------------------
1          4199.308380     50.237402       total sum                     
1          4248.611610     50.046286       excluding marked processes    
1          7207.000000     84.894052       Unweighted events, alpha=0.582671
  => Total parameter prop_binUL16postVFP_mu_SR_bin3_NoTopTag_bin1[0.00,-7.00,7.00] to be gaussian constrained
------------------------------------------------------------
2          788.187542      8.864877        total sum                     
2          790.652422      8.661403        excluding marked processes    
2          8333.000000     91.285267       Unweighted events, alpha=0.094586
  => Total parameter prop_binUL16postVFP_mu_SR_bin3_NoTopTag_bin2[0.00,-7.00,7.00] to be gaussian constrained
------------------------------------------------------------
3          207.707554      5.274936        total sum                     
3          208.326124      5.169556        excluding marked processes    
3          1624.000000     40.298883       Unweighted events, alpha=0.127899
  => Total parameter prop_binUL16postVFP_mu_SR_bin3_NoTopTag_bin3[0.00,-7.00,7.00] to be gaussian constrained
------------------------------------------------------------
4          67.244829       2.455073        total sum                     
4          66.428468       2.403566        excluding marked processes    
4          764.000000      27.640550       Unweighted events, alpha=0.088017
  => Total parameter prop_binUL16postVFP_mu_SR_bin3_NoTopTag_bin4[0.00,-7.00,7.00] to be gaussian constrained
------------------------------------------------------------
5          29.084590       1.490056        total sum                     
5          27.979624       1.472567        excluding marked processes    
5          361.000000      19.000000       Unweighted events, alpha=0.080567
  => Total parameter prop_binUL16postVFP_mu_SR_bin3_NoTopTag_bin5[0.00,-7.00,7.00] to be gaussian constrained
------------------------------------------------------------
6          15.210296       1.072608        total sum                     
6          15.247678       1.021321        excluding marked processes    
6          223.000000      14.933185       Unweighted events, alpha=0.068208
  => Total parameter prop_binUL16postVFP_mu_SR_bin3_NoTopTag_bin6[0.00,-7.00,7.00] to be gaussian constrained
------------------------------------------------------------
7          3.251082        0.464894        total sum                     
7          3.114894        0.460572        excluding marked processes    
7          46.000000       6.782330        Unweighted events, alpha=0.070676
  => Total parameter prop_binUL16postVFP_mu_SR_bin3_NoTopTag_bin7[0.00,-7.00,7.00] to be gaussian constrained
------------------------------------------------------------
8          1.305258        0.286924        total sum                     
8          1.255400        0.284651        excluding marked processes    
8          19.000000       4.358899        Unweighted events, alpha=0.068698
  => Total parameter prop_binUL16postVFP_mu_SR_bin3_NoTopTag_bin8[0.00,-7.00,7.00] to be gaussian constrained
------------------------------------------------------------
============================================================
Analysing bin errors for: prop_binUL16postVFP_mu_SR_bin4
Poisson cut-off: 0
Processes excluded for sums: ALP_ttbar_signal ALP_ttbar_interference
============================================================
Bin        Contents        Error           Notes                         
0          62337.565979    215.006855      total sum                     
0          63941.766479    214.314628      excluding marked processes    
0          89015.000000    298.353817      Unweighted events, alpha=0.700304
  => Total parameter prop_binUL16postVFP_mu_SR_bin4_bin0[0.00,-7.00,7.00] to be gaussian constrained
------------------------------------------------------------
1          4089.908302     39.602375       total sum                     
1          4128.674522     39.355291       excluding marked processes    
1          11006.000000    104.909485      Unweighted events, alpha=0.371607
  => Total parameter prop_binUL16postVFP_mu_SR_bin4_bin1[0.00,-7.00,7.00] to be gaussian constrained
------------------------------------------------------------
2          1064.351473     11.372754       total sum                     
2          1060.856779     11.109231       excluding marked processes    
2          9119.000000     95.493455       Unweighted events, alpha=0.116718
  => Total parameter prop_binUL16postVFP_mu_SR_bin4_bin2[0.00,-7.00,7.00] to be gaussian constrained
------------------------------------------------------------
3          324.609961      6.668267        total sum                     
3          318.403551      6.532548        excluding marked processes    
3          2376.000000     48.744230       Unweighted events, alpha=0.136620
  => Total parameter prop_binUL16postVFP_mu_SR_bin4_bin3[0.00,-7.00,7.00] to be gaussian constrained
------------------------------------------------------------
4          105.009957      3.016329        total sum                     
4          102.061537      2.901314        excluding marked processes    
4          1237.000000     35.171011       Unweighted events, alpha=0.084891
  => Total parameter prop_binUL16postVFP_mu_SR_bin4_bin4[0.00,-7.00,7.00] to be gaussian constrained
------------------------------------------------------------
5          37.056859       1.649226        total sum                     
5          35.563339       1.603016        excluding marked processes    
5          492.000000      22.181073       Unweighted events, alpha=0.075319
  => Total parameter prop_binUL16postVFP_mu_SR_bin4_bin5[0.00,-7.00,7.00] to be gaussian constrained
------------------------------------------------------------
6          23.774111       1.354726        total sum                     
6          22.475499       1.321119        excluding marked processes    
6          289.000000      17.000000       Unweighted events, alpha=0.082263
  => Total parameter prop_binUL16postVFP_mu_SR_bin4_bin6[0.00,-7.00,7.00] to be gaussian constrained
------------------------------------------------------------
7          4.438924        0.484895        total sum                     
7          4.186097        0.468493        excluding marked processes    
7          80.000000       8.944272        Unweighted events, alpha=0.055487
  => Total parameter prop_binUL16postVFP_mu_SR_bin4_bin7[0.00,-7.00,7.00] to be gaussian constrained
------------------------------------------------------------
8          1.227222        0.311325        total sum                     
8          1.190818        0.310098        excluding marked processes    
8          15.000000       3.872983        Unweighted events, alpha=0.081815
  => Total parameter prop_binUL16postVFP_mu_SR_bin4_bin8[0.00,-7.00,7.00] to be gaussian constrained
------------------------------------------------------------
============================================================
Analysing bin errors for: prop_binUL16postVFP_mu_SR_bin5
Poisson cut-off: 0
Processes excluded for sums: ALP_ttbar_signal ALP_ttbar_interference
============================================================
Bin        Contents        Error           Notes                         
0          30232.584015    804.650903      total sum                     
0          30940.336914    804.570058      excluding marked processes    
0          1479.000000     38.457769       Unweighted events, alpha=20.441233
  => Total parameter prop_binUL16postVFP_mu_SR_bin5_bin0[0.00,-7.00,7.00] to be gaussian constrained
------------------------------------------------------------
1          2405.888275     21.292638       total sum                     
1          2429.958679     21.083484       excluding marked processes    
1          13284.000000    115.256236      Unweighted events, alpha=0.181112
  => Total parameter prop_binUL16postVFP_mu_SR_bin5_bin1[0.00,-7.00,7.00] to be gaussian constrained
------------------------------------------------------------
2          630.815482      12.239856       total sum                     
2          632.276464      12.152790       excluding marked processes    
2          2707.000000     52.028838       Unweighted events, alpha=0.233031
  => Total parameter prop_binUL16postVFP_mu_SR_bin5_bin2[0.00,-7.00,7.00] to be gaussian constrained
------------------------------------------------------------
3          215.057932      8.521097        total sum                     
3          213.432858      8.488905        excluding marked processes    
3          632.000000      25.139610       Unweighted events, alpha=0.340282
  => Total parameter prop_binUL16postVFP_mu_SR_bin5_bin3[0.00,-7.00,7.00] to be gaussian constrained
------------------------------------------------------------
4          71.120109       2.700661        total sum                     
4          70.306107       2.648031        excluding marked processes    
4          705.000000      26.551836       Unweighted events, alpha=0.100880
  => Total parameter prop_binUL16postVFP_mu_SR_bin5_bin4[0.00,-7.00,7.00] to be gaussian constrained
------------------------------------------------------------
5          27.469590       2.657529        total sum                     
5          26.993510       2.636219        excluding marked processes    
5          105.000000      10.246951       Unweighted events, alpha=0.261615
  => Total parameter prop_binUL16postVFP_mu_SR_bin5_bin5[0.00,-7.00,7.00] to be gaussian constrained
------------------------------------------------------------
6          14.874646       1.065318        total sum                     
6          14.451108       1.039898        excluding marked processes    
6          193.000000      13.892444       Unweighted events, alpha=0.077071
  => Total parameter prop_binUL16postVFP_mu_SR_bin5_bin6[0.00,-7.00,7.00] to be gaussian constrained
------------------------------------------------------------
7          3.970859        0.541240        total sum                     
7          3.955656        0.529667        excluding marked processes    
7          56.000000       7.483315        Unweighted events, alpha=0.070908
  => Total parameter prop_binUL16postVFP_mu_SR_bin5_bin7[0.00,-7.00,7.00] to be gaussian constrained
------------------------------------------------------------
8          1.029571        0.204466        total sum                     
8          0.984880        0.199522        excluding marked processes    
8          24.000000       4.898979        Unweighted events, alpha=0.042899
  => Total parameter prop_binUL16postVFP_mu_SR_bin5_bin8[0.00,-7.00,7.00] to be gaussian constrained
------------------------------------------------------------
============================================================
Analysing bin errors for: prop_binUL16postVFP_mu_SR_bin6
Poisson cut-off: 0
Processes excluded for sums: ALP_ttbar_signal ALP_ttbar_interference
============================================================
Bin        Contents        Error           Notes                         
0          56951.553619    988.039820      total sum                     
0          58163.996826    987.927717      excluding marked processes    
0          3466.000000     58.872744       Unweighted events, alpha=16.431493
  => Total parameter prop_binUL16postVFP_mu_SR_bin6_bin0[0.00,-7.00,7.00] to be gaussian constrained
------------------------------------------------------------
1          8436.570724     122.946375      total sum                     
1          8542.597595     122.846459      excluding marked processes    
1          4836.000000     69.541355       Unweighted events, alpha=1.744535
  => Total parameter prop_binUL16postVFP_mu_SR_bin6_bin1[0.00,-7.00,7.00] to be gaussian constrained
------------------------------------------------------------
2          3009.591461     503.892711      total sum                     
2          3030.445129     503.886772      excluding marked processes    
2          36.000000       6.000000        Unweighted events, alpha=83.599763
  => Total parameter prop_binUL16postVFP_mu_SR_bin6_bin2[0.00,-7.00,7.00] to be gaussian constrained
------------------------------------------------------------
3          883.259106      14.136016       total sum                     
3          887.747492      14.065668       excluding marked processes    
3          3983.000000     63.111013       Unweighted events, alpha=0.221757
  => Total parameter prop_binUL16postVFP_mu_SR_bin6_bin3[0.00,-7.00,7.00] to be gaussian constrained
------------------------------------------------------------
4          323.266401      5.779538        total sum                     
4          324.179262      5.718636        excluding marked processes    
4          3214.000000     56.692151       Unweighted events, alpha=0.100581
  => Total parameter prop_binUL16postVFP_mu_SR_bin6_bin4[0.00,-7.00,7.00] to be gaussian constrained
------------------------------------------------------------
5          130.147601      3.752616        total sum                     
5          129.904129      3.724500        excluding marked processes    
5          1216.000000     34.871192       Unweighted events, alpha=0.107029
  => Total parameter prop_binUL16postVFP_mu_SR_bin6_bin5[0.00,-7.00,7.00] to be gaussian constrained
------------------------------------------------------------
6          81.822378       3.334280        total sum                     
6          82.064701       3.299092        excluding marked processes    
6          619.000000      24.879711       Unweighted events, alpha=0.132185
  => Total parameter prop_binUL16postVFP_mu_SR_bin6_bin6[0.00,-7.00,7.00] to be gaussian constrained
------------------------------------------------------------
7          15.168758       0.941363        total sum                     
7          14.818910       0.936071        excluding marked processes    
7          251.000000      15.842980       Unweighted events, alpha=0.060433
  => Total parameter prop_binUL16postVFP_mu_SR_bin6_bin7[0.00,-7.00,7.00] to be gaussian constrained
------------------------------------------------------------
8          6.014752        0.774049        total sum                     
8          5.926987        0.772167        excluding marked processes    
8          59.000000       7.681146        Unweighted events, alpha=0.101945
  => Total parameter prop_binUL16postVFP_mu_SR_bin6_bin8[0.00,-7.00,7.00] to be gaussian constrained
------------------------------------------------------------
============================================================
Analysing bin errors for: prop_binUL16postVFP_mu_CR1
Poisson cut-off: 0
Processes excluded for sums: ALP_ttbar_signal ALP_ttbar_interference
============================================================
Bin        Contents        Error           Notes                         
0          1264.295400     76.387765       total sum                     
0          1269.398994     76.381553       excluding marked processes    
0          276.000000      16.613248       Unweighted events, alpha=4.580780
  => Total parameter prop_binUL16postVFP_mu_CR1_bin0[0.00,-7.00,7.00] to be gaussian constrained
------------------------------------------------------------
1          465.664953      6.826815        total sum                     
1          468.243006      6.787762        excluding marked processes    
1          4759.000000     68.985506       Unweighted events, alpha=0.097849
  => Total parameter prop_binUL16postVFP_mu_CR1_bin1[0.00,-7.00,7.00] to be gaussian constrained
------------------------------------------------------------
2          197.595243      4.622768        total sum                     
2          198.412086      4.600251        excluding marked processes    
2          1860.000000     43.127717       Unweighted events, alpha=0.106234
  => Total parameter prop_binUL16postVFP_mu_CR1_bin2[0.00,-7.00,7.00] to be gaussian constrained
------------------------------------------------------------
3          92.343071       6.777737        total sum                     
3          93.488831       6.761615        excluding marked processes    
3          191.000000      13.820275       Unweighted events, alpha=0.483472
  => Total parameter prop_binUL16postVFP_mu_CR1_bin3[0.00,-7.00,7.00] to be gaussian constrained
------------------------------------------------------------
4          38.352288       1.666503        total sum                     
4          38.723246       1.639550        excluding marked processes    
4          558.000000      23.622024       Unweighted events, alpha=0.068732
  => Total parameter prop_binUL16postVFP_mu_CR1_bin4[0.00,-7.00,7.00] to be gaussian constrained
------------------------------------------------------------
5          21.647752       1.646859        total sum                     
5          21.721675       1.639114        excluding marked processes    
5          176.000000      13.266499       Unweighted events, alpha=0.122999
  => Total parameter prop_binUL16postVFP_mu_CR1_bin5[0.00,-7.00,7.00] to be gaussian constrained
------------------------------------------------------------
6          13.656910       0.978739        total sum                     
6          13.571288       0.977391        excluding marked processes    
6          193.000000      13.892444       Unweighted events, alpha=0.070761
  => Total parameter prop_binUL16postVFP_mu_CR1_bin6[0.00,-7.00,7.00] to be gaussian constrained
------------------------------------------------------------
7          3.169342        0.448825        total sum                     
7          3.337339        0.431620        excluding marked processes    
7          60.000000       7.745967        Unweighted events, alpha=0.052822
  => Total parameter prop_binUL16postVFP_mu_CR1_bin7[0.00,-7.00,7.00] to be gaussian constrained
------------------------------------------------------------
8          2.084522        0.625677        total sum                     
8          2.084522        0.625677        excluding marked processes    
8          11.000000       3.316625        Unweighted events, alpha=0.189502
  => Total parameter prop_binUL16postVFP_mu_CR1_bin8[0.00,-7.00,7.00] to be gaussian constrained
------------------------------------------------------------
============================================================
Analysing bin errors for: prop_binUL16postVFP_mu_CR2
Poisson cut-off: 0
Processes excluded for sums: ALP_ttbar_signal ALP_ttbar_interference
============================================================
Bin        Contents        Error           Notes                         
0          28769.723507    496.837189      total sum                     
0          28934.284180    496.805647      excluding marked processes    
0          3392.000000     58.240879       Unweighted events, alpha=8.481640
  => Total parameter prop_binUL16postVFP_mu_CR2_bin0[0.00,-7.00,7.00] to be gaussian constrained
------------------------------------------------------------
1          6739.617624     415.708409      total sum                     
1          6766.582367     415.701272      excluding marked processes    
1          265.000000      16.278821       Unweighted events, alpha=25.432519
  => Total parameter prop_binUL16postVFP_mu_CR2_bin1[0.00,-7.00,7.00] to be gaussian constrained
------------------------------------------------------------
2          2468.869706     34.163773       total sum                     
2          2474.714600     34.137906       excluding marked processes    
2          5255.000000     72.491379       Unweighted events, alpha=0.469813
  => Total parameter prop_binUL16postVFP_mu_CR2_bin2[0.00,-7.00,7.00] to be gaussian constrained
------------------------------------------------------------
3          1077.643293     18.208065       total sum                     
3          1079.641624     18.187952       excluding marked processes    
3          3524.000000     59.363288       Unweighted events, alpha=0.305801
  => Total parameter prop_binUL16postVFP_mu_CR2_bin3[0.00,-7.00,7.00] to be gaussian constrained
------------------------------------------------------------
4          556.508534      12.362168       total sum                     
4          556.171928      12.356119       excluding marked processes    
4          2026.000000     45.011110       Unweighted events, alpha=0.274683
  => Total parameter prop_binUL16postVFP_mu_CR2_bin4[0.00,-7.00,7.00] to be gaussian constrained
------------------------------------------------------------
5          298.695795      10.076733       total sum                     
5          298.555732      10.071384       excluding marked processes    
5          879.000000      29.647934       Unweighted events, alpha=0.339813
  => Total parameter prop_binUL16postVFP_mu_CR2_bin5[0.00,-7.00,7.00] to be gaussian constrained
------------------------------------------------------------
6          241.183007      6.834723        total sum                     
6          241.018263      6.827641        excluding marked processes    
6          1246.000000     35.298725       Unweighted events, alpha=0.193566
  => Total parameter prop_binUL16postVFP_mu_CR2_bin6[0.00,-7.00,7.00] to be gaussian constrained
------------------------------------------------------------
7          83.175125       3.066435        total sum                     
7          82.904613       3.063699        excluding marked processes    
7          732.000000      27.055499       Unweighted events, alpha=0.113627
  => Total parameter prop_binUL16postVFP_mu_CR2_bin7[0.00,-7.00,7.00] to be gaussian constrained
------------------------------------------------------------
8          54.517072       6.051786        total sum                     
8          54.475332       6.050692        excluding marked processes    
8          81.000000       9.000000        Unweighted events, alpha=0.673050
  => Total parameter prop_binUL16postVFP_mu_CR2_bin8[0.00,-7.00,7.00] to be gaussian constrained
------------------------------------------------------------
Channel UL16postVFP_el_SR_bin1_TopTag will use autoMCStats with settings: event-threshold=0, include-signal=0, hist-mode=1
Channel UL16postVFP_el_SR_bin1_NoTopTag will use autoMCStats with settings: event-threshold=0, include-signal=0, hist-mode=1
Channel UL16postVFP_el_SR_bin2_TopTag will use autoMCStats with settings: event-threshold=0, include-signal=0, hist-mode=1
Channel UL16postVFP_el_SR_bin2_NoTopTag will use autoMCStats with settings: event-threshold=0, include-signal=0, hist-mode=1
Channel UL16postVFP_el_SR_bin3_TopTag will use autoMCStats with settings: event-threshold=0, include-signal=0, hist-mode=1
Channel UL16postVFP_el_SR_bin3_NoTopTag will use autoMCStats with settings: event-threshold=0, include-signal=0, hist-mode=1
Channel UL16postVFP_el_SR_bin4 will use autoMCStats with settings: event-threshold=0, include-signal=0, hist-mode=1
Channel UL16postVFP_el_SR_bin5 will use autoMCStats with settings: event-threshold=0, include-signal=0, hist-mode=1
Channel UL16postVFP_el_SR_bin6 will use autoMCStats with settings: event-threshold=0, include-signal=0, hist-mode=1
Channel UL16postVFP_el_CR1 will use autoMCStats with settings: event-threshold=0, include-signal=0, hist-mode=1
Channel UL16postVFP_el_CR2 will use autoMCStats with settings: event-threshold=0, include-signal=0, hist-mode=1
Channel UL16postVFP_mu_SR_bin1_TopTag will use autoMCStats with settings: event-threshold=0, include-signal=0, hist-mode=1
Channel UL16postVFP_mu_SR_bin1_NoTopTag will use autoMCStats with settings: event-threshold=0, include-signal=0, hist-mode=1
Channel UL16postVFP_mu_SR_bin2_TopTag will use autoMCStats with settings: event-threshold=0, include-signal=0, hist-mode=1
Channel UL16postVFP_mu_SR_bin2_NoTopTag will use autoMCStats with settings: event-threshold=0, include-signal=0, hist-mode=1
Channel UL16postVFP_mu_SR_bin3_TopTag will use autoMCStats with settings: event-threshold=0, include-signal=0, hist-mode=1
Channel UL16postVFP_mu_SR_bin3_NoTopTag will use autoMCStats with settings: event-threshold=0, include-signal=0, hist-mode=1
Channel UL16postVFP_mu_SR_bin4 will use autoMCStats with settings: event-threshold=0, include-signal=0, hist-mode=1
Channel UL16postVFP_mu_SR_bin5 will use autoMCStats with settings: event-threshold=0, include-signal=0, hist-mode=1
Channel UL16postVFP_mu_SR_bin6 will use autoMCStats with settings: event-threshold=0, include-signal=0, hist-mode=1
Channel UL16postVFP_mu_CR1 will use autoMCStats with settings: event-threshold=0, include-signal=0, hist-mode=1
Channel UL16postVFP_mu_CR2 will use autoMCStats with settings: event-threshold=0, include-signal=0, hist-mode=1
