
>>> random number generator seed is 123456
>>> method used is AsymptoticLimits
Nuisance parameters after fit for asimov dataset: 
  1) RooRealVar::                      lumi_13TeV_fullRun2 = -0.552072 +/- 0.878133
  2) RooRealVar::                                 datasyst = -3.35629 +/- 0.121862
  3) RooRealVar::                                  mcscale = 0.810438 +/- 0.163282
  4) RooRealVar::        prop_binmtt_bin0_ALP_ttbar_signal = 46048 +/- 213.857
  5) RooRealVar::        prop_binmtt_bin0_TTToSemiLeptonic = 49119 +/- 153.411
  6) RooRealVar::  prop_binmtt_bin0_ALP_ttbar_interference = 46048 +/- 213.857
  7) RooRealVar::        prop_binmtt_bin1_ALP_ttbar_signal = 33201 +/- 181.591
  8) RooRealVar::        prop_binmtt_bin1_TTToSemiLeptonic = 38341 +/- 110.787
  9) RooRealVar::  prop_binmtt_bin1_ALP_ttbar_interference = 33201 +/- 181.591
 10) RooRealVar::        prop_binmtt_bin2_ALP_ttbar_signal = 13130 +/- 114.198
 11) RooRealVar::        prop_binmtt_bin2_TTToSemiLeptonic = 14826.4 +/- 42.0607
 12) RooRealVar::  prop_binmtt_bin2_ALP_ttbar_interference = 13130 +/- 114.198
 13) RooRealVar::        prop_binmtt_bin3_ALP_ttbar_signal = 4779.01 +/- 68.8956
 14) RooRealVar::        prop_binmtt_bin3_TTToSemiLeptonic = 5384.33 +/- 15.6113
 15) RooRealVar::  prop_binmtt_bin3_ALP_ttbar_interference = 4779.01 +/- 68.8956
 16) RooRealVar::        prop_binmtt_bin4_ALP_ttbar_signal = 1745.01 +/- 41.6316
 17) RooRealVar::        prop_binmtt_bin4_TTToSemiLeptonic = 1985.06 +/- 6.16045
 18) RooRealVar::  prop_binmtt_bin4_ALP_ttbar_interference = 1745.01 +/- 41.6316
 19) RooRealVar::        prop_binmtt_bin5_ALP_ttbar_signal = 855.005 +/- 29.1413
 20) RooRealVar::        prop_binmtt_bin5_TTToSemiLeptonic = 965.892 +/- 3.10488
 21) RooRealVar::  prop_binmtt_bin5_ALP_ttbar_interference = 855.005 +/- 29.1413
 22) RooRealVar::        prop_binmtt_bin6_ALP_ttbar_signal = 770.005 +/- 27.6548
 23) RooRealVar::        prop_binmtt_bin6_TTToSemiLeptonic = 872.988 +/- 3.22374
 24) RooRealVar::  prop_binmtt_bin6_ALP_ttbar_interference = 770.005 +/- 27.6548
 25) RooRealVar::        prop_binmtt_bin7_ALP_ttbar_signal = 569.005 +/- 23.7728
 26) RooRealVar::        prop_binmtt_bin7_TTToSemiLeptonic = 626.481 +/- 2.3079
 27) RooRealVar::  prop_binmtt_bin7_ALP_ttbar_interference = 569.005 +/- 23.7728
 28) RooRealVar::        prop_binmtt_bin8_ALP_ttbar_signal = 741.005 +/- 27.129
 29) RooRealVar::        prop_binmtt_bin8_TTToSemiLeptonic = 855.237 +/- 3.96014
 30) RooRealVar::  prop_binmtt_bin8_ALP_ttbar_interference = 741.005 +/- 27.129
 31) RooRealVar::        prop_binmtt_bin9_ALP_ttbar_signal = 476.005 +/- 21.7434
 32) RooRealVar::        prop_binmtt_bin9_TTToSemiLeptonic = 522.795 +/- 2.28885
 33) RooRealVar::  prop_binmtt_bin9_ALP_ttbar_interference = 476.005 +/- 21.7434
 34) RooRealVar::       prop_binmtt_bin10_ALP_ttbar_signal = 315.005 +/- 17.688
 35) RooRealVar::       prop_binmtt_bin10_TTToSemiLeptonic = 364.374 +/- 2.2273
 36) RooRealVar:: prop_binmtt_bin10_ALP_ttbar_interference = 315.005 +/- 17.688
Global observables for data: 
  1) RooRealVar::                      lumi_13TeV_fullRun2_In = 0
  2) RooRealVar::                                 datasyst_In = 0
  3) RooRealVar::                                  mcscale_In = 0
  4) RooRealVar::        prop_binmtt_bin0_ALP_ttbar_signal_In = 46048
  5) RooRealVar::        prop_binmtt_bin0_TTToSemiLeptonic_In = 48452
  6) RooRealVar::  prop_binmtt_bin0_ALP_ttbar_interference_In = 46048
  7) RooRealVar::        prop_binmtt_bin1_ALP_ttbar_signal_In = 33201
  8) RooRealVar::        prop_binmtt_bin1_TTToSemiLeptonic_In = 38726
  9) RooRealVar::  prop_binmtt_bin1_ALP_ttbar_interference_In = 33201
 10) RooRealVar::        prop_binmtt_bin2_ALP_ttbar_signal_In = 13130
 11) RooRealVar::        prop_binmtt_bin2_TTToSemiLeptonic_In = 15124
 12) RooRealVar::  prop_binmtt_bin2_ALP_ttbar_interference_In = 13130
 13) RooRealVar::        prop_binmtt_bin3_ALP_ttbar_signal_In = 4779
 14) RooRealVar::        prop_binmtt_bin3_TTToSemiLeptonic_In = 5411
 15) RooRealVar::  prop_binmtt_bin3_ALP_ttbar_interference_In = 4779
 16) RooRealVar::        prop_binmtt_bin4_ALP_ttbar_signal_In = 1745
 17) RooRealVar::        prop_binmtt_bin4_TTToSemiLeptonic_In = 2019
 18) RooRealVar::  prop_binmtt_bin4_ALP_ttbar_interference_In = 1745
 19) RooRealVar::        prop_binmtt_bin5_ALP_ttbar_signal_In = 855
 20) RooRealVar::        prop_binmtt_bin5_TTToSemiLeptonic_In = 953
 21) RooRealVar::  prop_binmtt_bin5_ALP_ttbar_interference_In = 855
 22) RooRealVar::        prop_binmtt_bin6_ALP_ttbar_signal_In = 770
 23) RooRealVar::        prop_binmtt_bin6_TTToSemiLeptonic_In = 883
 24) RooRealVar::  prop_binmtt_bin6_ALP_ttbar_interference_In = 770
 25) RooRealVar::        prop_binmtt_bin7_ALP_ttbar_signal_In = 569
 26) RooRealVar::        prop_binmtt_bin7_TTToSemiLeptonic_In = 587
 27) RooRealVar::  prop_binmtt_bin7_ALP_ttbar_interference_In = 569
 28) RooRealVar::        prop_binmtt_bin8_ALP_ttbar_signal_In = 741
 29) RooRealVar::        prop_binmtt_bin8_TTToSemiLeptonic_In = 882
 30) RooRealVar::  prop_binmtt_bin8_ALP_ttbar_interference_In = 741
 31) RooRealVar::        prop_binmtt_bin9_ALP_ttbar_signal_In = 476
 32) RooRealVar::        prop_binmtt_bin9_TTToSemiLeptonic_In = 483
 33) RooRealVar::  prop_binmtt_bin9_ALP_ttbar_interference_In = 476
 34) RooRealVar::       prop_binmtt_bin10_ALP_ttbar_signal_In = 315
 35) RooRealVar::       prop_binmtt_bin10_TTToSemiLeptonic_In = 378
 36) RooRealVar:: prop_binmtt_bin10_ALP_ttbar_interference_In = 315
Global observables for asimov: 
  1) RooRealVar::                      lumi_13TeV_fullRun2_In = -0.552072
  2) RooRealVar::                                 datasyst_In = -3.35629
  3) RooRealVar::                                  mcscale_In = 0.810438
  4) RooRealVar::        prop_binmtt_bin0_ALP_ttbar_signal_In = 46048
  5) RooRealVar::        prop_binmtt_bin0_TTToSemiLeptonic_In = 49119
  6) RooRealVar::  prop_binmtt_bin0_ALP_ttbar_interference_In = 46048
  7) RooRealVar::        prop_binmtt_bin1_ALP_ttbar_signal_In = 33201
  8) RooRealVar::        prop_binmtt_bin1_TTToSemiLeptonic_In = 38341
  9) RooRealVar::  prop_binmtt_bin1_ALP_ttbar_interference_In = 33201
 10) RooRealVar::        prop_binmtt_bin2_ALP_ttbar_signal_In = 13130
 11) RooRealVar::        prop_binmtt_bin2_TTToSemiLeptonic_In = 14826.4
 12) RooRealVar::  prop_binmtt_bin2_ALP_ttbar_interference_In = 13130
 13) RooRealVar::        prop_binmtt_bin3_ALP_ttbar_signal_In = 4779.01
 14) RooRealVar::        prop_binmtt_bin3_TTToSemiLeptonic_In = 5384.33
 15) RooRealVar::  prop_binmtt_bin3_ALP_ttbar_interference_In = 4779.01
 16) RooRealVar::        prop_binmtt_bin4_ALP_ttbar_signal_In = 1745.01
 17) RooRealVar::        prop_binmtt_bin4_TTToSemiLeptonic_In = 1985.06
 18) RooRealVar::  prop_binmtt_bin4_ALP_ttbar_interference_In = 1745.01
 19) RooRealVar::        prop_binmtt_bin5_ALP_ttbar_signal_In = 855.005
 20) RooRealVar::        prop_binmtt_bin5_TTToSemiLeptonic_In = 965.892
 21) RooRealVar::  prop_binmtt_bin5_ALP_ttbar_interference_In = 855.005
 22) RooRealVar::        prop_binmtt_bin6_ALP_ttbar_signal_In = 770.005
 23) RooRealVar::        prop_binmtt_bin6_TTToSemiLeptonic_In = 872.988
 24) RooRealVar::  prop_binmtt_bin6_ALP_ttbar_interference_In = 770.005
 25) RooRealVar::        prop_binmtt_bin7_ALP_ttbar_signal_In = 569.005
 26) RooRealVar::        prop_binmtt_bin7_TTToSemiLeptonic_In = 626.481
 27) RooRealVar::  prop_binmtt_bin7_ALP_ttbar_interference_In = 569.005
 28) RooRealVar::        prop_binmtt_bin8_ALP_ttbar_signal_In = 741.005
 29) RooRealVar::        prop_binmtt_bin8_TTToSemiLeptonic_In = 855.237
 30) RooRealVar::  prop_binmtt_bin8_ALP_ttbar_interference_In = 741.005
 31) RooRealVar::        prop_binmtt_bin9_ALP_ttbar_signal_In = 476.005
 32) RooRealVar::        prop_binmtt_bin9_TTToSemiLeptonic_In = 522.795
 33) RooRealVar::  prop_binmtt_bin9_ALP_ttbar_interference_In = 476.005
 34) RooRealVar::       prop_binmtt_bin10_ALP_ttbar_signal_In = 315.005
 35) RooRealVar::       prop_binmtt_bin10_TTToSemiLeptonic_In = 364.374
 36) RooRealVar:: prop_binmtt_bin10_ALP_ttbar_interference_In = 315.005
SimNLL created with 1 channels, 33 generic constraints, 3 fast gaussian constraints, 0 fast poisson constraints, 0 fast group constraints, 
Fit to asimov dataset:

  RooFitResult: minimized FCN value: -763.232, estimated distance to minimum: 5.70181e-05
                covariance matrix quality: Full matrix, but forced positive-definite
                Status : MINIMIZE=1 

    Constant Parameter    Value     
  --------------------  ------------
                   ONE    1.0000e+00
           datasyst_In   -3.3563e+00
  lumi_13TeV_fullRun2_In   -5.5207e-01
            mcscale_In    8.1044e-01
  prop_binmtt_bin0_ALP_ttbar_interference_In    4.6048e+04
  prop_binmtt_bin0_ALP_ttbar_signal_In    4.6048e+04
  prop_binmtt_bin0_TTToSemiLeptonic_In    4.9119e+04
  prop_binmtt_bin10_ALP_ttbar_interference_In    3.1501e+02
  prop_binmtt_bin10_ALP_ttbar_signal_In    3.1501e+02
  prop_binmtt_bin10_TTToSemiLeptonic_In    3.6437e+02
  prop_binmtt_bin1_ALP_ttbar_interference_In    3.3201e+04
  prop_binmtt_bin1_ALP_ttbar_signal_In    3.3201e+04
  prop_binmtt_bin1_TTToSemiLeptonic_In    3.8341e+04
  prop_binmtt_bin2_ALP_ttbar_interference_In    1.3130e+04
  prop_binmtt_bin2_ALP_ttbar_signal_In    1.3130e+04
  prop_binmtt_bin2_TTToSemiLeptonic_In    1.4826e+04
  prop_binmtt_bin3_ALP_ttbar_interference_In    4.7790e+03
  prop_binmtt_bin3_ALP_ttbar_signal_In    4.7790e+03
  prop_binmtt_bin3_TTToSemiLeptonic_In    5.3843e+03
  prop_binmtt_bin4_ALP_ttbar_interference_In    1.7450e+03
  prop_binmtt_bin4_ALP_ttbar_signal_In    1.7450e+03
  prop_binmtt_bin4_TTToSemiLeptonic_In    1.9851e+03
  prop_binmtt_bin5_ALP_ttbar_interference_In    8.5501e+02
  prop_binmtt_bin5_ALP_ttbar_signal_In    8.5501e+02
  prop_binmtt_bin5_TTToSemiLeptonic_In    9.6589e+02
  prop_binmtt_bin6_ALP_ttbar_interference_In    7.7001e+02
  prop_binmtt_bin6_ALP_ttbar_signal_In    7.7001e+02
  prop_binmtt_bin6_TTToSemiLeptonic_In    8.7299e+02
  prop_binmtt_bin7_ALP_ttbar_interference_In    5.6901e+02
  prop_binmtt_bin7_ALP_ttbar_signal_In    5.6901e+02
  prop_binmtt_bin7_TTToSemiLeptonic_In    6.2648e+02
  prop_binmtt_bin8_ALP_ttbar_interference_In    7.4101e+02
  prop_binmtt_bin8_ALP_ttbar_signal_In    7.4101e+02
  prop_binmtt_bin8_TTToSemiLeptonic_In    8.5524e+02
  prop_binmtt_bin9_ALP_ttbar_interference_In    4.7601e+02
  prop_binmtt_bin9_ALP_ttbar_signal_In    4.7601e+02
  prop_binmtt_bin9_TTToSemiLeptonic_In    5.2279e+02

    Floating Parameter  InitialValue    FinalValue +/-  Error     GblCorr.
  --------------------  ------------  --------------------------  --------
              datasyst   -3.3563e+00   -3.3985e+00 +/-  4.81e-02  <none>
   lumi_13TeV_fullRun2   -5.5207e-01   -5.5779e-01 +/-  1.32e-01  <none>
               mcscale    8.1044e-01    8.4396e-01 +/-  1.80e-02  <none>
  prop_binmtt_bin0_ALP_ttbar_interference    4.6048e+04    4.6048e+04 +/-  2.13e+02  <none>
  prop_binmtt_bin0_ALP_ttbar_signal    4.6048e+04    4.6048e+04 +/-  2.13e+02  <none>
  prop_binmtt_bin0_TTToSemiLeptonic    4.9119e+04    4.9122e+04 +/-  8.98e+01  <none>
  prop_binmtt_bin10_ALP_ttbar_interference    3.1501e+02    3.1501e+02 +/-  1.76e+01  <none>
  prop_binmtt_bin10_ALP_ttbar_signal    3.1501e+02    3.1500e+02 +/-  1.76e+01  <none>
  prop_binmtt_bin10_TTToSemiLeptonic    3.6437e+02    3.6376e+02 +/-  1.37e+00  <none>
  prop_binmtt_bin1_ALP_ttbar_interference    3.3201e+04    3.3201e+04 +/-  1.81e+02  <none>
  prop_binmtt_bin1_ALP_ttbar_signal    3.3201e+04    3.3201e+04 +/-  1.81e+02  <none>
  prop_binmtt_bin1_TTToSemiLeptonic    3.8341e+04    3.8351e+04 +/-  6.62e+01  <none>
  prop_binmtt_bin2_ALP_ttbar_interference    1.3130e+04    1.3130e+04 +/-  1.14e+02  <none>
  prop_binmtt_bin2_ALP_ttbar_signal    1.3130e+04    1.3130e+04 +/-  1.14e+02  <none>
  prop_binmtt_bin2_TTToSemiLeptonic    1.4826e+04    1.4822e+04 +/-  2.45e+01  <none>
  prop_binmtt_bin3_ALP_ttbar_interference    4.7790e+03    4.7790e+03 +/-  6.87e+01  <none>
  prop_binmtt_bin3_ALP_ttbar_signal    4.7790e+03    4.7790e+03 +/-  6.87e+01  <none>
  prop_binmtt_bin3_TTToSemiLeptonic    5.3843e+03    5.3818e+03 +/-  9.39e+00  <none>
  prop_binmtt_bin4_ALP_ttbar_interference    1.7450e+03    1.7450e+03 +/-  4.15e+01  <none>
  prop_binmtt_bin4_ALP_ttbar_signal    1.7450e+03    1.7450e+03 +/-  4.15e+01  <none>
  prop_binmtt_bin4_TTToSemiLeptonic    1.9851e+03    1.9837e+03 +/-  3.68e+00  <none>
  prop_binmtt_bin5_ALP_ttbar_interference    8.5501e+02    8.5501e+02 +/-  2.91e+01  <none>
  prop_binmtt_bin5_ALP_ttbar_signal    8.5501e+02    8.5500e+02 +/-  2.91e+01  <none>
  prop_binmtt_bin5_TTToSemiLeptonic    9.6589e+02    9.6517e+02 +/-  1.99e+00  <none>
  prop_binmtt_bin6_ALP_ttbar_interference    7.7001e+02    7.7002e+02 +/-  2.76e+01  <none>
  prop_binmtt_bin6_ALP_ttbar_signal    7.7001e+02    7.7000e+02 +/-  2.76e+01  <none>
  prop_binmtt_bin6_TTToSemiLeptonic    8.7299e+02    8.7210e+02 +/-  1.87e+00  <none>
  prop_binmtt_bin7_ALP_ttbar_interference    5.6901e+02    5.6901e+02 +/-  2.37e+01  <none>
  prop_binmtt_bin7_ALP_ttbar_signal    5.6901e+02    5.6900e+02 +/-  2.37e+01  <none>
  prop_binmtt_bin7_TTToSemiLeptonic    6.2648e+02    6.2588e+02 +/-  1.59e+00  <none>
  prop_binmtt_bin8_ALP_ttbar_interference    7.4101e+02    7.4101e+02 +/-  2.71e+01  <none>
  prop_binmtt_bin8_ALP_ttbar_signal    7.4101e+02    7.4100e+02 +/-  2.71e+01  <none>
  prop_binmtt_bin8_TTToSemiLeptonic    8.5524e+02    8.5409e+02 +/-  2.21e+00  <none>
  prop_binmtt_bin9_ALP_ttbar_interference    4.7601e+02    4.7601e+02 +/-  2.17e+01  <none>
  prop_binmtt_bin9_ALP_ttbar_signal    4.7601e+02    4.7600e+02 +/-  2.17e+01  <none>
  prop_binmtt_bin9_TTToSemiLeptonic    5.2279e+02    5.2220e+02 +/-  1.70e+00  <none>
                     r    2.0000e-01    5.4821e-02 +/-  6.11e-02  <none>

At r = 0.835938:	delta(nll) = 1.91448
Median for expected limits: 0.839844
Sigma  for expected limits: 0.4285
At r = 1.387420:	delta(nll) = 6.44036
SimNLL created with 1 channels, 33 generic constraints, 3 fast gaussian constraints, 0 fast poisson constraints, 0 fast group constraints, 
SimNLL created with 1 channels, 33 generic constraints, 3 fast gaussian constraints, 0 fast poisson constraints, 0 fast group constraints, 
Restricting r to positive values.
  1) RooRealVar::                                         ONE = 1
  2) RooRealVar::                                    datasyst = 0 +/- 1
  3) RooRealVar::                                 datasyst_In = 0
  4) RooRealVar::                         lumi_13TeV_fullRun2 = 0 +/- 1
  5) RooRealVar::                      lumi_13TeV_fullRun2_In = 0
  6) RooRealVar::                                     mcscale = 0 +/- 1
  7) RooRealVar::                                  mcscale_In = 0
  8) RooRealVar::     prop_binmtt_bin0_ALP_ttbar_interference = 46048
  9) RooRealVar::  prop_binmtt_bin0_ALP_ttbar_interference_In = 46048
 10) RooRealVar::           prop_binmtt_bin0_ALP_ttbar_signal = 46048
 11) RooRealVar::        prop_binmtt_bin0_ALP_ttbar_signal_In = 46048
 12) RooRealVar::           prop_binmtt_bin0_TTToSemiLeptonic = 48452
 13) RooRealVar::        prop_binmtt_bin0_TTToSemiLeptonic_In = 48452
 14) RooRealVar::    prop_binmtt_bin10_ALP_ttbar_interference = 315
 15) RooRealVar:: prop_binmtt_bin10_ALP_ttbar_interference_In = 315
 16) RooRealVar::          prop_binmtt_bin10_ALP_ttbar_signal = 315
 17) RooRealVar::       prop_binmtt_bin10_ALP_ttbar_signal_In = 315
 18) RooRealVar::          prop_binmtt_bin10_TTToSemiLeptonic = 378
 19) RooRealVar::       prop_binmtt_bin10_TTToSemiLeptonic_In = 378
 20) RooRealVar::     prop_binmtt_bin1_ALP_ttbar_interference = 33201
 21) RooRealVar::  prop_binmtt_bin1_ALP_ttbar_interference_In = 33201
 22) RooRealVar::           prop_binmtt_bin1_ALP_ttbar_signal = 33201
 23) RooRealVar::        prop_binmtt_bin1_ALP_ttbar_signal_In = 33201
 24) RooRealVar::           prop_binmtt_bin1_TTToSemiLeptonic = 38726
 25) RooRealVar::        prop_binmtt_bin1_TTToSemiLeptonic_In = 38726
 26) RooRealVar::     prop_binmtt_bin2_ALP_ttbar_interference = 13130
 27) RooRealVar::  prop_binmtt_bin2_ALP_ttbar_interference_In = 13130
 28) RooRealVar::           prop_binmtt_bin2_ALP_ttbar_signal = 13130
 29) RooRealVar::        prop_binmtt_bin2_ALP_ttbar_signal_In = 13130
 30) RooRealVar::           prop_binmtt_bin2_TTToSemiLeptonic = 15124
 31) RooRealVar::        prop_binmtt_bin2_TTToSemiLeptonic_In = 15124
 32) RooRealVar::     prop_binmtt_bin3_ALP_ttbar_interference = 4779
 33) RooRealVar::  prop_binmtt_bin3_ALP_ttbar_interference_In = 4779
 34) RooRealVar::           prop_binmtt_bin3_ALP_ttbar_signal = 4779
 35) RooRealVar::        prop_binmtt_bin3_ALP_ttbar_signal_In = 4779
 36) RooRealVar::           prop_binmtt_bin3_TTToSemiLeptonic = 5411
 37) RooRealVar::        prop_binmtt_bin3_TTToSemiLeptonic_In = 5411
 38) RooRealVar::     prop_binmtt_bin4_ALP_ttbar_interference = 1745
 39) RooRealVar::  prop_binmtt_bin4_ALP_ttbar_interference_In = 1745
 40) RooRealVar::           prop_binmtt_bin4_ALP_ttbar_signal = 1745
 41) RooRealVar::        prop_binmtt_bin4_ALP_ttbar_signal_In = 1745
 42) RooRealVar::           prop_binmtt_bin4_TTToSemiLeptonic = 2019
 43) RooRealVar::        prop_binmtt_bin4_TTToSemiLeptonic_In = 2019
 44) RooRealVar::     prop_binmtt_bin5_ALP_ttbar_interference = 855
 45) RooRealVar::  prop_binmtt_bin5_ALP_ttbar_interference_In = 855
 46) RooRealVar::           prop_binmtt_bin5_ALP_ttbar_signal = 855
 47) RooRealVar::        prop_binmtt_bin5_ALP_ttbar_signal_In = 855
 48) RooRealVar::           prop_binmtt_bin5_TTToSemiLeptonic = 953
 49) RooRealVar::        prop_binmtt_bin5_TTToSemiLeptonic_In = 953
 50) RooRealVar::     prop_binmtt_bin6_ALP_ttbar_interference = 770
 51) RooRealVar::  prop_binmtt_bin6_ALP_ttbar_interference_In = 770
 52) RooRealVar::           prop_binmtt_bin6_ALP_ttbar_signal = 770
 53) RooRealVar::        prop_binmtt_bin6_ALP_ttbar_signal_In = 770
 54) RooRealVar::           prop_binmtt_bin6_TTToSemiLeptonic = 883
 55) RooRealVar::        prop_binmtt_bin6_TTToSemiLeptonic_In = 883
 56) RooRealVar::     prop_binmtt_bin7_ALP_ttbar_interference = 569
 57) RooRealVar::  prop_binmtt_bin7_ALP_ttbar_interference_In = 569
 58) RooRealVar::           prop_binmtt_bin7_ALP_ttbar_signal = 569
 59) RooRealVar::        prop_binmtt_bin7_ALP_ttbar_signal_In = 569
 60) RooRealVar::           prop_binmtt_bin7_TTToSemiLeptonic = 587
 61) RooRealVar::        prop_binmtt_bin7_TTToSemiLeptonic_In = 587
 62) RooRealVar::     prop_binmtt_bin8_ALP_ttbar_interference = 741
 63) RooRealVar::  prop_binmtt_bin8_ALP_ttbar_interference_In = 741
 64) RooRealVar::           prop_binmtt_bin8_ALP_ttbar_signal = 741
 65) RooRealVar::        prop_binmtt_bin8_ALP_ttbar_signal_In = 741
 66) RooRealVar::           prop_binmtt_bin8_TTToSemiLeptonic = 882
 67) RooRealVar::        prop_binmtt_bin8_TTToSemiLeptonic_In = 882
 68) RooRealVar::     prop_binmtt_bin9_ALP_ttbar_interference = 476
 69) RooRealVar::  prop_binmtt_bin9_ALP_ttbar_interference_In = 476
 70) RooRealVar::           prop_binmtt_bin9_ALP_ttbar_signal = 476
 71) RooRealVar::        prop_binmtt_bin9_ALP_ttbar_signal_In = 476
 72) RooRealVar::           prop_binmtt_bin9_TTToSemiLeptonic = 483
 73) RooRealVar::        prop_binmtt_bin9_TTToSemiLeptonic_In = 483
 74) RooRealVar::                                           r = 2

Make global fit of real data
  [WARNING] Found [datasyst] at boundary. 
NLL at global minimum of data: -28607.4 (r = 1.12047e-05)
   0) ONE                            =         1
   1) datasyst                       =   -3.4714
   2) datasyst_In                    =         0
   3) lumi_13TeV_fullRun2            = -0.480316
   4) lumi_13TeV_fullRun2_In         =         0
   5) mcscale                        =  0.840774
   6) mcscale_In                     =         0
   7) prop_binmtt_bin0_ALP_ttbar_interference =   46047.8
   8) prop_binmtt_bin0_ALP_ttbar_interference_In =     46048
   9) prop_binmtt_bin0_ALP_ttbar_signal =     46048
  10) prop_binmtt_bin0_ALP_ttbar_signal_In =     46048
  11) prop_binmtt_bin0_TTToSemiLeptonic =     49099
  12) prop_binmtt_bin0_TTToSemiLeptonic_In =     48452
  13) prop_binmtt_bin10_ALP_ttbar_interference =   314.998
  14) prop_binmtt_bin10_ALP_ttbar_interference_In =       315
  15) prop_binmtt_bin10_ALP_ttbar_signal =   315.003
  16) prop_binmtt_bin10_ALP_ttbar_signal_In =       315
  17) prop_binmtt_bin10_TTToSemiLeptonic =   364.399
  18) prop_binmtt_bin10_TTToSemiLeptonic_In =       378
  19) prop_binmtt_bin1_ALP_ttbar_interference =   33201.4
  20) prop_binmtt_bin1_ALP_ttbar_interference_In =     33201
  21) prop_binmtt_bin1_ALP_ttbar_signal =     33201
  22) prop_binmtt_bin1_ALP_ttbar_signal_In =     33201
  23) prop_binmtt_bin1_TTToSemiLeptonic =   38362.5
  24) prop_binmtt_bin1_TTToSemiLeptonic_In =     38726
  25) prop_binmtt_bin2_ALP_ttbar_interference =   13130.1
  26) prop_binmtt_bin2_ALP_ttbar_interference_In =     13130
  27) prop_binmtt_bin2_ALP_ttbar_signal =     13130
  28) prop_binmtt_bin2_ALP_ttbar_signal_In =     13130
  29) prop_binmtt_bin2_TTToSemiLeptonic =   14826.6
  30) prop_binmtt_bin2_TTToSemiLeptonic_In =     15124
  31) prop_binmtt_bin3_ALP_ttbar_interference =   4779.04
  32) prop_binmtt_bin3_ALP_ttbar_interference_In =      4779
  33) prop_binmtt_bin3_ALP_ttbar_signal =   4778.99
  34) prop_binmtt_bin3_ALP_ttbar_signal_In =      4779
  35) prop_binmtt_bin3_TTToSemiLeptonic =   5385.53
  36) prop_binmtt_bin3_TTToSemiLeptonic_In =      5411
  37) prop_binmtt_bin4_ALP_ttbar_interference =      1745
  38) prop_binmtt_bin4_ALP_ttbar_interference_In =      1745
  39) prop_binmtt_bin4_ALP_ttbar_signal =   1745.02
  40) prop_binmtt_bin4_ALP_ttbar_signal_In =      1745
  41) prop_binmtt_bin4_TTToSemiLeptonic =   1985.42
  42) prop_binmtt_bin4_TTToSemiLeptonic_In =      2019
  43) prop_binmtt_bin5_ALP_ttbar_interference =   855.034
  44) prop_binmtt_bin5_ALP_ttbar_interference_In =       855
  45) prop_binmtt_bin5_ALP_ttbar_signal =   854.969
  46) prop_binmtt_bin5_ALP_ttbar_signal_In =       855
  47) prop_binmtt_bin5_TTToSemiLeptonic =   966.436
  48) prop_binmtt_bin5_TTToSemiLeptonic_In =       953
  49) prop_binmtt_bin6_ALP_ttbar_interference =   770.013
  50) prop_binmtt_bin6_ALP_ttbar_interference_In =       770
  51) prop_binmtt_bin6_ALP_ttbar_signal =   769.992
  52) prop_binmtt_bin6_ALP_ttbar_signal_In =       770
  53) prop_binmtt_bin6_TTToSemiLeptonic =   873.155
  54) prop_binmtt_bin6_TTToSemiLeptonic_In =       883
  55) prop_binmtt_bin7_ALP_ttbar_interference =   568.989
  56) prop_binmtt_bin7_ALP_ttbar_interference_In =       569
  57) prop_binmtt_bin7_ALP_ttbar_signal =   568.991
  58) prop_binmtt_bin7_ALP_ttbar_signal_In =       569
  59) prop_binmtt_bin7_TTToSemiLeptonic =   627.119
  60) prop_binmtt_bin7_TTToSemiLeptonic_In =       587
  61) prop_binmtt_bin8_ALP_ttbar_interference =   740.989
  62) prop_binmtt_bin8_ALP_ttbar_interference_In =       741
  63) prop_binmtt_bin8_ALP_ttbar_signal =   740.962
  64) prop_binmtt_bin8_ALP_ttbar_signal_In =       741
  65) prop_binmtt_bin8_TTToSemiLeptonic =   855.357
  66) prop_binmtt_bin8_TTToSemiLeptonic_In =       882
  67) prop_binmtt_bin9_ALP_ttbar_interference =    475.99
  68) prop_binmtt_bin9_ALP_ttbar_interference_In =       476
  69) prop_binmtt_bin9_ALP_ttbar_signal =   475.981
  70) prop_binmtt_bin9_ALP_ttbar_signal_In =       476
  71) prop_binmtt_bin9_TTToSemiLeptonic =    523.43
  72) prop_binmtt_bin9_TTToSemiLeptonic_In =       483
  73) r                              = 1.12047e-05


Make global fit of asimov data
NLL at global minimum of asimov: -28572.4 (r = 2.18089e-05)
   0) ONE                            =         1
   1) datasyst                       =  -3.54667
   2) datasyst_In                    =  -3.35629
   3) lumi_13TeV_fullRun2            = -0.459522
   4) lumi_13TeV_fullRun2_In         = -0.552072
   5) mcscale                        =   1.00654
   6) mcscale_In                     =  0.810438
   7) prop_binmtt_bin0_ALP_ttbar_interference =   46045.6
   8) prop_binmtt_bin0_ALP_ttbar_interference_In =     46048
   9) prop_binmtt_bin0_ALP_ttbar_signal =   46048.2
  10) prop_binmtt_bin0_ALP_ttbar_signal_In =     46048
  11) prop_binmtt_bin0_TTToSemiLeptonic =   49204.4
  12) prop_binmtt_bin0_TTToSemiLeptonic_In =     49119
  13) prop_binmtt_bin10_ALP_ttbar_interference =   315.072
  14) prop_binmtt_bin10_ALP_ttbar_interference_In =   315.005
  15) prop_binmtt_bin10_ALP_ttbar_signal =    314.96
  16) prop_binmtt_bin10_ALP_ttbar_signal_In =   315.005
  17) prop_binmtt_bin10_TTToSemiLeptonic =   358.444
  18) prop_binmtt_bin10_TTToSemiLeptonic_In =   364.374
  19) prop_binmtt_bin1_ALP_ttbar_interference =   33199.8
  20) prop_binmtt_bin1_ALP_ttbar_interference_In =     33201
  21) prop_binmtt_bin1_ALP_ttbar_signal =   33201.1
  22) prop_binmtt_bin1_ALP_ttbar_signal_In =     33201
  23) prop_binmtt_bin1_TTToSemiLeptonic =   38396.1
  24) prop_binmtt_bin1_TTToSemiLeptonic_In =     38341
  25) prop_binmtt_bin2_ALP_ttbar_interference =   13130.8
  26) prop_binmtt_bin2_ALP_ttbar_interference_In =     13130
  27) prop_binmtt_bin2_ALP_ttbar_signal =   13129.9
  28) prop_binmtt_bin2_ALP_ttbar_signal_In =     13130
  29) prop_binmtt_bin2_TTToSemiLeptonic =   14788.8
  30) prop_binmtt_bin2_TTToSemiLeptonic_In =   14826.4
  31) prop_binmtt_bin3_ALP_ttbar_interference =   4779.55
  32) prop_binmtt_bin3_ALP_ttbar_interference_In =   4779.01
  33) prop_binmtt_bin3_ALP_ttbar_signal =   4778.92
  34) prop_binmtt_bin3_ALP_ttbar_signal_In =   4779.01
  35) prop_binmtt_bin3_TTToSemiLeptonic =   5359.92
  36) prop_binmtt_bin3_TTToSemiLeptonic_In =   5384.33
  37) prop_binmtt_bin4_ALP_ttbar_interference =   1745.31
  38) prop_binmtt_bin4_ALP_ttbar_interference_In =   1745.01
  39) prop_binmtt_bin4_ALP_ttbar_signal =   1745.08
  40) prop_binmtt_bin4_ALP_ttbar_signal_In =   1745.01
  41) prop_binmtt_bin4_TTToSemiLeptonic =   1972.45
  42) prop_binmtt_bin4_TTToSemiLeptonic_In =   1985.06
  43) prop_binmtt_bin5_ALP_ttbar_interference =   855.103
  44) prop_binmtt_bin5_ALP_ttbar_interference_In =   855.005
  45) prop_binmtt_bin5_ALP_ttbar_signal =   854.981
  46) prop_binmtt_bin5_ALP_ttbar_signal_In =   855.005
  47) prop_binmtt_bin5_TTToSemiLeptonic =   958.643
  48) prop_binmtt_bin5_TTToSemiLeptonic_In =   965.892
  49) prop_binmtt_bin6_ALP_ttbar_interference =   770.191
  50) prop_binmtt_bin6_ALP_ttbar_interference_In =   770.005
  51) prop_binmtt_bin6_ALP_ttbar_signal =   769.978
  52) prop_binmtt_bin6_ALP_ttbar_signal_In =   770.005
  53) prop_binmtt_bin6_TTToSemiLeptonic =   864.732
  54) prop_binmtt_bin6_TTToSemiLeptonic_In =   872.988
  55) prop_binmtt_bin7_ALP_ttbar_interference =   569.098
  56) prop_binmtt_bin7_ALP_ttbar_interference_In =   569.005
  57) prop_binmtt_bin7_ALP_ttbar_signal =   568.967
  58) prop_binmtt_bin7_ALP_ttbar_signal_In =   569.005
  59) prop_binmtt_bin7_TTToSemiLeptonic =   620.117
  60) prop_binmtt_bin7_TTToSemiLeptonic_In =   626.481
  61) prop_binmtt_bin8_ALP_ttbar_interference =   741.056
  62) prop_binmtt_bin8_ALP_ttbar_interference_In =   741.005
  63) prop_binmtt_bin8_ALP_ttbar_signal =   740.958
  64) prop_binmtt_bin8_ALP_ttbar_signal_In =   741.005
  65) prop_binmtt_bin8_TTToSemiLeptonic =   844.518
  66) prop_binmtt_bin8_TTToSemiLeptonic_In =   855.237
  67) prop_binmtt_bin9_ALP_ttbar_interference =   476.037
  68) prop_binmtt_bin9_ALP_ttbar_interference_In =   476.005
  69) prop_binmtt_bin9_ALP_ttbar_signal =   475.966
  70) prop_binmtt_bin9_ALP_ttbar_signal_In =   476.005
  71) prop_binmtt_bin9_TTToSemiLeptonic =   516.196
  72) prop_binmtt_bin9_TTToSemiLeptonic_In =   522.795
  73) r                              =   0.48105

At r = 0.481050:	q_mu = 5.34081	q_A  = 1.07434	CLsb = 0.00099	CLb  = 0.01979	CLs  = 0.04979

 -- AsymptoticLimits ( CLs ) --
Observed Limit: r < 0.4811
Expected  2.5%: r < 0.4855
Expected 16.0%: r < 0.6295
Expected 50.0%: r < 0.8398
Expected 84.0%: r < 1.1043
Expected 97.5%: r < 1.3931

Done in 0.03 min (cpu), 0.03 min (real)
Printing Message Summary From ... combine_logger.out
----------------------------------------------
Messages of type INFO : 193
Messages of type DEBUG : 57
Messages of type ERROR : 0
----------------------------------------------
INFO: (function: improveOnce) CascadeMinimizer.cc: 188 -- Minimisation configured with Type=Minuit2, Algo=Migrad, strategy=1, tolerance=0.1
INFO: (function: improveOnce) CascadeMinimizer.cc: 211 -- Minimisation finished with status=0
INFO: (function: improveOnce) CascadeMinimizer.cc: 216 -- Minimization success! status=0
INFO: (function: generateAsimov) ToyMCSamplerOpt.cc: 139 -- Using internal logic for binned/unbinned Asimov dataset generation
INFO: (function: generateWithHisto) ToyMCSamplerOpt.cc: 214 -- Generating asimov with histogram for pdf pdf_binmtt_obsOnly: in 15 x-bins
INFO: (function: improveOnce) CascadeMinimizer.cc: 188 -- Minimisation configured with Type=Minuit2, Algo=Migrad, strategy=1, tolerance=0.1
INFO: (function: improveOnce) CascadeMinimizer.cc: 211 -- Minimisation finished with status=1
DEBUG: (function: improveOnce) CascadeMinimizer.cc: 212 -- finished with status 1 (covariance forced positive definite), this could indicate a problem with the minimim.
INFO: (function: improveOnce) CascadeMinimizer.cc: 216 -- Minimization success! status=0
DEBUG: (function: runLimitExpected) AsymptoticLimits.cc: 423 -- Best fit of asimov dataset is at r = 0.054821 (0.002741 times rMax), while it should be at zero
INFO: (function: improveOnce) CascadeMinimizer.cc: 188 -- Minimisation configured with Type=Minuit2, Algo=Migrad, strategy=1, tolerance=0.1
INFO: (function: improveOnce) CascadeMinimizer.cc: 211 -- Minimisation finished with status=1
DEBUG: (function: improveOnce) CascadeMinimizer.cc: 212 -- finished with status 1 (covariance forced positive definite), this could indicate a problem with the minimim.
INFO: (function: improveOnce) CascadeMinimizer.cc: 216 -- Minimization success! status=0
INFO: (function: improveOnce) CascadeMinimizer.cc: 188 -- Minimisation configured with Type=Minuit2, Algo=Migrad, strategy=1, tolerance=0.1
INFO: (function: improveOnce) CascadeMinimizer.cc: 211 -- Minimisation finished with status=1
DEBUG: (function: improveOnce) CascadeMinimizer.cc: 212 -- finished with status 1 (covariance forced positive definite), this could indicate a problem with the minimim.
INFO: (function: improveOnce) CascadeMinimizer.cc: 216 -- Minimization success! status=0
INFO: (function: improveOnce) CascadeMinimizer.cc: 188 -- Minimisation configured with Type=Minuit2, Algo=Migrad, strategy=1, tolerance=0.1
INFO: (function: improveOnce) CascadeMinimizer.cc: 211 -- Minimisation finished with status=1
DEBUG: (function: improveOnce) CascadeMinimizer.cc: 212 -- finished with status 1 (covariance forced positive definite), this could indicate a problem with the minimim.
INFO: (function: improveOnce) CascadeMinimizer.cc: 216 -- Minimization success! status=0
INFO: (function: improveOnce) CascadeMinimizer.cc: 188 -- Minimisation configured with Type=Minuit2, Algo=Migrad, strategy=1, tolerance=0.1
INFO: (function: improveOnce) CascadeMinimizer.cc: 211 -- Minimisation finished with status=1
DEBUG: (function: improveOnce) CascadeMinimizer.cc: 212 -- finished with status 1 (covariance forced positive definite), this could indicate a problem with the minimim.
INFO: (function: improveOnce) CascadeMinimizer.cc: 216 -- Minimization success! status=0
INFO: (function: improveOnce) CascadeMinimizer.cc: 188 -- Minimisation configured with Type=Minuit2, Algo=Migrad, strategy=1, tolerance=0.1
INFO: (function: improveOnce) CascadeMinimizer.cc: 211 -- Minimisation finished with status=1
DEBUG: (function: improveOnce) CascadeMinimizer.cc: 212 -- finished with status 1 (covariance forced positive definite), this could indicate a problem with the minimim.
INFO: (function: improveOnce) CascadeMinimizer.cc: 216 -- Minimization success! status=0
INFO: (function: improveOnce) CascadeMinimizer.cc: 188 -- Minimisation configured with Type=Minuit2, Algo=Migrad, strategy=1, tolerance=0.1
INFO: (function: improveOnce) CascadeMinimizer.cc: 211 -- Minimisation finished with status=1
DEBUG: (function: improveOnce) CascadeMinimizer.cc: 212 -- finished with status 1 (covariance forced positive definite), this could indicate a problem with the minimim.
INFO: (function: improveOnce) CascadeMinimizer.cc: 216 -- Minimization success! status=0
INFO: (function: improveOnce) CascadeMinimizer.cc: 188 -- Minimisation configured with Type=Minuit2, Algo=Migrad, strategy=1, tolerance=0.1
INFO: (function: improveOnce) CascadeMinimizer.cc: 211 -- Minimisation finished with status=1
DEBUG: (function: improveOnce) CascadeMinimizer.cc: 212 -- finished with status 1 (covariance forced positive definite), this could indicate a problem with the minimim.
INFO: (function: improveOnce) CascadeMinimizer.cc: 216 -- Minimization success! status=0
INFO: (function: improveOnce) CascadeMinimizer.cc: 188 -- Minimisation configured with Type=Minuit2, Algo=Migrad, strategy=1, tolerance=0.1
INFO: (function: improveOnce) CascadeMinimizer.cc: 211 -- Minimisation finished with status=1
DEBUG: (function: improveOnce) CascadeMinimizer.cc: 212 -- finished with status 1 (covariance forced positive definite), this could indicate a problem with the minimim.
INFO: (function: improveOnce) CascadeMinimizer.cc: 216 -- Minimization success! status=0
INFO: (function: improveOnce) CascadeMinimizer.cc: 188 -- Minimisation configured with Type=Minuit2, Algo=Migrad, strategy=1, tolerance=0.1
INFO: (function: improveOnce) CascadeMinimizer.cc: 211 -- Minimisation finished with status=1
DEBUG: (function: improveOnce) CascadeMinimizer.cc: 212 -- finished with status 1 (covariance forced positive definite), this could indicate a problem with the minimim.
INFO: (function: improveOnce) CascadeMinimizer.cc: 216 -- Minimization success! status=0
INFO: (function: improveOnce) CascadeMinimizer.cc: 188 -- Minimisation configured with Type=Minuit2, Algo=Migrad, strategy=1, tolerance=0.1
INFO: (function: improveOnce) CascadeMinimizer.cc: 211 -- Minimisation finished with status=1
DEBUG: (function: improveOnce) CascadeMinimizer.cc: 212 -- finished with status 1 (covariance forced positive definite), this could indicate a problem with the minimim.
INFO: (function: improveOnce) CascadeMinimizer.cc: 216 -- Minimization success! status=0
INFO: (function: improveOnce) CascadeMinimizer.cc: 188 -- Minimisation configured with Type=Minuit2, Algo=Migrad, strategy=1, tolerance=0.1
INFO: (function: improveOnce) CascadeMinimizer.cc: 211 -- Minimisation finished with status=1
DEBUG: (function: improveOnce) CascadeMinimizer.cc: 212 -- finished with status 1 (covariance forced positive definite), this could indicate a problem with the minimim.
INFO: (function: improveOnce) CascadeMinimizer.cc: 216 -- Minimization success! status=0
INFO: (function: runLimitExpected) AsymptoticLimits.cc: 436 -- Median for expected limits = 0.839844 (Sigma for expected limits = 0.4285)
INFO: (function: improveOnce) CascadeMinimizer.cc: 188 -- Minimisation configured with Type=Minuit2, Algo=Migrad, strategy=1, tolerance=0.1
INFO: (function: improveOnce) CascadeMinimizer.cc: 211 -- Minimisation finished with status=1
DEBUG: (function: improveOnce) CascadeMinimizer.cc: 212 -- finished with status 1 (covariance forced positive definite), this could indicate a problem with the minimim.
INFO: (function: improveOnce) CascadeMinimizer.cc: 216 -- Minimization success! status=0
INFO: (function: improveOnce) CascadeMinimizer.cc: 188 -- Minimisation configured with Type=Minuit2, Algo=Migrad, strategy=1, tolerance=0.1
INFO: (function: improveOnce) CascadeMinimizer.cc: 211 -- Minimisation finished with status=1
DEBUG: (function: improveOnce) CascadeMinimizer.cc: 212 -- finished with status 1 (covariance forced positive definite), this could indicate a problem with the minimim.
INFO: (function: improveOnce) CascadeMinimizer.cc: 216 -- Minimization success! status=0
INFO: (function: improveOnce) CascadeMinimizer.cc: 188 -- Minimisation configured with Type=Minuit2, Algo=Migrad, strategy=1, tolerance=0.1
INFO: (function: improveOnce) CascadeMinimizer.cc: 211 -- Minimisation finished with status=1
DEBUG: (function: improveOnce) CascadeMinimizer.cc: 212 -- finished with status 1 (covariance forced positive definite), this could indicate a problem with the minimim.
INFO: (function: improveOnce) CascadeMinimizer.cc: 216 -- Minimization success! status=0
INFO: (function: improveOnce) CascadeMinimizer.cc: 188 -- Minimisation configured with Type=Minuit2, Algo=Migrad, strategy=1, tolerance=0.1
INFO: (function: improveOnce) CascadeMinimizer.cc: 211 -- Minimisation finished with status=1
DEBUG: (function: improveOnce) CascadeMinimizer.cc: 212 -- finished with status 1 (covariance forced positive definite), this could indicate a problem with the minimim.
INFO: (function: improveOnce) CascadeMinimizer.cc: 216 -- Minimization success! status=0
INFO: (function: improveOnce) CascadeMinimizer.cc: 188 -- Minimisation configured with Type=Minuit2, Algo=Migrad, strategy=1, tolerance=0.1
INFO: (function: improveOnce) CascadeMinimizer.cc: 211 -- Minimisation finished with status=1
DEBUG: (function: improveOnce) CascadeMinimizer.cc: 212 -- finished with status 1 (covariance forced positive definite), this could indicate a problem with the minimim.
INFO: (function: improveOnce) CascadeMinimizer.cc: 216 -- Minimization success! status=0
INFO: (function: improveOnce) CascadeMinimizer.cc: 188 -- Minimisation configured with Type=Minuit2, Algo=Migrad, strategy=1, tolerance=0.1
INFO: (function: improveOnce) CascadeMinimizer.cc: 211 -- Minimisation finished with status=1
DEBUG: (function: improveOnce) CascadeMinimizer.cc: 212 -- finished with status 1 (covariance forced positive definite), this could indicate a problem with the minimim.
INFO: (function: improveOnce) CascadeMinimizer.cc: 216 -- Minimization success! status=0
INFO: (function: improveOnce) CascadeMinimizer.cc: 188 -- Minimisation configured with Type=Minuit2, Algo=Migrad, strategy=1, tolerance=0.1
INFO: (function: improveOnce) CascadeMinimizer.cc: 211 -- Minimisation finished with status=1
DEBUG: (function: improveOnce) CascadeMinimizer.cc: 212 -- finished with status 1 (covariance forced positive definite), this could indicate a problem with the minimim.
INFO: (function: improveOnce) CascadeMinimizer.cc: 216 -- Minimization success! status=0
INFO: (function: improveOnce) CascadeMinimizer.cc: 188 -- Minimisation configured with Type=Minuit2, Algo=Migrad, strategy=1, tolerance=0.1
INFO: (function: improveOnce) CascadeMinimizer.cc: 211 -- Minimisation finished with status=1
DEBUG: (function: improveOnce) CascadeMinimizer.cc: 212 -- finished with status 1 (covariance forced positive definite), this could indicate a problem with the minimim.
INFO: (function: improveOnce) CascadeMinimizer.cc: 216 -- Minimization success! status=0
INFO: (function: improveOnce) CascadeMinimizer.cc: 188 -- Minimisation configured with Type=Minuit2, Algo=Migrad, strategy=1, tolerance=0.1
INFO: (function: improveOnce) CascadeMinimizer.cc: 211 -- Minimisation finished with status=1
DEBUG: (function: improveOnce) CascadeMinimizer.cc: 212 -- finished with status 1 (covariance forced positive definite), this could indicate a problem with the minimim.
INFO: (function: improveOnce) CascadeMinimizer.cc: 216 -- Minimization success! status=0
INFO: (function: improveOnce) CascadeMinimizer.cc: 188 -- Minimisation configured with Type=Minuit2, Algo=Migrad, strategy=1, tolerance=0.1
INFO: (function: improveOnce) CascadeMinimizer.cc: 211 -- Minimisation finished with status=1
DEBUG: (function: improveOnce) CascadeMinimizer.cc: 212 -- finished with status 1 (covariance forced positive definite), this could indicate a problem with the minimim.
INFO: (function: improveOnce) CascadeMinimizer.cc: 216 -- Minimization success! status=0
INFO: (function: improveOnce) CascadeMinimizer.cc: 188 -- Minimisation configured with Type=Minuit2, Algo=Migrad, strategy=1, tolerance=0.1
INFO: (function: improveOnce) CascadeMinimizer.cc: 211 -- Minimisation finished with status=1
DEBUG: (function: improveOnce) CascadeMinimizer.cc: 212 -- finished with status 1 (covariance forced positive definite), this could indicate a problem with the minimim.
INFO: (function: improveOnce) CascadeMinimizer.cc: 216 -- Minimization success! status=0
INFO: (function: improveOnce) CascadeMinimizer.cc: 188 -- Minimisation configured with Type=Minuit2, Algo=Migrad, strategy=1, tolerance=0.1
INFO: (function: improveOnce) CascadeMinimizer.cc: 211 -- Minimisation finished with status=1
DEBUG: (function: improveOnce) CascadeMinimizer.cc: 212 -- finished with status 1 (covariance forced positive definite), this could indicate a problem with the minimim.
INFO: (function: improveOnce) CascadeMinimizer.cc: 216 -- Minimization success! status=0
INFO: (function: improveOnce) CascadeMinimizer.cc: 188 -- Minimisation configured with Type=Minuit2, Algo=Migrad, strategy=1, tolerance=0.1
INFO: (function: improveOnce) CascadeMinimizer.cc: 211 -- Minimisation finished with status=1
DEBUG: (function: improveOnce) CascadeMinimizer.cc: 212 -- finished with status 1 (covariance forced positive definite), this could indicate a problem with the minimim.
INFO: (function: improveOnce) CascadeMinimizer.cc: 216 -- Minimization success! status=0
INFO: (function: improveOnce) CascadeMinimizer.cc: 188 -- Minimisation configured with Type=Minuit2, Algo=Migrad, strategy=1, tolerance=0.1
INFO: (function: improveOnce) CascadeMinimizer.cc: 211 -- Minimisation finished with status=1
DEBUG: (function: improveOnce) CascadeMinimizer.cc: 212 -- finished with status 1 (covariance forced positive definite), this could indicate a problem with the minimim.
INFO: (function: improveOnce) CascadeMinimizer.cc: 216 -- Minimization success! status=0
INFO: (function: improveOnce) CascadeMinimizer.cc: 188 -- Minimisation configured with Type=Minuit2, Algo=Migrad, strategy=1, tolerance=0.1
INFO: (function: improveOnce) CascadeMinimizer.cc: 211 -- Minimisation finished with status=1
DEBUG: (function: improveOnce) CascadeMinimizer.cc: 212 -- finished with status 1 (covariance forced positive definite), this could indicate a problem with the minimim.
INFO: (function: improveOnce) CascadeMinimizer.cc: 216 -- Minimization success! status=0
INFO: (function: improveOnce) CascadeMinimizer.cc: 188 -- Minimisation configured with Type=Minuit2, Algo=Migrad, strategy=1, tolerance=0.1
INFO: (function: improveOnce) CascadeMinimizer.cc: 211 -- Minimisation finished with status=1
DEBUG: (function: improveOnce) CascadeMinimizer.cc: 212 -- finished with status 1 (covariance forced positive definite), this could indicate a problem with the minimim.
INFO: (function: improveOnce) CascadeMinimizer.cc: 216 -- Minimization success! status=0
INFO: (function: improveOnce) CascadeMinimizer.cc: 188 -- Minimisation configured with Type=Minuit2, Algo=Migrad, strategy=1, tolerance=0.1
INFO: (function: improveOnce) CascadeMinimizer.cc: 211 -- Minimisation finished with status=1
DEBUG: (function: improveOnce) CascadeMinimizer.cc: 212 -- finished with status 1 (covariance forced positive definite), this could indicate a problem with the minimim.
INFO: (function: improveOnce) CascadeMinimizer.cc: 216 -- Minimization success! status=0
INFO: (function: improveOnce) CascadeMinimizer.cc: 188 -- Minimisation configured with Type=Minuit2, Algo=Migrad, strategy=1, tolerance=0.1
INFO: (function: improveOnce) CascadeMinimizer.cc: 211 -- Minimisation finished with status=1
DEBUG: (function: improveOnce) CascadeMinimizer.cc: 212 -- finished with status 1 (covariance forced positive definite), this could indicate a problem with the minimim.
INFO: (function: improveOnce) CascadeMinimizer.cc: 216 -- Minimization success! status=0
INFO: (function: improveOnce) CascadeMinimizer.cc: 188 -- Minimisation configured with Type=Minuit2, Algo=Migrad, strategy=1, tolerance=0.1
INFO: (function: improveOnce) CascadeMinimizer.cc: 211 -- Minimisation finished with status=1
DEBUG: (function: improveOnce) CascadeMinimizer.cc: 212 -- finished with status 1 (covariance forced positive definite), this could indicate a problem with the minimim.
INFO: (function: improveOnce) CascadeMinimizer.cc: 216 -- Minimization success! status=0
INFO: (function: improveOnce) CascadeMinimizer.cc: 188 -- Minimisation configured with Type=Minuit2, Algo=Migrad, strategy=1, tolerance=0.1
INFO: (function: improveOnce) CascadeMinimizer.cc: 211 -- Minimisation finished with status=0
INFO: (function: improveOnce) CascadeMinimizer.cc: 216 -- Minimization success! status=0
INFO: (function: improveOnce) CascadeMinimizer.cc: 188 -- Minimisation configured with Type=Minuit2, Algo=Migrad, strategy=1, tolerance=0.1
INFO: (function: improveOnce) CascadeMinimizer.cc: 211 -- Minimisation finished with status=1
DEBUG: (function: improveOnce) CascadeMinimizer.cc: 212 -- finished with status 1 (covariance forced positive definite), this could indicate a problem with the minimim.
INFO: (function: improveOnce) CascadeMinimizer.cc: 216 -- Minimization success! status=0
INFO: (function: improveOnce) CascadeMinimizer.cc: 188 -- Minimisation configured with Type=Minuit2, Algo=Migrad, strategy=1, tolerance=0.1
INFO: (function: improveOnce) CascadeMinimizer.cc: 211 -- Minimisation finished with status=1
DEBUG: (function: improveOnce) CascadeMinimizer.cc: 212 -- finished with status 1 (covariance forced positive definite), this could indicate a problem with the minimim.
INFO: (function: improveOnce) CascadeMinimizer.cc: 216 -- Minimization success! status=0
INFO: (function: improveOnce) CascadeMinimizer.cc: 188 -- Minimisation configured with Type=Minuit2, Algo=Migrad, strategy=1, tolerance=0.1
INFO: (function: improveOnce) CascadeMinimizer.cc: 211 -- Minimisation finished with status=1
DEBUG: (function: improveOnce) CascadeMinimizer.cc: 212 -- finished with status 1 (covariance forced positive definite), this could indicate a problem with the minimim.
INFO: (function: improveOnce) CascadeMinimizer.cc: 216 -- Minimization success! status=0
INFO: (function: improveOnce) CascadeMinimizer.cc: 188 -- Minimisation configured with Type=Minuit2, Algo=Migrad, strategy=1, tolerance=0.1
INFO: (function: improveOnce) CascadeMinimizer.cc: 211 -- Minimisation finished with status=1
DEBUG: (function: improveOnce) CascadeMinimizer.cc: 212 -- finished with status 1 (covariance forced positive definite), this could indicate a problem with the minimim.
INFO: (function: improveOnce) CascadeMinimizer.cc: 216 -- Minimization success! status=0
INFO: (function: improveOnce) CascadeMinimizer.cc: 188 -- Minimisation configured with Type=Minuit2, Algo=Migrad, strategy=1, tolerance=0.1
INFO: (function: improveOnce) CascadeMinimizer.cc: 211 -- Minimisation finished with status=1
DEBUG: (function: improveOnce) CascadeMinimizer.cc: 212 -- finished with status 1 (covariance forced positive definite), this could indicate a problem with the minimim.
INFO: (function: improveOnce) CascadeMinimizer.cc: 216 -- Minimization success! status=0
INFO: (function: improveOnce) CascadeMinimizer.cc: 188 -- Minimisation configured with Type=Minuit2, Algo=Migrad, strategy=1, tolerance=0.1
INFO: (function: improveOnce) CascadeMinimizer.cc: 211 -- Minimisation finished with status=-1
DEBUG: (function: improveOnce) CascadeMinimizer.cc: 217 -- Minimization ended with latest status != 0 or 1
INFO: (function: runLimit) AsymptoticLimits.cc: 193 -- NLL at global minimum of data = -28607.4 (r=1.12047e-05)
INFO: (function: improveOnce) CascadeMinimizer.cc: 188 -- Minimisation configured with Type=Minuit2, Algo=Migrad, strategy=1, tolerance=0.1
INFO: (function: improveOnce) CascadeMinimizer.cc: 211 -- Minimisation finished with status=1
DEBUG: (function: improveOnce) CascadeMinimizer.cc: 212 -- finished with status 1 (covariance forced positive definite), this could indicate a problem with the minimim.
INFO: (function: improveOnce) CascadeMinimizer.cc: 216 -- Minimization success! status=0
INFO: (function: runLimit) AsymptoticLimits.cc: 213 -- NLL at global minimum of asimov = -28572.4 (r=2.18089e-05)
INFO: (function: improveOnce) CascadeMinimizer.cc: 188 -- Minimisation configured with Type=Minuit2, Algo=Migrad, strategy=1, tolerance=0.1
INFO: (function: improveOnce) CascadeMinimizer.cc: 211 -- Minimisation finished with status=0
INFO: (function: improveOnce) CascadeMinimizer.cc: 216 -- Minimization success! status=0
INFO: (function: improveOnce) CascadeMinimizer.cc: 188 -- Minimisation configured with Type=Minuit2, Algo=Migrad, strategy=1, tolerance=0.1
INFO: (function: improveOnce) CascadeMinimizer.cc: 211 -- Minimisation finished with status=-1
DEBUG: (function: improveOnce) CascadeMinimizer.cc: 217 -- Minimization ended with latest status != 0 or 1
INFO: (function: getCLs) AsymptoticLimits.cc: 343 -- At r = 1.470260:	q_mu = 29.58569	q_A  = 14.85533	CLsb = 0.00000	CLb  = 0.02801	CLs  = 0.00000
INFO: (function: improveOnce) CascadeMinimizer.cc: 188 -- Minimisation configured with Type=Minuit2, Algo=Migrad, strategy=1, tolerance=0.1
INFO: (function: improveOnce) CascadeMinimizer.cc: 211 -- Minimisation finished with status=1
DEBUG: (function: improveOnce) CascadeMinimizer.cc: 212 -- finished with status 1 (covariance forced positive definite), this could indicate a problem with the minimim.
INFO: (function: improveOnce) CascadeMinimizer.cc: 216 -- Minimization success! status=0
INFO: (function: improveOnce) CascadeMinimizer.cc: 188 -- Minimisation configured with Type=Minuit2, Algo=Migrad, strategy=1, tolerance=0.1
INFO: (function: improveOnce) CascadeMinimizer.cc: 211 -- Minimisation finished with status=1
DEBUG: (function: improveOnce) CascadeMinimizer.cc: 212 -- finished with status 1 (covariance forced positive definite), this could indicate a problem with the minimim.
INFO: (function: improveOnce) CascadeMinimizer.cc: 216 -- Minimization success! status=0
INFO: (function: getCLs) AsymptoticLimits.cc: 343 -- At r = 0.735135:	q_mu = 9.98996	q_A  = 2.82049	CLsb = 0.00007	CLb  = 0.01640	CLs  = 0.00417
INFO: (function: improveOnce) CascadeMinimizer.cc: 188 -- Minimisation configured with Type=Minuit2, Algo=Migrad, strategy=1, tolerance=0.1
INFO: (function: improveOnce) CascadeMinimizer.cc: 211 -- Minimisation finished with status=1
DEBUG: (function: improveOnce) CascadeMinimizer.cc: 212 -- finished with status 1 (covariance forced positive definite), this could indicate a problem with the minimim.
INFO: (function: improveOnce) CascadeMinimizer.cc: 216 -- Minimization success! status=0
INFO: (function: improveOnce) CascadeMinimizer.cc: 188 -- Minimisation configured with Type=Minuit2, Algo=Migrad, strategy=1, tolerance=0.1
INFO: (function: improveOnce) CascadeMinimizer.cc: 211 -- Minimisation finished with status=1
DEBUG: (function: improveOnce) CascadeMinimizer.cc: 212 -- finished with status 1 (covariance forced positive definite), this could indicate a problem with the minimim.
INFO: (function: improveOnce) CascadeMinimizer.cc: 216 -- Minimization success! status=0
INFO: (function: getCLs) AsymptoticLimits.cc: 343 -- At r = 0.367573:	q_mu = 4.30135	q_A  = 0.57889	CLsb = 0.00067	CLb  = 0.00722	CLs  = 0.09289
INFO: (function: improveOnce) CascadeMinimizer.cc: 188 -- Minimisation configured with Type=Minuit2, Algo=Migrad, strategy=1, tolerance=0.1
INFO: (function: improveOnce) CascadeMinimizer.cc: 211 -- Minimisation finished with status=0
INFO: (function: improveOnce) CascadeMinimizer.cc: 216 -- Minimization success! status=0
INFO: (function: improveOnce) CascadeMinimizer.cc: 188 -- Minimisation configured with Type=Minuit2, Algo=Migrad, strategy=1, tolerance=0.1
INFO: (function: improveOnce) CascadeMinimizer.cc: 211 -- Minimisation finished with status=1
DEBUG: (function: improveOnce) CascadeMinimizer.cc: 212 -- finished with status 1 (covariance forced positive definite), this could indicate a problem with the minimim.
INFO: (function: improveOnce) CascadeMinimizer.cc: 216 -- Minimization success! status=0
INFO: (function: getCLs) AsymptoticLimits.cc: 343 -- At r = 0.551354:	q_mu = 6.39338	q_A  = 1.46035	CLsb = 0.00058	CLb  = 0.02062	CLs  = 0.02803
INFO: (function: improveOnce) CascadeMinimizer.cc: 188 -- Minimisation configured with Type=Minuit2, Algo=Migrad, strategy=1, tolerance=0.1
INFO: (function: improveOnce) CascadeMinimizer.cc: 211 -- Minimisation finished with status=1
DEBUG: (function: improveOnce) CascadeMinimizer.cc: 212 -- finished with status 1 (covariance forced positive definite), this could indicate a problem with the minimim.
INFO: (function: improveOnce) CascadeMinimizer.cc: 216 -- Minimization success! status=0
INFO: (function: improveOnce) CascadeMinimizer.cc: 188 -- Minimisation configured with Type=Minuit2, Algo=Migrad, strategy=1, tolerance=0.1
INFO: (function: improveOnce) CascadeMinimizer.cc: 211 -- Minimisation finished with status=1
DEBUG: (function: improveOnce) CascadeMinimizer.cc: 212 -- finished with status 1 (covariance forced positive definite), this could indicate a problem with the minimim.
INFO: (function: improveOnce) CascadeMinimizer.cc: 216 -- Minimization success! status=0
INFO: (function: getCLs) AsymptoticLimits.cc: 343 -- At r = 0.443574:	q_mu = 4.80686	q_A  = 0.90311	CLsb = 0.00133	CLb  = 0.01999	CLs  = 0.06659
INFO: (function: improveOnce) CascadeMinimizer.cc: 188 -- Minimisation configured with Type=Minuit2, Algo=Migrad, strategy=1, tolerance=0.1
INFO: (function: improveOnce) CascadeMinimizer.cc: 211 -- Minimisation finished with status=1
DEBUG: (function: improveOnce) CascadeMinimizer.cc: 212 -- finished with status 1 (covariance forced positive definite), this could indicate a problem with the minimim.
INFO: (function: improveOnce) CascadeMinimizer.cc: 216 -- Minimization success! status=0
INFO: (function: improveOnce) CascadeMinimizer.cc: 188 -- Minimisation configured with Type=Minuit2, Algo=Migrad, strategy=1, tolerance=0.1
INFO: (function: improveOnce) CascadeMinimizer.cc: 211 -- Minimisation finished with status=1
DEBUG: (function: improveOnce) CascadeMinimizer.cc: 212 -- finished with status 1 (covariance forced positive definite), this could indicate a problem with the minimim.
INFO: (function: improveOnce) CascadeMinimizer.cc: 216 -- Minimization success! status=0
INFO: (function: getCLs) AsymptoticLimits.cc: 343 -- At r = 0.493680:	q_mu = 5.52558	q_A  = 1.13821	CLsb = 0.00089	CLb  = 0.01988	CLs  = 0.04501
INFO: (function: improveOnce) CascadeMinimizer.cc: 188 -- Minimisation configured with Type=Minuit2, Algo=Migrad, strategy=1, tolerance=0.1
INFO: (function: improveOnce) CascadeMinimizer.cc: 211 -- Minimisation finished with status=1
DEBUG: (function: improveOnce) CascadeMinimizer.cc: 212 -- finished with status 1 (covariance forced positive definite), this could indicate a problem with the minimim.
INFO: (function: improveOnce) CascadeMinimizer.cc: 216 -- Minimization success! status=0
INFO: (function: improveOnce) CascadeMinimizer.cc: 188 -- Minimisation configured with Type=Minuit2, Algo=Migrad, strategy=1, tolerance=0.1
INFO: (function: improveOnce) CascadeMinimizer.cc: 211 -- Minimisation finished with status=1
DEBUG: (function: improveOnce) CascadeMinimizer.cc: 212 -- finished with status 1 (covariance forced positive definite), this could indicate a problem with the minimim.
INFO: (function: improveOnce) CascadeMinimizer.cc: 216 -- Minimization success! status=0
INFO: (function: getCLs) AsymptoticLimits.cc: 343 -- At r = 0.472899:	q_mu = 5.22189	q_A  = 1.03312	CLsb = 0.00105	CLb  = 0.01967	CLs  = 0.05315
INFO: (function: improveOnce) CascadeMinimizer.cc: 188 -- Minimisation configured with Type=Minuit2, Algo=Migrad, strategy=1, tolerance=0.1
INFO: (function: improveOnce) CascadeMinimizer.cc: 211 -- Minimisation finished with status=1
DEBUG: (function: improveOnce) CascadeMinimizer.cc: 212 -- finished with status 1 (covariance forced positive definite), this could indicate a problem with the minimim.
INFO: (function: improveOnce) CascadeMinimizer.cc: 216 -- Minimization success! status=0
INFO: (function: improveOnce) CascadeMinimizer.cc: 188 -- Minimisation configured with Type=Minuit2, Algo=Migrad, strategy=1, tolerance=0.1
INFO: (function: improveOnce) CascadeMinimizer.cc: 211 -- Minimisation finished with status=1
DEBUG: (function: improveOnce) CascadeMinimizer.cc: 212 -- finished with status 1 (covariance forced positive definite), this could indicate a problem with the minimim.
INFO: (function: improveOnce) CascadeMinimizer.cc: 216 -- Minimization success! status=0
INFO: (function: getCLs) AsymptoticLimits.cc: 343 -- At r = 0.483163:	q_mu = 5.37220	q_A  = 1.08564	CLsb = 0.00097	CLb  = 0.01984	CLs  = 0.04894
INFO: (function: improveOnce) CascadeMinimizer.cc: 188 -- Minimisation configured with Type=Minuit2, Algo=Migrad, strategy=1, tolerance=0.1
INFO: (function: improveOnce) CascadeMinimizer.cc: 211 -- Minimisation finished with status=1
DEBUG: (function: improveOnce) CascadeMinimizer.cc: 212 -- finished with status 1 (covariance forced positive definite), this could indicate a problem with the minimim.
INFO: (function: improveOnce) CascadeMinimizer.cc: 216 -- Minimization success! status=0
INFO: (function: improveOnce) CascadeMinimizer.cc: 188 -- Minimisation configured with Type=Minuit2, Algo=Migrad, strategy=1, tolerance=0.1
INFO: (function: improveOnce) CascadeMinimizer.cc: 211 -- Minimisation finished with status=1
DEBUG: (function: improveOnce) CascadeMinimizer.cc: 212 -- finished with status 1 (covariance forced positive definite), this could indicate a problem with the minimim.
INFO: (function: improveOnce) CascadeMinimizer.cc: 216 -- Minimization success! status=0
INFO: (function: getCLs) AsymptoticLimits.cc: 343 -- At r = 0.478973:	q_mu = 5.31022	q_A  = 1.06359	CLsb = 0.00100	CLb  = 0.01975	CLs  = 0.05063
INFO: (function: improveOnce) CascadeMinimizer.cc: 188 -- Minimisation configured with Type=Minuit2, Algo=Migrad, strategy=1, tolerance=0.1
INFO: (function: improveOnce) CascadeMinimizer.cc: 211 -- Minimisation finished with status=1
DEBUG: (function: improveOnce) CascadeMinimizer.cc: 212 -- finished with status 1 (covariance forced positive definite), this could indicate a problem with the minimim.
INFO: (function: improveOnce) CascadeMinimizer.cc: 216 -- Minimization success! status=0
INFO: (function: improveOnce) CascadeMinimizer.cc: 188 -- Minimisation configured with Type=Minuit2, Algo=Migrad, strategy=1, tolerance=0.1
INFO: (function: improveOnce) CascadeMinimizer.cc: 211 -- Minimisation finished with status=1
DEBUG: (function: improveOnce) CascadeMinimizer.cc: 212 -- finished with status 1 (covariance forced positive definite), this could indicate a problem with the minimim.
INFO: (function: improveOnce) CascadeMinimizer.cc: 216 -- Minimization success! status=0
INFO: (function: getCLs) AsymptoticLimits.cc: 343 -- At r = 0.481050:	q_mu = 5.34081	q_A  = 1.07434	CLsb = 0.00099	CLb  = 0.01979	CLs  = 0.04979
