
>>> random number generator seed is 123456
>>> method used is AsymptoticLimits
Nuisance parameters after fit for asimov dataset: 
  1) RooRealVar::                     lumi_13TeV_fullRun2 = -0.234268 +/- 0.187815
  2) RooRealVar::                                datasyst = -3.72942 +/- 0.0781148
  3) RooRealVar::                                 mcscale = 0.926951 +/- 0.0257782
  4) RooRealVar::       prop_binmtt_bin0_ALP_ttbar_signal = 46048 +/- 213.36
  5) RooRealVar::       prop_binmtt_bin0_TTToSemiLeptonic = 48882.6 +/- 110.617
  6) RooRealVar:: prop_binmtt_bin0_ALP_ttbar_interference = 46048 +/- 213.36
  7) RooRealVar::       prop_binmtt_bin1_ALP_ttbar_signal = 33201 +/- 181.169
  8) RooRealVar::       prop_binmtt_bin1_TTToSemiLeptonic = 38280.5 +/- 90.7972
  9) RooRealVar:: prop_binmtt_bin1_ALP_ttbar_interference = 33201 +/- 181.169
Global observables for data: 
  1) RooRealVar::                     lumi_13TeV_fullRun2_In = 0
  2) RooRealVar::                                datasyst_In = 0
  3) RooRealVar::                                 mcscale_In = 0
  4) RooRealVar::       prop_binmtt_bin0_ALP_ttbar_signal_In = 46048
  5) RooRealVar::       prop_binmtt_bin0_TTToSemiLeptonic_In = 48452
  6) RooRealVar:: prop_binmtt_bin0_ALP_ttbar_interference_In = 46048
  7) RooRealVar::       prop_binmtt_bin1_ALP_ttbar_signal_In = 33201
  8) RooRealVar::       prop_binmtt_bin1_TTToSemiLeptonic_In = 38726
  9) RooRealVar:: prop_binmtt_bin1_ALP_ttbar_interference_In = 33201
Global observables for asimov: 
  1) RooRealVar::                     lumi_13TeV_fullRun2_In = -0.234268
  2) RooRealVar::                                datasyst_In = -3.72942
  3) RooRealVar::                                 mcscale_In = 0.926951
  4) RooRealVar::       prop_binmtt_bin0_ALP_ttbar_signal_In = 46048
  5) RooRealVar::       prop_binmtt_bin0_TTToSemiLeptonic_In = 48882.6
  6) RooRealVar:: prop_binmtt_bin0_ALP_ttbar_interference_In = 46048
  7) RooRealVar::       prop_binmtt_bin1_ALP_ttbar_signal_In = 33201
  8) RooRealVar::       prop_binmtt_bin1_TTToSemiLeptonic_In = 38280.5
  9) RooRealVar:: prop_binmtt_bin1_ALP_ttbar_interference_In = 33201
SimNLL created with 1 channels, 6 generic constraints, 3 fast gaussian constraints, 0 fast poisson constraints, 0 fast group constraints, 
Fit to asimov dataset:

  RooFitResult: minimized FCN value: -537.657, estimated distance to minimum: 3.23233e-05
                covariance matrix quality: Full matrix, but forced positive-definite
                Status : MINIMIZE=1 

    Constant Parameter    Value     
  --------------------  ------------
                   ONE    1.0000e+00
           datasyst_In   -3.7294e+00
  lumi_13TeV_fullRun2_In   -2.3427e-01
            mcscale_In    9.2695e-01
  prop_binmtt_bin0_ALP_ttbar_interference_In    4.6048e+04
  prop_binmtt_bin0_ALP_ttbar_signal_In    4.6048e+04
  prop_binmtt_bin0_TTToSemiLeptonic_In    4.8883e+04
  prop_binmtt_bin1_ALP_ttbar_interference_In    3.3201e+04
  prop_binmtt_bin1_ALP_ttbar_signal_In    3.3201e+04
  prop_binmtt_bin1_TTToSemiLeptonic_In    3.8281e+04

    Floating Parameter  InitialValue    FinalValue +/-  Error     GblCorr.
  --------------------  ------------  --------------------------  --------
              datasyst   -3.7294e+00   -3.7493e+00 +/-  6.86e-02  <none>
   lumi_13TeV_fullRun2   -2.3427e-01   -2.3100e-01 +/-  1.78e-01  <none>
               mcscale    9.2695e-01    9.6432e-01 +/-  2.50e-02  <none>
  prop_binmtt_bin0_ALP_ttbar_interference    4.6048e+04    4.6048e+04 +/-  2.13e+02  <none>
  prop_binmtt_bin0_ALP_ttbar_signal    4.6048e+04    4.6048e+04 +/-  2.13e+02  <none>
  prop_binmtt_bin0_TTToSemiLeptonic    4.8883e+04    4.8885e+04 +/-  1.12e+02  <none>
  prop_binmtt_bin1_ALP_ttbar_interference    3.3201e+04    3.3201e+04 +/-  1.81e+02  <none>
  prop_binmtt_bin1_ALP_ttbar_signal    3.3201e+04    3.3201e+04 +/-  1.81e+02  <none>
  prop_binmtt_bin1_TTToSemiLeptonic    3.8281e+04    3.8278e+04 +/-  8.60e+01  <none>
                     r    2.0000e-01    8.7342e-02 +/-  7.57e-02  <none>

At r = 2.625000:	delta(nll) = 1.94310
Median for expected limits: 2.61719
Sigma  for expected limits: 1.33532
At r = 3.860333:	delta(nll) = 6.48692
SimNLL created with 1 channels, 6 generic constraints, 3 fast gaussian constraints, 0 fast poisson constraints, 0 fast group constraints, 
SimNLL created with 1 channels, 6 generic constraints, 3 fast gaussian constraints, 0 fast poisson constraints, 0 fast group constraints, 
Restricting r to positive values.
  1) RooRealVar::                                        ONE = 1
  2) RooRealVar::                                   datasyst = 0 +/- 1
  3) RooRealVar::                                datasyst_In = 0
  4) RooRealVar::                        lumi_13TeV_fullRun2 = 0 +/- 1
  5) RooRealVar::                     lumi_13TeV_fullRun2_In = 0
  6) RooRealVar::                                    mcscale = 0 +/- 1
  7) RooRealVar::                                 mcscale_In = 0
  8) RooRealVar::    prop_binmtt_bin0_ALP_ttbar_interference = 46048
  9) RooRealVar:: prop_binmtt_bin0_ALP_ttbar_interference_In = 46048
 10) RooRealVar::          prop_binmtt_bin0_ALP_ttbar_signal = 46048
 11) RooRealVar::       prop_binmtt_bin0_ALP_ttbar_signal_In = 46048
 12) RooRealVar::          prop_binmtt_bin0_TTToSemiLeptonic = 48452
 13) RooRealVar::       prop_binmtt_bin0_TTToSemiLeptonic_In = 48452
 14) RooRealVar::    prop_binmtt_bin1_ALP_ttbar_interference = 33201
 15) RooRealVar:: prop_binmtt_bin1_ALP_ttbar_interference_In = 33201
 16) RooRealVar::          prop_binmtt_bin1_ALP_ttbar_signal = 33201
 17) RooRealVar::       prop_binmtt_bin1_ALP_ttbar_signal_In = 33201
 18) RooRealVar::          prop_binmtt_bin1_TTToSemiLeptonic = 38726
 19) RooRealVar::       prop_binmtt_bin1_TTToSemiLeptonic_In = 38726
 20) RooRealVar::                                          r = 2

Make global fit of real data
NLL at global minimum of data: -9616.83 (r = 0.000184584)
   0) ONE                            =         1
   1) datasyst                       =  -3.98595
   2) datasyst_In                    =         0
   3) lumi_13TeV_fullRun2            = -0.180988
   4) lumi_13TeV_fullRun2_In         =         0
   5) mcscale                        =    1.0092
   6) mcscale_In                     =         0
   7) prop_binmtt_bin0_ALP_ttbar_interference =   46048.4
   8) prop_binmtt_bin0_ALP_ttbar_interference_In =     46048
   9) prop_binmtt_bin0_ALP_ttbar_signal =   46048.1
  10) prop_binmtt_bin0_ALP_ttbar_signal_In =     46048
  11) prop_binmtt_bin0_TTToSemiLeptonic =   48836.7
  12) prop_binmtt_bin0_TTToSemiLeptonic_In =     48452
  13) prop_binmtt_bin1_ALP_ttbar_interference =     33200
  14) prop_binmtt_bin1_ALP_ttbar_interference_In =     33201
  15) prop_binmtt_bin1_ALP_ttbar_signal =   33200.8
  16) prop_binmtt_bin1_ALP_ttbar_signal_In =     33201
  17) prop_binmtt_bin1_TTToSemiLeptonic =   38329.9
  18) prop_binmtt_bin1_TTToSemiLeptonic_In =     38726
  19) r                              = 0.000184584


Make global fit of asimov data
NLL at global minimum of asimov: -9598.86 (r = 0.135294)
   0) ONE                            =         1
   1) datasyst                       =  -3.99805
   2) datasyst_In                    =  -3.72942
   3) lumi_13TeV_fullRun2            = -0.279859
   4) lumi_13TeV_fullRun2_In         = -0.234268
   5) mcscale                        =    1.3617
   6) mcscale_In                     =  0.926951
   7) prop_binmtt_bin0_ALP_ttbar_interference =   46044.8
   8) prop_binmtt_bin0_ALP_ttbar_interference_In =     46048
   9) prop_binmtt_bin0_ALP_ttbar_signal =   46048.9
  10) prop_binmtt_bin0_ALP_ttbar_signal_In =     46048
  11) prop_binmtt_bin0_TTToSemiLeptonic =   48947.9
  12) prop_binmtt_bin0_TTToSemiLeptonic_In =   48882.6
  13) prop_binmtt_bin1_ALP_ttbar_interference =   33203.8
  14) prop_binmtt_bin1_ALP_ttbar_interference_In =     33201
  15) prop_binmtt_bin1_ALP_ttbar_signal =   33200.5
  16) prop_binmtt_bin1_ALP_ttbar_signal_In =     33201
  17) prop_binmtt_bin1_TTToSemiLeptonic =   38214.8
  18) prop_binmtt_bin1_TTToSemiLeptonic_In =   38280.5
  19) r                              =   1.21377

At r = 1.213768:	q_mu = 5.71229	q_A  = 0.43965	CLsb = 0.00000	CLb  = 0.00004	CLs  = 0.04994

 -- AsymptoticLimits ( CLs ) --
Observed Limit: r < 1.2138
Expected  2.5%: r < 1.7175
Expected 16.0%: r < 2.0971
Expected 50.0%: r < 2.6172
Expected 84.0%: r < 3.2327
Expected 97.5%: r < 3.8788

Done in 0.00 min (cpu), 0.01 min (real)
Printing Message Summary From ... combine_logger.out
----------------------------------------------
Messages of type INFO : 197
Messages of type DEBUG : 37
Messages of type ERROR : 0
----------------------------------------------
INFO: (function: improveOnce) CascadeMinimizer.cc: 188 -- Minimisation configured with Type=Minuit2, Algo=Migrad, strategy=1, tolerance=0.1
INFO: (function: improveOnce) CascadeMinimizer.cc: 211 -- Minimisation finished with status=1
DEBUG: (function: improveOnce) CascadeMinimizer.cc: 212 -- finished with status 1 (covariance forced positive definite), this could indicate a problem with the minimim.
INFO: (function: improveOnce) CascadeMinimizer.cc: 216 -- Minimization success! status=0
INFO: (function: generateAsimov) ToyMCSamplerOpt.cc: 139 -- Using internal logic for binned/unbinned Asimov dataset generation
INFO: (function: generateWithHisto) ToyMCSamplerOpt.cc: 214 -- Generating asimov with histogram for pdf pdf_binmtt_obsOnly: in 15 x-bins
INFO: (function: improveOnce) CascadeMinimizer.cc: 188 -- Minimisation configured with Type=Minuit2, Algo=Migrad, strategy=1, tolerance=0.1
INFO: (function: improveOnce) CascadeMinimizer.cc: 211 -- Minimisation finished with status=1
DEBUG: (function: improveOnce) CascadeMinimizer.cc: 212 -- finished with status 1 (covariance forced positive definite), this could indicate a problem with the minimim.
INFO: (function: improveOnce) CascadeMinimizer.cc: 216 -- Minimization success! status=0
DEBUG: (function: runLimitExpected) AsymptoticLimits.cc: 423 -- Best fit of asimov dataset is at r = 0.087342 (0.004367 times rMax), while it should be at zero
INFO: (function: improveOnce) CascadeMinimizer.cc: 188 -- Minimisation configured with Type=Minuit2, Algo=Migrad, strategy=1, tolerance=0.1
INFO: (function: improveOnce) CascadeMinimizer.cc: 211 -- Minimisation finished with status=1
DEBUG: (function: improveOnce) CascadeMinimizer.cc: 212 -- finished with status 1 (covariance forced positive definite), this could indicate a problem with the minimim.
INFO: (function: improveOnce) CascadeMinimizer.cc: 216 -- Minimization success! status=0
INFO: (function: improveOnce) CascadeMinimizer.cc: 188 -- Minimisation configured with Type=Minuit2, Algo=Migrad, strategy=1, tolerance=0.1
INFO: (function: improveOnce) CascadeMinimizer.cc: 211 -- Minimisation finished with status=0
INFO: (function: improveOnce) CascadeMinimizer.cc: 216 -- Minimization success! status=0
INFO: (function: improveOnce) CascadeMinimizer.cc: 188 -- Minimisation configured with Type=Minuit2, Algo=Migrad, strategy=1, tolerance=0.1
INFO: (function: improveOnce) CascadeMinimizer.cc: 211 -- Minimisation finished with status=1
DEBUG: (function: improveOnce) CascadeMinimizer.cc: 212 -- finished with status 1 (covariance forced positive definite), this could indicate a problem with the minimim.
INFO: (function: improveOnce) CascadeMinimizer.cc: 216 -- Minimization success! status=0
INFO: (function: improveOnce) CascadeMinimizer.cc: 188 -- Minimisation configured with Type=Minuit2, Algo=Migrad, strategy=1, tolerance=0.1
INFO: (function: improveOnce) CascadeMinimizer.cc: 211 -- Minimisation finished with status=0
INFO: (function: improveOnce) CascadeMinimizer.cc: 216 -- Minimization success! status=0
INFO: (function: improveOnce) CascadeMinimizer.cc: 188 -- Minimisation configured with Type=Minuit2, Algo=Migrad, strategy=1, tolerance=0.1
INFO: (function: improveOnce) CascadeMinimizer.cc: 211 -- Minimisation finished with status=0
INFO: (function: improveOnce) CascadeMinimizer.cc: 216 -- Minimization success! status=0
INFO: (function: improveOnce) CascadeMinimizer.cc: 188 -- Minimisation configured with Type=Minuit2, Algo=Migrad, strategy=1, tolerance=0.1
INFO: (function: improveOnce) CascadeMinimizer.cc: 211 -- Minimisation finished with status=1
DEBUG: (function: improveOnce) CascadeMinimizer.cc: 212 -- finished with status 1 (covariance forced positive definite), this could indicate a problem with the minimim.
INFO: (function: improveOnce) CascadeMinimizer.cc: 216 -- Minimization success! status=0
INFO: (function: improveOnce) CascadeMinimizer.cc: 188 -- Minimisation configured with Type=Minuit2, Algo=Migrad, strategy=1, tolerance=0.1
INFO: (function: improveOnce) CascadeMinimizer.cc: 211 -- Minimisation finished with status=0
INFO: (function: improveOnce) CascadeMinimizer.cc: 216 -- Minimization success! status=0
INFO: (function: improveOnce) CascadeMinimizer.cc: 188 -- Minimisation configured with Type=Minuit2, Algo=Migrad, strategy=1, tolerance=0.1
INFO: (function: improveOnce) CascadeMinimizer.cc: 211 -- Minimisation finished with status=1
DEBUG: (function: improveOnce) CascadeMinimizer.cc: 212 -- finished with status 1 (covariance forced positive definite), this could indicate a problem with the minimim.
INFO: (function: improveOnce) CascadeMinimizer.cc: 216 -- Minimization success! status=0
INFO: (function: improveOnce) CascadeMinimizer.cc: 188 -- Minimisation configured with Type=Minuit2, Algo=Migrad, strategy=1, tolerance=0.1
INFO: (function: improveOnce) CascadeMinimizer.cc: 211 -- Minimisation finished with status=1
DEBUG: (function: improveOnce) CascadeMinimizer.cc: 212 -- finished with status 1 (covariance forced positive definite), this could indicate a problem with the minimim.
INFO: (function: improveOnce) CascadeMinimizer.cc: 216 -- Minimization success! status=0
INFO: (function: improveOnce) CascadeMinimizer.cc: 188 -- Minimisation configured with Type=Minuit2, Algo=Migrad, strategy=1, tolerance=0.1
INFO: (function: improveOnce) CascadeMinimizer.cc: 211 -- Minimisation finished with status=1
DEBUG: (function: improveOnce) CascadeMinimizer.cc: 212 -- finished with status 1 (covariance forced positive definite), this could indicate a problem with the minimim.
INFO: (function: improveOnce) CascadeMinimizer.cc: 216 -- Minimization success! status=0
INFO: (function: improveOnce) CascadeMinimizer.cc: 188 -- Minimisation configured with Type=Minuit2, Algo=Migrad, strategy=1, tolerance=0.1
INFO: (function: improveOnce) CascadeMinimizer.cc: 211 -- Minimisation finished with status=1
DEBUG: (function: improveOnce) CascadeMinimizer.cc: 212 -- finished with status 1 (covariance forced positive definite), this could indicate a problem with the minimim.
INFO: (function: improveOnce) CascadeMinimizer.cc: 216 -- Minimization success! status=0
INFO: (function: improveOnce) CascadeMinimizer.cc: 188 -- Minimisation configured with Type=Minuit2, Algo=Migrad, strategy=1, tolerance=0.1
INFO: (function: improveOnce) CascadeMinimizer.cc: 211 -- Minimisation finished with status=1
DEBUG: (function: improveOnce) CascadeMinimizer.cc: 212 -- finished with status 1 (covariance forced positive definite), this could indicate a problem with the minimim.
INFO: (function: improveOnce) CascadeMinimizer.cc: 216 -- Minimization success! status=0
INFO: (function: runLimitExpected) AsymptoticLimits.cc: 436 -- Median for expected limits = 2.61719 (Sigma for expected limits = 1.33532)
INFO: (function: improveOnce) CascadeMinimizer.cc: 188 -- Minimisation configured with Type=Minuit2, Algo=Migrad, strategy=1, tolerance=0.1
INFO: (function: improveOnce) CascadeMinimizer.cc: 211 -- Minimisation finished with status=0
INFO: (function: improveOnce) CascadeMinimizer.cc: 216 -- Minimization success! status=0
INFO: (function: improveOnce) CascadeMinimizer.cc: 188 -- Minimisation configured with Type=Minuit2, Algo=Migrad, strategy=1, tolerance=0.1
INFO: (function: improveOnce) CascadeMinimizer.cc: 211 -- Minimisation finished with status=0
INFO: (function: improveOnce) CascadeMinimizer.cc: 216 -- Minimization success! status=0
INFO: (function: improveOnce) CascadeMinimizer.cc: 188 -- Minimisation configured with Type=Minuit2, Algo=Migrad, strategy=1, tolerance=0.1
INFO: (function: improveOnce) CascadeMinimizer.cc: 211 -- Minimisation finished with status=1
DEBUG: (function: improveOnce) CascadeMinimizer.cc: 212 -- finished with status 1 (covariance forced positive definite), this could indicate a problem with the minimim.
INFO: (function: improveOnce) CascadeMinimizer.cc: 216 -- Minimization success! status=0
INFO: (function: improveOnce) CascadeMinimizer.cc: 188 -- Minimisation configured with Type=Minuit2, Algo=Migrad, strategy=1, tolerance=0.1
INFO: (function: improveOnce) CascadeMinimizer.cc: 211 -- Minimisation finished with status=0
INFO: (function: improveOnce) CascadeMinimizer.cc: 216 -- Minimization success! status=0
INFO: (function: improveOnce) CascadeMinimizer.cc: 188 -- Minimisation configured with Type=Minuit2, Algo=Migrad, strategy=1, tolerance=0.1
INFO: (function: improveOnce) CascadeMinimizer.cc: 211 -- Minimisation finished with status=1
DEBUG: (function: improveOnce) CascadeMinimizer.cc: 212 -- finished with status 1 (covariance forced positive definite), this could indicate a problem with the minimim.
INFO: (function: improveOnce) CascadeMinimizer.cc: 216 -- Minimization success! status=0
INFO: (function: improveOnce) CascadeMinimizer.cc: 188 -- Minimisation configured with Type=Minuit2, Algo=Migrad, strategy=1, tolerance=0.1
INFO: (function: improveOnce) CascadeMinimizer.cc: 211 -- Minimisation finished with status=1
DEBUG: (function: improveOnce) CascadeMinimizer.cc: 212 -- finished with status 1 (covariance forced positive definite), this could indicate a problem with the minimim.
INFO: (function: improveOnce) CascadeMinimizer.cc: 216 -- Minimization success! status=0
INFO: (function: improveOnce) CascadeMinimizer.cc: 188 -- Minimisation configured with Type=Minuit2, Algo=Migrad, strategy=1, tolerance=0.1
INFO: (function: improveOnce) CascadeMinimizer.cc: 211 -- Minimisation finished with status=0
INFO: (function: improveOnce) CascadeMinimizer.cc: 216 -- Minimization success! status=0
INFO: (function: improveOnce) CascadeMinimizer.cc: 188 -- Minimisation configured with Type=Minuit2, Algo=Migrad, strategy=1, tolerance=0.1
INFO: (function: improveOnce) CascadeMinimizer.cc: 211 -- Minimisation finished with status=0
INFO: (function: improveOnce) CascadeMinimizer.cc: 216 -- Minimization success! status=0
INFO: (function: improveOnce) CascadeMinimizer.cc: 188 -- Minimisation configured with Type=Minuit2, Algo=Migrad, strategy=1, tolerance=0.1
INFO: (function: improveOnce) CascadeMinimizer.cc: 211 -- Minimisation finished with status=1
DEBUG: (function: improveOnce) CascadeMinimizer.cc: 212 -- finished with status 1 (covariance forced positive definite), this could indicate a problem with the minimim.
INFO: (function: improveOnce) CascadeMinimizer.cc: 216 -- Minimization success! status=0
INFO: (function: improveOnce) CascadeMinimizer.cc: 188 -- Minimisation configured with Type=Minuit2, Algo=Migrad, strategy=1, tolerance=0.1
INFO: (function: improveOnce) CascadeMinimizer.cc: 211 -- Minimisation finished with status=1
DEBUG: (function: improveOnce) CascadeMinimizer.cc: 212 -- finished with status 1 (covariance forced positive definite), this could indicate a problem with the minimim.
INFO: (function: improveOnce) CascadeMinimizer.cc: 216 -- Minimization success! status=0
INFO: (function: improveOnce) CascadeMinimizer.cc: 188 -- Minimisation configured with Type=Minuit2, Algo=Migrad, strategy=1, tolerance=0.1
INFO: (function: improveOnce) CascadeMinimizer.cc: 211 -- Minimisation finished with status=1
DEBUG: (function: improveOnce) CascadeMinimizer.cc: 212 -- finished with status 1 (covariance forced positive definite), this could indicate a problem with the minimim.
INFO: (function: improveOnce) CascadeMinimizer.cc: 216 -- Minimization success! status=0
INFO: (function: improveOnce) CascadeMinimizer.cc: 188 -- Minimisation configured with Type=Minuit2, Algo=Migrad, strategy=1, tolerance=0.1
INFO: (function: improveOnce) CascadeMinimizer.cc: 211 -- Minimisation finished with status=0
INFO: (function: improveOnce) CascadeMinimizer.cc: 216 -- Minimization success! status=0
INFO: (function: improveOnce) CascadeMinimizer.cc: 188 -- Minimisation configured with Type=Minuit2, Algo=Migrad, strategy=1, tolerance=0.1
INFO: (function: improveOnce) CascadeMinimizer.cc: 211 -- Minimisation finished with status=0
INFO: (function: improveOnce) CascadeMinimizer.cc: 216 -- Minimization success! status=0
INFO: (function: improveOnce) CascadeMinimizer.cc: 188 -- Minimisation configured with Type=Minuit2, Algo=Migrad, strategy=1, tolerance=0.1
INFO: (function: improveOnce) CascadeMinimizer.cc: 211 -- Minimisation finished with status=0
INFO: (function: improveOnce) CascadeMinimizer.cc: 216 -- Minimization success! status=0
INFO: (function: improveOnce) CascadeMinimizer.cc: 188 -- Minimisation configured with Type=Minuit2, Algo=Migrad, strategy=1, tolerance=0.1
INFO: (function: improveOnce) CascadeMinimizer.cc: 211 -- Minimisation finished with status=1
DEBUG: (function: improveOnce) CascadeMinimizer.cc: 212 -- finished with status 1 (covariance forced positive definite), this could indicate a problem with the minimim.
INFO: (function: improveOnce) CascadeMinimizer.cc: 216 -- Minimization success! status=0
INFO: (function: improveOnce) CascadeMinimizer.cc: 188 -- Minimisation configured with Type=Minuit2, Algo=Migrad, strategy=1, tolerance=0.1
INFO: (function: improveOnce) CascadeMinimizer.cc: 211 -- Minimisation finished with status=1
DEBUG: (function: improveOnce) CascadeMinimizer.cc: 212 -- finished with status 1 (covariance forced positive definite), this could indicate a problem with the minimim.
INFO: (function: improveOnce) CascadeMinimizer.cc: 216 -- Minimization success! status=0
INFO: (function: improveOnce) CascadeMinimizer.cc: 188 -- Minimisation configured with Type=Minuit2, Algo=Migrad, strategy=1, tolerance=0.1
INFO: (function: improveOnce) CascadeMinimizer.cc: 211 -- Minimisation finished with status=1
DEBUG: (function: improveOnce) CascadeMinimizer.cc: 212 -- finished with status 1 (covariance forced positive definite), this could indicate a problem with the minimim.
INFO: (function: improveOnce) CascadeMinimizer.cc: 216 -- Minimization success! status=0
INFO: (function: improveOnce) CascadeMinimizer.cc: 188 -- Minimisation configured with Type=Minuit2, Algo=Migrad, strategy=1, tolerance=0.1
INFO: (function: improveOnce) CascadeMinimizer.cc: 211 -- Minimisation finished with status=1
DEBUG: (function: improveOnce) CascadeMinimizer.cc: 212 -- finished with status 1 (covariance forced positive definite), this could indicate a problem with the minimim.
INFO: (function: improveOnce) CascadeMinimizer.cc: 216 -- Minimization success! status=0
INFO: (function: improveOnce) CascadeMinimizer.cc: 188 -- Minimisation configured with Type=Minuit2, Algo=Migrad, strategy=1, tolerance=0.1
INFO: (function: improveOnce) CascadeMinimizer.cc: 211 -- Minimisation finished with status=0
INFO: (function: improveOnce) CascadeMinimizer.cc: 216 -- Minimization success! status=0
INFO: (function: improveOnce) CascadeMinimizer.cc: 188 -- Minimisation configured with Type=Minuit2, Algo=Migrad, strategy=1, tolerance=0.1
INFO: (function: improveOnce) CascadeMinimizer.cc: 211 -- Minimisation finished with status=0
INFO: (function: improveOnce) CascadeMinimizer.cc: 216 -- Minimization success! status=0
INFO: (function: improveOnce) CascadeMinimizer.cc: 188 -- Minimisation configured with Type=Minuit2, Algo=Migrad, strategy=1, tolerance=0.1
INFO: (function: improveOnce) CascadeMinimizer.cc: 211 -- Minimisation finished with status=0
INFO: (function: improveOnce) CascadeMinimizer.cc: 216 -- Minimization success! status=0
INFO: (function: improveOnce) CascadeMinimizer.cc: 188 -- Minimisation configured with Type=Minuit2, Algo=Migrad, strategy=1, tolerance=0.1
INFO: (function: improveOnce) CascadeMinimizer.cc: 211 -- Minimisation finished with status=1
DEBUG: (function: improveOnce) CascadeMinimizer.cc: 212 -- finished with status 1 (covariance forced positive definite), this could indicate a problem with the minimim.
INFO: (function: improveOnce) CascadeMinimizer.cc: 216 -- Minimization success! status=0
INFO: (function: improveOnce) CascadeMinimizer.cc: 188 -- Minimisation configured with Type=Minuit2, Algo=Migrad, strategy=1, tolerance=0.1
INFO: (function: improveOnce) CascadeMinimizer.cc: 211 -- Minimisation finished with status=1
DEBUG: (function: improveOnce) CascadeMinimizer.cc: 212 -- finished with status 1 (covariance forced positive definite), this could indicate a problem with the minimim.
INFO: (function: improveOnce) CascadeMinimizer.cc: 216 -- Minimization success! status=0
INFO: (function: improveOnce) CascadeMinimizer.cc: 188 -- Minimisation configured with Type=Minuit2, Algo=Migrad, strategy=1, tolerance=0.1
INFO: (function: improveOnce) CascadeMinimizer.cc: 211 -- Minimisation finished with status=0
INFO: (function: improveOnce) CascadeMinimizer.cc: 216 -- Minimization success! status=0
INFO: (function: improveOnce) CascadeMinimizer.cc: 188 -- Minimisation configured with Type=Minuit2, Algo=Migrad, strategy=1, tolerance=0.1
INFO: (function: improveOnce) CascadeMinimizer.cc: 211 -- Minimisation finished with status=1
DEBUG: (function: improveOnce) CascadeMinimizer.cc: 212 -- finished with status 1 (covariance forced positive definite), this could indicate a problem with the minimim.
INFO: (function: improveOnce) CascadeMinimizer.cc: 216 -- Minimization success! status=0
INFO: (function: improveOnce) CascadeMinimizer.cc: 188 -- Minimisation configured with Type=Minuit2, Algo=Migrad, strategy=1, tolerance=0.1
INFO: (function: improveOnce) CascadeMinimizer.cc: 211 -- Minimisation finished with status=-1
DEBUG: (function: improveOnce) CascadeMinimizer.cc: 217 -- Minimization ended with latest status != 0 or 1
INFO: (function: runLimit) AsymptoticLimits.cc: 193 -- NLL at global minimum of data = -9616.83 (r=0.000184584)
INFO: (function: improveOnce) CascadeMinimizer.cc: 188 -- Minimisation configured with Type=Minuit2, Algo=Migrad, strategy=1, tolerance=0.1
INFO: (function: improveOnce) CascadeMinimizer.cc: 211 -- Minimisation finished with status=1
DEBUG: (function: improveOnce) CascadeMinimizer.cc: 212 -- finished with status 1 (covariance forced positive definite), this could indicate a problem with the minimim.
INFO: (function: improveOnce) CascadeMinimizer.cc: 216 -- Minimization success! status=0
INFO: (function: runLimit) AsymptoticLimits.cc: 213 -- NLL at global minimum of asimov = -9598.86 (r=0.135294)
INFO: (function: improveOnce) CascadeMinimizer.cc: 188 -- Minimisation configured with Type=Minuit2, Algo=Migrad, strategy=1, tolerance=0.1
INFO: (function: improveOnce) CascadeMinimizer.cc: 211 -- Minimisation finished with status=1
DEBUG: (function: improveOnce) CascadeMinimizer.cc: 212 -- finished with status 1 (covariance forced positive definite), this could indicate a problem with the minimim.
INFO: (function: improveOnce) CascadeMinimizer.cc: 216 -- Minimization success! status=0
INFO: (function: improveOnce) CascadeMinimizer.cc: 188 -- Minimisation configured with Type=Minuit2, Algo=Migrad, strategy=1, tolerance=0.1
INFO: (function: improveOnce) CascadeMinimizer.cc: 211 -- Minimisation finished with status=0
INFO: (function: improveOnce) CascadeMinimizer.cc: 216 -- Minimization success! status=0
INFO: (function: getCLs) AsymptoticLimits.cc: 343 -- At r = 1.200185:	q_mu = 5.62838	q_A  = 0.42520	CLsb = 0.00000	CLb  = 0.00003	CLs  = 0.05221
INFO: (function: improveOnce) CascadeMinimizer.cc: 188 -- Minimisation configured with Type=Minuit2, Algo=Migrad, strategy=1, tolerance=0.1
INFO: (function: improveOnce) CascadeMinimizer.cc: 211 -- Minimisation finished with status=0
INFO: (function: improveOnce) CascadeMinimizer.cc: 216 -- Minimization success! status=0
INFO: (function: improveOnce) CascadeMinimizer.cc: 188 -- Minimisation configured with Type=Minuit2, Algo=Migrad, strategy=1, tolerance=0.1
INFO: (function: improveOnce) CascadeMinimizer.cc: 211 -- Minimisation finished with status=0
INFO: (function: improveOnce) CascadeMinimizer.cc: 216 -- Minimization success! status=0
INFO: (function: getCLs) AsymptoticLimits.cc: 343 -- At r = 2.400369:	q_mu = 15.29008	q_A  = 2.94930	CLsb = 0.00000	CLb  = 0.00016	CLs  = 0.00033
INFO: (function: improveOnce) CascadeMinimizer.cc: 188 -- Minimisation configured with Type=Minuit2, Algo=Migrad, strategy=1, tolerance=0.1
INFO: (function: improveOnce) CascadeMinimizer.cc: 211 -- Minimisation finished with status=0
INFO: (function: improveOnce) CascadeMinimizer.cc: 216 -- Minimization success! status=0
INFO: (function: improveOnce) CascadeMinimizer.cc: 188 -- Minimisation configured with Type=Minuit2, Algo=Migrad, strategy=1, tolerance=0.1
INFO: (function: improveOnce) CascadeMinimizer.cc: 211 -- Minimisation finished with status=0
INFO: (function: improveOnce) CascadeMinimizer.cc: 216 -- Minimization success! status=0
INFO: (function: getCLs) AsymptoticLimits.cc: 343 -- At r = 1.200277:	q_mu = 5.62822	q_A  = 0.42521	CLsb = 0.00000	CLb  = 0.00003	CLs  = 0.05222
INFO: (function: improveOnce) CascadeMinimizer.cc: 188 -- Minimisation configured with Type=Minuit2, Algo=Migrad, strategy=1, tolerance=0.1
INFO: (function: improveOnce) CascadeMinimizer.cc: 211 -- Minimisation finished with status=0
INFO: (function: improveOnce) CascadeMinimizer.cc: 216 -- Minimization success! status=0
INFO: (function: improveOnce) CascadeMinimizer.cc: 188 -- Minimisation configured with Type=Minuit2, Algo=Migrad, strategy=1, tolerance=0.1
INFO: (function: improveOnce) CascadeMinimizer.cc: 211 -- Minimisation finished with status=1
DEBUG: (function: improveOnce) CascadeMinimizer.cc: 212 -- finished with status 1 (covariance forced positive definite), this could indicate a problem with the minimim.
INFO: (function: improveOnce) CascadeMinimizer.cc: 216 -- Minimization success! status=0
INFO: (function: getCLs) AsymptoticLimits.cc: 343 -- At r = 1.800323:	q_mu = 9.81756	q_A  = 1.27275	CLsb = 0.00000	CLb  = 0.00008	CLs  = 0.00582
INFO: (function: improveOnce) CascadeMinimizer.cc: 188 -- Minimisation configured with Type=Minuit2, Algo=Migrad, strategy=1, tolerance=0.1
INFO: (function: improveOnce) CascadeMinimizer.cc: 211 -- Minimisation finished with status=1
DEBUG: (function: improveOnce) CascadeMinimizer.cc: 212 -- finished with status 1 (covariance forced positive definite), this could indicate a problem with the minimim.
INFO: (function: improveOnce) CascadeMinimizer.cc: 216 -- Minimization success! status=0
INFO: (function: improveOnce) CascadeMinimizer.cc: 188 -- Minimisation configured with Type=Minuit2, Algo=Migrad, strategy=1, tolerance=0.1
INFO: (function: improveOnce) CascadeMinimizer.cc: 211 -- Minimisation finished with status=0
INFO: (function: improveOnce) CascadeMinimizer.cc: 216 -- Minimization success! status=0
INFO: (function: getCLs) AsymptoticLimits.cc: 343 -- At r = 1.500300:	q_mu = 7.58225	q_A  = 0.76455	CLsb = 0.00000	CLb  = 0.00005	CLs  = 0.01876
INFO: (function: improveOnce) CascadeMinimizer.cc: 188 -- Minimisation configured with Type=Minuit2, Algo=Migrad, strategy=1, tolerance=0.1
INFO: (function: improveOnce) CascadeMinimizer.cc: 211 -- Minimisation finished with status=0
INFO: (function: improveOnce) CascadeMinimizer.cc: 216 -- Minimization success! status=0
INFO: (function: improveOnce) CascadeMinimizer.cc: 188 -- Minimisation configured with Type=Minuit2, Algo=Migrad, strategy=1, tolerance=0.1
INFO: (function: improveOnce) CascadeMinimizer.cc: 211 -- Minimisation finished with status=1
DEBUG: (function: improveOnce) CascadeMinimizer.cc: 212 -- finished with status 1 (covariance forced positive definite), this could indicate a problem with the minimim.
INFO: (function: improveOnce) CascadeMinimizer.cc: 216 -- Minimization success! status=0
INFO: (function: getCLs) AsymptoticLimits.cc: 343 -- At r = 1.270456:	q_mu = 6.06194	q_A  = 0.49240	CLsb = 0.00000	CLb  = 0.00004	CLs  = 0.04160
INFO: (function: improveOnce) CascadeMinimizer.cc: 188 -- Minimisation configured with Type=Minuit2, Algo=Migrad, strategy=1, tolerance=0.1
INFO: (function: improveOnce) CascadeMinimizer.cc: 211 -- Minimisation finished with status=1
DEBUG: (function: improveOnce) CascadeMinimizer.cc: 212 -- finished with status 1 (covariance forced positive definite), this could indicate a problem with the minimim.
INFO: (function: improveOnce) CascadeMinimizer.cc: 216 -- Minimization success! status=0
INFO: (function: improveOnce) CascadeMinimizer.cc: 188 -- Minimisation configured with Type=Minuit2, Algo=Migrad, strategy=1, tolerance=0.1
INFO: (function: improveOnce) CascadeMinimizer.cc: 211 -- Minimisation finished with status=1
DEBUG: (function: improveOnce) CascadeMinimizer.cc: 212 -- finished with status 1 (covariance forced positive definite), this could indicate a problem with the minimim.
INFO: (function: improveOnce) CascadeMinimizer.cc: 216 -- Minimization success! status=0
INFO: (function: getCLs) AsymptoticLimits.cc: 343 -- At r = 1.225030:	q_mu = 5.78057	q_A  = 0.44882	CLsb = 0.00000	CLb  = 0.00003	CLs  = 0.04820
INFO: (function: improveOnce) CascadeMinimizer.cc: 188 -- Minimisation configured with Type=Minuit2, Algo=Migrad, strategy=1, tolerance=0.1
INFO: (function: improveOnce) CascadeMinimizer.cc: 211 -- Minimisation finished with status=0
INFO: (function: improveOnce) CascadeMinimizer.cc: 216 -- Minimization success! status=0
INFO: (function: improveOnce) CascadeMinimizer.cc: 188 -- Minimisation configured with Type=Minuit2, Algo=Migrad, strategy=1, tolerance=0.1
INFO: (function: improveOnce) CascadeMinimizer.cc: 211 -- Minimisation finished with status=1
DEBUG: (function: improveOnce) CascadeMinimizer.cc: 212 -- finished with status 1 (covariance forced positive definite), this could indicate a problem with the minimim.
INFO: (function: improveOnce) CascadeMinimizer.cc: 216 -- Minimization success! status=0
INFO: (function: getCLs) AsymptoticLimits.cc: 343 -- At r = 1.211016:	q_mu = 5.69640	q_A  = 0.43765	CLsb = 0.00000	CLb  = 0.00004	CLs  = 0.05035
INFO: (function: improveOnce) CascadeMinimizer.cc: 188 -- Minimisation configured with Type=Minuit2, Algo=Migrad, strategy=1, tolerance=0.1
INFO: (function: improveOnce) CascadeMinimizer.cc: 211 -- Minimisation finished with status=1
DEBUG: (function: improveOnce) CascadeMinimizer.cc: 212 -- finished with status 1 (covariance forced positive definite), this could indicate a problem with the minimim.
INFO: (function: improveOnce) CascadeMinimizer.cc: 216 -- Minimization success! status=0
INFO: (function: improveOnce) CascadeMinimizer.cc: 188 -- Minimisation configured with Type=Minuit2, Algo=Migrad, strategy=1, tolerance=0.1
INFO: (function: improveOnce) CascadeMinimizer.cc: 211 -- Minimisation finished with status=1
DEBUG: (function: improveOnce) CascadeMinimizer.cc: 212 -- finished with status 1 (covariance forced positive definite), this could indicate a problem with the minimim.
INFO: (function: improveOnce) CascadeMinimizer.cc: 216 -- Minimization success! status=0
INFO: (function: getCLs) AsymptoticLimits.cc: 343 -- At r = 1.215618:	q_mu = 5.72350	q_A  = 0.44133	CLsb = 0.00000	CLb  = 0.00004	CLs  = 0.04965
INFO: (function: improveOnce) CascadeMinimizer.cc: 188 -- Minimisation configured with Type=Minuit2, Algo=Migrad, strategy=1, tolerance=0.1
INFO: (function: improveOnce) CascadeMinimizer.cc: 211 -- Minimisation finished with status=1
DEBUG: (function: improveOnce) CascadeMinimizer.cc: 212 -- finished with status 1 (covariance forced positive definite), this could indicate a problem with the minimim.
INFO: (function: improveOnce) CascadeMinimizer.cc: 216 -- Minimization success! status=0
INFO: (function: improveOnce) CascadeMinimizer.cc: 188 -- Minimisation configured with Type=Minuit2, Algo=Migrad, strategy=1, tolerance=0.1
INFO: (function: improveOnce) CascadeMinimizer.cc: 211 -- Minimisation finished with status=1
DEBUG: (function: improveOnce) CascadeMinimizer.cc: 212 -- finished with status 1 (covariance forced positive definite), this could indicate a problem with the minimim.
INFO: (function: improveOnce) CascadeMinimizer.cc: 216 -- Minimization success! status=0
INFO: (function: getCLs) AsymptoticLimits.cc: 343 -- At r = 1.213768:	q_mu = 5.71229	q_A  = 0.43965	CLsb = 0.00000	CLb  = 0.00004	CLs  = 0.04994
