
>>> random number generator seed is 123456
>>> method used is AsymptoticLimits
Nuisance parameters after fit for asimov dataset: 
  1) RooRealVar::                     lumi_13TeV_fullRun2 = -0.609278 +/- 0.866158
  2) RooRealVar::                                datasyst = -3.20718 +/- 0.105042
  3) RooRealVar::                                 mcscale = 0.764233 +/- 0.155858
  4) RooRealVar::       prop_binmtt_bin0_ALP_ttbar_signal = 46048 +/- 213.857
  5) RooRealVar::       prop_binmtt_bin0_TTToSemiLeptonic = 49158.3 +/- 152.82
  6) RooRealVar:: prop_binmtt_bin0_ALP_ttbar_interference = 46048 +/- 213.857
  7) RooRealVar::       prop_binmtt_bin1_ALP_ttbar_signal = 33201 +/- 181.591
  8) RooRealVar::       prop_binmtt_bin1_TTToSemiLeptonic = 38321.6 +/- 108.343
  9) RooRealVar:: prop_binmtt_bin1_ALP_ttbar_interference = 33201 +/- 181.591
 10) RooRealVar::       prop_binmtt_bin2_ALP_ttbar_signal = 13130 +/- 114.198
 11) RooRealVar::       prop_binmtt_bin2_TTToSemiLeptonic = 14829.5 +/- 41.5105
 12) RooRealVar:: prop_binmtt_bin2_ALP_ttbar_interference = 13130 +/- 114.198
 13) RooRealVar::       prop_binmtt_bin3_ALP_ttbar_signal = 4779.01 +/- 68.8956
 14) RooRealVar::       prop_binmtt_bin3_TTToSemiLeptonic = 5384.11 +/- 15.4939
 15) RooRealVar:: prop_binmtt_bin3_ALP_ttbar_interference = 4779.01 +/- 68.8956
 16) RooRealVar::       prop_binmtt_bin4_ALP_ttbar_signal = 1745.01 +/- 41.6316
 17) RooRealVar::       prop_binmtt_bin4_TTToSemiLeptonic = 1985.15 +/- 6.12654
 18) RooRealVar:: prop_binmtt_bin4_ALP_ttbar_interference = 1745.01 +/- 41.6316
 19) RooRealVar::       prop_binmtt_bin5_ALP_ttbar_signal = 855.005 +/- 29.1413
 20) RooRealVar::       prop_binmtt_bin5_TTToSemiLeptonic = 965.487 +/- 3.10708
 21) RooRealVar:: prop_binmtt_bin5_ALP_ttbar_interference = 855.005 +/- 29.1413
 22) RooRealVar::       prop_binmtt_bin6_ALP_ttbar_signal = 770.005 +/- 27.6548
 23) RooRealVar::       prop_binmtt_bin6_TTToSemiLeptonic = 873.058 +/- 3.20372
 24) RooRealVar:: prop_binmtt_bin6_ALP_ttbar_interference = 770.005 +/- 27.6548
 25) RooRealVar::       prop_binmtt_bin7_ALP_ttbar_signal = 569.005 +/- 23.7728
 26) RooRealVar::       prop_binmtt_bin7_TTToSemiLeptonic = 625.889 +/- 2.30642
 27) RooRealVar:: prop_binmtt_bin7_ALP_ttbar_interference = 569.005 +/- 23.7728
 28) RooRealVar::       prop_binmtt_bin8_ALP_ttbar_signal = 741.005 +/- 27.129
 29) RooRealVar::       prop_binmtt_bin8_TTToSemiLeptonic = 855.407 +/- 3.92662
 30) RooRealVar:: prop_binmtt_bin8_ALP_ttbar_interference = 741.005 +/- 27.129
Global observables for data: 
  1) RooRealVar::                     lumi_13TeV_fullRun2_In = 0
  2) RooRealVar::                                datasyst_In = 0
  3) RooRealVar::                                 mcscale_In = 0
  4) RooRealVar::       prop_binmtt_bin0_ALP_ttbar_signal_In = 46048
  5) RooRealVar::       prop_binmtt_bin0_TTToSemiLeptonic_In = 48452
  6) RooRealVar:: prop_binmtt_bin0_ALP_ttbar_interference_In = 46048
  7) RooRealVar::       prop_binmtt_bin1_ALP_ttbar_signal_In = 33201
  8) RooRealVar::       prop_binmtt_bin1_TTToSemiLeptonic_In = 38726
  9) RooRealVar:: prop_binmtt_bin1_ALP_ttbar_interference_In = 33201
 10) RooRealVar::       prop_binmtt_bin2_ALP_ttbar_signal_In = 13130
 11) RooRealVar::       prop_binmtt_bin2_TTToSemiLeptonic_In = 15124
 12) RooRealVar:: prop_binmtt_bin2_ALP_ttbar_interference_In = 13130
 13) RooRealVar::       prop_binmtt_bin3_ALP_ttbar_signal_In = 4779
 14) RooRealVar::       prop_binmtt_bin3_TTToSemiLeptonic_In = 5411
 15) RooRealVar:: prop_binmtt_bin3_ALP_ttbar_interference_In = 4779
 16) RooRealVar::       prop_binmtt_bin4_ALP_ttbar_signal_In = 1745
 17) RooRealVar::       prop_binmtt_bin4_TTToSemiLeptonic_In = 2019
 18) RooRealVar:: prop_binmtt_bin4_ALP_ttbar_interference_In = 1745
 19) RooRealVar::       prop_binmtt_bin5_ALP_ttbar_signal_In = 855
 20) RooRealVar::       prop_binmtt_bin5_TTToSemiLeptonic_In = 953
 21) RooRealVar:: prop_binmtt_bin5_ALP_ttbar_interference_In = 855
 22) RooRealVar::       prop_binmtt_bin6_ALP_ttbar_signal_In = 770
 23) RooRealVar::       prop_binmtt_bin6_TTToSemiLeptonic_In = 883
 24) RooRealVar:: prop_binmtt_bin6_ALP_ttbar_interference_In = 770
 25) RooRealVar::       prop_binmtt_bin7_ALP_ttbar_signal_In = 569
 26) RooRealVar::       prop_binmtt_bin7_TTToSemiLeptonic_In = 587
 27) RooRealVar:: prop_binmtt_bin7_ALP_ttbar_interference_In = 569
 28) RooRealVar::       prop_binmtt_bin8_ALP_ttbar_signal_In = 741
 29) RooRealVar::       prop_binmtt_bin8_TTToSemiLeptonic_In = 882
 30) RooRealVar:: prop_binmtt_bin8_ALP_ttbar_interference_In = 741
Global observables for asimov: 
  1) RooRealVar::                     lumi_13TeV_fullRun2_In = -0.609278
  2) RooRealVar::                                datasyst_In = -3.20718
  3) RooRealVar::                                 mcscale_In = 0.764233
  4) RooRealVar::       prop_binmtt_bin0_ALP_ttbar_signal_In = 46048
  5) RooRealVar::       prop_binmtt_bin0_TTToSemiLeptonic_In = 49158.3
  6) RooRealVar:: prop_binmtt_bin0_ALP_ttbar_interference_In = 46048
  7) RooRealVar::       prop_binmtt_bin1_ALP_ttbar_signal_In = 33201
  8) RooRealVar::       prop_binmtt_bin1_TTToSemiLeptonic_In = 38321.6
  9) RooRealVar:: prop_binmtt_bin1_ALP_ttbar_interference_In = 33201
 10) RooRealVar::       prop_binmtt_bin2_ALP_ttbar_signal_In = 13130
 11) RooRealVar::       prop_binmtt_bin2_TTToSemiLeptonic_In = 14829.5
 12) RooRealVar:: prop_binmtt_bin2_ALP_ttbar_interference_In = 13130
 13) RooRealVar::       prop_binmtt_bin3_ALP_ttbar_signal_In = 4779.01
 14) RooRealVar::       prop_binmtt_bin3_TTToSemiLeptonic_In = 5384.11
 15) RooRealVar:: prop_binmtt_bin3_ALP_ttbar_interference_In = 4779.01
 16) RooRealVar::       prop_binmtt_bin4_ALP_ttbar_signal_In = 1745.01
 17) RooRealVar::       prop_binmtt_bin4_TTToSemiLeptonic_In = 1985.15
 18) RooRealVar:: prop_binmtt_bin4_ALP_ttbar_interference_In = 1745.01
 19) RooRealVar::       prop_binmtt_bin5_ALP_ttbar_signal_In = 855.005
 20) RooRealVar::       prop_binmtt_bin5_TTToSemiLeptonic_In = 965.487
 21) RooRealVar:: prop_binmtt_bin5_ALP_ttbar_interference_In = 855.005
 22) RooRealVar::       prop_binmtt_bin6_ALP_ttbar_signal_In = 770.005
 23) RooRealVar::       prop_binmtt_bin6_TTToSemiLeptonic_In = 873.058
 24) RooRealVar:: prop_binmtt_bin6_ALP_ttbar_interference_In = 770.005
 25) RooRealVar::       prop_binmtt_bin7_ALP_ttbar_signal_In = 569.005
 26) RooRealVar::       prop_binmtt_bin7_TTToSemiLeptonic_In = 625.889
 27) RooRealVar:: prop_binmtt_bin7_ALP_ttbar_interference_In = 569.005
 28) RooRealVar::       prop_binmtt_bin8_ALP_ttbar_signal_In = 741.005
 29) RooRealVar::       prop_binmtt_bin8_TTToSemiLeptonic_In = 855.407
 30) RooRealVar:: prop_binmtt_bin8_ALP_ttbar_interference_In = 741.005
SimNLL created with 1 channels, 27 generic constraints, 3 fast gaussian constraints, 0 fast poisson constraints, 0 fast group constraints, 
Fit to asimov dataset:

  RooFitResult: minimized FCN value: -903.106, estimated distance to minimum: 5.71135e-05
                covariance matrix quality: Full matrix, but forced positive-definite
                Status : MINIMIZE=1 

    Constant Parameter    Value     
  --------------------  ------------
                   ONE    1.0000e+00
           datasyst_In   -3.2072e+00
  lumi_13TeV_fullRun2_In   -6.0928e-01
            mcscale_In    7.6423e-01
  prop_binmtt_bin0_ALP_ttbar_interference_In    4.6048e+04
  prop_binmtt_bin0_ALP_ttbar_signal_In    4.6048e+04
  prop_binmtt_bin0_TTToSemiLeptonic_In    4.9158e+04
  prop_binmtt_bin1_ALP_ttbar_interference_In    3.3201e+04
  prop_binmtt_bin1_ALP_ttbar_signal_In    3.3201e+04
  prop_binmtt_bin1_TTToSemiLeptonic_In    3.8322e+04
  prop_binmtt_bin2_ALP_ttbar_interference_In    1.3130e+04
  prop_binmtt_bin2_ALP_ttbar_signal_In    1.3130e+04
  prop_binmtt_bin2_TTToSemiLeptonic_In    1.4829e+04
  prop_binmtt_bin3_ALP_ttbar_interference_In    4.7790e+03
  prop_binmtt_bin3_ALP_ttbar_signal_In    4.7790e+03
  prop_binmtt_bin3_TTToSemiLeptonic_In    5.3841e+03
  prop_binmtt_bin4_ALP_ttbar_interference_In    1.7450e+03
  prop_binmtt_bin4_ALP_ttbar_signal_In    1.7450e+03
  prop_binmtt_bin4_TTToSemiLeptonic_In    1.9852e+03
  prop_binmtt_bin5_ALP_ttbar_interference_In    8.5501e+02
  prop_binmtt_bin5_ALP_ttbar_signal_In    8.5501e+02
  prop_binmtt_bin5_TTToSemiLeptonic_In    9.6549e+02
  prop_binmtt_bin6_ALP_ttbar_interference_In    7.7001e+02
  prop_binmtt_bin6_ALP_ttbar_signal_In    7.7001e+02
  prop_binmtt_bin6_TTToSemiLeptonic_In    8.7306e+02
  prop_binmtt_bin7_ALP_ttbar_interference_In    5.6901e+02
  prop_binmtt_bin7_ALP_ttbar_signal_In    5.6901e+02
  prop_binmtt_bin7_TTToSemiLeptonic_In    6.2589e+02
  prop_binmtt_bin8_ALP_ttbar_interference_In    7.4101e+02
  prop_binmtt_bin8_ALP_ttbar_signal_In    7.4101e+02
  prop_binmtt_bin8_TTToSemiLeptonic_In    8.5541e+02

    Floating Parameter  InitialValue    FinalValue +/-  Error     GblCorr.
  --------------------  ------------  --------------------------  --------
              datasyst   -3.2072e+00   -3.1563e+00 +/-  4.90e-02  <none>
   lumi_13TeV_fullRun2   -6.0928e-01   -6.0414e-01 +/-  1.38e-01  <none>
               mcscale    7.6423e-01    7.2213e-01 +/-  1.87e-02  <none>
  prop_binmtt_bin0_ALP_ttbar_interference    4.6048e+04    4.6048e+04 +/-  2.13e+02  <none>
  prop_binmtt_bin0_ALP_ttbar_signal    4.6048e+04    4.6048e+04 +/-  2.13e+02  <none>
  prop_binmtt_bin0_TTToSemiLeptonic    4.9158e+04    4.9155e+04 +/-  9.19e+01  <none>
  prop_binmtt_bin1_ALP_ttbar_interference    3.3201e+04    3.3201e+04 +/-  1.81e+02  <none>
  prop_binmtt_bin1_ALP_ttbar_signal    3.3201e+04    3.3201e+04 +/-  1.81e+02  <none>
  prop_binmtt_bin1_TTToSemiLeptonic    3.8322e+04    3.8310e+04 +/-  6.86e+01  <none>
  prop_binmtt_bin2_ALP_ttbar_interference    1.3130e+04    1.3130e+04 +/-  1.14e+02  <none>
  prop_binmtt_bin2_ALP_ttbar_signal    1.3130e+04    1.3130e+04 +/-  1.14e+02  <none>
  prop_binmtt_bin2_TTToSemiLeptonic    1.4829e+04    1.4835e+04 +/-  2.55e+01  <none>
  prop_binmtt_bin3_ALP_ttbar_interference    4.7790e+03    4.7790e+03 +/-  6.87e+01  <none>
  prop_binmtt_bin3_ALP_ttbar_signal    4.7790e+03    4.7790e+03 +/-  6.87e+01  <none>
  prop_binmtt_bin3_TTToSemiLeptonic    5.3841e+03    5.3873e+03 +/-  9.75e+00  <none>
  prop_binmtt_bin4_ALP_ttbar_interference    1.7450e+03    1.7450e+03 +/-  4.15e+01  <none>
  prop_binmtt_bin4_ALP_ttbar_signal    1.7450e+03    1.7450e+03 +/-  4.15e+01  <none>
  prop_binmtt_bin4_TTToSemiLeptonic    1.9852e+03    1.9869e+03 +/-  3.80e+00  <none>
  prop_binmtt_bin5_ALP_ttbar_interference    8.5501e+02    8.5502e+02 +/-  2.91e+01  <none>
  prop_binmtt_bin5_ALP_ttbar_signal    8.5501e+02    8.5500e+02 +/-  2.91e+01  <none>
  prop_binmtt_bin5_TTToSemiLeptonic    9.6549e+02    9.6639e+02 +/-  2.04e+00  <none>
  prop_binmtt_bin6_ALP_ttbar_interference    7.7001e+02    7.6999e+02 +/-  2.76e+01  <none>
  prop_binmtt_bin6_ALP_ttbar_signal    7.7001e+02    7.7000e+02 +/-  2.76e+01  <none>
  prop_binmtt_bin6_TTToSemiLeptonic    8.7306e+02    8.7416e+02 +/-  1.91e+00  <none>
  prop_binmtt_bin7_ALP_ttbar_interference    5.6901e+02    5.6900e+02 +/-  2.37e+01  <none>
  prop_binmtt_bin7_ALP_ttbar_signal    5.6901e+02    5.6901e+02 +/-  2.37e+01  <none>
  prop_binmtt_bin7_TTToSemiLeptonic    6.2589e+02    6.2664e+02 +/-  1.60e+00  <none>
  prop_binmtt_bin8_ALP_ttbar_interference    7.4101e+02    7.4098e+02 +/-  2.71e+01  <none>
  prop_binmtt_bin8_ALP_ttbar_signal    7.4101e+02    7.4101e+02 +/-  2.71e+01  <none>
  prop_binmtt_bin8_TTToSemiLeptonic    8.5541e+02    8.5680e+02 +/-  2.23e+00  <none>
                     r    2.0000e-01    6.9701e-02 +/-  5.75e-02  <none>

At r = 1.335938:	delta(nll) = 1.92947
Median for expected limits: 1.33203
Sigma  for expected limits: 0.67962
At r = 2.573798:	delta(nll) = 6.47679
SimNLL created with 1 channels, 27 generic constraints, 3 fast gaussian constraints, 0 fast poisson constraints, 0 fast group constraints, 
SimNLL created with 1 channels, 27 generic constraints, 3 fast gaussian constraints, 0 fast poisson constraints, 0 fast group constraints, 
Restricting r to positive values.
  1) RooRealVar::                                        ONE = 1
  2) RooRealVar::                                   datasyst = 0 +/- 1
  3) RooRealVar::                                datasyst_In = 0
  4) RooRealVar::                        lumi_13TeV_fullRun2 = 0 +/- 1
  5) RooRealVar::                     lumi_13TeV_fullRun2_In = 0
  6) RooRealVar::                                    mcscale = 0 +/- 1
  7) RooRealVar::                                 mcscale_In = 0
  8) RooRealVar::    prop_binmtt_bin0_ALP_ttbar_interference = 46048
  9) RooRealVar:: prop_binmtt_bin0_ALP_ttbar_interference_In = 46048
 10) RooRealVar::          prop_binmtt_bin0_ALP_ttbar_signal = 46048
 11) RooRealVar::       prop_binmtt_bin0_ALP_ttbar_signal_In = 46048
 12) RooRealVar::          prop_binmtt_bin0_TTToSemiLeptonic = 48452
 13) RooRealVar::       prop_binmtt_bin0_TTToSemiLeptonic_In = 48452
 14) RooRealVar::    prop_binmtt_bin1_ALP_ttbar_interference = 33201
 15) RooRealVar:: prop_binmtt_bin1_ALP_ttbar_interference_In = 33201
 16) RooRealVar::          prop_binmtt_bin1_ALP_ttbar_signal = 33201
 17) RooRealVar::       prop_binmtt_bin1_ALP_ttbar_signal_In = 33201
 18) RooRealVar::          prop_binmtt_bin1_TTToSemiLeptonic = 38726
 19) RooRealVar::       prop_binmtt_bin1_TTToSemiLeptonic_In = 38726
 20) RooRealVar::    prop_binmtt_bin2_ALP_ttbar_interference = 13130
 21) RooRealVar:: prop_binmtt_bin2_ALP_ttbar_interference_In = 13130
 22) RooRealVar::          prop_binmtt_bin2_ALP_ttbar_signal = 13130
 23) RooRealVar::       prop_binmtt_bin2_ALP_ttbar_signal_In = 13130
 24) RooRealVar::          prop_binmtt_bin2_TTToSemiLeptonic = 15124
 25) RooRealVar::       prop_binmtt_bin2_TTToSemiLeptonic_In = 15124
 26) RooRealVar::    prop_binmtt_bin3_ALP_ttbar_interference = 4779
 27) RooRealVar:: prop_binmtt_bin3_ALP_ttbar_interference_In = 4779
 28) RooRealVar::          prop_binmtt_bin3_ALP_ttbar_signal = 4779
 29) RooRealVar::       prop_binmtt_bin3_ALP_ttbar_signal_In = 4779
 30) RooRealVar::          prop_binmtt_bin3_TTToSemiLeptonic = 5411
 31) RooRealVar::       prop_binmtt_bin3_TTToSemiLeptonic_In = 5411
 32) RooRealVar::    prop_binmtt_bin4_ALP_ttbar_interference = 1745
 33) RooRealVar:: prop_binmtt_bin4_ALP_ttbar_interference_In = 1745
 34) RooRealVar::          prop_binmtt_bin4_ALP_ttbar_signal = 1745
 35) RooRealVar::       prop_binmtt_bin4_ALP_ttbar_signal_In = 1745
 36) RooRealVar::          prop_binmtt_bin4_TTToSemiLeptonic = 2019
 37) RooRealVar::       prop_binmtt_bin4_TTToSemiLeptonic_In = 2019
 38) RooRealVar::    prop_binmtt_bin5_ALP_ttbar_interference = 855
 39) RooRealVar:: prop_binmtt_bin5_ALP_ttbar_interference_In = 855
 40) RooRealVar::          prop_binmtt_bin5_ALP_ttbar_signal = 855
 41) RooRealVar::       prop_binmtt_bin5_ALP_ttbar_signal_In = 855
 42) RooRealVar::          prop_binmtt_bin5_TTToSemiLeptonic = 953
 43) RooRealVar::       prop_binmtt_bin5_TTToSemiLeptonic_In = 953
 44) RooRealVar::    prop_binmtt_bin6_ALP_ttbar_interference = 770
 45) RooRealVar:: prop_binmtt_bin6_ALP_ttbar_interference_In = 770
 46) RooRealVar::          prop_binmtt_bin6_ALP_ttbar_signal = 770
 47) RooRealVar::       prop_binmtt_bin6_ALP_ttbar_signal_In = 770
 48) RooRealVar::          prop_binmtt_bin6_TTToSemiLeptonic = 883
 49) RooRealVar::       prop_binmtt_bin6_TTToSemiLeptonic_In = 883
 50) RooRealVar::    prop_binmtt_bin7_ALP_ttbar_interference = 569
 51) RooRealVar:: prop_binmtt_bin7_ALP_ttbar_interference_In = 569
 52) RooRealVar::          prop_binmtt_bin7_ALP_ttbar_signal = 569
 53) RooRealVar::       prop_binmtt_bin7_ALP_ttbar_signal_In = 569
 54) RooRealVar::          prop_binmtt_bin7_TTToSemiLeptonic = 587
 55) RooRealVar::       prop_binmtt_bin7_TTToSemiLeptonic_In = 587
 56) RooRealVar::    prop_binmtt_bin8_ALP_ttbar_interference = 741
 57) RooRealVar:: prop_binmtt_bin8_ALP_ttbar_interference_In = 741
 58) RooRealVar::          prop_binmtt_bin8_ALP_ttbar_signal = 741
 59) RooRealVar::       prop_binmtt_bin8_ALP_ttbar_signal_In = 741
 60) RooRealVar::          prop_binmtt_bin8_TTToSemiLeptonic = 882
 61) RooRealVar::       prop_binmtt_bin8_TTToSemiLeptonic_In = 882
 62) RooRealVar::                                          r = 2

Make global fit of real data
NLL at global minimum of data: -408504 (r = 1.84713)
   0) ONE                            =         1
   1) datasyst                       =  -2.69546
   2) datasyst_In                    =         0
   3) lumi_13TeV_fullRun2            = 0.0221505
   4) lumi_13TeV_fullRun2_In         =         0
   5) mcscale                        = -0.379595
   6) mcscale_In                     =         0
   7) prop_binmtt_bin0_ALP_ttbar_interference =   46094.5
   8) prop_binmtt_bin0_ALP_ttbar_interference_In =     46048
   9) prop_binmtt_bin0_ALP_ttbar_signal =     46062
  10) prop_binmtt_bin0_ALP_ttbar_signal_In =     46048
  11) prop_binmtt_bin0_TTToSemiLeptonic =   48951.5
  12) prop_binmtt_bin0_TTToSemiLeptonic_In =     48452
  13) prop_binmtt_bin1_ALP_ttbar_interference =   33157.1
  14) prop_binmtt_bin1_ALP_ttbar_interference_In =     33201
  15) prop_binmtt_bin1_ALP_ttbar_signal =   33184.8
  16) prop_binmtt_bin1_ALP_ttbar_signal_In =     33201
  17) prop_binmtt_bin1_TTToSemiLeptonic =     38178
  18) prop_binmtt_bin1_TTToSemiLeptonic_In =     38726
  19) prop_binmtt_bin2_ALP_ttbar_interference =   13120.4
  20) prop_binmtt_bin2_ALP_ttbar_interference_In =     13130
  21) prop_binmtt_bin2_ALP_ttbar_signal =   13125.4
  22) prop_binmtt_bin2_ALP_ttbar_signal_In =     13130
  23) prop_binmtt_bin2_TTToSemiLeptonic =   14985.1
  24) prop_binmtt_bin2_TTToSemiLeptonic_In =     15124
  25) prop_binmtt_bin3_ALP_ttbar_interference =   4782.89
  26) prop_binmtt_bin3_ALP_ttbar_interference_In =      4779
  27) prop_binmtt_bin3_ALP_ttbar_signal =   4781.35
  28) prop_binmtt_bin3_ALP_ttbar_signal_In =      4779
  29) prop_binmtt_bin3_TTToSemiLeptonic =   5475.56
  30) prop_binmtt_bin3_TTToSemiLeptonic_In =      5411
  31) prop_binmtt_bin4_ALP_ttbar_interference =   1745.43
  32) prop_binmtt_bin4_ALP_ttbar_interference_In =      1745
  33) prop_binmtt_bin4_ALP_ttbar_signal =   1745.26
  34) prop_binmtt_bin4_ALP_ttbar_signal_In =      1745
  35) prop_binmtt_bin4_TTToSemiLeptonic =   2026.27
  36) prop_binmtt_bin4_TTToSemiLeptonic_In =      2019
  37) prop_binmtt_bin5_ALP_ttbar_interference =   857.147
  38) prop_binmtt_bin5_ALP_ttbar_interference_In =       855
  39) prop_binmtt_bin5_ALP_ttbar_signal =   856.223
  40) prop_binmtt_bin5_ALP_ttbar_signal_In =       855
  41) prop_binmtt_bin5_TTToSemiLeptonic =   988.228
  42) prop_binmtt_bin5_TTToSemiLeptonic_In =       953
  43) prop_binmtt_bin6_ALP_ttbar_interference =    770.44
  44) prop_binmtt_bin6_ALP_ttbar_interference_In =       770
  45) prop_binmtt_bin6_ALP_ttbar_signal =   770.718
  46) prop_binmtt_bin6_ALP_ttbar_signal_In =       770
  47) prop_binmtt_bin6_TTToSemiLeptonic =   894.599
  48) prop_binmtt_bin6_TTToSemiLeptonic_In =       883
  49) prop_binmtt_bin7_ALP_ttbar_interference =    571.58
  50) prop_binmtt_bin7_ALP_ttbar_interference_In =       569
  51) prop_binmtt_bin7_ALP_ttbar_signal =   572.058
  52) prop_binmtt_bin7_ALP_ttbar_signal_In =       569
  53) prop_binmtt_bin7_TTToSemiLeptonic =   642.978
  54) prop_binmtt_bin7_TTToSemiLeptonic_In =       587
  55) prop_binmtt_bin8_ALP_ttbar_interference =   740.679
  56) prop_binmtt_bin8_ALP_ttbar_interference_In =       741
  57) prop_binmtt_bin8_ALP_ttbar_signal =   740.599
  58) prop_binmtt_bin8_ALP_ttbar_signal_In =       741
  59) prop_binmtt_bin8_TTToSemiLeptonic =   874.315
  60) prop_binmtt_bin8_TTToSemiLeptonic_In =       882
  61) r                              =   1.84713


Make global fit of asimov data
NLL at global minimum of asimov: -408469 (r = 0.0122174)
   0) ONE                            =         1
   1) datasyst                       =  -3.25921
   2) datasyst_In                    =  -3.20718
   3) lumi_13TeV_fullRun2            =  -1.74787
   4) lumi_13TeV_fullRun2_In         = -0.609278
   5) mcscale                        =  -1.24178
   6) mcscale_In                     =  0.764233
   7) prop_binmtt_bin0_ALP_ttbar_interference =   45947.3
   8) prop_binmtt_bin0_ALP_ttbar_interference_In =     46048
   9) prop_binmtt_bin0_ALP_ttbar_signal =     45990
  10) prop_binmtt_bin0_ALP_ttbar_signal_In =     46048
  11) prop_binmtt_bin0_TTToSemiLeptonic =   48663.8
  12) prop_binmtt_bin0_TTToSemiLeptonic_In =   49158.3
  13) prop_binmtt_bin1_ALP_ttbar_interference =   33189.1
  14) prop_binmtt_bin1_ALP_ttbar_interference_In =     33201
  15) prop_binmtt_bin1_ALP_ttbar_signal =     33193
  16) prop_binmtt_bin1_ALP_ttbar_signal_In =     33201
  17) prop_binmtt_bin1_TTToSemiLeptonic =   38254.5
  18) prop_binmtt_bin1_TTToSemiLeptonic_In =   38321.6
  19) prop_binmtt_bin2_ALP_ttbar_interference =   13172.1
  20) prop_binmtt_bin2_ALP_ttbar_interference_In =     13130
  21) prop_binmtt_bin2_ALP_ttbar_signal =   13168.4
  22) prop_binmtt_bin2_ALP_ttbar_signal_In =     13130
  23) prop_binmtt_bin2_TTToSemiLeptonic =   15116.3
  24) prop_binmtt_bin2_TTToSemiLeptonic_In =   14829.5
  25) prop_binmtt_bin3_ALP_ttbar_interference =   4799.12
  26) prop_binmtt_bin3_ALP_ttbar_interference_In =   4779.01
  27) prop_binmtt_bin3_ALP_ttbar_signal =   4801.75
  28) prop_binmtt_bin3_ALP_ttbar_signal_In =   4779.01
  29) prop_binmtt_bin3_TTToSemiLeptonic =   5535.62
  30) prop_binmtt_bin3_TTToSemiLeptonic_In =   5384.11
  31) prop_binmtt_bin4_ALP_ttbar_interference =   1751.33
  32) prop_binmtt_bin4_ALP_ttbar_interference_In =   1745.01
  33) prop_binmtt_bin4_ALP_ttbar_signal =    1753.8
  34) prop_binmtt_bin4_ALP_ttbar_signal_In =   1745.01
  35) prop_binmtt_bin4_TTToSemiLeptonic =   2035.66
  36) prop_binmtt_bin4_TTToSemiLeptonic_In =   1985.15
  37) prop_binmtt_bin5_ALP_ttbar_interference =    858.19
  38) prop_binmtt_bin5_ALP_ttbar_interference_In =   855.005
  39) prop_binmtt_bin5_ALP_ttbar_signal =   860.159
  40) prop_binmtt_bin5_ALP_ttbar_signal_In =   855.005
  41) prop_binmtt_bin5_TTToSemiLeptonic =   992.118
  42) prop_binmtt_bin5_TTToSemiLeptonic_In =   965.487
  43) prop_binmtt_bin6_ALP_ttbar_interference =   771.285
  44) prop_binmtt_bin6_ALP_ttbar_interference_In =   770.005
  45) prop_binmtt_bin6_ALP_ttbar_signal =   772.296
  46) prop_binmtt_bin6_ALP_ttbar_signal_In =   770.005
  47) prop_binmtt_bin6_TTToSemiLeptonic =   884.011
  48) prop_binmtt_bin6_TTToSemiLeptonic_In =   873.058
  49) prop_binmtt_bin7_ALP_ttbar_interference =   570.366
  50) prop_binmtt_bin7_ALP_ttbar_interference_In =   569.005
  51) prop_binmtt_bin7_ALP_ttbar_signal =   572.051
  52) prop_binmtt_bin7_ALP_ttbar_signal_In =   569.005
  53) prop_binmtt_bin7_TTToSemiLeptonic =   638.428
  54) prop_binmtt_bin7_TTToSemiLeptonic_In =   625.889
  55) prop_binmtt_bin8_ALP_ttbar_interference =   738.685
  56) prop_binmtt_bin8_ALP_ttbar_interference_In =   741.005
  57) prop_binmtt_bin8_ALP_ttbar_signal =   734.535
  58) prop_binmtt_bin8_ALP_ttbar_signal_In =   741.005
  59) prop_binmtt_bin8_TTToSemiLeptonic =    834.34
  60) prop_binmtt_bin8_TTToSemiLeptonic_In =   855.407
  61) r                              =   3.52917

At r = 3.529166:	q_mu = 2.67487	q_A  = 23.94345	CLsb = 0.05097	CLb  = 0.99944	CLs  = 0.05100

 -- AsymptoticLimits ( CLs ) --
Observed Limit: r < 3.5292
Expected  2.5%: r < 0.6660
Expected 16.0%: r < 0.9158
Expected 50.0%: r < 1.3320
Expected 84.0%: r < 1.9267
Expected 97.5%: r < 2.5821

Done in 0.03 min (cpu), 0.03 min (real)
Printing Message Summary From ... combine_logger.out
----------------------------------------------
Messages of type INFO : 148
Messages of type DEBUG : 42
Messages of type ERROR : 0
----------------------------------------------
INFO: (function: improveOnce) CascadeMinimizer.cc: 188 -- Minimisation configured with Type=Minuit2, Algo=Migrad, strategy=1, tolerance=0.1
INFO: (function: improveOnce) CascadeMinimizer.cc: 211 -- Minimisation finished with status=0
INFO: (function: improveOnce) CascadeMinimizer.cc: 216 -- Minimization success! status=0
INFO: (function: generateAsimov) ToyMCSamplerOpt.cc: 139 -- Using internal logic for binned/unbinned Asimov dataset generation
INFO: (function: generateWithHisto) ToyMCSamplerOpt.cc: 214 -- Generating asimov with histogram for pdf pdf_binmtt_obsOnly: in 15 x-bins
INFO: (function: improveOnce) CascadeMinimizer.cc: 188 -- Minimisation configured with Type=Minuit2, Algo=Migrad, strategy=1, tolerance=0.1
INFO: (function: improveOnce) CascadeMinimizer.cc: 211 -- Minimisation finished with status=1
DEBUG: (function: improveOnce) CascadeMinimizer.cc: 212 -- finished with status 1 (covariance forced positive definite), this could indicate a problem with the minimim.
INFO: (function: improveOnce) CascadeMinimizer.cc: 216 -- Minimization success! status=0
DEBUG: (function: runLimitExpected) AsymptoticLimits.cc: 423 -- Best fit of asimov dataset is at r = 0.069701 (0.003485 times rMax), while it should be at zero
INFO: (function: improveOnce) CascadeMinimizer.cc: 188 -- Minimisation configured with Type=Minuit2, Algo=Migrad, strategy=1, tolerance=0.1
INFO: (function: improveOnce) CascadeMinimizer.cc: 211 -- Minimisation finished with status=1
DEBUG: (function: improveOnce) CascadeMinimizer.cc: 212 -- finished with status 1 (covariance forced positive definite), this could indicate a problem with the minimim.
INFO: (function: improveOnce) CascadeMinimizer.cc: 216 -- Minimization success! status=0
INFO: (function: improveOnce) CascadeMinimizer.cc: 188 -- Minimisation configured with Type=Minuit2, Algo=Migrad, strategy=1, tolerance=0.1
INFO: (function: improveOnce) CascadeMinimizer.cc: 211 -- Minimisation finished with status=1
DEBUG: (function: improveOnce) CascadeMinimizer.cc: 212 -- finished with status 1 (covariance forced positive definite), this could indicate a problem with the minimim.
INFO: (function: improveOnce) CascadeMinimizer.cc: 216 -- Minimization success! status=0
INFO: (function: improveOnce) CascadeMinimizer.cc: 188 -- Minimisation configured with Type=Minuit2, Algo=Migrad, strategy=1, tolerance=0.1
INFO: (function: improveOnce) CascadeMinimizer.cc: 211 -- Minimisation finished with status=1
DEBUG: (function: improveOnce) CascadeMinimizer.cc: 212 -- finished with status 1 (covariance forced positive definite), this could indicate a problem with the minimim.
INFO: (function: improveOnce) CascadeMinimizer.cc: 216 -- Minimization success! status=0
INFO: (function: improveOnce) CascadeMinimizer.cc: 188 -- Minimisation configured with Type=Minuit2, Algo=Migrad, strategy=1, tolerance=0.1
INFO: (function: improveOnce) CascadeMinimizer.cc: 211 -- Minimisation finished with status=0
INFO: (function: improveOnce) CascadeMinimizer.cc: 216 -- Minimization success! status=0
INFO: (function: improveOnce) CascadeMinimizer.cc: 188 -- Minimisation configured with Type=Minuit2, Algo=Migrad, strategy=1, tolerance=0.1
INFO: (function: improveOnce) CascadeMinimizer.cc: 211 -- Minimisation finished with status=1
DEBUG: (function: improveOnce) CascadeMinimizer.cc: 212 -- finished with status 1 (covariance forced positive definite), this could indicate a problem with the minimim.
INFO: (function: improveOnce) CascadeMinimizer.cc: 216 -- Minimization success! status=0
INFO: (function: improveOnce) CascadeMinimizer.cc: 188 -- Minimisation configured with Type=Minuit2, Algo=Migrad, strategy=1, tolerance=0.1
INFO: (function: improveOnce) CascadeMinimizer.cc: 211 -- Minimisation finished with status=1
DEBUG: (function: improveOnce) CascadeMinimizer.cc: 212 -- finished with status 1 (covariance forced positive definite), this could indicate a problem with the minimim.
INFO: (function: improveOnce) CascadeMinimizer.cc: 216 -- Minimization success! status=0
INFO: (function: improveOnce) CascadeMinimizer.cc: 188 -- Minimisation configured with Type=Minuit2, Algo=Migrad, strategy=1, tolerance=0.1
INFO: (function: improveOnce) CascadeMinimizer.cc: 211 -- Minimisation finished with status=1
DEBUG: (function: improveOnce) CascadeMinimizer.cc: 212 -- finished with status 1 (covariance forced positive definite), this could indicate a problem with the minimim.
INFO: (function: improveOnce) CascadeMinimizer.cc: 216 -- Minimization success! status=0
INFO: (function: improveOnce) CascadeMinimizer.cc: 188 -- Minimisation configured with Type=Minuit2, Algo=Migrad, strategy=1, tolerance=0.1
INFO: (function: improveOnce) CascadeMinimizer.cc: 211 -- Minimisation finished with status=1
DEBUG: (function: improveOnce) CascadeMinimizer.cc: 212 -- finished with status 1 (covariance forced positive definite), this could indicate a problem with the minimim.
INFO: (function: improveOnce) CascadeMinimizer.cc: 216 -- Minimization success! status=0
INFO: (function: runLimitExpected) AsymptoticLimits.cc: 436 -- Median for expected limits = 1.33203 (Sigma for expected limits = 0.67962)
INFO: (function: improveOnce) CascadeMinimizer.cc: 188 -- Minimisation configured with Type=Minuit2, Algo=Migrad, strategy=1, tolerance=0.1
INFO: (function: improveOnce) CascadeMinimizer.cc: 211 -- Minimisation finished with status=1
DEBUG: (function: improveOnce) CascadeMinimizer.cc: 212 -- finished with status 1 (covariance forced positive definite), this could indicate a problem with the minimim.
INFO: (function: improveOnce) CascadeMinimizer.cc: 216 -- Minimization success! status=0
INFO: (function: improveOnce) CascadeMinimizer.cc: 188 -- Minimisation configured with Type=Minuit2, Algo=Migrad, strategy=1, tolerance=0.1
INFO: (function: improveOnce) CascadeMinimizer.cc: 211 -- Minimisation finished with status=1
DEBUG: (function: improveOnce) CascadeMinimizer.cc: 212 -- finished with status 1 (covariance forced positive definite), this could indicate a problem with the minimim.
INFO: (function: improveOnce) CascadeMinimizer.cc: 216 -- Minimization success! status=0
INFO: (function: improveOnce) CascadeMinimizer.cc: 188 -- Minimisation configured with Type=Minuit2, Algo=Migrad, strategy=1, tolerance=0.1
INFO: (function: improveOnce) CascadeMinimizer.cc: 211 -- Minimisation finished with status=0
INFO: (function: improveOnce) CascadeMinimizer.cc: 216 -- Minimization success! status=0
INFO: (function: improveOnce) CascadeMinimizer.cc: 188 -- Minimisation configured with Type=Minuit2, Algo=Migrad, strategy=1, tolerance=0.1
INFO: (function: improveOnce) CascadeMinimizer.cc: 211 -- Minimisation finished with status=0
INFO: (function: improveOnce) CascadeMinimizer.cc: 216 -- Minimization success! status=0
INFO: (function: improveOnce) CascadeMinimizer.cc: 188 -- Minimisation configured with Type=Minuit2, Algo=Migrad, strategy=1, tolerance=0.1
INFO: (function: improveOnce) CascadeMinimizer.cc: 211 -- Minimisation finished with status=-1
DEBUG: (function: improveOnce) CascadeMinimizer.cc: 217 -- Minimization ended with latest status != 0 or 1
INFO: (function: improveOnce) CascadeMinimizer.cc: 188 -- Minimisation configured with Type=Minuit2, Algo=Migrad, strategy=1, tolerance=0.1
INFO: (function: improveOnce) CascadeMinimizer.cc: 211 -- Minimisation finished with status=1
DEBUG: (function: improveOnce) CascadeMinimizer.cc: 212 -- finished with status 1 (covariance forced positive definite), this could indicate a problem with the minimim.
INFO: (function: improveOnce) CascadeMinimizer.cc: 216 -- Minimization success! status=0
INFO: (function: improveOnce) CascadeMinimizer.cc: 188 -- Minimisation configured with Type=Minuit2, Algo=Migrad, strategy=1, tolerance=0.1
INFO: (function: improveOnce) CascadeMinimizer.cc: 211 -- Minimisation finished with status=1
DEBUG: (function: improveOnce) CascadeMinimizer.cc: 212 -- finished with status 1 (covariance forced positive definite), this could indicate a problem with the minimim.
INFO: (function: improveOnce) CascadeMinimizer.cc: 216 -- Minimization success! status=0
INFO: (function: improveOnce) CascadeMinimizer.cc: 188 -- Minimisation configured with Type=Minuit2, Algo=Migrad, strategy=1, tolerance=0.1
INFO: (function: improveOnce) CascadeMinimizer.cc: 211 -- Minimisation finished with status=1
DEBUG: (function: improveOnce) CascadeMinimizer.cc: 212 -- finished with status 1 (covariance forced positive definite), this could indicate a problem with the minimim.
INFO: (function: improveOnce) CascadeMinimizer.cc: 216 -- Minimization success! status=0
INFO: (function: improveOnce) CascadeMinimizer.cc: 188 -- Minimisation configured with Type=Minuit2, Algo=Migrad, strategy=1, tolerance=0.1
INFO: (function: improveOnce) CascadeMinimizer.cc: 211 -- Minimisation finished with status=1
DEBUG: (function: improveOnce) CascadeMinimizer.cc: 212 -- finished with status 1 (covariance forced positive definite), this could indicate a problem with the minimim.
INFO: (function: improveOnce) CascadeMinimizer.cc: 216 -- Minimization success! status=0
INFO: (function: improveOnce) CascadeMinimizer.cc: 188 -- Minimisation configured with Type=Minuit2, Algo=Migrad, strategy=1, tolerance=0.1
INFO: (function: improveOnce) CascadeMinimizer.cc: 211 -- Minimisation finished with status=1
DEBUG: (function: improveOnce) CascadeMinimizer.cc: 212 -- finished with status 1 (covariance forced positive definite), this could indicate a problem with the minimim.
INFO: (function: improveOnce) CascadeMinimizer.cc: 216 -- Minimization success! status=0
INFO: (function: improveOnce) CascadeMinimizer.cc: 188 -- Minimisation configured with Type=Minuit2, Algo=Migrad, strategy=1, tolerance=0.1
INFO: (function: improveOnce) CascadeMinimizer.cc: 211 -- Minimisation finished with status=1
DEBUG: (function: improveOnce) CascadeMinimizer.cc: 212 -- finished with status 1 (covariance forced positive definite), this could indicate a problem with the minimim.
INFO: (function: improveOnce) CascadeMinimizer.cc: 216 -- Minimization success! status=0
INFO: (function: improveOnce) CascadeMinimizer.cc: 188 -- Minimisation configured with Type=Minuit2, Algo=Migrad, strategy=1, tolerance=0.1
INFO: (function: improveOnce) CascadeMinimizer.cc: 211 -- Minimisation finished with status=1
DEBUG: (function: improveOnce) CascadeMinimizer.cc: 212 -- finished with status 1 (covariance forced positive definite), this could indicate a problem with the minimim.
INFO: (function: improveOnce) CascadeMinimizer.cc: 216 -- Minimization success! status=0
INFO: (function: improveOnce) CascadeMinimizer.cc: 188 -- Minimisation configured with Type=Minuit2, Algo=Migrad, strategy=1, tolerance=0.1
INFO: (function: improveOnce) CascadeMinimizer.cc: 211 -- Minimisation finished with status=0
INFO: (function: improveOnce) CascadeMinimizer.cc: 216 -- Minimization success! status=0
INFO: (function: improveOnce) CascadeMinimizer.cc: 188 -- Minimisation configured with Type=Minuit2, Algo=Migrad, strategy=1, tolerance=0.1
INFO: (function: improveOnce) CascadeMinimizer.cc: 211 -- Minimisation finished with status=0
INFO: (function: improveOnce) CascadeMinimizer.cc: 216 -- Minimization success! status=0
INFO: (function: improveOnce) CascadeMinimizer.cc: 188 -- Minimisation configured with Type=Minuit2, Algo=Migrad, strategy=1, tolerance=0.1
INFO: (function: improveOnce) CascadeMinimizer.cc: 211 -- Minimisation finished with status=1
DEBUG: (function: improveOnce) CascadeMinimizer.cc: 212 -- finished with status 1 (covariance forced positive definite), this could indicate a problem with the minimim.
INFO: (function: improveOnce) CascadeMinimizer.cc: 216 -- Minimization success! status=0
INFO: (function: improveOnce) CascadeMinimizer.cc: 188 -- Minimisation configured with Type=Minuit2, Algo=Migrad, strategy=1, tolerance=0.1
INFO: (function: improveOnce) CascadeMinimizer.cc: 211 -- Minimisation finished with status=-1
DEBUG: (function: improveOnce) CascadeMinimizer.cc: 217 -- Minimization ended with latest status != 0 or 1
INFO: (function: runLimit) AsymptoticLimits.cc: 193 -- NLL at global minimum of data = -408504 (r=1.84713)
INFO: (function: improveOnce) CascadeMinimizer.cc: 188 -- Minimisation configured with Type=Minuit2, Algo=Migrad, strategy=1, tolerance=0.1
INFO: (function: improveOnce) CascadeMinimizer.cc: 211 -- Minimisation finished with status=-1
DEBUG: (function: improveOnce) CascadeMinimizer.cc: 217 -- Minimization ended with latest status != 0 or 1
INFO: (function: runLimit) AsymptoticLimits.cc: 213 -- NLL at global minimum of asimov = -408469 (r=0.0122174)
INFO: (function: improveOnce) CascadeMinimizer.cc: 188 -- Minimisation configured with Type=Minuit2, Algo=Migrad, strategy=1, tolerance=0.1
INFO: (function: improveOnce) CascadeMinimizer.cc: 211 -- Minimisation finished with status=-1
DEBUG: (function: improveOnce) CascadeMinimizer.cc: 217 -- Minimization ended with latest status != 0 or 1
INFO: (function: improveOnce) CascadeMinimizer.cc: 188 -- Minimisation configured with Type=Minuit2, Algo=Migrad, strategy=1, tolerance=0.1
INFO: (function: improveOnce) CascadeMinimizer.cc: 211 -- Minimisation finished with status=1
DEBUG: (function: improveOnce) CascadeMinimizer.cc: 212 -- finished with status 1 (covariance forced positive definite), this could indicate a problem with the minimim.
INFO: (function: improveOnce) CascadeMinimizer.cc: 216 -- Minimization success! status=0
INFO: (function: getCLs) AsymptoticLimits.cc: 343 -- At r = 3.047126:	q_mu = 0.73105	q_A  = 18.14386	CLsb = 0.19627	CLb  = 0.99967	CLs  = 0.19634
INFO: (function: improveOnce) CascadeMinimizer.cc: 188 -- Minimisation configured with Type=Minuit2, Algo=Migrad, strategy=1, tolerance=0.1
INFO: (function: improveOnce) CascadeMinimizer.cc: 211 -- Minimisation finished with status=-1
DEBUG: (function: improveOnce) CascadeMinimizer.cc: 217 -- Minimization ended with latest status != 0 or 1
INFO: (function: improveOnce) CascadeMinimizer.cc: 188 -- Minimisation configured with Type=Minuit2, Algo=Migrad, strategy=1, tolerance=0.1
INFO: (function: improveOnce) CascadeMinimizer.cc: 211 -- Minimisation finished with status=-1
DEBUG: (function: improveOnce) CascadeMinimizer.cc: 217 -- Minimization ended with latest status != 0 or 1
INFO: (function: getCLs) AsymptoticLimits.cc: 343 -- At r = 6.094251:	q_mu = 280.38607	q_A  = 122.11339	CLsb = 0.00000	CLb  = 0.00000	CLs  = 0.00000
INFO: (function: improveOnce) CascadeMinimizer.cc: 188 -- Minimisation configured with Type=Minuit2, Algo=Migrad, strategy=1, tolerance=0.1
INFO: (function: improveOnce) CascadeMinimizer.cc: 211 -- Minimisation finished with status=1
DEBUG: (function: improveOnce) CascadeMinimizer.cc: 212 -- finished with status 1 (covariance forced positive definite), this could indicate a problem with the minimim.
INFO: (function: improveOnce) CascadeMinimizer.cc: 216 -- Minimization success! status=0
INFO: (function: improveOnce) CascadeMinimizer.cc: 188 -- Minimisation configured with Type=Minuit2, Algo=Migrad, strategy=1, tolerance=0.1
INFO: (function: improveOnce) CascadeMinimizer.cc: 211 -- Minimisation finished with status=-1
DEBUG: (function: improveOnce) CascadeMinimizer.cc: 217 -- Minimization ended with latest status != 0 or 1
INFO: (function: getCLs) AsymptoticLimits.cc: 343 -- At r = 3.970688:	q_mu = 6.56817	q_A  = 108.01887	CLsb = 0.00519	CLb  = 1.00000	CLs  = 0.00519
INFO: (function: improveOnce) CascadeMinimizer.cc: 188 -- Minimisation configured with Type=Minuit2, Algo=Migrad, strategy=1, tolerance=0.1
INFO: (function: improveOnce) CascadeMinimizer.cc: 211 -- Minimisation finished with status=1
DEBUG: (function: improveOnce) CascadeMinimizer.cc: 212 -- finished with status 1 (covariance forced positive definite), this could indicate a problem with the minimim.
INFO: (function: improveOnce) CascadeMinimizer.cc: 216 -- Minimization success! status=0
INFO: (function: improveOnce) CascadeMinimizer.cc: 188 -- Minimisation configured with Type=Minuit2, Algo=Migrad, strategy=1, tolerance=0.1
INFO: (function: improveOnce) CascadeMinimizer.cc: 211 -- Minimisation finished with status=1
DEBUG: (function: improveOnce) CascadeMinimizer.cc: 212 -- finished with status 1 (covariance forced positive definite), this could indicate a problem with the minimim.
INFO: (function: improveOnce) CascadeMinimizer.cc: 216 -- Minimization success! status=0
INFO: (function: getCLs) AsymptoticLimits.cc: 343 -- At r = 2.908907:	q_mu = 0.01195	q_A  = 16.54411	CLsb = 0.45648	CLb  = 0.99996	CLs  = 0.45650
INFO: (function: improveOnce) CascadeMinimizer.cc: 188 -- Minimisation configured with Type=Minuit2, Algo=Migrad, strategy=1, tolerance=0.1
INFO: (function: improveOnce) CascadeMinimizer.cc: 211 -- Minimisation finished with status=-1
DEBUG: (function: improveOnce) CascadeMinimizer.cc: 217 -- Minimization ended with latest status != 0 or 1
INFO: (function: improveOnce) CascadeMinimizer.cc: 188 -- Minimisation configured with Type=Minuit2, Algo=Migrad, strategy=1, tolerance=0.1
INFO: (function: improveOnce) CascadeMinimizer.cc: 211 -- Minimisation finished with status=1
DEBUG: (function: improveOnce) CascadeMinimizer.cc: 212 -- finished with status 1 (covariance forced positive definite), this could indicate a problem with the minimim.
INFO: (function: improveOnce) CascadeMinimizer.cc: 216 -- Minimization success! status=0
INFO: (function: getCLs) AsymptoticLimits.cc: 343 -- At r = 3.439798:	q_mu = 2.60829	q_A  = 22.77874	CLsb = 0.05315	CLb  = 0.99920	CLs  = 0.05320
INFO: (function: improveOnce) CascadeMinimizer.cc: 188 -- Minimisation configured with Type=Minuit2, Algo=Migrad, strategy=1, tolerance=0.1
INFO: (function: improveOnce) CascadeMinimizer.cc: 211 -- Minimisation finished with status=1
DEBUG: (function: improveOnce) CascadeMinimizer.cc: 212 -- finished with status 1 (covariance forced positive definite), this could indicate a problem with the minimim.
INFO: (function: improveOnce) CascadeMinimizer.cc: 216 -- Minimization success! status=0
INFO: (function: improveOnce) CascadeMinimizer.cc: 188 -- Minimisation configured with Type=Minuit2, Algo=Migrad, strategy=1, tolerance=0.1
INFO: (function: improveOnce) CascadeMinimizer.cc: 211 -- Minimisation finished with status=1
DEBUG: (function: improveOnce) CascadeMinimizer.cc: 212 -- finished with status 1 (covariance forced positive definite), this could indicate a problem with the minimim.
INFO: (function: improveOnce) CascadeMinimizer.cc: 216 -- Minimization success! status=0
INFO: (function: getCLs) AsymptoticLimits.cc: 343 -- At r = 3.705243:	q_mu = 3.92972	q_A  = 26.38612	CLsb = 0.02372	CLb  = 0.99920	CLs  = 0.02374
INFO: (function: improveOnce) CascadeMinimizer.cc: 188 -- Minimisation configured with Type=Minuit2, Algo=Migrad, strategy=1, tolerance=0.1
INFO: (function: improveOnce) CascadeMinimizer.cc: 211 -- Minimisation finished with status=1
DEBUG: (function: improveOnce) CascadeMinimizer.cc: 212 -- finished with status 1 (covariance forced positive definite), this could indicate a problem with the minimim.
INFO: (function: improveOnce) CascadeMinimizer.cc: 216 -- Minimization success! status=0
INFO: (function: improveOnce) CascadeMinimizer.cc: 188 -- Minimisation configured with Type=Minuit2, Algo=Migrad, strategy=1, tolerance=0.1
INFO: (function: improveOnce) CascadeMinimizer.cc: 211 -- Minimisation finished with status=1
DEBUG: (function: improveOnce) CascadeMinimizer.cc: 212 -- finished with status 1 (covariance forced positive definite), this could indicate a problem with the minimim.
INFO: (function: improveOnce) CascadeMinimizer.cc: 216 -- Minimization success! status=0
INFO: (function: getCLs) AsymptoticLimits.cc: 343 -- At r = 3.509191:	q_mu = 2.54837	q_A  = 23.67573	CLsb = 0.05520	CLb  = 0.99946	CLs  = 0.05523
INFO: (function: improveOnce) CascadeMinimizer.cc: 188 -- Minimisation configured with Type=Minuit2, Algo=Migrad, strategy=1, tolerance=0.1
INFO: (function: improveOnce) CascadeMinimizer.cc: 211 -- Minimisation finished with status=1
DEBUG: (function: improveOnce) CascadeMinimizer.cc: 212 -- finished with status 1 (covariance forced positive definite), this could indicate a problem with the minimim.
INFO: (function: improveOnce) CascadeMinimizer.cc: 216 -- Minimization success! status=0
INFO: (function: improveOnce) CascadeMinimizer.cc: 188 -- Minimisation configured with Type=Minuit2, Algo=Migrad, strategy=1, tolerance=0.1
INFO: (function: improveOnce) CascadeMinimizer.cc: 211 -- Minimisation finished with status=1
DEBUG: (function: improveOnce) CascadeMinimizer.cc: 212 -- finished with status 1 (covariance forced positive definite), this could indicate a problem with the minimim.
INFO: (function: improveOnce) CascadeMinimizer.cc: 216 -- Minimization success! status=0
INFO: (function: getCLs) AsymptoticLimits.cc: 343 -- At r = 3.566892:	q_mu = 2.92636	q_A  = 24.44993	CLsb = 0.04357	CLb  = 0.99939	CLs  = 0.04360
INFO: (function: improveOnce) CascadeMinimizer.cc: 188 -- Minimisation configured with Type=Minuit2, Algo=Migrad, strategy=1, tolerance=0.1
INFO: (function: improveOnce) CascadeMinimizer.cc: 211 -- Minimisation finished with status=1
DEBUG: (function: improveOnce) CascadeMinimizer.cc: 212 -- finished with status 1 (covariance forced positive definite), this could indicate a problem with the minimim.
INFO: (function: improveOnce) CascadeMinimizer.cc: 216 -- Minimization success! status=0
INFO: (function: improveOnce) CascadeMinimizer.cc: 188 -- Minimisation configured with Type=Minuit2, Algo=Migrad, strategy=1, tolerance=0.1
INFO: (function: improveOnce) CascadeMinimizer.cc: 211 -- Minimisation finished with status=1
DEBUG: (function: improveOnce) CascadeMinimizer.cc: 212 -- finished with status 1 (covariance forced positive definite), this could indicate a problem with the minimim.
INFO: (function: improveOnce) CascadeMinimizer.cc: 216 -- Minimization success! status=0
INFO: (function: getCLs) AsymptoticLimits.cc: 343 -- At r = 3.540158:	q_mu = 2.74465	q_A  = 24.08853	CLsb = 0.04879	CLb  = 0.99943	CLs  = 0.04882
INFO: (function: improveOnce) CascadeMinimizer.cc: 188 -- Minimisation configured with Type=Minuit2, Algo=Migrad, strategy=1, tolerance=0.1
INFO: (function: improveOnce) CascadeMinimizer.cc: 211 -- Minimisation finished with status=1
DEBUG: (function: improveOnce) CascadeMinimizer.cc: 212 -- finished with status 1 (covariance forced positive definite), this could indicate a problem with the minimim.
INFO: (function: improveOnce) CascadeMinimizer.cc: 216 -- Minimization success! status=0
INFO: (function: improveOnce) CascadeMinimizer.cc: 188 -- Minimisation configured with Type=Minuit2, Algo=Migrad, strategy=1, tolerance=0.1
INFO: (function: improveOnce) CascadeMinimizer.cc: 211 -- Minimisation finished with status=1
DEBUG: (function: improveOnce) CascadeMinimizer.cc: 212 -- finished with status 1 (covariance forced positive definite), this could indicate a problem with the minimim.
INFO: (function: improveOnce) CascadeMinimizer.cc: 216 -- Minimization success! status=0
INFO: (function: getCLs) AsymptoticLimits.cc: 343 -- At r = 3.529166:	q_mu = 2.67487	q_A  = 23.94345	CLsb = 0.05097	CLb  = 0.99944	CLs  = 0.05100
