
>>> random number generator seed is 123456
>>> method used is AsymptoticLimits
Nuisance parameters after fit for asimov dataset: 
  1) RooRealVar::                      lumi_13TeV_fullRun2 = -0.589339 +/- 0.143924
  2) RooRealVar::                                 datasyst = -3.4216 +/- 0.0559751
  3) RooRealVar::                                  mcscale = 0.840157 +/- 0.0192826
  4) RooRealVar::        prop_binmtt_bin0_ALP_ttbar_signal = 46048 +/- 213.419
  5) RooRealVar::        prop_binmtt_bin0_TTToSemiLeptonic = 49094.3 +/- 89.5495
  6) RooRealVar::  prop_binmtt_bin0_ALP_ttbar_interference = 46048 +/- 213.419
  7) RooRealVar::        prop_binmtt_bin1_ALP_ttbar_signal = 33201 +/- 181.219
  8) RooRealVar::        prop_binmtt_bin1_TTToSemiLeptonic = 38345.8 +/- 72.4092
  9) RooRealVar::  prop_binmtt_bin1_ALP_ttbar_interference = 33201 +/- 181.219
 10) RooRealVar::        prop_binmtt_bin2_ALP_ttbar_signal = 13130 +/- 113.962
 11) RooRealVar::        prop_binmtt_bin2_TTToSemiLeptonic = 14823.4 +/- 27.2394
 12) RooRealVar::  prop_binmtt_bin2_ALP_ttbar_interference = 13130 +/- 113.962
 13) RooRealVar::        prop_binmtt_bin3_ALP_ttbar_signal = 4779.01 +/- 68.754
 14) RooRealVar::        prop_binmtt_bin3_TTToSemiLeptonic = 5383.63 +/- 10.4059
 15) RooRealVar::  prop_binmtt_bin3_ALP_ttbar_interference = 4779.01 +/- 68.754
 16) RooRealVar::        prop_binmtt_bin4_ALP_ttbar_signal = 1745.01 +/- 41.5459
 17) RooRealVar::        prop_binmtt_bin4_TTToSemiLeptonic = 1984.65 +/- 4.01217
 18) RooRealVar::  prop_binmtt_bin4_ALP_ttbar_interference = 1745.01 +/- 41.5459
 19) RooRealVar::        prop_binmtt_bin5_ALP_ttbar_signal = 855.005 +/- 29.0813
 20) RooRealVar::        prop_binmtt_bin5_TTToSemiLeptonic = 965.851 +/- 2.12283
 21) RooRealVar::  prop_binmtt_bin5_ALP_ttbar_interference = 855.005 +/- 29.0813
 22) RooRealVar::        prop_binmtt_bin6_ALP_ttbar_signal = 770.005 +/- 27.5979
 23) RooRealVar::        prop_binmtt_bin6_TTToSemiLeptonic = 872.727 +/- 1.96427
 24) RooRealVar::  prop_binmtt_bin6_ALP_ttbar_interference = 770.005 +/- 27.5979
 25) RooRealVar::        prop_binmtt_bin7_ALP_ttbar_signal = 569.005 +/- 23.7239
 26) RooRealVar::        prop_binmtt_bin7_TTToSemiLeptonic = 626.555 +/- 1.62921
 27) RooRealVar::  prop_binmtt_bin7_ALP_ttbar_interference = 569.005 +/- 23.7239
 28) RooRealVar::        prop_binmtt_bin8_ALP_ttbar_signal = 741.005 +/- 27.0732
 29) RooRealVar::        prop_binmtt_bin8_TTToSemiLeptonic = 854.869 +/- 2.25412
 30) RooRealVar::  prop_binmtt_bin8_ALP_ttbar_interference = 741.005 +/- 27.0732
 31) RooRealVar::        prop_binmtt_bin9_ALP_ttbar_signal = 476.005 +/- 21.6987
 32) RooRealVar::        prop_binmtt_bin9_TTToSemiLeptonic = 522.874 +/- 1.71083
 33) RooRealVar::  prop_binmtt_bin9_ALP_ttbar_interference = 476.005 +/- 21.6987
 34) RooRealVar::       prop_binmtt_bin10_ALP_ttbar_signal = 315.005 +/- 17.6516
 35) RooRealVar::       prop_binmtt_bin10_TTToSemiLeptonic = 364.164 +/- 1.36601
 36) RooRealVar:: prop_binmtt_bin10_ALP_ttbar_interference = 315.005 +/- 17.6516
 37) RooRealVar::       prop_binmtt_bin11_ALP_ttbar_signal = 151.005 +/- 12.2211
 38) RooRealVar::       prop_binmtt_bin11_TTToSemiLeptonic = 169.596 +/- 0.879778
 39) RooRealVar:: prop_binmtt_bin11_ALP_ttbar_interference = 151.005 +/- 12.2211
 40) RooRealVar::       prop_binmtt_bin12_ALP_ttbar_signal = 133.005 +/- 11.4695
 41) RooRealVar::       prop_binmtt_bin12_TTToSemiLeptonic = 145.28 +/- 0.924386
 42) RooRealVar:: prop_binmtt_bin12_ALP_ttbar_interference = 133.005 +/- 11.4695
Global observables for data: 
  1) RooRealVar::                      lumi_13TeV_fullRun2_In = 0
  2) RooRealVar::                                 datasyst_In = 0
  3) RooRealVar::                                  mcscale_In = 0
  4) RooRealVar::        prop_binmtt_bin0_ALP_ttbar_signal_In = 46048
  5) RooRealVar::        prop_binmtt_bin0_TTToSemiLeptonic_In = 48452
  6) RooRealVar::  prop_binmtt_bin0_ALP_ttbar_interference_In = 46048
  7) RooRealVar::        prop_binmtt_bin1_ALP_ttbar_signal_In = 33201
  8) RooRealVar::        prop_binmtt_bin1_TTToSemiLeptonic_In = 38726
  9) RooRealVar::  prop_binmtt_bin1_ALP_ttbar_interference_In = 33201
 10) RooRealVar::        prop_binmtt_bin2_ALP_ttbar_signal_In = 13130
 11) RooRealVar::        prop_binmtt_bin2_TTToSemiLeptonic_In = 15124
 12) RooRealVar::  prop_binmtt_bin2_ALP_ttbar_interference_In = 13130
 13) RooRealVar::        prop_binmtt_bin3_ALP_ttbar_signal_In = 4779
 14) RooRealVar::        prop_binmtt_bin3_TTToSemiLeptonic_In = 5411
 15) RooRealVar::  prop_binmtt_bin3_ALP_ttbar_interference_In = 4779
 16) RooRealVar::        prop_binmtt_bin4_ALP_ttbar_signal_In = 1745
 17) RooRealVar::        prop_binmtt_bin4_TTToSemiLeptonic_In = 2019
 18) RooRealVar::  prop_binmtt_bin4_ALP_ttbar_interference_In = 1745
 19) RooRealVar::        prop_binmtt_bin5_ALP_ttbar_signal_In = 855
 20) RooRealVar::        prop_binmtt_bin5_TTToSemiLeptonic_In = 953
 21) RooRealVar::  prop_binmtt_bin5_ALP_ttbar_interference_In = 855
 22) RooRealVar::        prop_binmtt_bin6_ALP_ttbar_signal_In = 770
 23) RooRealVar::        prop_binmtt_bin6_TTToSemiLeptonic_In = 883
 24) RooRealVar::  prop_binmtt_bin6_ALP_ttbar_interference_In = 770
 25) RooRealVar::        prop_binmtt_bin7_ALP_ttbar_signal_In = 569
 26) RooRealVar::        prop_binmtt_bin7_TTToSemiLeptonic_In = 587
 27) RooRealVar::  prop_binmtt_bin7_ALP_ttbar_interference_In = 569
 28) RooRealVar::        prop_binmtt_bin8_ALP_ttbar_signal_In = 741
 29) RooRealVar::        prop_binmtt_bin8_TTToSemiLeptonic_In = 882
 30) RooRealVar::  prop_binmtt_bin8_ALP_ttbar_interference_In = 741
 31) RooRealVar::        prop_binmtt_bin9_ALP_ttbar_signal_In = 476
 32) RooRealVar::        prop_binmtt_bin9_TTToSemiLeptonic_In = 483
 33) RooRealVar::  prop_binmtt_bin9_ALP_ttbar_interference_In = 476
 34) RooRealVar::       prop_binmtt_bin10_ALP_ttbar_signal_In = 315
 35) RooRealVar::       prop_binmtt_bin10_TTToSemiLeptonic_In = 378
 36) RooRealVar:: prop_binmtt_bin10_ALP_ttbar_interference_In = 315
 37) RooRealVar::       prop_binmtt_bin11_ALP_ttbar_signal_In = 151
 38) RooRealVar::       prop_binmtt_bin11_TTToSemiLeptonic_In = 157
 39) RooRealVar:: prop_binmtt_bin11_ALP_ttbar_interference_In = 151
 40) RooRealVar::       prop_binmtt_bin12_ALP_ttbar_signal_In = 133
 41) RooRealVar::       prop_binmtt_bin12_TTToSemiLeptonic_In = 137
 42) RooRealVar:: prop_binmtt_bin12_ALP_ttbar_interference_In = 133
Global observables for asimov: 
  1) RooRealVar::                      lumi_13TeV_fullRun2_In = -0.589339
  2) RooRealVar::                                 datasyst_In = -3.4216
  3) RooRealVar::                                  mcscale_In = 0.840157
  4) RooRealVar::        prop_binmtt_bin0_ALP_ttbar_signal_In = 46048
  5) RooRealVar::        prop_binmtt_bin0_TTToSemiLeptonic_In = 49094.3
  6) RooRealVar::  prop_binmtt_bin0_ALP_ttbar_interference_In = 46048
  7) RooRealVar::        prop_binmtt_bin1_ALP_ttbar_signal_In = 33201
  8) RooRealVar::        prop_binmtt_bin1_TTToSemiLeptonic_In = 38345.8
  9) RooRealVar::  prop_binmtt_bin1_ALP_ttbar_interference_In = 33201
 10) RooRealVar::        prop_binmtt_bin2_ALP_ttbar_signal_In = 13130
 11) RooRealVar::        prop_binmtt_bin2_TTToSemiLeptonic_In = 14823.4
 12) RooRealVar::  prop_binmtt_bin2_ALP_ttbar_interference_In = 13130
 13) RooRealVar::        prop_binmtt_bin3_ALP_ttbar_signal_In = 4779.01
 14) RooRealVar::        prop_binmtt_bin3_TTToSemiLeptonic_In = 5383.63
 15) RooRealVar::  prop_binmtt_bin3_ALP_ttbar_interference_In = 4779.01
 16) RooRealVar::        prop_binmtt_bin4_ALP_ttbar_signal_In = 1745.01
 17) RooRealVar::        prop_binmtt_bin4_TTToSemiLeptonic_In = 1984.65
 18) RooRealVar::  prop_binmtt_bin4_ALP_ttbar_interference_In = 1745.01
 19) RooRealVar::        prop_binmtt_bin5_ALP_ttbar_signal_In = 855.005
 20) RooRealVar::        prop_binmtt_bin5_TTToSemiLeptonic_In = 965.851
 21) RooRealVar::  prop_binmtt_bin5_ALP_ttbar_interference_In = 855.005
 22) RooRealVar::        prop_binmtt_bin6_ALP_ttbar_signal_In = 770.005
 23) RooRealVar::        prop_binmtt_bin6_TTToSemiLeptonic_In = 872.727
 24) RooRealVar::  prop_binmtt_bin6_ALP_ttbar_interference_In = 770.005
 25) RooRealVar::        prop_binmtt_bin7_ALP_ttbar_signal_In = 569.005
 26) RooRealVar::        prop_binmtt_bin7_TTToSemiLeptonic_In = 626.555
 27) RooRealVar::  prop_binmtt_bin7_ALP_ttbar_interference_In = 569.005
 28) RooRealVar::        prop_binmtt_bin8_ALP_ttbar_signal_In = 741.005
 29) RooRealVar::        prop_binmtt_bin8_TTToSemiLeptonic_In = 854.869
 30) RooRealVar::  prop_binmtt_bin8_ALP_ttbar_interference_In = 741.005
 31) RooRealVar::        prop_binmtt_bin9_ALP_ttbar_signal_In = 476.005
 32) RooRealVar::        prop_binmtt_bin9_TTToSemiLeptonic_In = 522.874
 33) RooRealVar::  prop_binmtt_bin9_ALP_ttbar_interference_In = 476.005
 34) RooRealVar::       prop_binmtt_bin10_ALP_ttbar_signal_In = 315.005
 35) RooRealVar::       prop_binmtt_bin10_TTToSemiLeptonic_In = 364.164
 36) RooRealVar:: prop_binmtt_bin10_ALP_ttbar_interference_In = 315.005
 37) RooRealVar::       prop_binmtt_bin11_ALP_ttbar_signal_In = 151.005
 38) RooRealVar::       prop_binmtt_bin11_TTToSemiLeptonic_In = 169.596
 39) RooRealVar:: prop_binmtt_bin11_ALP_ttbar_interference_In = 151.005
 40) RooRealVar::       prop_binmtt_bin12_ALP_ttbar_signal_In = 133.005
 41) RooRealVar::       prop_binmtt_bin12_TTToSemiLeptonic_In = 145.28
 42) RooRealVar:: prop_binmtt_bin12_ALP_ttbar_interference_In = 133.005
SimNLL created with 1 channels, 39 generic constraints, 3 fast gaussian constraints, 0 fast poisson constraints, 0 fast group constraints, 
Fit to asimov dataset:

  RooFitResult: minimized FCN value: -908.273, estimated distance to minimum: 1.46967e-05
                covariance matrix quality: Full, accurate covariance matrix
                Status : MINIMIZE=0 

    Constant Parameter    Value     
  --------------------  ------------
                   ONE    1.0000e+00
           datasyst_In   -3.4216e+00
  lumi_13TeV_fullRun2_In   -5.8934e-01
            mcscale_In    8.4016e-01
  prop_binmtt_bin0_ALP_ttbar_interference_In    4.6048e+04
  prop_binmtt_bin0_ALP_ttbar_signal_In    4.6048e+04
  prop_binmtt_bin0_TTToSemiLeptonic_In    4.9094e+04
  prop_binmtt_bin10_ALP_ttbar_interference_In    3.1501e+02
  prop_binmtt_bin10_ALP_ttbar_signal_In    3.1501e+02
  prop_binmtt_bin10_TTToSemiLeptonic_In    3.6416e+02
  prop_binmtt_bin11_ALP_ttbar_interference_In    1.5101e+02
  prop_binmtt_bin11_ALP_ttbar_signal_In    1.5101e+02
  prop_binmtt_bin11_TTToSemiLeptonic_In    1.6960e+02
  prop_binmtt_bin12_ALP_ttbar_interference_In    1.3301e+02
  prop_binmtt_bin12_ALP_ttbar_signal_In    1.3301e+02
  prop_binmtt_bin12_TTToSemiLeptonic_In    1.4528e+02
  prop_binmtt_bin1_ALP_ttbar_interference_In    3.3201e+04
  prop_binmtt_bin1_ALP_ttbar_signal_In    3.3201e+04
  prop_binmtt_bin1_TTToSemiLeptonic_In    3.8346e+04
  prop_binmtt_bin2_ALP_ttbar_interference_In    1.3130e+04
  prop_binmtt_bin2_ALP_ttbar_signal_In    1.3130e+04
  prop_binmtt_bin2_TTToSemiLeptonic_In    1.4823e+04
  prop_binmtt_bin3_ALP_ttbar_interference_In    4.7790e+03
  prop_binmtt_bin3_ALP_ttbar_signal_In    4.7790e+03
  prop_binmtt_bin3_TTToSemiLeptonic_In    5.3836e+03
  prop_binmtt_bin4_ALP_ttbar_interference_In    1.7450e+03
  prop_binmtt_bin4_ALP_ttbar_signal_In    1.7450e+03
  prop_binmtt_bin4_TTToSemiLeptonic_In    1.9846e+03
  prop_binmtt_bin5_ALP_ttbar_interference_In    8.5501e+02
  prop_binmtt_bin5_ALP_ttbar_signal_In    8.5501e+02
  prop_binmtt_bin5_TTToSemiLeptonic_In    9.6585e+02
  prop_binmtt_bin6_ALP_ttbar_interference_In    7.7001e+02
  prop_binmtt_bin6_ALP_ttbar_signal_In    7.7001e+02
  prop_binmtt_bin6_TTToSemiLeptonic_In    8.7273e+02
  prop_binmtt_bin7_ALP_ttbar_interference_In    5.6901e+02
  prop_binmtt_bin7_ALP_ttbar_signal_In    5.6901e+02
  prop_binmtt_bin7_TTToSemiLeptonic_In    6.2656e+02
  prop_binmtt_bin8_ALP_ttbar_interference_In    7.4101e+02
  prop_binmtt_bin8_ALP_ttbar_signal_In    7.4101e+02
  prop_binmtt_bin8_TTToSemiLeptonic_In    8.5487e+02
  prop_binmtt_bin9_ALP_ttbar_interference_In    4.7601e+02
  prop_binmtt_bin9_ALP_ttbar_signal_In    4.7601e+02
  prop_binmtt_bin9_TTToSemiLeptonic_In    5.2287e+02

    Floating Parameter  InitialValue    FinalValue +/-  Error     GblCorr.
  --------------------  ------------  --------------------------  --------
              datasyst   -3.4216e+00   -3.4641e+00 +/-  1.32e-02  <none>
   lumi_13TeV_fullRun2   -5.8934e-01   -7.3221e-01 +/-  5.22e-02  <none>
               mcscale    8.4016e-01    8.2074e-01 +/-  7.62e-03  <none>
  prop_binmtt_bin0_ALP_ttbar_interference    4.6048e+04    4.6047e+04 +/-  2.18e+02  <none>
  prop_binmtt_bin0_ALP_ttbar_signal    4.6048e+04    4.6048e+04 +/-  2.25e+02  <none>
  prop_binmtt_bin0_TTToSemiLeptonic    4.9094e+04    4.9050e+04 +/-  1.53e+02  <none>
  prop_binmtt_bin10_ALP_ttbar_interference    3.1501e+02    3.1502e+02 +/-  1.83e+01  <none>
  prop_binmtt_bin10_ALP_ttbar_signal    3.1501e+02    3.1501e+02 +/-  1.88e+01  <none>
  prop_binmtt_bin10_TTToSemiLeptonic    3.6416e+02    3.6537e+02 +/-  1.64e+00  <none>
  prop_binmtt_bin11_ALP_ttbar_interference    1.5101e+02    1.5100e+02 +/-  1.31e+01  <none>
  prop_binmtt_bin11_ALP_ttbar_signal    1.5101e+02    1.5100e+02 +/-  1.22e+01  <none>
  prop_binmtt_bin11_TTToSemiLeptonic    1.6960e+02    1.7035e+02 +/-  9.90e-01  <none>
  prop_binmtt_bin12_ALP_ttbar_interference    1.3301e+02    1.3301e+02 +/-  1.20e+01  <none>
  prop_binmtt_bin12_ALP_ttbar_signal    1.3301e+02    1.3301e+02 +/-  1.16e+01  <none>
  prop_binmtt_bin12_TTToSemiLeptonic    1.4528e+02    1.4590e+02 +/-  1.04e+00  <none>
  prop_binmtt_bin1_ALP_ttbar_interference    3.3201e+04    3.3201e+04 +/-  1.84e+02  <none>
  prop_binmtt_bin1_ALP_ttbar_signal    3.3201e+04    3.3201e+04 +/-  1.90e+02  <none>
  prop_binmtt_bin1_TTToSemiLeptonic    3.8346e+04    3.8351e+04 +/-  1.19e+02  <none>
  prop_binmtt_bin2_ALP_ttbar_interference    1.3130e+04    1.3130e+04 +/-  1.17e+02  <none>
  prop_binmtt_bin2_ALP_ttbar_signal    1.3130e+04    1.3130e+04 +/-  1.18e+02  <none>
  prop_binmtt_bin2_TTToSemiLeptonic    1.4823e+04    1.4836e+04 +/-  4.37e+01  <none>
  prop_binmtt_bin3_ALP_ttbar_interference    4.7790e+03    4.7790e+03 +/-  7.22e+01  <none>
  prop_binmtt_bin3_ALP_ttbar_signal    4.7790e+03    4.7790e+03 +/-  7.40e+01  <none>
  prop_binmtt_bin3_TTToSemiLeptonic    5.3836e+03    5.3918e+03 +/-  1.60e+01  <none>
  prop_binmtt_bin4_ALP_ttbar_interference    1.7450e+03    1.7450e+03 +/-  4.27e+01  <none>
  prop_binmtt_bin4_ALP_ttbar_signal    1.7450e+03    1.7450e+03 +/-  4.31e+01  <none>
  prop_binmtt_bin4_TTToSemiLeptonic    1.9846e+03    1.9884e+03 +/-  6.03e+00  <none>
  prop_binmtt_bin5_ALP_ttbar_interference    8.5501e+02    8.5506e+02 +/-  2.91e+01  <none>
  prop_binmtt_bin5_ALP_ttbar_signal    8.5501e+02    8.5501e+02 +/-  2.93e+01  <none>
  prop_binmtt_bin5_TTToSemiLeptonic    9.6585e+02    9.6820e+02 +/-  3.01e+00  <none>
  prop_binmtt_bin6_ALP_ttbar_interference    7.7001e+02    7.7003e+02 +/-  2.73e+01  <none>
  prop_binmtt_bin6_ALP_ttbar_signal    7.7001e+02    7.7001e+02 +/-  2.79e+01  <none>
  prop_binmtt_bin6_TTToSemiLeptonic    8.7273e+02    8.7492e+02 +/-  2.78e+00  <none>
  prop_binmtt_bin7_ALP_ttbar_interference    5.6901e+02    5.6898e+02 +/-  2.44e+01  <none>
  prop_binmtt_bin7_ALP_ttbar_signal    5.6901e+02    5.6900e+02 +/-  2.43e+01  <none>
  prop_binmtt_bin7_TTToSemiLeptonic    6.2656e+02    6.2864e+02 +/-  2.14e+00  <none>
  prop_binmtt_bin8_ALP_ttbar_interference    7.4101e+02    7.4101e+02 +/-  2.86e+01  <none>
  prop_binmtt_bin8_ALP_ttbar_signal    7.4101e+02    7.4101e+02 +/-  2.88e+01  <none>
  prop_binmtt_bin8_TTToSemiLeptonic    8.5487e+02    8.5737e+02 +/-  3.00e+00  <none>
  prop_binmtt_bin9_ALP_ttbar_interference    4.7601e+02    4.7602e+02 +/-  2.30e+01  <none>
  prop_binmtt_bin9_ALP_ttbar_signal    4.7601e+02    4.7601e+02 +/-  2.31e+01  <none>
  prop_binmtt_bin9_TTToSemiLeptonic    5.2287e+02    5.2482e+02 +/-  2.07e+00  <none>
                     r    2.0000e-01    1.5627e-01 +/-  1.97e-02  <none>

At r = 1.328125:	delta(nll) = 1.91972
Median for expected limits: 1.32812
Sigma  for expected limits: 0.677627
At r = 2.567036:	delta(nll) = 6.54187
SimNLL created with 1 channels, 39 generic constraints, 3 fast gaussian constraints, 0 fast poisson constraints, 0 fast group constraints, 
SimNLL created with 1 channels, 39 generic constraints, 3 fast gaussian constraints, 0 fast poisson constraints, 0 fast group constraints, 
Restricting r to positive values.
  1) RooRealVar::                                         ONE = 1
  2) RooRealVar::                                    datasyst = 0 +/- 1
  3) RooRealVar::                                 datasyst_In = 0
  4) RooRealVar::                         lumi_13TeV_fullRun2 = 0 +/- 1
  5) RooRealVar::                      lumi_13TeV_fullRun2_In = 0
  6) RooRealVar::                                     mcscale = 0 +/- 1
  7) RooRealVar::                                  mcscale_In = 0
  8) RooRealVar::     prop_binmtt_bin0_ALP_ttbar_interference = 46048
  9) RooRealVar::  prop_binmtt_bin0_ALP_ttbar_interference_In = 46048
 10) RooRealVar::           prop_binmtt_bin0_ALP_ttbar_signal = 46048
 11) RooRealVar::        prop_binmtt_bin0_ALP_ttbar_signal_In = 46048
 12) RooRealVar::           prop_binmtt_bin0_TTToSemiLeptonic = 48452
 13) RooRealVar::        prop_binmtt_bin0_TTToSemiLeptonic_In = 48452
 14) RooRealVar::    prop_binmtt_bin10_ALP_ttbar_interference = 315
 15) RooRealVar:: prop_binmtt_bin10_ALP_ttbar_interference_In = 315
 16) RooRealVar::          prop_binmtt_bin10_ALP_ttbar_signal = 315
 17) RooRealVar::       prop_binmtt_bin10_ALP_ttbar_signal_In = 315
 18) RooRealVar::          prop_binmtt_bin10_TTToSemiLeptonic = 378
 19) RooRealVar::       prop_binmtt_bin10_TTToSemiLeptonic_In = 378
 20) RooRealVar::    prop_binmtt_bin11_ALP_ttbar_interference = 151
 21) RooRealVar:: prop_binmtt_bin11_ALP_ttbar_interference_In = 151
 22) RooRealVar::          prop_binmtt_bin11_ALP_ttbar_signal = 151
 23) RooRealVar::       prop_binmtt_bin11_ALP_ttbar_signal_In = 151
 24) RooRealVar::          prop_binmtt_bin11_TTToSemiLeptonic = 157
 25) RooRealVar::       prop_binmtt_bin11_TTToSemiLeptonic_In = 157
 26) RooRealVar::    prop_binmtt_bin12_ALP_ttbar_interference = 133
 27) RooRealVar:: prop_binmtt_bin12_ALP_ttbar_interference_In = 133
 28) RooRealVar::          prop_binmtt_bin12_ALP_ttbar_signal = 133
 29) RooRealVar::       prop_binmtt_bin12_ALP_ttbar_signal_In = 133
 30) RooRealVar::          prop_binmtt_bin12_TTToSemiLeptonic = 137
 31) RooRealVar::       prop_binmtt_bin12_TTToSemiLeptonic_In = 137
 32) RooRealVar::     prop_binmtt_bin1_ALP_ttbar_interference = 33201
 33) RooRealVar::  prop_binmtt_bin1_ALP_ttbar_interference_In = 33201
 34) RooRealVar::           prop_binmtt_bin1_ALP_ttbar_signal = 33201
 35) RooRealVar::        prop_binmtt_bin1_ALP_ttbar_signal_In = 33201
 36) RooRealVar::           prop_binmtt_bin1_TTToSemiLeptonic = 38726
 37) RooRealVar::        prop_binmtt_bin1_TTToSemiLeptonic_In = 38726
 38) RooRealVar::     prop_binmtt_bin2_ALP_ttbar_interference = 13130
 39) RooRealVar::  prop_binmtt_bin2_ALP_ttbar_interference_In = 13130
 40) RooRealVar::           prop_binmtt_bin2_ALP_ttbar_signal = 13130
 41) RooRealVar::        prop_binmtt_bin2_ALP_ttbar_signal_In = 13130
 42) RooRealVar::           prop_binmtt_bin2_TTToSemiLeptonic = 15124
 43) RooRealVar::        prop_binmtt_bin2_TTToSemiLeptonic_In = 15124
 44) RooRealVar::     prop_binmtt_bin3_ALP_ttbar_interference = 4779
 45) RooRealVar::  prop_binmtt_bin3_ALP_ttbar_interference_In = 4779
 46) RooRealVar::           prop_binmtt_bin3_ALP_ttbar_signal = 4779
 47) RooRealVar::        prop_binmtt_bin3_ALP_ttbar_signal_In = 4779
 48) RooRealVar::           prop_binmtt_bin3_TTToSemiLeptonic = 5411
 49) RooRealVar::        prop_binmtt_bin3_TTToSemiLeptonic_In = 5411
 50) RooRealVar::     prop_binmtt_bin4_ALP_ttbar_interference = 1745
 51) RooRealVar::  prop_binmtt_bin4_ALP_ttbar_interference_In = 1745
 52) RooRealVar::           prop_binmtt_bin4_ALP_ttbar_signal = 1745
 53) RooRealVar::        prop_binmtt_bin4_ALP_ttbar_signal_In = 1745
 54) RooRealVar::           prop_binmtt_bin4_TTToSemiLeptonic = 2019
 55) RooRealVar::        prop_binmtt_bin4_TTToSemiLeptonic_In = 2019
 56) RooRealVar::     prop_binmtt_bin5_ALP_ttbar_interference = 855
 57) RooRealVar::  prop_binmtt_bin5_ALP_ttbar_interference_In = 855
 58) RooRealVar::           prop_binmtt_bin5_ALP_ttbar_signal = 855
 59) RooRealVar::        prop_binmtt_bin5_ALP_ttbar_signal_In = 855
 60) RooRealVar::           prop_binmtt_bin5_TTToSemiLeptonic = 953
 61) RooRealVar::        prop_binmtt_bin5_TTToSemiLeptonic_In = 953
 62) RooRealVar::     prop_binmtt_bin6_ALP_ttbar_interference = 770
 63) RooRealVar::  prop_binmtt_bin6_ALP_ttbar_interference_In = 770
 64) RooRealVar::           prop_binmtt_bin6_ALP_ttbar_signal = 770
 65) RooRealVar::        prop_binmtt_bin6_ALP_ttbar_signal_In = 770
 66) RooRealVar::           prop_binmtt_bin6_TTToSemiLeptonic = 883
 67) RooRealVar::        prop_binmtt_bin6_TTToSemiLeptonic_In = 883
 68) RooRealVar::     prop_binmtt_bin7_ALP_ttbar_interference = 569
 69) RooRealVar::  prop_binmtt_bin7_ALP_ttbar_interference_In = 569
 70) RooRealVar::           prop_binmtt_bin7_ALP_ttbar_signal = 569
 71) RooRealVar::        prop_binmtt_bin7_ALP_ttbar_signal_In = 569
 72) RooRealVar::           prop_binmtt_bin7_TTToSemiLeptonic = 587
 73) RooRealVar::        prop_binmtt_bin7_TTToSemiLeptonic_In = 587
 74) RooRealVar::     prop_binmtt_bin8_ALP_ttbar_interference = 741
 75) RooRealVar::  prop_binmtt_bin8_ALP_ttbar_interference_In = 741
 76) RooRealVar::           prop_binmtt_bin8_ALP_ttbar_signal = 741
 77) RooRealVar::        prop_binmtt_bin8_ALP_ttbar_signal_In = 741
 78) RooRealVar::           prop_binmtt_bin8_TTToSemiLeptonic = 882
 79) RooRealVar::        prop_binmtt_bin8_TTToSemiLeptonic_In = 882
 80) RooRealVar::     prop_binmtt_bin9_ALP_ttbar_interference = 476
 81) RooRealVar::  prop_binmtt_bin9_ALP_ttbar_interference_In = 476
 82) RooRealVar::           prop_binmtt_bin9_ALP_ttbar_signal = 476
 83) RooRealVar::        prop_binmtt_bin9_ALP_ttbar_signal_In = 476
 84) RooRealVar::           prop_binmtt_bin9_TTToSemiLeptonic = 483
 85) RooRealVar::        prop_binmtt_bin9_TTToSemiLeptonic_In = 483
 86) RooRealVar::                                           r = 2

Make global fit of real data
NLL at global minimum of data: -413393 (r = 2.06649)
   0) ONE                            =         1
   1) datasyst                       =  -3.03221
   2) datasyst_In                    =         0
   3) lumi_13TeV_fullRun2            = -0.846163
   4) lumi_13TeV_fullRun2_In         =         0
   5) mcscale                        = -0.280333
   6) mcscale_In                     =         0
   7) prop_binmtt_bin0_ALP_ttbar_interference =   46089.1
   8) prop_binmtt_bin0_ALP_ttbar_interference_In =     46048
   9) prop_binmtt_bin0_ALP_ttbar_signal =   46061.8
  10) prop_binmtt_bin0_ALP_ttbar_signal_In =     46048
  11) prop_binmtt_bin0_TTToSemiLeptonic =   48846.4
  12) prop_binmtt_bin0_TTToSemiLeptonic_In =     48452
  13) prop_binmtt_bin10_ALP_ttbar_interference =   314.254
  14) prop_binmtt_bin10_ALP_ttbar_interference_In =       315
  15) prop_binmtt_bin10_ALP_ttbar_signal =   313.257
  16) prop_binmtt_bin10_ALP_ttbar_signal_In =       315
  17) prop_binmtt_bin10_TTToSemiLeptonic =   363.557
  18) prop_binmtt_bin10_TTToSemiLeptonic_In =       378
  19) prop_binmtt_bin11_ALP_ttbar_interference =   151.534
  20) prop_binmtt_bin11_ALP_ttbar_interference_In =       151
  21) prop_binmtt_bin11_ALP_ttbar_signal =   152.518
  22) prop_binmtt_bin11_ALP_ttbar_signal_In =       151
  23) prop_binmtt_bin11_TTToSemiLeptonic =   168.616
  24) prop_binmtt_bin11_TTToSemiLeptonic_In =       157
  25) prop_binmtt_bin12_ALP_ttbar_interference =   133.279
  26) prop_binmtt_bin12_ALP_ttbar_interference_In =       133
  27) prop_binmtt_bin12_ALP_ttbar_signal =   133.936
  28) prop_binmtt_bin12_ALP_ttbar_signal_In =       133
  29) prop_binmtt_bin12_TTToSemiLeptonic =   142.815
  30) prop_binmtt_bin12_TTToSemiLeptonic_In =       137
  31) prop_binmtt_bin1_ALP_ttbar_interference =   33155.5
  32) prop_binmtt_bin1_ALP_ttbar_interference_In =     33201
  33) prop_binmtt_bin1_ALP_ttbar_signal =     33182
  34) prop_binmtt_bin1_ALP_ttbar_signal_In =     33201
  35) prop_binmtt_bin1_TTToSemiLeptonic =   38220.6
  36) prop_binmtt_bin1_TTToSemiLeptonic_In =     38726
  37) prop_binmtt_bin2_ALP_ttbar_interference =   13119.2
  38) prop_binmtt_bin2_ALP_ttbar_interference_In =     13130
  39) prop_binmtt_bin2_ALP_ttbar_signal =   13124.2
  40) prop_binmtt_bin2_ALP_ttbar_signal_In =     13130
  41) prop_binmtt_bin2_TTToSemiLeptonic =   14982.8
  42) prop_binmtt_bin2_TTToSemiLeptonic_In =     15124
  43) prop_binmtt_bin3_ALP_ttbar_interference =   4783.39
  44) prop_binmtt_bin3_ALP_ttbar_interference_In =      4779
  45) prop_binmtt_bin3_ALP_ttbar_signal =   4781.91
  46) prop_binmtt_bin3_ALP_ttbar_signal_In =      4779
  47) prop_binmtt_bin3_TTToSemiLeptonic =   5475.93
  48) prop_binmtt_bin3_TTToSemiLeptonic_In =      5411
  49) prop_binmtt_bin4_ALP_ttbar_interference =   1745.36
  50) prop_binmtt_bin4_ALP_ttbar_interference_In =      1745
  51) prop_binmtt_bin4_ALP_ttbar_signal =   1745.27
  52) prop_binmtt_bin4_ALP_ttbar_signal_In =      1745
  53) prop_binmtt_bin4_TTToSemiLeptonic =   2024.32
  54) prop_binmtt_bin4_TTToSemiLeptonic_In =      2019
  55) prop_binmtt_bin5_ALP_ttbar_interference =   856.851
  56) prop_binmtt_bin5_ALP_ttbar_interference_In =       855
  57) prop_binmtt_bin5_ALP_ttbar_signal =   857.158
  58) prop_binmtt_bin5_ALP_ttbar_signal_In =       855
  59) prop_binmtt_bin5_TTToSemiLeptonic =   987.676
  60) prop_binmtt_bin5_TTToSemiLeptonic_In =       953
  61) prop_binmtt_bin6_ALP_ttbar_interference =   770.501
  62) prop_binmtt_bin6_ALP_ttbar_interference_In =       770
  63) prop_binmtt_bin6_ALP_ttbar_signal =   770.623
  64) prop_binmtt_bin6_ALP_ttbar_signal_In =       770
  65) prop_binmtt_bin6_TTToSemiLeptonic =   891.768
  66) prop_binmtt_bin6_TTToSemiLeptonic_In =       883
  67) prop_binmtt_bin7_ALP_ttbar_interference =   571.908
  68) prop_binmtt_bin7_ALP_ttbar_interference_In =       569
  69) prop_binmtt_bin7_ALP_ttbar_signal =   572.825
  70) prop_binmtt_bin7_ALP_ttbar_signal_In =       569
  71) prop_binmtt_bin7_TTToSemiLeptonic =   642.126
  72) prop_binmtt_bin7_TTToSemiLeptonic_In =       587
  73) prop_binmtt_bin8_ALP_ttbar_interference =   740.227
  74) prop_binmtt_bin8_ALP_ttbar_interference_In =       741
  75) prop_binmtt_bin8_ALP_ttbar_signal =     739.8
  76) prop_binmtt_bin8_ALP_ttbar_signal_In =       741
  77) prop_binmtt_bin8_TTToSemiLeptonic =   868.215
  78) prop_binmtt_bin8_TTToSemiLeptonic_In =       882
  79) prop_binmtt_bin9_ALP_ttbar_interference =   478.307
  80) prop_binmtt_bin9_ALP_ttbar_interference_In =       476
  81) prop_binmtt_bin9_ALP_ttbar_signal =   480.371
  82) prop_binmtt_bin9_ALP_ttbar_signal_In =       476
  83) prop_binmtt_bin9_TTToSemiLeptonic =   528.873
  84) prop_binmtt_bin9_TTToSemiLeptonic_In =       483
  85) r                              =   2.06649


Make global fit of asimov data
NLL at global minimum of asimov: -413376 (r = 0.0451559)
   0) ONE                            =         1
   1) datasyst                       =  -3.51632
   2) datasyst_In                    =   -3.4216
   3) lumi_13TeV_fullRun2            =  -1.49685
   4) lumi_13TeV_fullRun2_In         = -0.589339
   5) mcscale                        = -0.942222
   6) mcscale_In                     =  0.840157
   7) prop_binmtt_bin0_ALP_ttbar_interference =     45969
   8) prop_binmtt_bin0_ALP_ttbar_interference_In =     46048
   9) prop_binmtt_bin0_ALP_ttbar_signal =   46006.2
  10) prop_binmtt_bin0_ALP_ttbar_signal_In =     46048
  11) prop_binmtt_bin0_TTToSemiLeptonic =   48659.4
  12) prop_binmtt_bin0_TTToSemiLeptonic_In =   49094.3
  13) prop_binmtt_bin10_ALP_ttbar_interference =    312.46
  14) prop_binmtt_bin10_ALP_ttbar_interference_In =   315.005
  15) prop_binmtt_bin10_ALP_ttbar_signal =   305.894
  16) prop_binmtt_bin10_ALP_ttbar_signal_In =   315.005
  17) prop_binmtt_bin10_TTToSemiLeptonic =   338.951
  18) prop_binmtt_bin10_TTToSemiLeptonic_In =   364.164
  19) prop_binmtt_bin11_ALP_ttbar_interference =   149.934
  20) prop_binmtt_bin11_ALP_ttbar_interference_In =   151.005
  21) prop_binmtt_bin11_ALP_ttbar_signal =   146.234
  22) prop_binmtt_bin11_ALP_ttbar_signal_In =   151.005
  23) prop_binmtt_bin11_TTToSemiLeptonic =   157.525
  24) prop_binmtt_bin11_TTToSemiLeptonic_In =   169.596
  25) prop_binmtt_bin12_ALP_ttbar_interference =    131.61
  26) prop_binmtt_bin12_ALP_ttbar_interference_In =   133.005
  27) prop_binmtt_bin12_ALP_ttbar_signal =    125.42
  28) prop_binmtt_bin12_ALP_ttbar_signal_In =   133.005
  29) prop_binmtt_bin12_TTToSemiLeptonic =   129.326
  30) prop_binmtt_bin12_TTToSemiLeptonic_In =    145.28
  31) prop_binmtt_bin1_ALP_ttbar_interference =     33194
  32) prop_binmtt_bin1_ALP_ttbar_interference_In =     33201
  33) prop_binmtt_bin1_ALP_ttbar_signal =   33197.1
  34) prop_binmtt_bin1_ALP_ttbar_signal_In =     33201
  35) prop_binmtt_bin1_TTToSemiLeptonic =   38309.3
  36) prop_binmtt_bin1_TTToSemiLeptonic_In =   38345.8
  37) prop_binmtt_bin2_ALP_ttbar_interference =   13165.5
  38) prop_binmtt_bin2_ALP_ttbar_interference_In =     13130
  39) prop_binmtt_bin2_ALP_ttbar_signal =   13159.8
  40) prop_binmtt_bin2_ALP_ttbar_signal_In =     13130
  41) prop_binmtt_bin2_TTToSemiLeptonic =   15091.5
  42) prop_binmtt_bin2_TTToSemiLeptonic_In =   14823.4
  43) prop_binmtt_bin3_ALP_ttbar_interference =   4796.55
  44) prop_binmtt_bin3_ALP_ttbar_interference_In =   4779.01
  45) prop_binmtt_bin3_ALP_ttbar_signal =   4797.12
  46) prop_binmtt_bin3_ALP_ttbar_signal_In =   4779.01
  47) prop_binmtt_bin3_TTToSemiLeptonic =   5528.64
  48) prop_binmtt_bin3_TTToSemiLeptonic_In =   5383.63
  49) prop_binmtt_bin4_ALP_ttbar_interference =   1750.81
  50) prop_binmtt_bin4_ALP_ttbar_interference_In =   1745.01
  51) prop_binmtt_bin4_ALP_ttbar_signal =   1752.26
  52) prop_binmtt_bin4_ALP_ttbar_signal_In =   1745.01
  53) prop_binmtt_bin4_TTToSemiLeptonic =   2035.81
  54) prop_binmtt_bin4_TTToSemiLeptonic_In =   1984.65
  55) prop_binmtt_bin5_ALP_ttbar_interference =    857.98
  56) prop_binmtt_bin5_ALP_ttbar_interference_In =   855.005
  57) prop_binmtt_bin5_ALP_ttbar_signal =   859.419
  58) prop_binmtt_bin5_ALP_ttbar_signal_In =   855.005
  59) prop_binmtt_bin5_TTToSemiLeptonic =   993.744
  60) prop_binmtt_bin5_TTToSemiLeptonic_In =   965.851
  61) prop_binmtt_bin6_ALP_ttbar_interference =   771.521
  62) prop_binmtt_bin6_ALP_ttbar_interference_In =   770.005
  63) prop_binmtt_bin6_ALP_ttbar_signal =   772.635
  64) prop_binmtt_bin6_ALP_ttbar_signal_In =   770.005
  65) prop_binmtt_bin6_TTToSemiLeptonic =     887.4
  66) prop_binmtt_bin6_TTToSemiLeptonic_In =   872.727
  67) prop_binmtt_bin7_ALP_ttbar_interference =   570.438
  68) prop_binmtt_bin7_ALP_ttbar_interference_In =   569.005
  69) prop_binmtt_bin7_ALP_ttbar_signal =   571.981
  70) prop_binmtt_bin7_ALP_ttbar_signal_In =   569.005
  71) prop_binmtt_bin7_TTToSemiLeptonic =   642.202
  72) prop_binmtt_bin7_TTToSemiLeptonic_In =   626.555
  73) prop_binmtt_bin8_ALP_ttbar_interference =   739.848
  74) prop_binmtt_bin8_ALP_ttbar_interference_In =   741.005
  75) prop_binmtt_bin8_ALP_ttbar_signal =   738.056
  76) prop_binmtt_bin8_ALP_ttbar_signal_In =   741.005
  77) prop_binmtt_bin8_TTToSemiLeptonic =   843.609
  78) prop_binmtt_bin8_TTToSemiLeptonic_In =   854.869
  79) prop_binmtt_bin9_ALP_ttbar_interference =   475.175
  80) prop_binmtt_bin9_ALP_ttbar_interference_In =   476.005
  81) prop_binmtt_bin9_ALP_ttbar_signal =   473.561
  82) prop_binmtt_bin9_ALP_ttbar_signal_In =   476.005
  83) prop_binmtt_bin9_TTToSemiLeptonic =    513.94
  84) prop_binmtt_bin9_TTToSemiLeptonic_In =   522.874
  85) r                              =   3.25431

At r = 3.254313:	q_mu = 2.46397	q_A  = 25.81242	CLsb = 0.05824	CLb  = 0.99978	CLs  = 0.05825

 -- AsymptoticLimits ( CLs ) --
Observed Limit: r < 3.2543
Expected  2.5%: r < 0.6407
Expected 16.0%: r < 0.8878
Expected 50.0%: r < 1.3281
Expected 84.0%: r < 1.9687
Expected 97.5%: r < 2.5670

Done in 0.04 min (cpu), 0.04 min (real)
Printing Message Summary From ... combine_logger.out
----------------------------------------------
Messages of type INFO : 174
Messages of type DEBUG : 49
Messages of type ERROR : 0
----------------------------------------------
INFO: (function: improveOnce) CascadeMinimizer.cc: 188 -- Minimisation configured with Type=Minuit2, Algo=Migrad, strategy=1, tolerance=0.1
INFO: (function: improveOnce) CascadeMinimizer.cc: 211 -- Minimisation finished with status=1
DEBUG: (function: improveOnce) CascadeMinimizer.cc: 212 -- finished with status 1 (covariance forced positive definite), this could indicate a problem with the minimim.
INFO: (function: improveOnce) CascadeMinimizer.cc: 216 -- Minimization success! status=0
INFO: (function: generateAsimov) ToyMCSamplerOpt.cc: 139 -- Using internal logic for binned/unbinned Asimov dataset generation
INFO: (function: generateWithHisto) ToyMCSamplerOpt.cc: 214 -- Generating asimov with histogram for pdf pdf_binmtt_obsOnly: in 15 x-bins
INFO: (function: improveOnce) CascadeMinimizer.cc: 188 -- Minimisation configured with Type=Minuit2, Algo=Migrad, strategy=1, tolerance=0.1
INFO: (function: improveOnce) CascadeMinimizer.cc: 211 -- Minimisation finished with status=0
INFO: (function: improveOnce) CascadeMinimizer.cc: 216 -- Minimization success! status=0
DEBUG: (function: runLimitExpected) AsymptoticLimits.cc: 423 -- Best fit of asimov dataset is at r = 0.156265 (0.007813 times rMax), while it should be at zero
INFO: (function: improveOnce) CascadeMinimizer.cc: 188 -- Minimisation configured with Type=Minuit2, Algo=Migrad, strategy=1, tolerance=0.1
INFO: (function: improveOnce) CascadeMinimizer.cc: 211 -- Minimisation finished with status=1
DEBUG: (function: improveOnce) CascadeMinimizer.cc: 212 -- finished with status 1 (covariance forced positive definite), this could indicate a problem with the minimim.
INFO: (function: improveOnce) CascadeMinimizer.cc: 216 -- Minimization success! status=0
INFO: (function: improveOnce) CascadeMinimizer.cc: 188 -- Minimisation configured with Type=Minuit2, Algo=Migrad, strategy=1, tolerance=0.1
INFO: (function: improveOnce) CascadeMinimizer.cc: 211 -- Minimisation finished with status=1
DEBUG: (function: improveOnce) CascadeMinimizer.cc: 212 -- finished with status 1 (covariance forced positive definite), this could indicate a problem with the minimim.
INFO: (function: improveOnce) CascadeMinimizer.cc: 216 -- Minimization success! status=0
INFO: (function: improveOnce) CascadeMinimizer.cc: 188 -- Minimisation configured with Type=Minuit2, Algo=Migrad, strategy=1, tolerance=0.1
INFO: (function: improveOnce) CascadeMinimizer.cc: 211 -- Minimisation finished with status=1
DEBUG: (function: improveOnce) CascadeMinimizer.cc: 212 -- finished with status 1 (covariance forced positive definite), this could indicate a problem with the minimim.
INFO: (function: improveOnce) CascadeMinimizer.cc: 216 -- Minimization success! status=0
INFO: (function: improveOnce) CascadeMinimizer.cc: 188 -- Minimisation configured with Type=Minuit2, Algo=Migrad, strategy=1, tolerance=0.1
INFO: (function: improveOnce) CascadeMinimizer.cc: 211 -- Minimisation finished with status=1
DEBUG: (function: improveOnce) CascadeMinimizer.cc: 212 -- finished with status 1 (covariance forced positive definite), this could indicate a problem with the minimim.
INFO: (function: improveOnce) CascadeMinimizer.cc: 216 -- Minimization success! status=0
INFO: (function: improveOnce) CascadeMinimizer.cc: 188 -- Minimisation configured with Type=Minuit2, Algo=Migrad, strategy=1, tolerance=0.1
INFO: (function: improveOnce) CascadeMinimizer.cc: 211 -- Minimisation finished with status=1
DEBUG: (function: improveOnce) CascadeMinimizer.cc: 212 -- finished with status 1 (covariance forced positive definite), this could indicate a problem with the minimim.
INFO: (function: improveOnce) CascadeMinimizer.cc: 216 -- Minimization success! status=0
INFO: (function: improveOnce) CascadeMinimizer.cc: 188 -- Minimisation configured with Type=Minuit2, Algo=Migrad, strategy=1, tolerance=0.1
INFO: (function: improveOnce) CascadeMinimizer.cc: 211 -- Minimisation finished with status=1
DEBUG: (function: improveOnce) CascadeMinimizer.cc: 212 -- finished with status 1 (covariance forced positive definite), this could indicate a problem with the minimim.
INFO: (function: improveOnce) CascadeMinimizer.cc: 216 -- Minimization success! status=0
INFO: (function: improveOnce) CascadeMinimizer.cc: 188 -- Minimisation configured with Type=Minuit2, Algo=Migrad, strategy=1, tolerance=0.1
INFO: (function: improveOnce) CascadeMinimizer.cc: 211 -- Minimisation finished with status=1
DEBUG: (function: improveOnce) CascadeMinimizer.cc: 212 -- finished with status 1 (covariance forced positive definite), this could indicate a problem with the minimim.
INFO: (function: improveOnce) CascadeMinimizer.cc: 216 -- Minimization success! status=0
INFO: (function: runLimitExpected) AsymptoticLimits.cc: 436 -- Median for expected limits = 1.32812 (Sigma for expected limits = 0.677627)
INFO: (function: improveOnce) CascadeMinimizer.cc: 188 -- Minimisation configured with Type=Minuit2, Algo=Migrad, strategy=1, tolerance=0.1
INFO: (function: improveOnce) CascadeMinimizer.cc: 211 -- Minimisation finished with status=1
DEBUG: (function: improveOnce) CascadeMinimizer.cc: 212 -- finished with status 1 (covariance forced positive definite), this could indicate a problem with the minimim.
INFO: (function: improveOnce) CascadeMinimizer.cc: 216 -- Minimization success! status=0
INFO: (function: improveOnce) CascadeMinimizer.cc: 188 -- Minimisation configured with Type=Minuit2, Algo=Migrad, strategy=1, tolerance=0.1
INFO: (function: improveOnce) CascadeMinimizer.cc: 211 -- Minimisation finished with status=0
INFO: (function: improveOnce) CascadeMinimizer.cc: 216 -- Minimization success! status=0
INFO: (function: improveOnce) CascadeMinimizer.cc: 188 -- Minimisation configured with Type=Minuit2, Algo=Migrad, strategy=1, tolerance=0.1
INFO: (function: improveOnce) CascadeMinimizer.cc: 211 -- Minimisation finished with status=0
INFO: (function: improveOnce) CascadeMinimizer.cc: 216 -- Minimization success! status=0
INFO: (function: improveOnce) CascadeMinimizer.cc: 188 -- Minimisation configured with Type=Minuit2, Algo=Migrad, strategy=1, tolerance=0.1
INFO: (function: improveOnce) CascadeMinimizer.cc: 211 -- Minimisation finished with status=1
DEBUG: (function: improveOnce) CascadeMinimizer.cc: 212 -- finished with status 1 (covariance forced positive definite), this could indicate a problem with the minimim.
INFO: (function: improveOnce) CascadeMinimizer.cc: 216 -- Minimization success! status=0
INFO: (function: improveOnce) CascadeMinimizer.cc: 188 -- Minimisation configured with Type=Minuit2, Algo=Migrad, strategy=1, tolerance=0.1
INFO: (function: improveOnce) CascadeMinimizer.cc: 211 -- Minimisation finished with status=1
DEBUG: (function: improveOnce) CascadeMinimizer.cc: 212 -- finished with status 1 (covariance forced positive definite), this could indicate a problem with the minimim.
INFO: (function: improveOnce) CascadeMinimizer.cc: 216 -- Minimization success! status=0
INFO: (function: improveOnce) CascadeMinimizer.cc: 188 -- Minimisation configured with Type=Minuit2, Algo=Migrad, strategy=1, tolerance=0.1
INFO: (function: improveOnce) CascadeMinimizer.cc: 211 -- Minimisation finished with status=1
DEBUG: (function: improveOnce) CascadeMinimizer.cc: 212 -- finished with status 1 (covariance forced positive definite), this could indicate a problem with the minimim.
INFO: (function: improveOnce) CascadeMinimizer.cc: 216 -- Minimization success! status=0
INFO: (function: improveOnce) CascadeMinimizer.cc: 188 -- Minimisation configured with Type=Minuit2, Algo=Migrad, strategy=1, tolerance=0.1
INFO: (function: improveOnce) CascadeMinimizer.cc: 211 -- Minimisation finished with status=1
DEBUG: (function: improveOnce) CascadeMinimizer.cc: 212 -- finished with status 1 (covariance forced positive definite), this could indicate a problem with the minimim.
INFO: (function: improveOnce) CascadeMinimizer.cc: 216 -- Minimization success! status=0
INFO: (function: improveOnce) CascadeMinimizer.cc: 188 -- Minimisation configured with Type=Minuit2, Algo=Migrad, strategy=1, tolerance=0.1
INFO: (function: improveOnce) CascadeMinimizer.cc: 211 -- Minimisation finished with status=1
DEBUG: (function: improveOnce) CascadeMinimizer.cc: 212 -- finished with status 1 (covariance forced positive definite), this could indicate a problem with the minimim.
INFO: (function: improveOnce) CascadeMinimizer.cc: 216 -- Minimization success! status=0
INFO: (function: improveOnce) CascadeMinimizer.cc: 188 -- Minimisation configured with Type=Minuit2, Algo=Migrad, strategy=1, tolerance=0.1
INFO: (function: improveOnce) CascadeMinimizer.cc: 211 -- Minimisation finished with status=1
DEBUG: (function: improveOnce) CascadeMinimizer.cc: 212 -- finished with status 1 (covariance forced positive definite), this could indicate a problem with the minimim.
INFO: (function: improveOnce) CascadeMinimizer.cc: 216 -- Minimization success! status=0
INFO: (function: improveOnce) CascadeMinimizer.cc: 188 -- Minimisation configured with Type=Minuit2, Algo=Migrad, strategy=1, tolerance=0.1
INFO: (function: improveOnce) CascadeMinimizer.cc: 211 -- Minimisation finished with status=1
DEBUG: (function: improveOnce) CascadeMinimizer.cc: 212 -- finished with status 1 (covariance forced positive definite), this could indicate a problem with the minimim.
INFO: (function: improveOnce) CascadeMinimizer.cc: 216 -- Minimization success! status=0
INFO: (function: improveOnce) CascadeMinimizer.cc: 188 -- Minimisation configured with Type=Minuit2, Algo=Migrad, strategy=1, tolerance=0.1
INFO: (function: improveOnce) CascadeMinimizer.cc: 211 -- Minimisation finished with status=1
DEBUG: (function: improveOnce) CascadeMinimizer.cc: 212 -- finished with status 1 (covariance forced positive definite), this could indicate a problem with the minimim.
INFO: (function: improveOnce) CascadeMinimizer.cc: 216 -- Minimization success! status=0
INFO: (function: improveOnce) CascadeMinimizer.cc: 188 -- Minimisation configured with Type=Minuit2, Algo=Migrad, strategy=1, tolerance=0.1
INFO: (function: improveOnce) CascadeMinimizer.cc: 211 -- Minimisation finished with status=1
DEBUG: (function: improveOnce) CascadeMinimizer.cc: 212 -- finished with status 1 (covariance forced positive definite), this could indicate a problem with the minimim.
INFO: (function: improveOnce) CascadeMinimizer.cc: 216 -- Minimization success! status=0
INFO: (function: improveOnce) CascadeMinimizer.cc: 188 -- Minimisation configured with Type=Minuit2, Algo=Migrad, strategy=1, tolerance=0.1
INFO: (function: improveOnce) CascadeMinimizer.cc: 211 -- Minimisation finished with status=1
DEBUG: (function: improveOnce) CascadeMinimizer.cc: 212 -- finished with status 1 (covariance forced positive definite), this could indicate a problem with the minimim.
INFO: (function: improveOnce) CascadeMinimizer.cc: 216 -- Minimization success! status=0
INFO: (function: improveOnce) CascadeMinimizer.cc: 188 -- Minimisation configured with Type=Minuit2, Algo=Migrad, strategy=1, tolerance=0.1
INFO: (function: improveOnce) CascadeMinimizer.cc: 211 -- Minimisation finished with status=1
DEBUG: (function: improveOnce) CascadeMinimizer.cc: 212 -- finished with status 1 (covariance forced positive definite), this could indicate a problem with the minimim.
INFO: (function: improveOnce) CascadeMinimizer.cc: 216 -- Minimization success! status=0
INFO: (function: improveOnce) CascadeMinimizer.cc: 188 -- Minimisation configured with Type=Minuit2, Algo=Migrad, strategy=1, tolerance=0.1
INFO: (function: improveOnce) CascadeMinimizer.cc: 211 -- Minimisation finished with status=-1
DEBUG: (function: improveOnce) CascadeMinimizer.cc: 217 -- Minimization ended with latest status != 0 or 1
INFO: (function: improveOnce) CascadeMinimizer.cc: 188 -- Minimisation configured with Type=Minuit2, Algo=Migrad, strategy=1, tolerance=0.1
INFO: (function: improveOnce) CascadeMinimizer.cc: 211 -- Minimisation finished with status=1
DEBUG: (function: improveOnce) CascadeMinimizer.cc: 212 -- finished with status 1 (covariance forced positive definite), this could indicate a problem with the minimim.
INFO: (function: improveOnce) CascadeMinimizer.cc: 216 -- Minimization success! status=0
INFO: (function: improveOnce) CascadeMinimizer.cc: 188 -- Minimisation configured with Type=Minuit2, Algo=Migrad, strategy=1, tolerance=0.1
INFO: (function: improveOnce) CascadeMinimizer.cc: 211 -- Minimisation finished with status=0
INFO: (function: improveOnce) CascadeMinimizer.cc: 216 -- Minimization success! status=0
INFO: (function: improveOnce) CascadeMinimizer.cc: 188 -- Minimisation configured with Type=Minuit2, Algo=Migrad, strategy=1, tolerance=0.1
INFO: (function: improveOnce) CascadeMinimizer.cc: 211 -- Minimisation finished with status=1
DEBUG: (function: improveOnce) CascadeMinimizer.cc: 212 -- finished with status 1 (covariance forced positive definite), this could indicate a problem with the minimim.
INFO: (function: improveOnce) CascadeMinimizer.cc: 216 -- Minimization success! status=0
INFO: (function: improveOnce) CascadeMinimizer.cc: 188 -- Minimisation configured with Type=Minuit2, Algo=Migrad, strategy=1, tolerance=0.1
INFO: (function: improveOnce) CascadeMinimizer.cc: 211 -- Minimisation finished with status=0
INFO: (function: improveOnce) CascadeMinimizer.cc: 216 -- Minimization success! status=0
INFO: (function: improveOnce) CascadeMinimizer.cc: 188 -- Minimisation configured with Type=Minuit2, Algo=Migrad, strategy=1, tolerance=0.1
INFO: (function: improveOnce) CascadeMinimizer.cc: 211 -- Minimisation finished with status=1
DEBUG: (function: improveOnce) CascadeMinimizer.cc: 212 -- finished with status 1 (covariance forced positive definite), this could indicate a problem with the minimim.
INFO: (function: improveOnce) CascadeMinimizer.cc: 216 -- Minimization success! status=0
INFO: (function: improveOnce) CascadeMinimizer.cc: 188 -- Minimisation configured with Type=Minuit2, Algo=Migrad, strategy=1, tolerance=0.1
INFO: (function: improveOnce) CascadeMinimizer.cc: 211 -- Minimisation finished with status=1
DEBUG: (function: improveOnce) CascadeMinimizer.cc: 212 -- finished with status 1 (covariance forced positive definite), this could indicate a problem with the minimim.
INFO: (function: improveOnce) CascadeMinimizer.cc: 216 -- Minimization success! status=0
INFO: (function: improveOnce) CascadeMinimizer.cc: 188 -- Minimisation configured with Type=Minuit2, Algo=Migrad, strategy=1, tolerance=0.1
INFO: (function: improveOnce) CascadeMinimizer.cc: 211 -- Minimisation finished with status=1
DEBUG: (function: improveOnce) CascadeMinimizer.cc: 212 -- finished with status 1 (covariance forced positive definite), this could indicate a problem with the minimim.
INFO: (function: improveOnce) CascadeMinimizer.cc: 216 -- Minimization success! status=0
INFO: (function: improveOnce) CascadeMinimizer.cc: 188 -- Minimisation configured with Type=Minuit2, Algo=Migrad, strategy=1, tolerance=0.1
INFO: (function: improveOnce) CascadeMinimizer.cc: 211 -- Minimisation finished with status=-1
DEBUG: (function: improveOnce) CascadeMinimizer.cc: 217 -- Minimization ended with latest status != 0 or 1
INFO: (function: improveOnce) CascadeMinimizer.cc: 188 -- Minimisation configured with Type=Minuit2, Algo=Migrad, strategy=1, tolerance=0.1
INFO: (function: improveOnce) CascadeMinimizer.cc: 211 -- Minimisation finished with status=1
DEBUG: (function: improveOnce) CascadeMinimizer.cc: 212 -- finished with status 1 (covariance forced positive definite), this could indicate a problem with the minimim.
INFO: (function: improveOnce) CascadeMinimizer.cc: 216 -- Minimization success! status=0
INFO: (function: improveOnce) CascadeMinimizer.cc: 188 -- Minimisation configured with Type=Minuit2, Algo=Migrad, strategy=1, tolerance=0.1
INFO: (function: improveOnce) CascadeMinimizer.cc: 211 -- Minimisation finished with status=1
DEBUG: (function: improveOnce) CascadeMinimizer.cc: 212 -- finished with status 1 (covariance forced positive definite), this could indicate a problem with the minimim.
INFO: (function: improveOnce) CascadeMinimizer.cc: 216 -- Minimization success! status=0
INFO: (function: improveOnce) CascadeMinimizer.cc: 188 -- Minimisation configured with Type=Minuit2, Algo=Migrad, strategy=1, tolerance=0.1
INFO: (function: improveOnce) CascadeMinimizer.cc: 211 -- Minimisation finished with status=1
DEBUG: (function: improveOnce) CascadeMinimizer.cc: 212 -- finished with status 1 (covariance forced positive definite), this could indicate a problem with the minimim.
INFO: (function: improveOnce) CascadeMinimizer.cc: 216 -- Minimization success! status=0
INFO: (function: improveOnce) CascadeMinimizer.cc: 188 -- Minimisation configured with Type=Minuit2, Algo=Migrad, strategy=1, tolerance=0.1
INFO: (function: improveOnce) CascadeMinimizer.cc: 211 -- Minimisation finished with status=0
INFO: (function: improveOnce) CascadeMinimizer.cc: 216 -- Minimization success! status=0
INFO: (function: improveOnce) CascadeMinimizer.cc: 188 -- Minimisation configured with Type=Minuit2, Algo=Migrad, strategy=1, tolerance=0.1
INFO: (function: improveOnce) CascadeMinimizer.cc: 211 -- Minimisation finished with status=1
DEBUG: (function: improveOnce) CascadeMinimizer.cc: 212 -- finished with status 1 (covariance forced positive definite), this could indicate a problem with the minimim.
INFO: (function: improveOnce) CascadeMinimizer.cc: 216 -- Minimization success! status=0
INFO: (function: improveOnce) CascadeMinimizer.cc: 188 -- Minimisation configured with Type=Minuit2, Algo=Migrad, strategy=1, tolerance=0.1
INFO: (function: improveOnce) CascadeMinimizer.cc: 211 -- Minimisation finished with status=1
DEBUG: (function: improveOnce) CascadeMinimizer.cc: 212 -- finished with status 1 (covariance forced positive definite), this could indicate a problem with the minimim.
INFO: (function: improveOnce) CascadeMinimizer.cc: 216 -- Minimization success! status=0
INFO: (function: runLimit) AsymptoticLimits.cc: 193 -- NLL at global minimum of data = -413393 (r=2.06649)
INFO: (function: improveOnce) CascadeMinimizer.cc: 188 -- Minimisation configured with Type=Minuit2, Algo=Migrad, strategy=1, tolerance=0.1
INFO: (function: improveOnce) CascadeMinimizer.cc: 211 -- Minimisation finished with status=1
DEBUG: (function: improveOnce) CascadeMinimizer.cc: 212 -- finished with status 1 (covariance forced positive definite), this could indicate a problem with the minimim.
INFO: (function: improveOnce) CascadeMinimizer.cc: 216 -- Minimization success! status=0
INFO: (function: runLimit) AsymptoticLimits.cc: 213 -- NLL at global minimum of asimov = -413376 (r=0.0451559)
INFO: (function: improveOnce) CascadeMinimizer.cc: 188 -- Minimisation configured with Type=Minuit2, Algo=Migrad, strategy=1, tolerance=0.1
INFO: (function: improveOnce) CascadeMinimizer.cc: 211 -- Minimisation finished with status=-1
DEBUG: (function: improveOnce) CascadeMinimizer.cc: 217 -- Minimization ended with latest status != 0 or 1
INFO: (function: improveOnce) CascadeMinimizer.cc: 188 -- Minimisation configured with Type=Minuit2, Algo=Migrad, strategy=1, tolerance=0.1
INFO: (function: improveOnce) CascadeMinimizer.cc: 211 -- Minimisation finished with status=1
DEBUG: (function: improveOnce) CascadeMinimizer.cc: 212 -- finished with status 1 (covariance forced positive definite), this could indicate a problem with the minimim.
INFO: (function: improveOnce) CascadeMinimizer.cc: 216 -- Minimization success! status=0
INFO: (function: getCLs) AsymptoticLimits.cc: 343 -- At r = 3.266494:	q_mu = 3.91732	q_A  = 26.10704	CLsb = 0.02390	CLb  = 0.99913	CLs  = 0.02392
INFO: (function: improveOnce) CascadeMinimizer.cc: 188 -- Minimisation configured with Type=Minuit2, Algo=Migrad, strategy=1, tolerance=0.1
INFO: (function: improveOnce) CascadeMinimizer.cc: 211 -- Minimisation finished with status=-1
DEBUG: (function: improveOnce) CascadeMinimizer.cc: 217 -- Minimization ended with latest status != 0 or 1
INFO: (function: improveOnce) CascadeMinimizer.cc: 188 -- Minimisation configured with Type=Minuit2, Algo=Migrad, strategy=1, tolerance=0.1
INFO: (function: improveOnce) CascadeMinimizer.cc: 211 -- Minimisation finished with status=1
DEBUG: (function: improveOnce) CascadeMinimizer.cc: 212 -- finished with status 1 (covariance forced positive definite), this could indicate a problem with the minimim.
INFO: (function: improveOnce) CascadeMinimizer.cc: 216 -- Minimization success! status=0
INFO: (function: getCLs) AsymptoticLimits.cc: 343 -- At r = 2.666494:	q_mu = 0.00000	q_A  = 14.55095	CLsb = 0.50000	CLb  = 0.99993	CLs  = 0.50003
INFO: (function: improveOnce) CascadeMinimizer.cc: 188 -- Minimisation configured with Type=Minuit2, Algo=Migrad, strategy=1, tolerance=0.1
INFO: (function: improveOnce) CascadeMinimizer.cc: 211 -- Minimisation finished with status=1
DEBUG: (function: improveOnce) CascadeMinimizer.cc: 212 -- finished with status 1 (covariance forced positive definite), this could indicate a problem with the minimim.
INFO: (function: improveOnce) CascadeMinimizer.cc: 216 -- Minimization success! status=0
INFO: (function: improveOnce) CascadeMinimizer.cc: 188 -- Minimisation configured with Type=Minuit2, Algo=Migrad, strategy=1, tolerance=0.1
INFO: (function: improveOnce) CascadeMinimizer.cc: 211 -- Minimisation finished with status=1
DEBUG: (function: improveOnce) CascadeMinimizer.cc: 212 -- finished with status 1 (covariance forced positive definite), this could indicate a problem with the minimim.
INFO: (function: improveOnce) CascadeMinimizer.cc: 216 -- Minimization success! status=0
INFO: (function: getCLs) AsymptoticLimits.cc: 343 -- At r = 2.966494:	q_mu = 0.14644	q_A  = 19.52022	CLsb = 0.35098	CLb  = 0.99997	CLs  = 0.35099
INFO: (function: improveOnce) CascadeMinimizer.cc: 188 -- Minimisation configured with Type=Minuit2, Algo=Migrad, strategy=1, tolerance=0.1
INFO: (function: improveOnce) CascadeMinimizer.cc: 211 -- Minimisation finished with status=1
DEBUG: (function: improveOnce) CascadeMinimizer.cc: 212 -- finished with status 1 (covariance forced positive definite), this could indicate a problem with the minimim.
INFO: (function: improveOnce) CascadeMinimizer.cc: 216 -- Minimization success! status=0
INFO: (function: improveOnce) CascadeMinimizer.cc: 188 -- Minimisation configured with Type=Minuit2, Algo=Migrad, strategy=1, tolerance=0.1
INFO: (function: improveOnce) CascadeMinimizer.cc: 211 -- Minimisation finished with status=1
DEBUG: (function: improveOnce) CascadeMinimizer.cc: 212 -- finished with status 1 (covariance forced positive definite), this could indicate a problem with the minimim.
INFO: (function: improveOnce) CascadeMinimizer.cc: 216 -- Minimization success! status=0
INFO: (function: getCLs) AsymptoticLimits.cc: 343 -- At r = 3.116494:	q_mu = 1.13157	q_A  = 22.58760	CLsb = 0.14372	CLb  = 0.99989	CLs  = 0.14374
INFO: (function: improveOnce) CascadeMinimizer.cc: 188 -- Minimisation configured with Type=Minuit2, Algo=Migrad, strategy=1, tolerance=0.1
INFO: (function: improveOnce) CascadeMinimizer.cc: 211 -- Minimisation finished with status=1
DEBUG: (function: improveOnce) CascadeMinimizer.cc: 212 -- finished with status 1 (covariance forced positive definite), this could indicate a problem with the minimim.
INFO: (function: improveOnce) CascadeMinimizer.cc: 216 -- Minimization success! status=0
INFO: (function: improveOnce) CascadeMinimizer.cc: 188 -- Minimisation configured with Type=Minuit2, Algo=Migrad, strategy=1, tolerance=0.1
INFO: (function: improveOnce) CascadeMinimizer.cc: 211 -- Minimisation finished with status=1
DEBUG: (function: improveOnce) CascadeMinimizer.cc: 212 -- finished with status 1 (covariance forced positive definite), this could indicate a problem with the minimim.
INFO: (function: improveOnce) CascadeMinimizer.cc: 216 -- Minimization success! status=0
INFO: (function: getCLs) AsymptoticLimits.cc: 343 -- At r = 3.187150:	q_mu = 1.76724	q_A  = 24.18192	CLsb = 0.09186	CLb  = 0.99983	CLs  = 0.09188
INFO: (function: improveOnce) CascadeMinimizer.cc: 188 -- Minimisation configured with Type=Minuit2, Algo=Migrad, strategy=1, tolerance=0.1
INFO: (function: improveOnce) CascadeMinimizer.cc: 211 -- Minimisation finished with status=1
DEBUG: (function: improveOnce) CascadeMinimizer.cc: 212 -- finished with status 1 (covariance forced positive definite), this could indicate a problem with the minimim.
INFO: (function: improveOnce) CascadeMinimizer.cc: 216 -- Minimization success! status=0
INFO: (function: improveOnce) CascadeMinimizer.cc: 188 -- Minimisation configured with Type=Minuit2, Algo=Migrad, strategy=1, tolerance=0.1
INFO: (function: improveOnce) CascadeMinimizer.cc: 211 -- Minimisation finished with status=0
INFO: (function: improveOnce) CascadeMinimizer.cc: 216 -- Minimization success! status=0
INFO: (function: getCLs) AsymptoticLimits.cc: 343 -- At r = 3.231714:	q_mu = 2.21091	q_A  = 25.24848	CLsb = 0.06852	CLb  = 0.99980	CLs  = 0.06853
INFO: (function: improveOnce) CascadeMinimizer.cc: 188 -- Minimisation configured with Type=Minuit2, Algo=Migrad, strategy=1, tolerance=0.1
INFO: (function: improveOnce) CascadeMinimizer.cc: 211 -- Minimisation finished with status=1
DEBUG: (function: improveOnce) CascadeMinimizer.cc: 212 -- finished with status 1 (covariance forced positive definite), this could indicate a problem with the minimim.
INFO: (function: improveOnce) CascadeMinimizer.cc: 216 -- Minimization success! status=0
INFO: (function: improveOnce) CascadeMinimizer.cc: 188 -- Minimisation configured with Type=Minuit2, Algo=Migrad, strategy=1, tolerance=0.1
INFO: (function: improveOnce) CascadeMinimizer.cc: 211 -- Minimisation finished with status=1
DEBUG: (function: improveOnce) CascadeMinimizer.cc: 212 -- finished with status 1 (covariance forced positive definite), this could indicate a problem with the minimim.
INFO: (function: improveOnce) CascadeMinimizer.cc: 216 -- Minimization success! status=0
INFO: (function: getCLs) AsymptoticLimits.cc: 343 -- At r = 3.247003:	q_mu = 2.37977	q_A  = 25.62800	CLsb = 0.06146	CLb  = 0.99978	CLs  = 0.06147
INFO: (function: improveOnce) CascadeMinimizer.cc: 188 -- Minimisation configured with Type=Minuit2, Algo=Migrad, strategy=1, tolerance=0.1
INFO: (function: improveOnce) CascadeMinimizer.cc: 211 -- Minimisation finished with status=1
DEBUG: (function: improveOnce) CascadeMinimizer.cc: 212 -- finished with status 1 (covariance forced positive definite), this could indicate a problem with the minimim.
INFO: (function: improveOnce) CascadeMinimizer.cc: 216 -- Minimization success! status=0
INFO: (function: improveOnce) CascadeMinimizer.cc: 188 -- Minimisation configured with Type=Minuit2, Algo=Migrad, strategy=1, tolerance=0.1
INFO: (function: improveOnce) CascadeMinimizer.cc: 211 -- Minimisation finished with status=1
DEBUG: (function: improveOnce) CascadeMinimizer.cc: 212 -- finished with status 1 (covariance forced positive definite), this could indicate a problem with the minimim.
INFO: (function: improveOnce) CascadeMinimizer.cc: 216 -- Minimization success! status=0
INFO: (function: getCLs) AsymptoticLimits.cc: 343 -- At r = 3.254313:	q_mu = 2.46397	q_A  = 25.81242	CLsb = 0.05824	CLb  = 0.99978	CLs  = 0.05825
