
>>> random number generator seed is 123456
>>> method used is AsymptoticLimits
Nuisance parameters after fit for asimov dataset: 
  1) RooRealVar::                      lumi_13TeV_fullRun2 = -0.552072 +/- 0.878133
  2) RooRealVar::                                 datasyst = -3.35629 +/- 0.121862
  3) RooRealVar::                                  mcscale = 0.810438 +/- 0.163282
  4) RooRealVar::        prop_binmtt_bin0_ALP_ttbar_signal = 46048 +/- 213.857
  5) RooRealVar::        prop_binmtt_bin0_TTToSemiLeptonic = 49119 +/- 153.411
  6) RooRealVar::  prop_binmtt_bin0_ALP_ttbar_interference = 46048 +/- 213.857
  7) RooRealVar::        prop_binmtt_bin1_ALP_ttbar_signal = 33201 +/- 181.591
  8) RooRealVar::        prop_binmtt_bin1_TTToSemiLeptonic = 38341 +/- 110.787
  9) RooRealVar::  prop_binmtt_bin1_ALP_ttbar_interference = 33201 +/- 181.591
 10) RooRealVar::        prop_binmtt_bin2_ALP_ttbar_signal = 13130 +/- 114.198
 11) RooRealVar::        prop_binmtt_bin2_TTToSemiLeptonic = 14826.4 +/- 42.0607
 12) RooRealVar::  prop_binmtt_bin2_ALP_ttbar_interference = 13130 +/- 114.198
 13) RooRealVar::        prop_binmtt_bin3_ALP_ttbar_signal = 4779.01 +/- 68.8956
 14) RooRealVar::        prop_binmtt_bin3_TTToSemiLeptonic = 5384.33 +/- 15.6113
 15) RooRealVar::  prop_binmtt_bin3_ALP_ttbar_interference = 4779.01 +/- 68.8956
 16) RooRealVar::        prop_binmtt_bin4_ALP_ttbar_signal = 1745.01 +/- 41.6316
 17) RooRealVar::        prop_binmtt_bin4_TTToSemiLeptonic = 1985.06 +/- 6.16045
 18) RooRealVar::  prop_binmtt_bin4_ALP_ttbar_interference = 1745.01 +/- 41.6316
 19) RooRealVar::        prop_binmtt_bin5_ALP_ttbar_signal = 855.005 +/- 29.1413
 20) RooRealVar::        prop_binmtt_bin5_TTToSemiLeptonic = 965.892 +/- 3.10488
 21) RooRealVar::  prop_binmtt_bin5_ALP_ttbar_interference = 855.005 +/- 29.1413
 22) RooRealVar::        prop_binmtt_bin6_ALP_ttbar_signal = 770.005 +/- 27.6548
 23) RooRealVar::        prop_binmtt_bin6_TTToSemiLeptonic = 872.988 +/- 3.22374
 24) RooRealVar::  prop_binmtt_bin6_ALP_ttbar_interference = 770.005 +/- 27.6548
 25) RooRealVar::        prop_binmtt_bin7_ALP_ttbar_signal = 569.005 +/- 23.7728
 26) RooRealVar::        prop_binmtt_bin7_TTToSemiLeptonic = 626.481 +/- 2.3079
 27) RooRealVar::  prop_binmtt_bin7_ALP_ttbar_interference = 569.005 +/- 23.7728
 28) RooRealVar::        prop_binmtt_bin8_ALP_ttbar_signal = 741.005 +/- 27.129
 29) RooRealVar::        prop_binmtt_bin8_TTToSemiLeptonic = 855.237 +/- 3.96014
 30) RooRealVar::  prop_binmtt_bin8_ALP_ttbar_interference = 741.005 +/- 27.129
 31) RooRealVar::        prop_binmtt_bin9_ALP_ttbar_signal = 476.005 +/- 21.7434
 32) RooRealVar::        prop_binmtt_bin9_TTToSemiLeptonic = 522.795 +/- 2.28885
 33) RooRealVar::  prop_binmtt_bin9_ALP_ttbar_interference = 476.005 +/- 21.7434
 34) RooRealVar::       prop_binmtt_bin10_ALP_ttbar_signal = 315.005 +/- 17.688
 35) RooRealVar::       prop_binmtt_bin10_TTToSemiLeptonic = 364.374 +/- 2.2273
 36) RooRealVar:: prop_binmtt_bin10_ALP_ttbar_interference = 315.005 +/- 17.688
Global observables for data: 
  1) RooRealVar::                      lumi_13TeV_fullRun2_In = 0
  2) RooRealVar::                                 datasyst_In = 0
  3) RooRealVar::                                  mcscale_In = 0
  4) RooRealVar::        prop_binmtt_bin0_ALP_ttbar_signal_In = 46048
  5) RooRealVar::        prop_binmtt_bin0_TTToSemiLeptonic_In = 48452
  6) RooRealVar::  prop_binmtt_bin0_ALP_ttbar_interference_In = 46048
  7) RooRealVar::        prop_binmtt_bin1_ALP_ttbar_signal_In = 33201
  8) RooRealVar::        prop_binmtt_bin1_TTToSemiLeptonic_In = 38726
  9) RooRealVar::  prop_binmtt_bin1_ALP_ttbar_interference_In = 33201
 10) RooRealVar::        prop_binmtt_bin2_ALP_ttbar_signal_In = 13130
 11) RooRealVar::        prop_binmtt_bin2_TTToSemiLeptonic_In = 15124
 12) RooRealVar::  prop_binmtt_bin2_ALP_ttbar_interference_In = 13130
 13) RooRealVar::        prop_binmtt_bin3_ALP_ttbar_signal_In = 4779
 14) RooRealVar::        prop_binmtt_bin3_TTToSemiLeptonic_In = 5411
 15) RooRealVar::  prop_binmtt_bin3_ALP_ttbar_interference_In = 4779
 16) RooRealVar::        prop_binmtt_bin4_ALP_ttbar_signal_In = 1745
 17) RooRealVar::        prop_binmtt_bin4_TTToSemiLeptonic_In = 2019
 18) RooRealVar::  prop_binmtt_bin4_ALP_ttbar_interference_In = 1745
 19) RooRealVar::        prop_binmtt_bin5_ALP_ttbar_signal_In = 855
 20) RooRealVar::        prop_binmtt_bin5_TTToSemiLeptonic_In = 953
 21) RooRealVar::  prop_binmtt_bin5_ALP_ttbar_interference_In = 855
 22) RooRealVar::        prop_binmtt_bin6_ALP_ttbar_signal_In = 770
 23) RooRealVar::        prop_binmtt_bin6_TTToSemiLeptonic_In = 883
 24) RooRealVar::  prop_binmtt_bin6_ALP_ttbar_interference_In = 770
 25) RooRealVar::        prop_binmtt_bin7_ALP_ttbar_signal_In = 569
 26) RooRealVar::        prop_binmtt_bin7_TTToSemiLeptonic_In = 587
 27) RooRealVar::  prop_binmtt_bin7_ALP_ttbar_interference_In = 569
 28) RooRealVar::        prop_binmtt_bin8_ALP_ttbar_signal_In = 741
 29) RooRealVar::        prop_binmtt_bin8_TTToSemiLeptonic_In = 882
 30) RooRealVar::  prop_binmtt_bin8_ALP_ttbar_interference_In = 741
 31) RooRealVar::        prop_binmtt_bin9_ALP_ttbar_signal_In = 476
 32) RooRealVar::        prop_binmtt_bin9_TTToSemiLeptonic_In = 483
 33) RooRealVar::  prop_binmtt_bin9_ALP_ttbar_interference_In = 476
 34) RooRealVar::       prop_binmtt_bin10_ALP_ttbar_signal_In = 315
 35) RooRealVar::       prop_binmtt_bin10_TTToSemiLeptonic_In = 378
 36) RooRealVar:: prop_binmtt_bin10_ALP_ttbar_interference_In = 315
Global observables for asimov: 
  1) RooRealVar::                      lumi_13TeV_fullRun2_In = -0.552072
  2) RooRealVar::                                 datasyst_In = -3.35629
  3) RooRealVar::                                  mcscale_In = 0.810438
  4) RooRealVar::        prop_binmtt_bin0_ALP_ttbar_signal_In = 46048
  5) RooRealVar::        prop_binmtt_bin0_TTToSemiLeptonic_In = 49119
  6) RooRealVar::  prop_binmtt_bin0_ALP_ttbar_interference_In = 46048
  7) RooRealVar::        prop_binmtt_bin1_ALP_ttbar_signal_In = 33201
  8) RooRealVar::        prop_binmtt_bin1_TTToSemiLeptonic_In = 38341
  9) RooRealVar::  prop_binmtt_bin1_ALP_ttbar_interference_In = 33201
 10) RooRealVar::        prop_binmtt_bin2_ALP_ttbar_signal_In = 13130
 11) RooRealVar::        prop_binmtt_bin2_TTToSemiLeptonic_In = 14826.4
 12) RooRealVar::  prop_binmtt_bin2_ALP_ttbar_interference_In = 13130
 13) RooRealVar::        prop_binmtt_bin3_ALP_ttbar_signal_In = 4779.01
 14) RooRealVar::        prop_binmtt_bin3_TTToSemiLeptonic_In = 5384.33
 15) RooRealVar::  prop_binmtt_bin3_ALP_ttbar_interference_In = 4779.01
 16) RooRealVar::        prop_binmtt_bin4_ALP_ttbar_signal_In = 1745.01
 17) RooRealVar::        prop_binmtt_bin4_TTToSemiLeptonic_In = 1985.06
 18) RooRealVar::  prop_binmtt_bin4_ALP_ttbar_interference_In = 1745.01
 19) RooRealVar::        prop_binmtt_bin5_ALP_ttbar_signal_In = 855.005
 20) RooRealVar::        prop_binmtt_bin5_TTToSemiLeptonic_In = 965.892
 21) RooRealVar::  prop_binmtt_bin5_ALP_ttbar_interference_In = 855.005
 22) RooRealVar::        prop_binmtt_bin6_ALP_ttbar_signal_In = 770.005
 23) RooRealVar::        prop_binmtt_bin6_TTToSemiLeptonic_In = 872.988
 24) RooRealVar::  prop_binmtt_bin6_ALP_ttbar_interference_In = 770.005
 25) RooRealVar::        prop_binmtt_bin7_ALP_ttbar_signal_In = 569.005
 26) RooRealVar::        prop_binmtt_bin7_TTToSemiLeptonic_In = 626.481
 27) RooRealVar::  prop_binmtt_bin7_ALP_ttbar_interference_In = 569.005
 28) RooRealVar::        prop_binmtt_bin8_ALP_ttbar_signal_In = 741.005
 29) RooRealVar::        prop_binmtt_bin8_TTToSemiLeptonic_In = 855.237
 30) RooRealVar::  prop_binmtt_bin8_ALP_ttbar_interference_In = 741.005
 31) RooRealVar::        prop_binmtt_bin9_ALP_ttbar_signal_In = 476.005
 32) RooRealVar::        prop_binmtt_bin9_TTToSemiLeptonic_In = 522.795
 33) RooRealVar::  prop_binmtt_bin9_ALP_ttbar_interference_In = 476.005
 34) RooRealVar::       prop_binmtt_bin10_ALP_ttbar_signal_In = 315.005
 35) RooRealVar::       prop_binmtt_bin10_TTToSemiLeptonic_In = 364.374
 36) RooRealVar:: prop_binmtt_bin10_ALP_ttbar_interference_In = 315.005
SimNLL created with 1 channels, 33 generic constraints, 3 fast gaussian constraints, 0 fast poisson constraints, 0 fast group constraints, 
Fit to asimov dataset:

  RooFitResult: minimized FCN value: -908.516, estimated distance to minimum: 6.96956e-05
                covariance matrix quality: Full matrix, but forced positive-definite
                Status : MINIMIZE=1 

    Constant Parameter    Value     
  --------------------  ------------
                   ONE    1.0000e+00
           datasyst_In   -3.3563e+00
  lumi_13TeV_fullRun2_In   -5.5207e-01
            mcscale_In    8.1044e-01
  prop_binmtt_bin0_ALP_ttbar_interference_In    4.6048e+04
  prop_binmtt_bin0_ALP_ttbar_signal_In    4.6048e+04
  prop_binmtt_bin0_TTToSemiLeptonic_In    4.9119e+04
  prop_binmtt_bin10_ALP_ttbar_interference_In    3.1501e+02
  prop_binmtt_bin10_ALP_ttbar_signal_In    3.1501e+02
  prop_binmtt_bin10_TTToSemiLeptonic_In    3.6437e+02
  prop_binmtt_bin1_ALP_ttbar_interference_In    3.3201e+04
  prop_binmtt_bin1_ALP_ttbar_signal_In    3.3201e+04
  prop_binmtt_bin1_TTToSemiLeptonic_In    3.8341e+04
  prop_binmtt_bin2_ALP_ttbar_interference_In    1.3130e+04
  prop_binmtt_bin2_ALP_ttbar_signal_In    1.3130e+04
  prop_binmtt_bin2_TTToSemiLeptonic_In    1.4826e+04
  prop_binmtt_bin3_ALP_ttbar_interference_In    4.7790e+03
  prop_binmtt_bin3_ALP_ttbar_signal_In    4.7790e+03
  prop_binmtt_bin3_TTToSemiLeptonic_In    5.3843e+03
  prop_binmtt_bin4_ALP_ttbar_interference_In    1.7450e+03
  prop_binmtt_bin4_ALP_ttbar_signal_In    1.7450e+03
  prop_binmtt_bin4_TTToSemiLeptonic_In    1.9851e+03
  prop_binmtt_bin5_ALP_ttbar_interference_In    8.5501e+02
  prop_binmtt_bin5_ALP_ttbar_signal_In    8.5501e+02
  prop_binmtt_bin5_TTToSemiLeptonic_In    9.6589e+02
  prop_binmtt_bin6_ALP_ttbar_interference_In    7.7001e+02
  prop_binmtt_bin6_ALP_ttbar_signal_In    7.7001e+02
  prop_binmtt_bin6_TTToSemiLeptonic_In    8.7299e+02
  prop_binmtt_bin7_ALP_ttbar_interference_In    5.6901e+02
  prop_binmtt_bin7_ALP_ttbar_signal_In    5.6901e+02
  prop_binmtt_bin7_TTToSemiLeptonic_In    6.2648e+02
  prop_binmtt_bin8_ALP_ttbar_interference_In    7.4101e+02
  prop_binmtt_bin8_ALP_ttbar_signal_In    7.4101e+02
  prop_binmtt_bin8_TTToSemiLeptonic_In    8.5524e+02
  prop_binmtt_bin9_ALP_ttbar_interference_In    4.7601e+02
  prop_binmtt_bin9_ALP_ttbar_signal_In    4.7601e+02
  prop_binmtt_bin9_TTToSemiLeptonic_In    5.2279e+02

    Floating Parameter  InitialValue    FinalValue +/-  Error     GblCorr.
  --------------------  ------------  --------------------------  --------
              datasyst   -3.3563e+00   -3.3038e+00 +/-  4.91e-02  <none>
   lumi_13TeV_fullRun2   -5.5207e-01   -5.4037e-01 +/-  1.28e-01  <none>
               mcscale    8.1044e-01    7.6997e-01 +/-  1.79e-02  <none>
  prop_binmtt_bin0_ALP_ttbar_interference    4.6048e+04    4.6048e+04 +/-  2.13e+02  <none>
  prop_binmtt_bin0_ALP_ttbar_signal    4.6048e+04    4.6048e+04 +/-  2.13e+02  <none>
  prop_binmtt_bin0_TTToSemiLeptonic    4.9119e+04    4.9117e+04 +/-  9.30e+01  <none>
  prop_binmtt_bin10_ALP_ttbar_interference    3.1501e+02    3.1500e+02 +/-  1.76e+01  <none>
  prop_binmtt_bin10_ALP_ttbar_signal    3.1501e+02    3.1501e+02 +/-  1.76e+01  <none>
  prop_binmtt_bin10_TTToSemiLeptonic    3.6437e+02    3.6503e+02 +/-  1.35e+00  <none>
  prop_binmtt_bin1_ALP_ttbar_interference    3.3201e+04    3.3201e+04 +/-  1.81e+02  <none>
  prop_binmtt_bin1_ALP_ttbar_signal    3.3201e+04    3.3201e+04 +/-  1.81e+02  <none>
  prop_binmtt_bin1_TTToSemiLeptonic    3.8341e+04    3.8329e+04 +/-  6.85e+01  <none>
  prop_binmtt_bin2_ALP_ttbar_interference    1.3130e+04    1.3130e+04 +/-  1.14e+02  <none>
  prop_binmtt_bin2_ALP_ttbar_signal    1.3130e+04    1.3130e+04 +/-  1.14e+02  <none>
  prop_binmtt_bin2_TTToSemiLeptonic    1.4826e+04    1.4831e+04 +/-  2.51e+01  <none>
  prop_binmtt_bin3_ALP_ttbar_interference    4.7790e+03    4.7790e+03 +/-  6.87e+01  <none>
  prop_binmtt_bin3_ALP_ttbar_signal    4.7790e+03    4.7790e+03 +/-  6.87e+01  <none>
  prop_binmtt_bin3_TTToSemiLeptonic    5.3843e+03    5.3871e+03 +/-  9.54e+00  <none>
  prop_binmtt_bin4_ALP_ttbar_interference    1.7450e+03    1.7449e+03 +/-  4.15e+01  <none>
  prop_binmtt_bin4_ALP_ttbar_signal    1.7450e+03    1.7450e+03 +/-  4.15e+01  <none>
  prop_binmtt_bin4_TTToSemiLeptonic    1.9851e+03    1.9865e+03 +/-  3.71e+00  <none>
  prop_binmtt_bin5_ALP_ttbar_interference    8.5501e+02    8.5494e+02 +/-  2.91e+01  <none>
  prop_binmtt_bin5_ALP_ttbar_signal    8.5501e+02    8.5499e+02 +/-  2.91e+01  <none>
  prop_binmtt_bin5_TTToSemiLeptonic    9.6589e+02    9.6667e+02 +/-  1.99e+00  <none>
  prop_binmtt_bin6_ALP_ttbar_interference    7.7001e+02    7.6998e+02 +/-  2.76e+01  <none>
  prop_binmtt_bin6_ALP_ttbar_signal    7.7001e+02    7.7000e+02 +/-  2.76e+01  <none>
  prop_binmtt_bin6_TTToSemiLeptonic    8.7299e+02    8.7396e+02 +/-  1.86e+00  <none>
  prop_binmtt_bin7_ALP_ttbar_interference    5.6901e+02    5.6901e+02 +/-  2.37e+01  <none>
  prop_binmtt_bin7_ALP_ttbar_signal    5.6901e+02    5.6900e+02 +/-  2.37e+01  <none>
  prop_binmtt_bin7_TTToSemiLeptonic    6.2648e+02    6.2711e+02 +/-  1.57e+00  <none>
  prop_binmtt_bin8_ALP_ttbar_interference    7.4101e+02    7.4100e+02 +/-  2.71e+01  <none>
  prop_binmtt_bin8_ALP_ttbar_signal    7.4101e+02    7.4101e+02 +/-  2.71e+01  <none>
  prop_binmtt_bin8_TTToSemiLeptonic    8.5524e+02    8.5648e+02 +/-  2.18e+00  <none>
  prop_binmtt_bin9_ALP_ttbar_interference    4.7601e+02    4.7599e+02 +/-  2.17e+01  <none>
  prop_binmtt_bin9_ALP_ttbar_signal    4.7601e+02    4.7601e+02 +/-  2.17e+01  <none>
  prop_binmtt_bin9_TTToSemiLeptonic    5.2279e+02    5.2340e+02 +/-  1.68e+00  <none>
                     r    2.0000e-01    6.0899e-02 +/-  5.88e-02  <none>

At r = 1.304688:	delta(nll) = 1.92003
Median for expected limits: 1.30469
Sigma  for expected limits: 0.665669
At r = 2.585280:	delta(nll) = 6.53709
SimNLL created with 1 channels, 33 generic constraints, 3 fast gaussian constraints, 0 fast poisson constraints, 0 fast group constraints, 
SimNLL created with 1 channels, 33 generic constraints, 3 fast gaussian constraints, 0 fast poisson constraints, 0 fast group constraints, 
Restricting r to positive values.
  1) RooRealVar::                                         ONE = 1
  2) RooRealVar::                                    datasyst = 0 +/- 1
  3) RooRealVar::                                 datasyst_In = 0
  4) RooRealVar::                         lumi_13TeV_fullRun2 = 0 +/- 1
  5) RooRealVar::                      lumi_13TeV_fullRun2_In = 0
  6) RooRealVar::                                     mcscale = 0 +/- 1
  7) RooRealVar::                                  mcscale_In = 0
  8) RooRealVar::     prop_binmtt_bin0_ALP_ttbar_interference = 46048
  9) RooRealVar::  prop_binmtt_bin0_ALP_ttbar_interference_In = 46048
 10) RooRealVar::           prop_binmtt_bin0_ALP_ttbar_signal = 46048
 11) RooRealVar::        prop_binmtt_bin0_ALP_ttbar_signal_In = 46048
 12) RooRealVar::           prop_binmtt_bin0_TTToSemiLeptonic = 48452
 13) RooRealVar::        prop_binmtt_bin0_TTToSemiLeptonic_In = 48452
 14) RooRealVar::    prop_binmtt_bin10_ALP_ttbar_interference = 315
 15) RooRealVar:: prop_binmtt_bin10_ALP_ttbar_interference_In = 315
 16) RooRealVar::          prop_binmtt_bin10_ALP_ttbar_signal = 315
 17) RooRealVar::       prop_binmtt_bin10_ALP_ttbar_signal_In = 315
 18) RooRealVar::          prop_binmtt_bin10_TTToSemiLeptonic = 378
 19) RooRealVar::       prop_binmtt_bin10_TTToSemiLeptonic_In = 378
 20) RooRealVar::     prop_binmtt_bin1_ALP_ttbar_interference = 33201
 21) RooRealVar::  prop_binmtt_bin1_ALP_ttbar_interference_In = 33201
 22) RooRealVar::           prop_binmtt_bin1_ALP_ttbar_signal = 33201
 23) RooRealVar::        prop_binmtt_bin1_ALP_ttbar_signal_In = 33201
 24) RooRealVar::           prop_binmtt_bin1_TTToSemiLeptonic = 38726
 25) RooRealVar::        prop_binmtt_bin1_TTToSemiLeptonic_In = 38726
 26) RooRealVar::     prop_binmtt_bin2_ALP_ttbar_interference = 13130
 27) RooRealVar::  prop_binmtt_bin2_ALP_ttbar_interference_In = 13130
 28) RooRealVar::           prop_binmtt_bin2_ALP_ttbar_signal = 13130
 29) RooRealVar::        prop_binmtt_bin2_ALP_ttbar_signal_In = 13130
 30) RooRealVar::           prop_binmtt_bin2_TTToSemiLeptonic = 15124
 31) RooRealVar::        prop_binmtt_bin2_TTToSemiLeptonic_In = 15124
 32) RooRealVar::     prop_binmtt_bin3_ALP_ttbar_interference = 4779
 33) RooRealVar::  prop_binmtt_bin3_ALP_ttbar_interference_In = 4779
 34) RooRealVar::           prop_binmtt_bin3_ALP_ttbar_signal = 4779
 35) RooRealVar::        prop_binmtt_bin3_ALP_ttbar_signal_In = 4779
 36) RooRealVar::           prop_binmtt_bin3_TTToSemiLeptonic = 5411
 37) RooRealVar::        prop_binmtt_bin3_TTToSemiLeptonic_In = 5411
 38) RooRealVar::     prop_binmtt_bin4_ALP_ttbar_interference = 1745
 39) RooRealVar::  prop_binmtt_bin4_ALP_ttbar_interference_In = 1745
 40) RooRealVar::           prop_binmtt_bin4_ALP_ttbar_signal = 1745
 41) RooRealVar::        prop_binmtt_bin4_ALP_ttbar_signal_In = 1745
 42) RooRealVar::           prop_binmtt_bin4_TTToSemiLeptonic = 2019
 43) RooRealVar::        prop_binmtt_bin4_TTToSemiLeptonic_In = 2019
 44) RooRealVar::     prop_binmtt_bin5_ALP_ttbar_interference = 855
 45) RooRealVar::  prop_binmtt_bin5_ALP_ttbar_interference_In = 855
 46) RooRealVar::           prop_binmtt_bin5_ALP_ttbar_signal = 855
 47) RooRealVar::        prop_binmtt_bin5_ALP_ttbar_signal_In = 855
 48) RooRealVar::           prop_binmtt_bin5_TTToSemiLeptonic = 953
 49) RooRealVar::        prop_binmtt_bin5_TTToSemiLeptonic_In = 953
 50) RooRealVar::     prop_binmtt_bin6_ALP_ttbar_interference = 770
 51) RooRealVar::  prop_binmtt_bin6_ALP_ttbar_interference_In = 770
 52) RooRealVar::           prop_binmtt_bin6_ALP_ttbar_signal = 770
 53) RooRealVar::        prop_binmtt_bin6_ALP_ttbar_signal_In = 770
 54) RooRealVar::           prop_binmtt_bin6_TTToSemiLeptonic = 883
 55) RooRealVar::        prop_binmtt_bin6_TTToSemiLeptonic_In = 883
 56) RooRealVar::     prop_binmtt_bin7_ALP_ttbar_interference = 569
 57) RooRealVar::  prop_binmtt_bin7_ALP_ttbar_interference_In = 569
 58) RooRealVar::           prop_binmtt_bin7_ALP_ttbar_signal = 569
 59) RooRealVar::        prop_binmtt_bin7_ALP_ttbar_signal_In = 569
 60) RooRealVar::           prop_binmtt_bin7_TTToSemiLeptonic = 587
 61) RooRealVar::        prop_binmtt_bin7_TTToSemiLeptonic_In = 587
 62) RooRealVar::     prop_binmtt_bin8_ALP_ttbar_interference = 741
 63) RooRealVar::  prop_binmtt_bin8_ALP_ttbar_interference_In = 741
 64) RooRealVar::           prop_binmtt_bin8_ALP_ttbar_signal = 741
 65) RooRealVar::        prop_binmtt_bin8_ALP_ttbar_signal_In = 741
 66) RooRealVar::           prop_binmtt_bin8_TTToSemiLeptonic = 882
 67) RooRealVar::        prop_binmtt_bin8_TTToSemiLeptonic_In = 882
 68) RooRealVar::     prop_binmtt_bin9_ALP_ttbar_interference = 476
 69) RooRealVar::  prop_binmtt_bin9_ALP_ttbar_interference_In = 476
 70) RooRealVar::           prop_binmtt_bin9_ALP_ttbar_signal = 476
 71) RooRealVar::        prop_binmtt_bin9_ALP_ttbar_signal_In = 476
 72) RooRealVar::           prop_binmtt_bin9_TTToSemiLeptonic = 483
 73) RooRealVar::        prop_binmtt_bin9_TTToSemiLeptonic_In = 483
 74) RooRealVar::                                           r = 2

Make global fit of real data
NLL at global minimum of data: -412435 (r = 1.84907)
   0) ONE                            =         1
   1) datasyst                       =  -2.61521
   2) datasyst_In                    =         0
   3) lumi_13TeV_fullRun2            = -0.108303
   4) lumi_13TeV_fullRun2_In         =         0
   5) mcscale                        = -0.385029
   6) mcscale_In                     =         0
   7) prop_binmtt_bin0_ALP_ttbar_interference =   46093.6
   8) prop_binmtt_bin0_ALP_ttbar_interference_In =     46048
   9) prop_binmtt_bin0_ALP_ttbar_signal =   46061.7
  10) prop_binmtt_bin0_ALP_ttbar_signal_In =     46048
  11) prop_binmtt_bin0_TTToSemiLeptonic =   48941.7
  12) prop_binmtt_bin0_TTToSemiLeptonic_In =     48452
  13) prop_binmtt_bin10_ALP_ttbar_interference =   314.555
  14) prop_binmtt_bin10_ALP_ttbar_interference_In =       315
  15) prop_binmtt_bin10_ALP_ttbar_signal =   313.966
  16) prop_binmtt_bin10_ALP_ttbar_signal_In =       315
  17) prop_binmtt_bin10_TTToSemiLeptonic =   368.103
  18) prop_binmtt_bin10_TTToSemiLeptonic_In =       378
  19) prop_binmtt_bin1_ALP_ttbar_interference =   33155.3
  20) prop_binmtt_bin1_ALP_ttbar_interference_In =     33201
  21) prop_binmtt_bin1_ALP_ttbar_signal =   33183.8
  22) prop_binmtt_bin1_ALP_ttbar_signal_In =     33201
  23) prop_binmtt_bin1_TTToSemiLeptonic =   38148.9
  24) prop_binmtt_bin1_TTToSemiLeptonic_In =     38726
  25) prop_binmtt_bin2_ALP_ttbar_interference =   13120.9
  26) prop_binmtt_bin2_ALP_ttbar_interference_In =     13130
  27) prop_binmtt_bin2_ALP_ttbar_signal =   13125.5
  28) prop_binmtt_bin2_ALP_ttbar_signal_In =     13130
  29) prop_binmtt_bin2_TTToSemiLeptonic =   14979.1
  30) prop_binmtt_bin2_TTToSemiLeptonic_In =     15124
  31) prop_binmtt_bin3_ALP_ttbar_interference =   4782.45
  32) prop_binmtt_bin3_ALP_ttbar_interference_In =      4779
  33) prop_binmtt_bin3_ALP_ttbar_signal =   4781.14
  34) prop_binmtt_bin3_ALP_ttbar_signal_In =      4779
  35) prop_binmtt_bin3_TTToSemiLeptonic =   5472.29
  36) prop_binmtt_bin3_TTToSemiLeptonic_In =      5411
  37) prop_binmtt_bin4_ALP_ttbar_interference =    1745.3
  38) prop_binmtt_bin4_ALP_ttbar_interference_In =      1745
  39) prop_binmtt_bin4_ALP_ttbar_signal =    1745.2
  40) prop_binmtt_bin4_ALP_ttbar_signal_In =      1745
  41) prop_binmtt_bin4_TTToSemiLeptonic =   2024.97
  42) prop_binmtt_bin4_TTToSemiLeptonic_In =      2019
  43) prop_binmtt_bin5_ALP_ttbar_interference =   856.817
  44) prop_binmtt_bin5_ALP_ttbar_interference_In =       855
  45) prop_binmtt_bin5_ALP_ttbar_signal =   856.506
  46) prop_binmtt_bin5_ALP_ttbar_signal_In =       855
  47) prop_binmtt_bin5_TTToSemiLeptonic =   987.265
  48) prop_binmtt_bin5_TTToSemiLeptonic_In =       953
  49) prop_binmtt_bin6_ALP_ttbar_interference =   770.501
  50) prop_binmtt_bin6_ALP_ttbar_interference_In =       770
  51) prop_binmtt_bin6_ALP_ttbar_signal =   770.483
  52) prop_binmtt_bin6_ALP_ttbar_signal_In =       770
  53) prop_binmtt_bin6_TTToSemiLeptonic =   893.913
  54) prop_binmtt_bin6_TTToSemiLeptonic_In =       883
  55) prop_binmtt_bin7_ALP_ttbar_interference =    571.54
  56) prop_binmtt_bin7_ALP_ttbar_interference_In =       569
  57) prop_binmtt_bin7_ALP_ttbar_signal =   571.953
  58) prop_binmtt_bin7_ALP_ttbar_signal_In =       569
  59) prop_binmtt_bin7_TTToSemiLeptonic =   642.063
  60) prop_binmtt_bin7_TTToSemiLeptonic_In =       587
  61) prop_binmtt_bin8_ALP_ttbar_interference =   740.601
  62) prop_binmtt_bin8_ALP_ttbar_interference_In =       741
  63) prop_binmtt_bin8_ALP_ttbar_signal =   740.463
  64) prop_binmtt_bin8_ALP_ttbar_signal_In =       741
  65) prop_binmtt_bin8_TTToSemiLeptonic =   873.566
  66) prop_binmtt_bin8_TTToSemiLeptonic_In =       882
  67) prop_binmtt_bin9_ALP_ttbar_interference =   478.157
  68) prop_binmtt_bin9_ALP_ttbar_interference_In =       476
  69) prop_binmtt_bin9_ALP_ttbar_signal =   479.628
  70) prop_binmtt_bin9_ALP_ttbar_signal_In =       476
  71) prop_binmtt_bin9_TTToSemiLeptonic =   530.917
  72) prop_binmtt_bin9_TTToSemiLeptonic_In =       483
  73) r                              =   1.84907


Make global fit of asimov data
NLL at global minimum of asimov: -412413 (r = 0.0223603)
   0) ONE                            =         1
   1) datasyst                       =  -3.36468
   2) datasyst_In                    =  -3.35629
   3) lumi_13TeV_fullRun2            =   -1.5773
   4) lumi_13TeV_fullRun2_In         = -0.552072
   5) mcscale                        =  -1.04316
   6) mcscale_In                     =  0.810438
   7) prop_binmtt_bin0_ALP_ttbar_interference =   45964.2
   8) prop_binmtt_bin0_ALP_ttbar_interference_In =     46048
   9) prop_binmtt_bin0_ALP_ttbar_signal =   46002.9
  10) prop_binmtt_bin0_ALP_ttbar_signal_In =     46048
  11) prop_binmtt_bin0_TTToSemiLeptonic =   48671.1
  12) prop_binmtt_bin0_TTToSemiLeptonic_In =     49119
  13) prop_binmtt_bin10_ALP_ttbar_interference =   312.194
  14) prop_binmtt_bin10_ALP_ttbar_interference_In =   315.005
  15) prop_binmtt_bin10_ALP_ttbar_signal =   304.746
  16) prop_binmtt_bin10_ALP_ttbar_signal_In =   315.005
  17) prop_binmtt_bin10_TTToSemiLeptonic =   337.266
  18) prop_binmtt_bin10_TTToSemiLeptonic_In =   364.374
  19) prop_binmtt_bin1_ALP_ttbar_interference =   33191.8
  20) prop_binmtt_bin1_ALP_ttbar_interference_In =     33201
  21) prop_binmtt_bin1_ALP_ttbar_signal =   33194.6
  22) prop_binmtt_bin1_ALP_ttbar_signal_In =     33201
  23) prop_binmtt_bin1_TTToSemiLeptonic =   38280.7
  24) prop_binmtt_bin1_TTToSemiLeptonic_In =     38341
  25) prop_binmtt_bin2_ALP_ttbar_interference =     13167
  26) prop_binmtt_bin2_ALP_ttbar_interference_In =     13130
  27) prop_binmtt_bin2_ALP_ttbar_signal =   13162.1
  28) prop_binmtt_bin2_ALP_ttbar_signal_In =     13130
  29) prop_binmtt_bin2_TTToSemiLeptonic =   15099.7
  30) prop_binmtt_bin2_TTToSemiLeptonic_In =   14826.4
  31) prop_binmtt_bin3_ALP_ttbar_interference =   4796.96
  32) prop_binmtt_bin3_ALP_ttbar_interference_In =   4779.01
  33) prop_binmtt_bin3_ALP_ttbar_signal =    4798.2
  34) prop_binmtt_bin3_ALP_ttbar_signal_In =   4779.01
  35) prop_binmtt_bin3_TTToSemiLeptonic =   5530.66
  36) prop_binmtt_bin3_TTToSemiLeptonic_In =   5384.33
  37) prop_binmtt_bin4_ALP_ttbar_interference =   1751.02
  38) prop_binmtt_bin4_ALP_ttbar_interference_In =   1745.01
  39) prop_binmtt_bin4_ALP_ttbar_signal =    1752.7
  40) prop_binmtt_bin4_ALP_ttbar_signal_In =   1745.01
  41) prop_binmtt_bin4_TTToSemiLeptonic =   2036.02
  42) prop_binmtt_bin4_TTToSemiLeptonic_In =   1985.06
  43) prop_binmtt_bin5_ALP_ttbar_interference =   857.928
  44) prop_binmtt_bin5_ALP_ttbar_interference_In =   855.005
  45) prop_binmtt_bin5_ALP_ttbar_signal =   859.411
  46) prop_binmtt_bin5_ALP_ttbar_signal_In =   855.005
  47) prop_binmtt_bin5_TTToSemiLeptonic =   993.279
  48) prop_binmtt_bin5_TTToSemiLeptonic_In =   965.892
  49) prop_binmtt_bin6_ALP_ttbar_interference =   771.494
  50) prop_binmtt_bin6_ALP_ttbar_interference_In =   770.005
  51) prop_binmtt_bin6_ALP_ttbar_signal =   772.672
  52) prop_binmtt_bin6_ALP_ttbar_signal_In =   770.005
  53) prop_binmtt_bin6_TTToSemiLeptonic =   886.733
  54) prop_binmtt_bin6_TTToSemiLeptonic_In =   872.988
  55) prop_binmtt_bin7_ALP_ttbar_interference =   570.409
  56) prop_binmtt_bin7_ALP_ttbar_interference_In =   569.005
  57) prop_binmtt_bin7_ALP_ttbar_signal =   571.996
  58) prop_binmtt_bin7_ALP_ttbar_signal_In =   569.005
  59) prop_binmtt_bin7_TTToSemiLeptonic =   641.026
  60) prop_binmtt_bin7_TTToSemiLeptonic_In =   626.481
  61) prop_binmtt_bin8_ALP_ttbar_interference =   739.567
  62) prop_binmtt_bin8_ALP_ttbar_interference_In =   741.005
  63) prop_binmtt_bin8_ALP_ttbar_signal =   737.387
  64) prop_binmtt_bin8_ALP_ttbar_signal_In =   741.005
  65) prop_binmtt_bin8_TTToSemiLeptonic =   841.552
  66) prop_binmtt_bin8_TTToSemiLeptonic_In =   855.237
  67) prop_binmtt_bin9_ALP_ttbar_interference =   474.951
  68) prop_binmtt_bin9_ALP_ttbar_interference_In =   476.005
  69) prop_binmtt_bin9_ALP_ttbar_signal =   472.842
  70) prop_binmtt_bin9_ALP_ttbar_signal_In =   476.005
  71) prop_binmtt_bin9_TTToSemiLeptonic =   511.776
  72) prop_binmtt_bin9_TTToSemiLeptonic_In =   522.795
  73) r                              =   3.32513

At r = 3.325135:	q_mu = 2.74567	q_A  = 23.61597	CLsb = 0.04876	CLb  = 0.99932	CLs  = 0.04879

 -- AsymptoticLimits ( CLs ) --
Observed Limit: r < 3.3251
Expected  2.5%: r < 0.6218
Expected 16.0%: r < 0.8725
Expected 50.0%: r < 1.3047
Expected 84.0%: r < 1.9340
Expected 97.5%: r < 2.5853

Done in 0.04 min (cpu), 0.04 min (real)
Printing Message Summary From ... combine_logger.out
----------------------------------------------
Messages of type INFO : 191
Messages of type DEBUG : 57
Messages of type ERROR : 0
----------------------------------------------
INFO: (function: improveOnce) CascadeMinimizer.cc: 188 -- Minimisation configured with Type=Minuit2, Algo=Migrad, strategy=1, tolerance=0.1
INFO: (function: improveOnce) CascadeMinimizer.cc: 211 -- Minimisation finished with status=0
INFO: (function: improveOnce) CascadeMinimizer.cc: 216 -- Minimization success! status=0
INFO: (function: generateAsimov) ToyMCSamplerOpt.cc: 139 -- Using internal logic for binned/unbinned Asimov dataset generation
INFO: (function: generateWithHisto) ToyMCSamplerOpt.cc: 214 -- Generating asimov with histogram for pdf pdf_binmtt_obsOnly: in 15 x-bins
INFO: (function: improveOnce) CascadeMinimizer.cc: 188 -- Minimisation configured with Type=Minuit2, Algo=Migrad, strategy=1, tolerance=0.1
INFO: (function: improveOnce) CascadeMinimizer.cc: 211 -- Minimisation finished with status=1
DEBUG: (function: improveOnce) CascadeMinimizer.cc: 212 -- finished with status 1 (covariance forced positive definite), this could indicate a problem with the minimim.
INFO: (function: improveOnce) CascadeMinimizer.cc: 216 -- Minimization success! status=0
DEBUG: (function: runLimitExpected) AsymptoticLimits.cc: 423 -- Best fit of asimov dataset is at r = 0.060899 (0.003045 times rMax), while it should be at zero
INFO: (function: improveOnce) CascadeMinimizer.cc: 188 -- Minimisation configured with Type=Minuit2, Algo=Migrad, strategy=1, tolerance=0.1
INFO: (function: improveOnce) CascadeMinimizer.cc: 211 -- Minimisation finished with status=1
DEBUG: (function: improveOnce) CascadeMinimizer.cc: 212 -- finished with status 1 (covariance forced positive definite), this could indicate a problem with the minimim.
INFO: (function: improveOnce) CascadeMinimizer.cc: 216 -- Minimization success! status=0
INFO: (function: improveOnce) CascadeMinimizer.cc: 188 -- Minimisation configured with Type=Minuit2, Algo=Migrad, strategy=1, tolerance=0.1
INFO: (function: improveOnce) CascadeMinimizer.cc: 211 -- Minimisation finished with status=1
DEBUG: (function: improveOnce) CascadeMinimizer.cc: 212 -- finished with status 1 (covariance forced positive definite), this could indicate a problem with the minimim.
INFO: (function: improveOnce) CascadeMinimizer.cc: 216 -- Minimization success! status=0
INFO: (function: improveOnce) CascadeMinimizer.cc: 188 -- Minimisation configured with Type=Minuit2, Algo=Migrad, strategy=1, tolerance=0.1
INFO: (function: improveOnce) CascadeMinimizer.cc: 211 -- Minimisation finished with status=0
INFO: (function: improveOnce) CascadeMinimizer.cc: 216 -- Minimization success! status=0
INFO: (function: improveOnce) CascadeMinimizer.cc: 188 -- Minimisation configured with Type=Minuit2, Algo=Migrad, strategy=1, tolerance=0.1
INFO: (function: improveOnce) CascadeMinimizer.cc: 211 -- Minimisation finished with status=1
DEBUG: (function: improveOnce) CascadeMinimizer.cc: 212 -- finished with status 1 (covariance forced positive definite), this could indicate a problem with the minimim.
INFO: (function: improveOnce) CascadeMinimizer.cc: 216 -- Minimization success! status=0
INFO: (function: improveOnce) CascadeMinimizer.cc: 188 -- Minimisation configured with Type=Minuit2, Algo=Migrad, strategy=1, tolerance=0.1
INFO: (function: improveOnce) CascadeMinimizer.cc: 211 -- Minimisation finished with status=1
DEBUG: (function: improveOnce) CascadeMinimizer.cc: 212 -- finished with status 1 (covariance forced positive definite), this could indicate a problem with the minimim.
INFO: (function: improveOnce) CascadeMinimizer.cc: 216 -- Minimization success! status=0
INFO: (function: improveOnce) CascadeMinimizer.cc: 188 -- Minimisation configured with Type=Minuit2, Algo=Migrad, strategy=1, tolerance=0.1
INFO: (function: improveOnce) CascadeMinimizer.cc: 211 -- Minimisation finished with status=1
DEBUG: (function: improveOnce) CascadeMinimizer.cc: 212 -- finished with status 1 (covariance forced positive definite), this could indicate a problem with the minimim.
INFO: (function: improveOnce) CascadeMinimizer.cc: 216 -- Minimization success! status=0
INFO: (function: improveOnce) CascadeMinimizer.cc: 188 -- Minimisation configured with Type=Minuit2, Algo=Migrad, strategy=1, tolerance=0.1
INFO: (function: improveOnce) CascadeMinimizer.cc: 211 -- Minimisation finished with status=0
INFO: (function: improveOnce) CascadeMinimizer.cc: 216 -- Minimization success! status=0
INFO: (function: improveOnce) CascadeMinimizer.cc: 188 -- Minimisation configured with Type=Minuit2, Algo=Migrad, strategy=1, tolerance=0.1
INFO: (function: improveOnce) CascadeMinimizer.cc: 211 -- Minimisation finished with status=1
DEBUG: (function: improveOnce) CascadeMinimizer.cc: 212 -- finished with status 1 (covariance forced positive definite), this could indicate a problem with the minimim.
INFO: (function: improveOnce) CascadeMinimizer.cc: 216 -- Minimization success! status=0
INFO: (function: improveOnce) CascadeMinimizer.cc: 188 -- Minimisation configured with Type=Minuit2, Algo=Migrad, strategy=1, tolerance=0.1
INFO: (function: improveOnce) CascadeMinimizer.cc: 211 -- Minimisation finished with status=1
DEBUG: (function: improveOnce) CascadeMinimizer.cc: 212 -- finished with status 1 (covariance forced positive definite), this could indicate a problem with the minimim.
INFO: (function: improveOnce) CascadeMinimizer.cc: 216 -- Minimization success! status=0
INFO: (function: improveOnce) CascadeMinimizer.cc: 188 -- Minimisation configured with Type=Minuit2, Algo=Migrad, strategy=1, tolerance=0.1
INFO: (function: improveOnce) CascadeMinimizer.cc: 211 -- Minimisation finished with status=1
DEBUG: (function: improveOnce) CascadeMinimizer.cc: 212 -- finished with status 1 (covariance forced positive definite), this could indicate a problem with the minimim.
INFO: (function: improveOnce) CascadeMinimizer.cc: 216 -- Minimization success! status=0
INFO: (function: runLimitExpected) AsymptoticLimits.cc: 436 -- Median for expected limits = 1.30469 (Sigma for expected limits = 0.665669)
INFO: (function: improveOnce) CascadeMinimizer.cc: 188 -- Minimisation configured with Type=Minuit2, Algo=Migrad, strategy=1, tolerance=0.1
INFO: (function: improveOnce) CascadeMinimizer.cc: 211 -- Minimisation finished with status=1
DEBUG: (function: improveOnce) CascadeMinimizer.cc: 212 -- finished with status 1 (covariance forced positive definite), this could indicate a problem with the minimim.
INFO: (function: improveOnce) CascadeMinimizer.cc: 216 -- Minimization success! status=0
INFO: (function: improveOnce) CascadeMinimizer.cc: 188 -- Minimisation configured with Type=Minuit2, Algo=Migrad, strategy=1, tolerance=0.1
INFO: (function: improveOnce) CascadeMinimizer.cc: 211 -- Minimisation finished with status=1
DEBUG: (function: improveOnce) CascadeMinimizer.cc: 212 -- finished with status 1 (covariance forced positive definite), this could indicate a problem with the minimim.
INFO: (function: improveOnce) CascadeMinimizer.cc: 216 -- Minimization success! status=0
INFO: (function: improveOnce) CascadeMinimizer.cc: 188 -- Minimisation configured with Type=Minuit2, Algo=Migrad, strategy=1, tolerance=0.1
INFO: (function: improveOnce) CascadeMinimizer.cc: 211 -- Minimisation finished with status=1
DEBUG: (function: improveOnce) CascadeMinimizer.cc: 212 -- finished with status 1 (covariance forced positive definite), this could indicate a problem with the minimim.
INFO: (function: improveOnce) CascadeMinimizer.cc: 216 -- Minimization success! status=0
INFO: (function: improveOnce) CascadeMinimizer.cc: 188 -- Minimisation configured with Type=Minuit2, Algo=Migrad, strategy=1, tolerance=0.1
INFO: (function: improveOnce) CascadeMinimizer.cc: 211 -- Minimisation finished with status=1
DEBUG: (function: improveOnce) CascadeMinimizer.cc: 212 -- finished with status 1 (covariance forced positive definite), this could indicate a problem with the minimim.
INFO: (function: improveOnce) CascadeMinimizer.cc: 216 -- Minimization success! status=0
INFO: (function: improveOnce) CascadeMinimizer.cc: 188 -- Minimisation configured with Type=Minuit2, Algo=Migrad, strategy=1, tolerance=0.1
INFO: (function: improveOnce) CascadeMinimizer.cc: 211 -- Minimisation finished with status=1
DEBUG: (function: improveOnce) CascadeMinimizer.cc: 212 -- finished with status 1 (covariance forced positive definite), this could indicate a problem with the minimim.
INFO: (function: improveOnce) CascadeMinimizer.cc: 216 -- Minimization success! status=0
INFO: (function: improveOnce) CascadeMinimizer.cc: 188 -- Minimisation configured with Type=Minuit2, Algo=Migrad, strategy=1, tolerance=0.1
INFO: (function: improveOnce) CascadeMinimizer.cc: 211 -- Minimisation finished with status=1
DEBUG: (function: improveOnce) CascadeMinimizer.cc: 212 -- finished with status 1 (covariance forced positive definite), this could indicate a problem with the minimim.
INFO: (function: improveOnce) CascadeMinimizer.cc: 216 -- Minimization success! status=0
INFO: (function: improveOnce) CascadeMinimizer.cc: 188 -- Minimisation configured with Type=Minuit2, Algo=Migrad, strategy=1, tolerance=0.1
INFO: (function: improveOnce) CascadeMinimizer.cc: 211 -- Minimisation finished with status=1
DEBUG: (function: improveOnce) CascadeMinimizer.cc: 212 -- finished with status 1 (covariance forced positive definite), this could indicate a problem with the minimim.
INFO: (function: improveOnce) CascadeMinimizer.cc: 216 -- Minimization success! status=0
INFO: (function: improveOnce) CascadeMinimizer.cc: 188 -- Minimisation configured with Type=Minuit2, Algo=Migrad, strategy=1, tolerance=0.1
INFO: (function: improveOnce) CascadeMinimizer.cc: 211 -- Minimisation finished with status=1
DEBUG: (function: improveOnce) CascadeMinimizer.cc: 212 -- finished with status 1 (covariance forced positive definite), this could indicate a problem with the minimim.
INFO: (function: improveOnce) CascadeMinimizer.cc: 216 -- Minimization success! status=0
INFO: (function: improveOnce) CascadeMinimizer.cc: 188 -- Minimisation configured with Type=Minuit2, Algo=Migrad, strategy=1, tolerance=0.1
INFO: (function: improveOnce) CascadeMinimizer.cc: 211 -- Minimisation finished with status=1
DEBUG: (function: improveOnce) CascadeMinimizer.cc: 212 -- finished with status 1 (covariance forced positive definite), this could indicate a problem with the minimim.
INFO: (function: improveOnce) CascadeMinimizer.cc: 216 -- Minimization success! status=0
INFO: (function: improveOnce) CascadeMinimizer.cc: 188 -- Minimisation configured with Type=Minuit2, Algo=Migrad, strategy=1, tolerance=0.1
INFO: (function: improveOnce) CascadeMinimizer.cc: 211 -- Minimisation finished with status=1
DEBUG: (function: improveOnce) CascadeMinimizer.cc: 212 -- finished with status 1 (covariance forced positive definite), this could indicate a problem with the minimim.
INFO: (function: improveOnce) CascadeMinimizer.cc: 216 -- Minimization success! status=0
INFO: (function: improveOnce) CascadeMinimizer.cc: 188 -- Minimisation configured with Type=Minuit2, Algo=Migrad, strategy=1, tolerance=0.1
INFO: (function: improveOnce) CascadeMinimizer.cc: 211 -- Minimisation finished with status=1
DEBUG: (function: improveOnce) CascadeMinimizer.cc: 212 -- finished with status 1 (covariance forced positive definite), this could indicate a problem with the minimim.
INFO: (function: improveOnce) CascadeMinimizer.cc: 216 -- Minimization success! status=0
INFO: (function: improveOnce) CascadeMinimizer.cc: 188 -- Minimisation configured with Type=Minuit2, Algo=Migrad, strategy=1, tolerance=0.1
INFO: (function: improveOnce) CascadeMinimizer.cc: 211 -- Minimisation finished with status=1
DEBUG: (function: improveOnce) CascadeMinimizer.cc: 212 -- finished with status 1 (covariance forced positive definite), this could indicate a problem with the minimim.
INFO: (function: improveOnce) CascadeMinimizer.cc: 216 -- Minimization success! status=0
INFO: (function: improveOnce) CascadeMinimizer.cc: 188 -- Minimisation configured with Type=Minuit2, Algo=Migrad, strategy=1, tolerance=0.1
INFO: (function: improveOnce) CascadeMinimizer.cc: 211 -- Minimisation finished with status=1
DEBUG: (function: improveOnce) CascadeMinimizer.cc: 212 -- finished with status 1 (covariance forced positive definite), this could indicate a problem with the minimim.
INFO: (function: improveOnce) CascadeMinimizer.cc: 216 -- Minimization success! status=0
INFO: (function: improveOnce) CascadeMinimizer.cc: 188 -- Minimisation configured with Type=Minuit2, Algo=Migrad, strategy=1, tolerance=0.1
INFO: (function: improveOnce) CascadeMinimizer.cc: 211 -- Minimisation finished with status=1
DEBUG: (function: improveOnce) CascadeMinimizer.cc: 212 -- finished with status 1 (covariance forced positive definite), this could indicate a problem with the minimim.
INFO: (function: improveOnce) CascadeMinimizer.cc: 216 -- Minimization success! status=0
INFO: (function: improveOnce) CascadeMinimizer.cc: 188 -- Minimisation configured with Type=Minuit2, Algo=Migrad, strategy=1, tolerance=0.1
INFO: (function: improveOnce) CascadeMinimizer.cc: 211 -- Minimisation finished with status=-1
DEBUG: (function: improveOnce) CascadeMinimizer.cc: 217 -- Minimization ended with latest status != 0 or 1
INFO: (function: improveOnce) CascadeMinimizer.cc: 188 -- Minimisation configured with Type=Minuit2, Algo=Migrad, strategy=1, tolerance=0.1
INFO: (function: improveOnce) CascadeMinimizer.cc: 211 -- Minimisation finished with status=1
DEBUG: (function: improveOnce) CascadeMinimizer.cc: 212 -- finished with status 1 (covariance forced positive definite), this could indicate a problem with the minimim.
INFO: (function: improveOnce) CascadeMinimizer.cc: 216 -- Minimization success! status=0
INFO: (function: improveOnce) CascadeMinimizer.cc: 188 -- Minimisation configured with Type=Minuit2, Algo=Migrad, strategy=1, tolerance=0.1
INFO: (function: improveOnce) CascadeMinimizer.cc: 211 -- Minimisation finished with status=0
INFO: (function: improveOnce) CascadeMinimizer.cc: 216 -- Minimization success! status=0
INFO: (function: improveOnce) CascadeMinimizer.cc: 188 -- Minimisation configured with Type=Minuit2, Algo=Migrad, strategy=1, tolerance=0.1
INFO: (function: improveOnce) CascadeMinimizer.cc: 211 -- Minimisation finished with status=1
DEBUG: (function: improveOnce) CascadeMinimizer.cc: 212 -- finished with status 1 (covariance forced positive definite), this could indicate a problem with the minimim.
INFO: (function: improveOnce) CascadeMinimizer.cc: 216 -- Minimization success! status=0
INFO: (function: improveOnce) CascadeMinimizer.cc: 188 -- Minimisation configured with Type=Minuit2, Algo=Migrad, strategy=1, tolerance=0.1
INFO: (function: improveOnce) CascadeMinimizer.cc: 211 -- Minimisation finished with status=0
INFO: (function: improveOnce) CascadeMinimizer.cc: 216 -- Minimization success! status=0
INFO: (function: improveOnce) CascadeMinimizer.cc: 188 -- Minimisation configured with Type=Minuit2, Algo=Migrad, strategy=1, tolerance=0.1
INFO: (function: improveOnce) CascadeMinimizer.cc: 211 -- Minimisation finished with status=1
DEBUG: (function: improveOnce) CascadeMinimizer.cc: 212 -- finished with status 1 (covariance forced positive definite), this could indicate a problem with the minimim.
INFO: (function: improveOnce) CascadeMinimizer.cc: 216 -- Minimization success! status=0
INFO: (function: improveOnce) CascadeMinimizer.cc: 188 -- Minimisation configured with Type=Minuit2, Algo=Migrad, strategy=1, tolerance=0.1
INFO: (function: improveOnce) CascadeMinimizer.cc: 211 -- Minimisation finished with status=1
DEBUG: (function: improveOnce) CascadeMinimizer.cc: 212 -- finished with status 1 (covariance forced positive definite), this could indicate a problem with the minimim.
INFO: (function: improveOnce) CascadeMinimizer.cc: 216 -- Minimization success! status=0
INFO: (function: improveOnce) CascadeMinimizer.cc: 188 -- Minimisation configured with Type=Minuit2, Algo=Migrad, strategy=1, tolerance=0.1
INFO: (function: improveOnce) CascadeMinimizer.cc: 211 -- Minimisation finished with status=1
DEBUG: (function: improveOnce) CascadeMinimizer.cc: 212 -- finished with status 1 (covariance forced positive definite), this could indicate a problem with the minimim.
INFO: (function: improveOnce) CascadeMinimizer.cc: 216 -- Minimization success! status=0
INFO: (function: improveOnce) CascadeMinimizer.cc: 188 -- Minimisation configured with Type=Minuit2, Algo=Migrad, strategy=1, tolerance=0.1
INFO: (function: improveOnce) CascadeMinimizer.cc: 211 -- Minimisation finished with status=1
DEBUG: (function: improveOnce) CascadeMinimizer.cc: 212 -- finished with status 1 (covariance forced positive definite), this could indicate a problem with the minimim.
INFO: (function: improveOnce) CascadeMinimizer.cc: 216 -- Minimization success! status=0
INFO: (function: improveOnce) CascadeMinimizer.cc: 188 -- Minimisation configured with Type=Minuit2, Algo=Migrad, strategy=1, tolerance=0.1
INFO: (function: improveOnce) CascadeMinimizer.cc: 211 -- Minimisation finished with status=1
DEBUG: (function: improveOnce) CascadeMinimizer.cc: 212 -- finished with status 1 (covariance forced positive definite), this could indicate a problem with the minimim.
INFO: (function: improveOnce) CascadeMinimizer.cc: 216 -- Minimization success! status=0
INFO: (function: improveOnce) CascadeMinimizer.cc: 188 -- Minimisation configured with Type=Minuit2, Algo=Migrad, strategy=1, tolerance=0.1
INFO: (function: improveOnce) CascadeMinimizer.cc: 211 -- Minimisation finished with status=0
INFO: (function: improveOnce) CascadeMinimizer.cc: 216 -- Minimization success! status=0
INFO: (function: improveOnce) CascadeMinimizer.cc: 188 -- Minimisation configured with Type=Minuit2, Algo=Migrad, strategy=1, tolerance=0.1
INFO: (function: improveOnce) CascadeMinimizer.cc: 211 -- Minimisation finished with status=1
DEBUG: (function: improveOnce) CascadeMinimizer.cc: 212 -- finished with status 1 (covariance forced positive definite), this could indicate a problem with the minimim.
INFO: (function: improveOnce) CascadeMinimizer.cc: 216 -- Minimization success! status=0
INFO: (function: improveOnce) CascadeMinimizer.cc: 188 -- Minimisation configured with Type=Minuit2, Algo=Migrad, strategy=1, tolerance=0.1
INFO: (function: improveOnce) CascadeMinimizer.cc: 211 -- Minimisation finished with status=1
DEBUG: (function: improveOnce) CascadeMinimizer.cc: 212 -- finished with status 1 (covariance forced positive definite), this could indicate a problem with the minimim.
INFO: (function: improveOnce) CascadeMinimizer.cc: 216 -- Minimization success! status=0
INFO: (function: improveOnce) CascadeMinimizer.cc: 188 -- Minimisation configured with Type=Minuit2, Algo=Migrad, strategy=1, tolerance=0.1
INFO: (function: improveOnce) CascadeMinimizer.cc: 211 -- Minimisation finished with status=1
DEBUG: (function: improveOnce) CascadeMinimizer.cc: 212 -- finished with status 1 (covariance forced positive definite), this could indicate a problem with the minimim.
INFO: (function: improveOnce) CascadeMinimizer.cc: 216 -- Minimization success! status=0
INFO: (function: improveOnce) CascadeMinimizer.cc: 188 -- Minimisation configured with Type=Minuit2, Algo=Migrad, strategy=1, tolerance=0.1
INFO: (function: improveOnce) CascadeMinimizer.cc: 211 -- Minimisation finished with status=-1
DEBUG: (function: improveOnce) CascadeMinimizer.cc: 217 -- Minimization ended with latest status != 0 or 1
INFO: (function: runLimit) AsymptoticLimits.cc: 193 -- NLL at global minimum of data = -412435 (r=1.84907)
INFO: (function: improveOnce) CascadeMinimizer.cc: 188 -- Minimisation configured with Type=Minuit2, Algo=Migrad, strategy=1, tolerance=0.1
INFO: (function: improveOnce) CascadeMinimizer.cc: 211 -- Minimisation finished with status=-1
DEBUG: (function: improveOnce) CascadeMinimizer.cc: 217 -- Minimization ended with latest status != 0 or 1
INFO: (function: runLimit) AsymptoticLimits.cc: 213 -- NLL at global minimum of asimov = -412413 (r=0.0223603)
INFO: (function: improveOnce) CascadeMinimizer.cc: 188 -- Minimisation configured with Type=Minuit2, Algo=Migrad, strategy=1, tolerance=0.1
INFO: (function: improveOnce) CascadeMinimizer.cc: 211 -- Minimisation finished with status=-1
DEBUG: (function: improveOnce) CascadeMinimizer.cc: 217 -- Minimization ended with latest status != 0 or 1
INFO: (function: improveOnce) CascadeMinimizer.cc: 188 -- Minimisation configured with Type=Minuit2, Algo=Migrad, strategy=1, tolerance=0.1
INFO: (function: improveOnce) CascadeMinimizer.cc: 211 -- Minimisation finished with status=-1
DEBUG: (function: improveOnce) CascadeMinimizer.cc: 217 -- Minimization ended with latest status != 0 or 1
INFO: (function: getCLs) AsymptoticLimits.cc: 343 -- At r = 3.049074:	q_mu = 1.26679	q_A  = 19.36748	CLsb = 0.13019	CLb  = 0.99947	CLs  = 0.13025
INFO: (function: improveOnce) CascadeMinimizer.cc: 188 -- Minimisation configured with Type=Minuit2, Algo=Migrad, strategy=1, tolerance=0.1
INFO: (function: improveOnce) CascadeMinimizer.cc: 211 -- Minimisation finished with status=-1
DEBUG: (function: improveOnce) CascadeMinimizer.cc: 217 -- Minimization ended with latest status != 0 or 1
INFO: (function: improveOnce) CascadeMinimizer.cc: 188 -- Minimisation configured with Type=Minuit2, Algo=Migrad, strategy=1, tolerance=0.1
INFO: (function: improveOnce) CascadeMinimizer.cc: 211 -- Minimisation finished with status=-1
DEBUG: (function: improveOnce) CascadeMinimizer.cc: 217 -- Minimization ended with latest status != 0 or 1
INFO: (function: getCLs) AsymptoticLimits.cc: 343 -- At r = 6.098148:	q_mu = 203.98253	q_A  = 356.67558	CLsb = 0.00000	CLb  = 1.00000	CLs  = 0.00000
INFO: (function: improveOnce) CascadeMinimizer.cc: 188 -- Minimisation configured with Type=Minuit2, Algo=Migrad, strategy=1, tolerance=0.1
INFO: (function: improveOnce) CascadeMinimizer.cc: 211 -- Minimisation finished with status=-1
DEBUG: (function: improveOnce) CascadeMinimizer.cc: 217 -- Minimization ended with latest status != 0 or 1
INFO: (function: improveOnce) CascadeMinimizer.cc: 188 -- Minimisation configured with Type=Minuit2, Algo=Migrad, strategy=1, tolerance=0.1
INFO: (function: improveOnce) CascadeMinimizer.cc: 211 -- Minimisation finished with status=1
DEBUG: (function: improveOnce) CascadeMinimizer.cc: 212 -- finished with status 1 (covariance forced positive definite), this could indicate a problem with the minimim.
INFO: (function: improveOnce) CascadeMinimizer.cc: 216 -- Minimization success! status=0
INFO: (function: getCLs) AsymptoticLimits.cc: 343 -- At r = 3.973611:	q_mu = 14.01720	q_A  = 40.44806	CLsb = 0.00009	CLb  = 0.99555	CLs  = 0.00009
INFO: (function: improveOnce) CascadeMinimizer.cc: 188 -- Minimisation configured with Type=Minuit2, Algo=Migrad, strategy=1, tolerance=0.1
INFO: (function: improveOnce) CascadeMinimizer.cc: 211 -- Minimisation finished with status=-1
DEBUG: (function: improveOnce) CascadeMinimizer.cc: 217 -- Minimization ended with latest status != 0 or 1
INFO: (function: improveOnce) CascadeMinimizer.cc: 188 -- Minimisation configured with Type=Minuit2, Algo=Migrad, strategy=1, tolerance=0.1
INFO: (function: improveOnce) CascadeMinimizer.cc: 211 -- Minimisation finished with status=-1
DEBUG: (function: improveOnce) CascadeMinimizer.cc: 217 -- Minimization ended with latest status != 0 or 1
INFO: (function: getCLs) AsymptoticLimits.cc: 343 -- At r = 2.911342:	q_mu = 0.30842	q_A  = 17.16152	CLsb = 0.28933	CLb  = 0.99983	CLs  = 0.28937
INFO: (function: improveOnce) CascadeMinimizer.cc: 188 -- Minimisation configured with Type=Minuit2, Algo=Migrad, strategy=1, tolerance=0.1
INFO: (function: improveOnce) CascadeMinimizer.cc: 211 -- Minimisation finished with status=1
DEBUG: (function: improveOnce) CascadeMinimizer.cc: 212 -- finished with status 1 (covariance forced positive definite), this could indicate a problem with the minimim.
INFO: (function: improveOnce) CascadeMinimizer.cc: 216 -- Minimization success! status=0
INFO: (function: improveOnce) CascadeMinimizer.cc: 188 -- Minimisation configured with Type=Minuit2, Algo=Migrad, strategy=1, tolerance=0.1
INFO: (function: improveOnce) CascadeMinimizer.cc: 211 -- Minimisation finished with status=1
DEBUG: (function: improveOnce) CascadeMinimizer.cc: 212 -- finished with status 1 (covariance forced positive definite), this could indicate a problem with the minimim.
INFO: (function: improveOnce) CascadeMinimizer.cc: 216 -- Minimization success! status=0
INFO: (function: getCLs) AsymptoticLimits.cc: 343 -- At r = 3.442477:	q_mu = 3.94634	q_A  = 25.93808	CLsb = 0.02349	CLb  = 0.99905	CLs  = 0.02351
INFO: (function: improveOnce) CascadeMinimizer.cc: 188 -- Minimisation configured with Type=Minuit2, Algo=Migrad, strategy=1, tolerance=0.1
INFO: (function: improveOnce) CascadeMinimizer.cc: 211 -- Minimisation finished with status=1
DEBUG: (function: improveOnce) CascadeMinimizer.cc: 212 -- finished with status 1 (covariance forced positive definite), this could indicate a problem with the minimim.
INFO: (function: improveOnce) CascadeMinimizer.cc: 216 -- Minimization success! status=0
INFO: (function: improveOnce) CascadeMinimizer.cc: 188 -- Minimisation configured with Type=Minuit2, Algo=Migrad, strategy=1, tolerance=0.1
INFO: (function: improveOnce) CascadeMinimizer.cc: 211 -- Minimisation finished with status=1
DEBUG: (function: improveOnce) CascadeMinimizer.cc: 212 -- finished with status 1 (covariance forced positive definite), this could indicate a problem with the minimim.
INFO: (function: improveOnce) CascadeMinimizer.cc: 216 -- Minimization success! status=0
INFO: (function: getCLs) AsymptoticLimits.cc: 343 -- At r = 3.176909:	q_mu = 1.54772	q_A  = 21.01121	CLsb = 0.10674	CLb  = 0.99958	CLs  = 0.10678
INFO: (function: improveOnce) CascadeMinimizer.cc: 188 -- Minimisation configured with Type=Minuit2, Algo=Migrad, strategy=1, tolerance=0.1
INFO: (function: improveOnce) CascadeMinimizer.cc: 211 -- Minimisation finished with status=1
DEBUG: (function: improveOnce) CascadeMinimizer.cc: 212 -- finished with status 1 (covariance forced positive definite), this could indicate a problem with the minimim.
INFO: (function: improveOnce) CascadeMinimizer.cc: 216 -- Minimization success! status=0
INFO: (function: improveOnce) CascadeMinimizer.cc: 188 -- Minimisation configured with Type=Minuit2, Algo=Migrad, strategy=1, tolerance=0.1
INFO: (function: improveOnce) CascadeMinimizer.cc: 211 -- Minimisation finished with status=1
DEBUG: (function: improveOnce) CascadeMinimizer.cc: 212 -- finished with status 1 (covariance forced positive definite), this could indicate a problem with the minimim.
INFO: (function: improveOnce) CascadeMinimizer.cc: 216 -- Minimization success! status=0
INFO: (function: getCLs) AsymptoticLimits.cc: 343 -- At r = 3.283425:	q_mu = 2.37421	q_A  = 22.84852	CLsb = 0.06168	CLb  = 0.99940	CLs  = 0.06171
INFO: (function: improveOnce) CascadeMinimizer.cc: 188 -- Minimisation configured with Type=Minuit2, Algo=Migrad, strategy=1, tolerance=0.1
INFO: (function: improveOnce) CascadeMinimizer.cc: 211 -- Minimisation finished with status=1
DEBUG: (function: improveOnce) CascadeMinimizer.cc: 212 -- finished with status 1 (covariance forced positive definite), this could indicate a problem with the minimim.
INFO: (function: improveOnce) CascadeMinimizer.cc: 216 -- Minimization success! status=0
INFO: (function: improveOnce) CascadeMinimizer.cc: 188 -- Minimisation configured with Type=Minuit2, Algo=Migrad, strategy=1, tolerance=0.1
INFO: (function: improveOnce) CascadeMinimizer.cc: 211 -- Minimisation finished with status=1
DEBUG: (function: improveOnce) CascadeMinimizer.cc: 212 -- finished with status 1 (covariance forced positive definite), this could indicate a problem with the minimim.
INFO: (function: improveOnce) CascadeMinimizer.cc: 216 -- Minimization success! status=0
INFO: (function: getCLs) AsymptoticLimits.cc: 343 -- At r = 3.342985:	q_mu = 2.91883	q_A  = 23.95889	CLsb = 0.04378	CLb  = 0.99928	CLs  = 0.04381
INFO: (function: improveOnce) CascadeMinimizer.cc: 188 -- Minimisation configured with Type=Minuit2, Algo=Migrad, strategy=1, tolerance=0.1
INFO: (function: improveOnce) CascadeMinimizer.cc: 211 -- Minimisation finished with status=1
DEBUG: (function: improveOnce) CascadeMinimizer.cc: 212 -- finished with status 1 (covariance forced positive definite), this could indicate a problem with the minimim.
INFO: (function: improveOnce) CascadeMinimizer.cc: 216 -- Minimization success! status=0
INFO: (function: improveOnce) CascadeMinimizer.cc: 188 -- Minimisation configured with Type=Minuit2, Algo=Migrad, strategy=1, tolerance=0.1
INFO: (function: improveOnce) CascadeMinimizer.cc: 211 -- Minimisation finished with status=1
DEBUG: (function: improveOnce) CascadeMinimizer.cc: 212 -- finished with status 1 (covariance forced positive definite), this could indicate a problem with the minimim.
INFO: (function: improveOnce) CascadeMinimizer.cc: 216 -- Minimization success! status=0
INFO: (function: getCLs) AsymptoticLimits.cc: 343 -- At r = 3.312690:	q_mu = 2.63131	q_A  = 23.38318	CLsb = 0.05239	CLb  = 0.99934	CLs  = 0.05242
INFO: (function: improveOnce) CascadeMinimizer.cc: 188 -- Minimisation configured with Type=Minuit2, Algo=Migrad, strategy=1, tolerance=0.1
INFO: (function: improveOnce) CascadeMinimizer.cc: 211 -- Minimisation finished with status=1
DEBUG: (function: improveOnce) CascadeMinimizer.cc: 212 -- finished with status 1 (covariance forced positive definite), this could indicate a problem with the minimim.
INFO: (function: improveOnce) CascadeMinimizer.cc: 216 -- Minimization success! status=0
INFO: (function: improveOnce) CascadeMinimizer.cc: 188 -- Minimisation configured with Type=Minuit2, Algo=Migrad, strategy=1, tolerance=0.1
INFO: (function: improveOnce) CascadeMinimizer.cc: 211 -- Minimisation finished with status=1
DEBUG: (function: improveOnce) CascadeMinimizer.cc: 212 -- finished with status 1 (covariance forced positive definite), this could indicate a problem with the minimim.
INFO: (function: improveOnce) CascadeMinimizer.cc: 216 -- Minimization success! status=0
INFO: (function: getCLs) AsymptoticLimits.cc: 343 -- At r = 3.325135:	q_mu = 2.74567	q_A  = 23.61597	CLsb = 0.04876	CLb  = 0.99932	CLs  = 0.04879
