
>>> random number generator seed is 123456
>>> method used is AsymptoticLimits
Nuisance parameters after fit for asimov dataset: 
  1) RooRealVar::                     lumi_13TeV_fullRun2 = -0.0227165 +/- 0.966742
  2) RooRealVar::                                datasyst = -0.057711 +/- 0.747375
  3) RooRealVar::                                 mcscale = -0.184834 +/- 0.251354
  4) RooRealVar::       prop_binmtt_bin0_ALP_ttbar_signal = 46048 +/- 213.86
  5) RooRealVar::       prop_binmtt_bin0_TTToSemiLeptonic = 48450.5 +/- 218.659
  6) RooRealVar:: prop_binmtt_bin0_ALP_ttbar_interference = 46048 +/- 213.86
Global observables for data: 
  1) RooRealVar::                     lumi_13TeV_fullRun2_In = 0
  2) RooRealVar::                                datasyst_In = 0
  3) RooRealVar::                                 mcscale_In = 0
  4) RooRealVar::       prop_binmtt_bin0_ALP_ttbar_signal_In = 46048
  5) RooRealVar::       prop_binmtt_bin0_TTToSemiLeptonic_In = 48452
  6) RooRealVar:: prop_binmtt_bin0_ALP_ttbar_interference_In = 46048
Global observables for asimov: 
  1) RooRealVar::                     lumi_13TeV_fullRun2_In = -0.0227165
  2) RooRealVar::                                datasyst_In = -0.057711
  3) RooRealVar::                                 mcscale_In = -0.184834
  4) RooRealVar::       prop_binmtt_bin0_ALP_ttbar_signal_In = 46048
  5) RooRealVar::       prop_binmtt_bin0_TTToSemiLeptonic_In = 48450.5
  6) RooRealVar:: prop_binmtt_bin0_ALP_ttbar_interference_In = 46048
SimNLL created with 1 channels, 3 generic constraints, 3 fast gaussian constraints, 0 fast poisson constraints, 0 fast group constraints, 
Fit to asimov dataset:

  RooFitResult: minimized FCN value: -269.448, estimated distance to minimum: 2.40583e-06
                covariance matrix quality: Full matrix, but forced positive-definite
                Status : MINIMIZE=1 

    Constant Parameter    Value     
  --------------------  ------------
                   ONE    1.0000e+00
           datasyst_In   -5.7711e-02
  lumi_13TeV_fullRun2_In   -2.2716e-02
            mcscale_In   -1.8483e-01
  prop_binmtt_bin0_ALP_ttbar_interference_In    4.6048e+04
  prop_binmtt_bin0_ALP_ttbar_signal_In    4.6048e+04
  prop_binmtt_bin0_TTToSemiLeptonic_In    4.8451e+04

    Floating Parameter  InitialValue    FinalValue +/-  Error     GblCorr.
  --------------------  ------------  --------------------------  --------
              datasyst   -5.7711e-02   -4.5462e-02 +/-  1.20e-01  <none>
   lumi_13TeV_fullRun2   -2.2716e-02   -1.7772e-02 +/-  2.76e-01  <none>
               mcscale   -1.8483e-01   -1.4566e-01 +/-  3.64e-02  <none>
  prop_binmtt_bin0_ALP_ttbar_interference    4.6048e+04    4.6048e+04 +/-  2.13e+02  <none>
  prop_binmtt_bin0_ALP_ttbar_signal    4.6048e+04    4.6048e+04 +/-  2.13e+02  <none>
  prop_binmtt_bin0_TTToSemiLeptonic    4.8451e+04    4.8450e+04 +/-  1.56e+02  <none>
                     r    2.0000e-01    1.2373e-01 +/-  1.08e-01  <none>

At r = 9.500000:	delta(nll) = 1.97221
Median for expected limits: 9.46875
Sigma  for expected limits: 4.83108
At r = 11.130025:	delta(nll) = 7.46801
At r = 10.985246:	delta(nll) = 6.70048
At r = 10.912856:	delta(nll) = 6.34373
SimNLL created with 1 channels, 3 generic constraints, 3 fast gaussian constraints, 0 fast poisson constraints, 0 fast group constraints, 
SimNLL created with 1 channels, 3 generic constraints, 3 fast gaussian constraints, 0 fast poisson constraints, 0 fast group constraints, 
Restricting r to positive values.
  1) RooRealVar::                                        ONE = 1
  2) RooRealVar::                                   datasyst = 0 +/- 1
  3) RooRealVar::                                datasyst_In = 0
  4) RooRealVar::                        lumi_13TeV_fullRun2 = 0 +/- 1
  5) RooRealVar::                     lumi_13TeV_fullRun2_In = 0
  6) RooRealVar::                                    mcscale = 0 +/- 1
  7) RooRealVar::                                 mcscale_In = 0
  8) RooRealVar::    prop_binmtt_bin0_ALP_ttbar_interference = 46048
  9) RooRealVar:: prop_binmtt_bin0_ALP_ttbar_interference_In = 46048
 10) RooRealVar::          prop_binmtt_bin0_ALP_ttbar_signal = 46048
 11) RooRealVar::       prop_binmtt_bin0_ALP_ttbar_signal_In = 46048
 12) RooRealVar::          prop_binmtt_bin0_TTToSemiLeptonic = 48452
 13) RooRealVar::       prop_binmtt_bin0_TTToSemiLeptonic_In = 48452
 14) RooRealVar::                                          r = 2

Make global fit of real data
NLL at global minimum of data: -4404.09 (r = 0.844103)
   0) ONE                            =         1
   1) datasyst                       = 0.00932345
   2) datasyst_In                    =         0
   3) lumi_13TeV_fullRun2            = 0.00092222
   4) lumi_13TeV_fullRun2_In         =         0
   5) mcscale                        = 0.0520658
   6) mcscale_In                     =         0
   7) prop_binmtt_bin0_ALP_ttbar_interference =   46047.9
   8) prop_binmtt_bin0_ALP_ttbar_interference_In =     46048
   9) prop_binmtt_bin0_ALP_ttbar_signal =     46048
  10) prop_binmtt_bin0_ALP_ttbar_signal_In =     46048
  11) prop_binmtt_bin0_TTToSemiLeptonic =   48452.8
  12) prop_binmtt_bin0_TTToSemiLeptonic_In =     48452
  13) r                              =  0.844103


Make global fit of asimov data
NLL at global minimum of asimov: -4404.09 (r = 0.844087)
   0) ONE                            =         1
   1) datasyst                       = 0.0230821
   2) datasyst_In                    = -0.057711
   3) lumi_13TeV_fullRun2            = 0.0263189
   4) lumi_13TeV_fullRun2_In         = -0.0227165
   5) mcscale                        = -0.064326
   6) mcscale_In                     = -0.184834
   7) prop_binmtt_bin0_ALP_ttbar_interference =   46047.3
   8) prop_binmtt_bin0_ALP_ttbar_interference_In =     46048
   9) prop_binmtt_bin0_ALP_ttbar_signal =   46048.8
  10) prop_binmtt_bin0_ALP_ttbar_signal_In =     46048
  11) prop_binmtt_bin0_TTToSemiLeptonic =   48450.7
  12) prop_binmtt_bin0_TTToSemiLeptonic_In =   48450.5
  13) r                              =   5.70572

At r = 5.705724:	q_mu = 0.00057	q_A  = 0.00000	CLsb = 0.00000	CLb  = 0.00000	CLs  = 0.00000

 -- AsymptoticLimits ( CLs ) --
Observed Limit: r < 5.7057
Expected  2.5%: r < 8.3221
Expected 16.0%: r < 8.7880
Expected 50.0%: r < 9.4688
Expected 84.0%: r < 10.2613
Expected 97.5%: r < 10.9491

Done in 0.00 min (cpu), 0.00 min (real)
Printing Message Summary From ... combine_logger.out
----------------------------------------------
Messages of type INFO : 264
Messages of type DEBUG : 30
Messages of type ERROR : 0
----------------------------------------------
INFO: (function: improveOnce) CascadeMinimizer.cc: 188 -- Minimisation configured with Type=Minuit2, Algo=Migrad, strategy=1, tolerance=0.1
INFO: (function: improveOnce) CascadeMinimizer.cc: 211 -- Minimisation finished with status=0
INFO: (function: improveOnce) CascadeMinimizer.cc: 216 -- Minimization success! status=0
INFO: (function: generateAsimov) ToyMCSamplerOpt.cc: 139 -- Using internal logic for binned/unbinned Asimov dataset generation
INFO: (function: generateWithHisto) ToyMCSamplerOpt.cc: 214 -- Generating asimov with histogram for pdf pdf_binmtt_obsOnly: in 15 x-bins
INFO: (function: improveOnce) CascadeMinimizer.cc: 188 -- Minimisation configured with Type=Minuit2, Algo=Migrad, strategy=1, tolerance=0.1
INFO: (function: improveOnce) CascadeMinimizer.cc: 211 -- Minimisation finished with status=1
DEBUG: (function: improveOnce) CascadeMinimizer.cc: 212 -- finished with status 1 (covariance forced positive definite), this could indicate a problem with the minimim.
INFO: (function: improveOnce) CascadeMinimizer.cc: 216 -- Minimization success! status=0
DEBUG: (function: runLimitExpected) AsymptoticLimits.cc: 423 -- Best fit of asimov dataset is at r = 0.123731 (0.006187 times rMax), while it should be at zero
INFO: (function: improveOnce) CascadeMinimizer.cc: 188 -- Minimisation configured with Type=Minuit2, Algo=Migrad, strategy=1, tolerance=0.1
INFO: (function: improveOnce) CascadeMinimizer.cc: 211 -- Minimisation finished with status=0
INFO: (function: improveOnce) CascadeMinimizer.cc: 216 -- Minimization success! status=0
INFO: (function: improveOnce) CascadeMinimizer.cc: 188 -- Minimisation configured with Type=Minuit2, Algo=Migrad, strategy=1, tolerance=0.1
INFO: (function: improveOnce) CascadeMinimizer.cc: 211 -- Minimisation finished with status=0
INFO: (function: improveOnce) CascadeMinimizer.cc: 216 -- Minimization success! status=0
INFO: (function: improveOnce) CascadeMinimizer.cc: 188 -- Minimisation configured with Type=Minuit2, Algo=Migrad, strategy=1, tolerance=0.1
INFO: (function: improveOnce) CascadeMinimizer.cc: 211 -- Minimisation finished with status=1
DEBUG: (function: improveOnce) CascadeMinimizer.cc: 212 -- finished with status 1 (covariance forced positive definite), this could indicate a problem with the minimim.
INFO: (function: improveOnce) CascadeMinimizer.cc: 216 -- Minimization success! status=0
INFO: (function: improveOnce) CascadeMinimizer.cc: 188 -- Minimisation configured with Type=Minuit2, Algo=Migrad, strategy=1, tolerance=0.1
INFO: (function: improveOnce) CascadeMinimizer.cc: 211 -- Minimisation finished with status=0
INFO: (function: improveOnce) CascadeMinimizer.cc: 216 -- Minimization success! status=0
INFO: (function: improveOnce) CascadeMinimizer.cc: 188 -- Minimisation configured with Type=Minuit2, Algo=Migrad, strategy=1, tolerance=0.1
INFO: (function: improveOnce) CascadeMinimizer.cc: 211 -- Minimisation finished with status=1
DEBUG: (function: improveOnce) CascadeMinimizer.cc: 212 -- finished with status 1 (covariance forced positive definite), this could indicate a problem with the minimim.
INFO: (function: improveOnce) CascadeMinimizer.cc: 216 -- Minimization success! status=0
INFO: (function: improveOnce) CascadeMinimizer.cc: 188 -- Minimisation configured with Type=Minuit2, Algo=Migrad, strategy=1, tolerance=0.1
INFO: (function: improveOnce) CascadeMinimizer.cc: 211 -- Minimisation finished with status=0
INFO: (function: improveOnce) CascadeMinimizer.cc: 216 -- Minimization success! status=0
INFO: (function: improveOnce) CascadeMinimizer.cc: 188 -- Minimisation configured with Type=Minuit2, Algo=Migrad, strategy=1, tolerance=0.1
INFO: (function: improveOnce) CascadeMinimizer.cc: 211 -- Minimisation finished with status=0
INFO: (function: improveOnce) CascadeMinimizer.cc: 216 -- Minimization success! status=0
INFO: (function: improveOnce) CascadeMinimizer.cc: 188 -- Minimisation configured with Type=Minuit2, Algo=Migrad, strategy=1, tolerance=0.1
INFO: (function: improveOnce) CascadeMinimizer.cc: 211 -- Minimisation finished with status=1
DEBUG: (function: improveOnce) CascadeMinimizer.cc: 212 -- finished with status 1 (covariance forced positive definite), this could indicate a problem with the minimim.
INFO: (function: improveOnce) CascadeMinimizer.cc: 216 -- Minimization success! status=0
INFO: (function: improveOnce) CascadeMinimizer.cc: 188 -- Minimisation configured with Type=Minuit2, Algo=Migrad, strategy=1, tolerance=0.1
INFO: (function: improveOnce) CascadeMinimizer.cc: 211 -- Minimisation finished with status=0
INFO: (function: improveOnce) CascadeMinimizer.cc: 216 -- Minimization success! status=0
INFO: (function: improveOnce) CascadeMinimizer.cc: 188 -- Minimisation configured with Type=Minuit2, Algo=Migrad, strategy=1, tolerance=0.1
INFO: (function: improveOnce) CascadeMinimizer.cc: 211 -- Minimisation finished with status=0
INFO: (function: improveOnce) CascadeMinimizer.cc: 216 -- Minimization success! status=0
INFO: (function: improveOnce) CascadeMinimizer.cc: 188 -- Minimisation configured with Type=Minuit2, Algo=Migrad, strategy=1, tolerance=0.1
INFO: (function: improveOnce) CascadeMinimizer.cc: 211 -- Minimisation finished with status=0
INFO: (function: improveOnce) CascadeMinimizer.cc: 216 -- Minimization success! status=0
INFO: (function: improveOnce) CascadeMinimizer.cc: 188 -- Minimisation configured with Type=Minuit2, Algo=Migrad, strategy=1, tolerance=0.1
INFO: (function: improveOnce) CascadeMinimizer.cc: 211 -- Minimisation finished with status=0
INFO: (function: improveOnce) CascadeMinimizer.cc: 216 -- Minimization success! status=0
INFO: (function: improveOnce) CascadeMinimizer.cc: 188 -- Minimisation configured with Type=Minuit2, Algo=Migrad, strategy=1, tolerance=0.1
INFO: (function: improveOnce) CascadeMinimizer.cc: 211 -- Minimisation finished with status=0
INFO: (function: improveOnce) CascadeMinimizer.cc: 216 -- Minimization success! status=0
INFO: (function: improveOnce) CascadeMinimizer.cc: 188 -- Minimisation configured with Type=Minuit2, Algo=Migrad, strategy=1, tolerance=0.1
INFO: (function: improveOnce) CascadeMinimizer.cc: 211 -- Minimisation finished with status=0
INFO: (function: improveOnce) CascadeMinimizer.cc: 216 -- Minimization success! status=0
INFO: (function: improveOnce) CascadeMinimizer.cc: 188 -- Minimisation configured with Type=Minuit2, Algo=Migrad, strategy=1, tolerance=0.1
INFO: (function: improveOnce) CascadeMinimizer.cc: 211 -- Minimisation finished with status=0
INFO: (function: improveOnce) CascadeMinimizer.cc: 216 -- Minimization success! status=0
INFO: (function: improveOnce) CascadeMinimizer.cc: 188 -- Minimisation configured with Type=Minuit2, Algo=Migrad, strategy=1, tolerance=0.1
INFO: (function: improveOnce) CascadeMinimizer.cc: 211 -- Minimisation finished with status=0
INFO: (function: improveOnce) CascadeMinimizer.cc: 216 -- Minimization success! status=0
INFO: (function: improveOnce) CascadeMinimizer.cc: 188 -- Minimisation configured with Type=Minuit2, Algo=Migrad, strategy=1, tolerance=0.1
INFO: (function: improveOnce) CascadeMinimizer.cc: 211 -- Minimisation finished with status=0
INFO: (function: improveOnce) CascadeMinimizer.cc: 216 -- Minimization success! status=0
INFO: (function: improveOnce) CascadeMinimizer.cc: 188 -- Minimisation configured with Type=Minuit2, Algo=Migrad, strategy=1, tolerance=0.1
INFO: (function: improveOnce) CascadeMinimizer.cc: 211 -- Minimisation finished with status=1
DEBUG: (function: improveOnce) CascadeMinimizer.cc: 212 -- finished with status 1 (covariance forced positive definite), this could indicate a problem with the minimim.
INFO: (function: improveOnce) CascadeMinimizer.cc: 216 -- Minimization success! status=0
INFO: (function: improveOnce) CascadeMinimizer.cc: 188 -- Minimisation configured with Type=Minuit2, Algo=Migrad, strategy=1, tolerance=0.1
INFO: (function: improveOnce) CascadeMinimizer.cc: 211 -- Minimisation finished with status=0
INFO: (function: improveOnce) CascadeMinimizer.cc: 216 -- Minimization success! status=0
INFO: (function: improveOnce) CascadeMinimizer.cc: 188 -- Minimisation configured with Type=Minuit2, Algo=Migrad, strategy=1, tolerance=0.1
INFO: (function: improveOnce) CascadeMinimizer.cc: 211 -- Minimisation finished with status=0
INFO: (function: improveOnce) CascadeMinimizer.cc: 216 -- Minimization success! status=0
INFO: (function: improveOnce) CascadeMinimizer.cc: 188 -- Minimisation configured with Type=Minuit2, Algo=Migrad, strategy=1, tolerance=0.1
INFO: (function: improveOnce) CascadeMinimizer.cc: 211 -- Minimisation finished with status=0
INFO: (function: improveOnce) CascadeMinimizer.cc: 216 -- Minimization success! status=0
INFO: (function: improveOnce) CascadeMinimizer.cc: 188 -- Minimisation configured with Type=Minuit2, Algo=Migrad, strategy=1, tolerance=0.1
INFO: (function: improveOnce) CascadeMinimizer.cc: 211 -- Minimisation finished with status=0
INFO: (function: improveOnce) CascadeMinimizer.cc: 216 -- Minimization success! status=0
INFO: (function: improveOnce) CascadeMinimizer.cc: 188 -- Minimisation configured with Type=Minuit2, Algo=Migrad, strategy=1, tolerance=0.1
INFO: (function: improveOnce) CascadeMinimizer.cc: 211 -- Minimisation finished with status=1
DEBUG: (function: improveOnce) CascadeMinimizer.cc: 212 -- finished with status 1 (covariance forced positive definite), this could indicate a problem with the minimim.
INFO: (function: improveOnce) CascadeMinimizer.cc: 216 -- Minimization success! status=0
INFO: (function: improveOnce) CascadeMinimizer.cc: 188 -- Minimisation configured with Type=Minuit2, Algo=Migrad, strategy=1, tolerance=0.1
INFO: (function: improveOnce) CascadeMinimizer.cc: 211 -- Minimisation finished with status=1
DEBUG: (function: improveOnce) CascadeMinimizer.cc: 212 -- finished with status 1 (covariance forced positive definite), this could indicate a problem with the minimim.
INFO: (function: improveOnce) CascadeMinimizer.cc: 216 -- Minimization success! status=0
INFO: (function: runLimitExpected) AsymptoticLimits.cc: 436 -- Median for expected limits = 9.46875 (Sigma for expected limits = 4.83108)
INFO: (function: improveOnce) CascadeMinimizer.cc: 188 -- Minimisation configured with Type=Minuit2, Algo=Migrad, strategy=1, tolerance=0.1
INFO: (function: improveOnce) CascadeMinimizer.cc: 211 -- Minimisation finished with status=1
DEBUG: (function: improveOnce) CascadeMinimizer.cc: 212 -- finished with status 1 (covariance forced positive definite), this could indicate a problem with the minimim.
INFO: (function: improveOnce) CascadeMinimizer.cc: 216 -- Minimization success! status=0
INFO: (function: improveOnce) CascadeMinimizer.cc: 188 -- Minimisation configured with Type=Minuit2, Algo=Migrad, strategy=1, tolerance=0.1
INFO: (function: improveOnce) CascadeMinimizer.cc: 211 -- Minimisation finished with status=0
INFO: (function: improveOnce) CascadeMinimizer.cc: 216 -- Minimization success! status=0
INFO: (function: improveOnce) CascadeMinimizer.cc: 188 -- Minimisation configured with Type=Minuit2, Algo=Migrad, strategy=1, tolerance=0.1
INFO: (function: improveOnce) CascadeMinimizer.cc: 211 -- Minimisation finished with status=1
DEBUG: (function: improveOnce) CascadeMinimizer.cc: 212 -- finished with status 1 (covariance forced positive definite), this could indicate a problem with the minimim.
INFO: (function: improveOnce) CascadeMinimizer.cc: 216 -- Minimization success! status=0
INFO: (function: improveOnce) CascadeMinimizer.cc: 188 -- Minimisation configured with Type=Minuit2, Algo=Migrad, strategy=1, tolerance=0.1
INFO: (function: improveOnce) CascadeMinimizer.cc: 211 -- Minimisation finished with status=0
INFO: (function: improveOnce) CascadeMinimizer.cc: 216 -- Minimization success! status=0
INFO: (function: improveOnce) CascadeMinimizer.cc: 188 -- Minimisation configured with Type=Minuit2, Algo=Migrad, strategy=1, tolerance=0.1
INFO: (function: improveOnce) CascadeMinimizer.cc: 211 -- Minimisation finished with status=0
INFO: (function: improveOnce) CascadeMinimizer.cc: 216 -- Minimization success! status=0
INFO: (function: improveOnce) CascadeMinimizer.cc: 188 -- Minimisation configured with Type=Minuit2, Algo=Migrad, strategy=1, tolerance=0.1
INFO: (function: improveOnce) CascadeMinimizer.cc: 211 -- Minimisation finished with status=0
INFO: (function: improveOnce) CascadeMinimizer.cc: 216 -- Minimization success! status=0
INFO: (function: improveOnce) CascadeMinimizer.cc: 188 -- Minimisation configured with Type=Minuit2, Algo=Migrad, strategy=1, tolerance=0.1
INFO: (function: improveOnce) CascadeMinimizer.cc: 211 -- Minimisation finished with status=1
DEBUG: (function: improveOnce) CascadeMinimizer.cc: 212 -- finished with status 1 (covariance forced positive definite), this could indicate a problem with the minimim.
INFO: (function: improveOnce) CascadeMinimizer.cc: 216 -- Minimization success! status=0
INFO: (function: improveOnce) CascadeMinimizer.cc: 188 -- Minimisation configured with Type=Minuit2, Algo=Migrad, strategy=1, tolerance=0.1
INFO: (function: improveOnce) CascadeMinimizer.cc: 211 -- Minimisation finished with status=0
INFO: (function: improveOnce) CascadeMinimizer.cc: 216 -- Minimization success! status=0
INFO: (function: improveOnce) CascadeMinimizer.cc: 188 -- Minimisation configured with Type=Minuit2, Algo=Migrad, strategy=1, tolerance=0.1
INFO: (function: improveOnce) CascadeMinimizer.cc: 211 -- Minimisation finished with status=0
INFO: (function: improveOnce) CascadeMinimizer.cc: 216 -- Minimization success! status=0
INFO: (function: improveOnce) CascadeMinimizer.cc: 188 -- Minimisation configured with Type=Minuit2, Algo=Migrad, strategy=1, tolerance=0.1
INFO: (function: improveOnce) CascadeMinimizer.cc: 211 -- Minimisation finished with status=0
INFO: (function: improveOnce) CascadeMinimizer.cc: 216 -- Minimization success! status=0
INFO: (function: improveOnce) CascadeMinimizer.cc: 188 -- Minimisation configured with Type=Minuit2, Algo=Migrad, strategy=1, tolerance=0.1
INFO: (function: improveOnce) CascadeMinimizer.cc: 211 -- Minimisation finished with status=1
DEBUG: (function: improveOnce) CascadeMinimizer.cc: 212 -- finished with status 1 (covariance forced positive definite), this could indicate a problem with the minimim.
INFO: (function: improveOnce) CascadeMinimizer.cc: 216 -- Minimization success! status=0
INFO: (function: improveOnce) CascadeMinimizer.cc: 188 -- Minimisation configured with Type=Minuit2, Algo=Migrad, strategy=1, tolerance=0.1
INFO: (function: improveOnce) CascadeMinimizer.cc: 211 -- Minimisation finished with status=0
INFO: (function: improveOnce) CascadeMinimizer.cc: 216 -- Minimization success! status=0
INFO: (function: improveOnce) CascadeMinimizer.cc: 188 -- Minimisation configured with Type=Minuit2, Algo=Migrad, strategy=1, tolerance=0.1
INFO: (function: improveOnce) CascadeMinimizer.cc: 211 -- Minimisation finished with status=0
INFO: (function: improveOnce) CascadeMinimizer.cc: 216 -- Minimization success! status=0
INFO: (function: improveOnce) CascadeMinimizer.cc: 188 -- Minimisation configured with Type=Minuit2, Algo=Migrad, strategy=1, tolerance=0.1
INFO: (function: improveOnce) CascadeMinimizer.cc: 211 -- Minimisation finished with status=1
DEBUG: (function: improveOnce) CascadeMinimizer.cc: 212 -- finished with status 1 (covariance forced positive definite), this could indicate a problem with the minimim.
INFO: (function: improveOnce) CascadeMinimizer.cc: 216 -- Minimization success! status=0
INFO: (function: improveOnce) CascadeMinimizer.cc: 188 -- Minimisation configured with Type=Minuit2, Algo=Migrad, strategy=1, tolerance=0.1
INFO: (function: improveOnce) CascadeMinimizer.cc: 211 -- Minimisation finished with status=1
DEBUG: (function: improveOnce) CascadeMinimizer.cc: 212 -- finished with status 1 (covariance forced positive definite), this could indicate a problem with the minimim.
INFO: (function: improveOnce) CascadeMinimizer.cc: 216 -- Minimization success! status=0
INFO: (function: improveOnce) CascadeMinimizer.cc: 188 -- Minimisation configured with Type=Minuit2, Algo=Migrad, strategy=1, tolerance=0.1
INFO: (function: improveOnce) CascadeMinimizer.cc: 211 -- Minimisation finished with status=0
INFO: (function: improveOnce) CascadeMinimizer.cc: 216 -- Minimization success! status=0
INFO: (function: improveOnce) CascadeMinimizer.cc: 188 -- Minimisation configured with Type=Minuit2, Algo=Migrad, strategy=1, tolerance=0.1
INFO: (function: improveOnce) CascadeMinimizer.cc: 211 -- Minimisation finished with status=0
INFO: (function: improveOnce) CascadeMinimizer.cc: 216 -- Minimization success! status=0
INFO: (function: improveOnce) CascadeMinimizer.cc: 188 -- Minimisation configured with Type=Minuit2, Algo=Migrad, strategy=1, tolerance=0.1
INFO: (function: improveOnce) CascadeMinimizer.cc: 211 -- Minimisation finished with status=0
INFO: (function: improveOnce) CascadeMinimizer.cc: 216 -- Minimization success! status=0
INFO: (function: improveOnce) CascadeMinimizer.cc: 188 -- Minimisation configured with Type=Minuit2, Algo=Migrad, strategy=1, tolerance=0.1
INFO: (function: improveOnce) CascadeMinimizer.cc: 211 -- Minimisation finished with status=0
INFO: (function: improveOnce) CascadeMinimizer.cc: 216 -- Minimization success! status=0
INFO: (function: improveOnce) CascadeMinimizer.cc: 188 -- Minimisation configured with Type=Minuit2, Algo=Migrad, strategy=1, tolerance=0.1
INFO: (function: improveOnce) CascadeMinimizer.cc: 211 -- Minimisation finished with status=0
INFO: (function: improveOnce) CascadeMinimizer.cc: 216 -- Minimization success! status=0
INFO: (function: improveOnce) CascadeMinimizer.cc: 188 -- Minimisation configured with Type=Minuit2, Algo=Migrad, strategy=1, tolerance=0.1
INFO: (function: improveOnce) CascadeMinimizer.cc: 211 -- Minimisation finished with status=0
INFO: (function: improveOnce) CascadeMinimizer.cc: 216 -- Minimization success! status=0
INFO: (function: improveOnce) CascadeMinimizer.cc: 188 -- Minimisation configured with Type=Minuit2, Algo=Migrad, strategy=1, tolerance=0.1
INFO: (function: improveOnce) CascadeMinimizer.cc: 211 -- Minimisation finished with status=-1
DEBUG: (function: improveOnce) CascadeMinimizer.cc: 217 -- Minimization ended with latest status != 0 or 1
INFO: (function: improveOnce) CascadeMinimizer.cc: 188 -- Minimisation configured with Type=Minuit2, Algo=Migrad, strategy=1, tolerance=0.1
INFO: (function: improveOnce) CascadeMinimizer.cc: 211 -- Minimisation finished with status=1
DEBUG: (function: improveOnce) CascadeMinimizer.cc: 212 -- finished with status 1 (covariance forced positive definite), this could indicate a problem with the minimim.
INFO: (function: improveOnce) CascadeMinimizer.cc: 216 -- Minimization success! status=0
INFO: (function: improveOnce) CascadeMinimizer.cc: 188 -- Minimisation configured with Type=Minuit2, Algo=Migrad, strategy=1, tolerance=0.1
INFO: (function: improveOnce) CascadeMinimizer.cc: 211 -- Minimisation finished with status=1
DEBUG: (function: improveOnce) CascadeMinimizer.cc: 212 -- finished with status 1 (covariance forced positive definite), this could indicate a problem with the minimim.
INFO: (function: improveOnce) CascadeMinimizer.cc: 216 -- Minimization success! status=0
INFO: (function: improveOnce) CascadeMinimizer.cc: 188 -- Minimisation configured with Type=Minuit2, Algo=Migrad, strategy=1, tolerance=0.1
INFO: (function: improveOnce) CascadeMinimizer.cc: 211 -- Minimisation finished with status=0
INFO: (function: improveOnce) CascadeMinimizer.cc: 216 -- Minimization success! status=0
INFO: (function: improveOnce) CascadeMinimizer.cc: 188 -- Minimisation configured with Type=Minuit2, Algo=Migrad, strategy=1, tolerance=0.1
INFO: (function: improveOnce) CascadeMinimizer.cc: 211 -- Minimisation finished with status=0
INFO: (function: improveOnce) CascadeMinimizer.cc: 216 -- Minimization success! status=0
INFO: (function: improveOnce) CascadeMinimizer.cc: 188 -- Minimisation configured with Type=Minuit2, Algo=Migrad, strategy=1, tolerance=0.1
INFO: (function: improveOnce) CascadeMinimizer.cc: 211 -- Minimisation finished with status=1
DEBUG: (function: improveOnce) CascadeMinimizer.cc: 212 -- finished with status 1 (covariance forced positive definite), this could indicate a problem with the minimim.
INFO: (function: improveOnce) CascadeMinimizer.cc: 216 -- Minimization success! status=0
INFO: (function: runLimit) AsymptoticLimits.cc: 193 -- NLL at global minimum of data = -4404.09 (r=0.844103)
INFO: (function: improveOnce) CascadeMinimizer.cc: 188 -- Minimisation configured with Type=Minuit2, Algo=Migrad, strategy=1, tolerance=0.1
INFO: (function: improveOnce) CascadeMinimizer.cc: 211 -- Minimisation finished with status=1
DEBUG: (function: improveOnce) CascadeMinimizer.cc: 212 -- finished with status 1 (covariance forced positive definite), this could indicate a problem with the minimim.
INFO: (function: improveOnce) CascadeMinimizer.cc: 216 -- Minimization success! status=0
INFO: (function: runLimit) AsymptoticLimits.cc: 213 -- NLL at global minimum of asimov = -4404.09 (r=0.844087)
INFO: (function: improveOnce) CascadeMinimizer.cc: 188 -- Minimisation configured with Type=Minuit2, Algo=Migrad, strategy=1, tolerance=0.1
INFO: (function: improveOnce) CascadeMinimizer.cc: 211 -- Minimisation finished with status=0
INFO: (function: improveOnce) CascadeMinimizer.cc: 216 -- Minimization success! status=0
INFO: (function: improveOnce) CascadeMinimizer.cc: 188 -- Minimisation configured with Type=Minuit2, Algo=Migrad, strategy=1, tolerance=0.1
INFO: (function: improveOnce) CascadeMinimizer.cc: 211 -- Minimisation finished with status=0
INFO: (function: improveOnce) CascadeMinimizer.cc: 216 -- Minimization success! status=0
INFO: (function: getCLs) AsymptoticLimits.cc: 343 -- At r = 2.044103:	q_mu = 0.06881	q_A  = 0.15289	CLsb = 0.39654	CLb  = 0.55120	CLs  = 0.71941
INFO: (function: improveOnce) CascadeMinimizer.cc: 188 -- Minimisation configured with Type=Minuit2, Algo=Migrad, strategy=1, tolerance=0.1
INFO: (function: improveOnce) CascadeMinimizer.cc: 211 -- Minimisation finished with status=1
DEBUG: (function: improveOnce) CascadeMinimizer.cc: 212 -- finished with status 1 (covariance forced positive definite), this could indicate a problem with the minimim.
INFO: (function: improveOnce) CascadeMinimizer.cc: 216 -- Minimization success! status=0
INFO: (function: improveOnce) CascadeMinimizer.cc: 188 -- Minimisation configured with Type=Minuit2, Algo=Migrad, strategy=1, tolerance=0.1
INFO: (function: improveOnce) CascadeMinimizer.cc: 211 -- Minimisation finished with status=1
DEBUG: (function: improveOnce) CascadeMinimizer.cc: 212 -- finished with status 1 (covariance forced positive definite), this could indicate a problem with the minimim.
INFO: (function: improveOnce) CascadeMinimizer.cc: 216 -- Minimization success! status=0
INFO: (function: getCLs) AsymptoticLimits.cc: 343 -- At r = 4.088206:	q_mu = 0.07109	q_A  = 0.15643	CLsb = 0.39488	CLb  = 0.55127	CLs  = 0.71630
INFO: (function: improveOnce) CascadeMinimizer.cc: 188 -- Minimisation configured with Type=Minuit2, Algo=Migrad, strategy=1, tolerance=0.1
INFO: (function: improveOnce) CascadeMinimizer.cc: 211 -- Minimisation finished with status=1
DEBUG: (function: improveOnce) CascadeMinimizer.cc: 212 -- finished with status 1 (covariance forced positive definite), this could indicate a problem with the minimim.
INFO: (function: improveOnce) CascadeMinimizer.cc: 216 -- Minimization success! status=0
INFO: (function: improveOnce) CascadeMinimizer.cc: 188 -- Minimisation configured with Type=Minuit2, Algo=Migrad, strategy=1, tolerance=0.1
INFO: (function: improveOnce) CascadeMinimizer.cc: 211 -- Minimisation finished with status=1
DEBUG: (function: improveOnce) CascadeMinimizer.cc: 212 -- finished with status 1 (covariance forced positive definite), this could indicate a problem with the minimim.
INFO: (function: improveOnce) CascadeMinimizer.cc: 216 -- Minimization success! status=0
INFO: (function: getCLs) AsymptoticLimits.cc: 343 -- At r = 8.176412:	q_mu = 1.35239	q_A  = 0.87806	CLsb = 0.11699	CLb  = 0.40010	CLs  = 0.29242
INFO: (function: improveOnce) CascadeMinimizer.cc: 188 -- Minimisation configured with Type=Minuit2, Algo=Migrad, strategy=1, tolerance=0.1
INFO: (function: improveOnce) CascadeMinimizer.cc: 211 -- Minimisation finished with status=0
INFO: (function: improveOnce) CascadeMinimizer.cc: 216 -- Minimization success! status=0
INFO: (function: improveOnce) CascadeMinimizer.cc: 188 -- Minimisation configured with Type=Minuit2, Algo=Migrad, strategy=1, tolerance=0.1
INFO: (function: improveOnce) CascadeMinimizer.cc: 211 -- Minimisation finished with status=0
INFO: (function: improveOnce) CascadeMinimizer.cc: 216 -- Minimization success! status=0
INFO: (function: getCLs) AsymptoticLimits.cc: 343 -- At r = 16.352824:	q_mu = 1214377.96075	q_A  = 1214374.81497	CLsb = 0.00000	CLb  = 0.49943	CLs  = 0.00000
INFO: (function: improveOnce) CascadeMinimizer.cc: 188 -- Minimisation configured with Type=Minuit2, Algo=Migrad, strategy=1, tolerance=0.1
INFO: (function: improveOnce) CascadeMinimizer.cc: 211 -- Minimisation finished with status=0
INFO: (function: improveOnce) CascadeMinimizer.cc: 216 -- Minimization success! status=0
INFO: (function: improveOnce) CascadeMinimizer.cc: 188 -- Minimisation configured with Type=Minuit2, Algo=Migrad, strategy=1, tolerance=0.1
INFO: (function: improveOnce) CascadeMinimizer.cc: 211 -- Minimisation finished with status=0
INFO: (function: improveOnce) CascadeMinimizer.cc: 216 -- Minimization success! status=0
INFO: (function: getCLs) AsymptoticLimits.cc: 343 -- At r = 8.598464:	q_mu = 1686557.65734	q_A  = 1683252.49817	CLsb = 0.00000	CLb  = 0.10137	CLs  = 0.00000
INFO: (function: improveOnce) CascadeMinimizer.cc: 188 -- Minimisation configured with Type=Minuit2, Algo=Migrad, strategy=1, tolerance=0.1
INFO: (function: improveOnce) CascadeMinimizer.cc: 211 -- Minimisation finished with status=0
INFO: (function: improveOnce) CascadeMinimizer.cc: 216 -- Minimization success! status=0
INFO: (function: improveOnce) CascadeMinimizer.cc: 188 -- Minimisation configured with Type=Minuit2, Algo=Migrad, strategy=1, tolerance=0.1
INFO: (function: improveOnce) CascadeMinimizer.cc: 211 -- Minimisation finished with status=0
INFO: (function: improveOnce) CascadeMinimizer.cc: 216 -- Minimization success! status=0
INFO: (function: getCLs) AsymptoticLimits.cc: 343 -- At r = 4.721283:	q_mu = 0.03185	q_A  = 0.07977	CLsb = 0.42917	CLb  = 0.54140	CLs  = 0.79272
INFO: (function: improveOnce) CascadeMinimizer.cc: 188 -- Minimisation configured with Type=Minuit2, Algo=Migrad, strategy=1, tolerance=0.1
INFO: (function: improveOnce) CascadeMinimizer.cc: 211 -- Minimisation finished with status=0
INFO: (function: improveOnce) CascadeMinimizer.cc: 216 -- Minimization success! status=0
INFO: (function: improveOnce) CascadeMinimizer.cc: 188 -- Minimisation configured with Type=Minuit2, Algo=Migrad, strategy=1, tolerance=0.1
INFO: (function: improveOnce) CascadeMinimizer.cc: 211 -- Minimisation finished with status=0
INFO: (function: improveOnce) CascadeMinimizer.cc: 216 -- Minimization success! status=0
INFO: (function: getCLs) AsymptoticLimits.cc: 343 -- At r = 6.659874:	q_mu = 0.14180	q_A  = 0.00000	CLsb = 0.00000	CLb  = 0.00000	CLs  = 0.00000
INFO: (function: improveOnce) CascadeMinimizer.cc: 188 -- Minimisation configured with Type=Minuit2, Algo=Migrad, strategy=1, tolerance=0.1
INFO: (function: improveOnce) CascadeMinimizer.cc: 211 -- Minimisation finished with status=0
INFO: (function: improveOnce) CascadeMinimizer.cc: 216 -- Minimization success! status=0
INFO: (function: improveOnce) CascadeMinimizer.cc: 188 -- Minimisation configured with Type=Minuit2, Algo=Migrad, strategy=1, tolerance=0.1
INFO: (function: improveOnce) CascadeMinimizer.cc: 211 -- Minimisation finished with status=0
INFO: (function: improveOnce) CascadeMinimizer.cc: 216 -- Minimization success! status=0
INFO: (function: getCLs) AsymptoticLimits.cc: 343 -- At r = 5.690578:	q_mu = 0.00000	q_A  = 0.00000	CLsb = 0.50000	CLb  = 0.50000	CLs  = 1.00000
INFO: (function: improveOnce) CascadeMinimizer.cc: 188 -- Minimisation configured with Type=Minuit2, Algo=Migrad, strategy=1, tolerance=0.1
INFO: (function: improveOnce) CascadeMinimizer.cc: 211 -- Minimisation finished with status=0
INFO: (function: improveOnce) CascadeMinimizer.cc: 216 -- Minimization success! status=0
INFO: (function: improveOnce) CascadeMinimizer.cc: 188 -- Minimisation configured with Type=Minuit2, Algo=Migrad, strategy=1, tolerance=0.1
INFO: (function: improveOnce) CascadeMinimizer.cc: 211 -- Minimisation finished with status=0
INFO: (function: improveOnce) CascadeMinimizer.cc: 216 -- Minimization success! status=0
INFO: (function: getCLs) AsymptoticLimits.cc: 343 -- At r = 6.175226:	q_mu = 0.03698	q_A  = 0.00000	CLsb = 0.00000	CLb  = 0.00000	CLs  = 0.00000
INFO: (function: improveOnce) CascadeMinimizer.cc: 188 -- Minimisation configured with Type=Minuit2, Algo=Migrad, strategy=1, tolerance=0.1
INFO: (function: improveOnce) CascadeMinimizer.cc: 211 -- Minimisation finished with status=1
DEBUG: (function: improveOnce) CascadeMinimizer.cc: 212 -- finished with status 1 (covariance forced positive definite), this could indicate a problem with the minimim.
INFO: (function: improveOnce) CascadeMinimizer.cc: 216 -- Minimization success! status=0
INFO: (function: improveOnce) CascadeMinimizer.cc: 188 -- Minimisation configured with Type=Minuit2, Algo=Migrad, strategy=1, tolerance=0.1
INFO: (function: improveOnce) CascadeMinimizer.cc: 211 -- Minimisation finished with status=0
INFO: (function: improveOnce) CascadeMinimizer.cc: 216 -- Minimization success! status=0
INFO: (function: getCLs) AsymptoticLimits.cc: 343 -- At r = 5.932902:	q_mu = 0.01170	q_A  = 0.00000	CLsb = 0.00000	CLb  = 0.00000	CLs  = 0.00000
INFO: (function: improveOnce) CascadeMinimizer.cc: 188 -- Minimisation configured with Type=Minuit2, Algo=Migrad, strategy=1, tolerance=0.1
INFO: (function: improveOnce) CascadeMinimizer.cc: 211 -- Minimisation finished with status=1
DEBUG: (function: improveOnce) CascadeMinimizer.cc: 212 -- finished with status 1 (covariance forced positive definite), this could indicate a problem with the minimim.
INFO: (function: improveOnce) CascadeMinimizer.cc: 216 -- Minimization success! status=0
INFO: (function: improveOnce) CascadeMinimizer.cc: 188 -- Minimisation configured with Type=Minuit2, Algo=Migrad, strategy=1, tolerance=0.1
INFO: (function: improveOnce) CascadeMinimizer.cc: 211 -- Minimisation finished with status=1
DEBUG: (function: improveOnce) CascadeMinimizer.cc: 212 -- finished with status 1 (covariance forced positive definite), this could indicate a problem with the minimim.
INFO: (function: improveOnce) CascadeMinimizer.cc: 216 -- Minimization success! status=0
INFO: (function: getCLs) AsymptoticLimits.cc: 343 -- At r = 5.811740:	q_mu = 0.00403	q_A  = 0.00000	CLsb = 0.00000	CLb  = 0.00000	CLs  = 0.00000
INFO: (function: improveOnce) CascadeMinimizer.cc: 188 -- Minimisation configured with Type=Minuit2, Algo=Migrad, strategy=1, tolerance=0.1
INFO: (function: improveOnce) CascadeMinimizer.cc: 211 -- Minimisation finished with status=0
INFO: (function: improveOnce) CascadeMinimizer.cc: 216 -- Minimization success! status=0
INFO: (function: improveOnce) CascadeMinimizer.cc: 188 -- Minimisation configured with Type=Minuit2, Algo=Migrad, strategy=1, tolerance=0.1
INFO: (function: improveOnce) CascadeMinimizer.cc: 211 -- Minimisation finished with status=0
INFO: (function: improveOnce) CascadeMinimizer.cc: 216 -- Minimization success! status=0
INFO: (function: getCLs) AsymptoticLimits.cc: 343 -- At r = 5.751159:	q_mu = 0.00134	q_A  = 0.00000	CLsb = 0.00000	CLb  = 0.00000	CLs  = 0.00000
INFO: (function: improveOnce) CascadeMinimizer.cc: 188 -- Minimisation configured with Type=Minuit2, Algo=Migrad, strategy=1, tolerance=0.1
INFO: (function: improveOnce) CascadeMinimizer.cc: 211 -- Minimisation finished with status=1
DEBUG: (function: improveOnce) CascadeMinimizer.cc: 212 -- finished with status 1 (covariance forced positive definite), this could indicate a problem with the minimim.
INFO: (function: improveOnce) CascadeMinimizer.cc: 216 -- Minimization success! status=0
INFO: (function: improveOnce) CascadeMinimizer.cc: 188 -- Minimisation configured with Type=Minuit2, Algo=Migrad, strategy=1, tolerance=0.1
INFO: (function: improveOnce) CascadeMinimizer.cc: 211 -- Minimisation finished with status=1
DEBUG: (function: improveOnce) CascadeMinimizer.cc: 212 -- finished with status 1 (covariance forced positive definite), this could indicate a problem with the minimim.
INFO: (function: improveOnce) CascadeMinimizer.cc: 216 -- Minimization success! status=0
INFO: (function: getCLs) AsymptoticLimits.cc: 343 -- At r = 5.720869:	q_mu = 0.00097	q_A  = 0.00000	CLsb = 0.00000	CLb  = 0.00000	CLs  = 0.00000
INFO: (function: improveOnce) CascadeMinimizer.cc: 188 -- Minimisation configured with Type=Minuit2, Algo=Migrad, strategy=1, tolerance=0.1
INFO: (function: improveOnce) CascadeMinimizer.cc: 211 -- Minimisation finished with status=1
DEBUG: (function: improveOnce) CascadeMinimizer.cc: 212 -- finished with status 1 (covariance forced positive definite), this could indicate a problem with the minimim.
INFO: (function: improveOnce) CascadeMinimizer.cc: 216 -- Minimization success! status=0
INFO: (function: improveOnce) CascadeMinimizer.cc: 188 -- Minimisation configured with Type=Minuit2, Algo=Migrad, strategy=1, tolerance=0.1
INFO: (function: improveOnce) CascadeMinimizer.cc: 211 -- Minimisation finished with status=1
DEBUG: (function: improveOnce) CascadeMinimizer.cc: 212 -- finished with status 1 (covariance forced positive definite), this could indicate a problem with the minimim.
INFO: (function: improveOnce) CascadeMinimizer.cc: 216 -- Minimization success! status=0
INFO: (function: getCLs) AsymptoticLimits.cc: 343 -- At r = 5.705724:	q_mu = 0.00057	q_A  = 0.00000	CLsb = 0.00000	CLb  = 0.00000	CLs  = 0.00000
