----- 420 -----
 <<< Combine >>> 
>>> random number generator seed is 123456
Will use a-priori expected background instead of a-posteriori one.
>>> method used is AsymptoticLimits
SimNLL created with 1 channels, 0 generic constraints, 3 fast gaussian constraints, 0 fast poisson constraints, 0 fast group constraints, 

 -- AsymptoticLimits ( CLs ) --
Expected  2.5%: r < 0.0483
Expected 16.0%: r < 0.0941
Expected 50.0%: r < 0.2207
Expected 84.0%: r < 0.4442
Expected 97.5%: r < 0.6694

Done in 0.00 min (cpu), 0.01 min (real)
----- 520 -----
 <<< Combine >>> 
>>> random number generator seed is 123456
Will use a-priori expected background instead of a-posteriori one.
>>> method used is AsymptoticLimits
SimNLL created with 2 channels, 0 generic constraints, 3 fast gaussian constraints, 0 fast poisson constraints, 0 fast group constraints, 

 -- AsymptoticLimits ( CLs ) --
Expected  2.5%: r < 0.0023
Expected 16.0%: r < 0.0039
Expected 50.0%: r < 0.0073
Expected 84.0%: r < 0.0143
Expected 97.5%: r < 0.0218

Done in 0.00 min (cpu), 0.01 min (real)
----- 620 -----
 <<< Combine >>> 
>>> random number generator seed is 123456
Will use a-priori expected background instead of a-posteriori one.
>>> method used is AsymptoticLimits
SimNLL created with 3 channels, 0 generic constraints, 3 fast gaussian constraints, 0 fast poisson constraints, 0 fast group constraints, 

 -- AsymptoticLimits ( CLs ) --
Expected  2.5%: r < 0.0013
Expected 16.0%: r < 0.0021
Expected 50.0%: r < 0.0034
Expected 84.0%: r < 0.0065
Expected 97.5%: r < 0.0099

Done in 0.00 min (cpu), 0.01 min (real)
----- 800 -----
 <<< Combine >>> 
>>> random number generator seed is 123456
Will use a-priori expected background instead of a-posteriori one.
>>> method used is AsymptoticLimits
SimNLL created with 4 channels, 0 generic constraints, 3 fast gaussian constraints, 0 fast poisson constraints, 0 fast group constraints, 

 -- AsymptoticLimits ( CLs ) --
Expected  2.5%: r < 0.0009
Expected 16.0%: r < 0.0013
Expected 50.0%: r < 0.0024
Expected 84.0%: r < 0.0046
Expected 97.5%: r < 0.0071

Done in 0.00 min (cpu), 0.01 min (real)
----- 1000 -----
 <<< Combine >>> 
>>> random number generator seed is 123456
Will use a-priori expected background instead of a-posteriori one.
>>> method used is AsymptoticLimits
SimNLL created with 5 channels, 0 generic constraints, 3 fast gaussian constraints, 0 fast poisson constraints, 0 fast group constraints, 

 -- AsymptoticLimits ( CLs ) --
Expected  2.5%: r < 0.0009
Expected 16.0%: r < 0.0013
Expected 50.0%: r < 0.0024
Expected 84.0%: r < 0.0046
Expected 97.5%: r < 0.0071

Done in 0.00 min (cpu), 0.01 min (real)
----- 3500 -----
 <<< Combine >>> 
>>> random number generator seed is 123456
Will use a-priori expected background instead of a-posteriori one.
>>> method used is AsymptoticLimits
SimNLL created with 6 channels, 0 generic constraints, 3 fast gaussian constraints, 0 fast poisson constraints, 0 fast group constraints, 

 -- AsymptoticLimits ( CLs ) --
Expected  2.5%: r < 0.0003
Expected 16.0%: r < 0.0011
Expected 50.0%: r < 0.0024
Expected 84.0%: r < 0.0040
Expected 97.5%: r < 0.0070

Done in 0.00 min (cpu), 0.01 min (real)
