----- 420 -----
 <<< Combine >>> 
>>> random number generator seed is 123456
Will use a-priori expected background instead of a-posteriori one.
>>> method used is AsymptoticLimits
SimNLL created with 1 channels, 0 generic constraints, 1 fast gaussian constraints, 0 fast poisson constraints, 0 fast group constraints, 

 -- AsymptoticLimits ( CLs ) --
Expected  2.5%: r < 111.2070
Expected 16.0%: r < 172.8390
Expected 50.0%: r < 290.5000
Expected 84.0%: r < 501.2461
Expected 97.5%: r < 820.6761

Done in 0.00 min (cpu), 0.01 min (real)
----- 520 -----
 <<< Combine >>> 
>>> random number generator seed is 123456
Will use a-priori expected background instead of a-posteriori one.
>>> method used is AsymptoticLimits
SimNLL created with 2 channels, 0 generic constraints, 1 fast gaussian constraints, 0 fast poisson constraints, 0 fast group constraints, 

 -- AsymptoticLimits ( CLs ) --
Expected  2.5%: r < 51.9023
Expected 16.0%: r < 79.0070
Expected 50.0%: r < 129.0000
Expected 84.0%: r < 214.3571
Expected 97.5%: r < 338.0623

Done in 0.00 min (cpu), 0.00 min (real)
----- 620 -----
 <<< Combine >>> 
>>> random number generator seed is 123456
Will use a-priori expected background instead of a-posteriori one.
>>> method used is AsymptoticLimits
SimNLL created with 3 channels, 0 generic constraints, 1 fast gaussian constraints, 0 fast poisson constraints, 0 fast group constraints, 

 -- AsymptoticLimits ( CLs ) --
Expected  2.5%: r < 41.2344
Expected 16.0%: r < 62.8923
Expected 50.0%: r < 101.5000
Expected 84.0%: r < 167.0425
Expected 97.5%: r < 261.0765

Done in 0.00 min (cpu), 0.02 min (real)
----- 800 -----
 <<< Combine >>> 
>>> random number generator seed is 123456
Will use a-priori expected background instead of a-posteriori one.
>>> method used is AsymptoticLimits
SimNLL created with 4 channels, 0 generic constraints, 1 fast gaussian constraints, 0 fast poisson constraints, 0 fast group constraints, 

 -- AsymptoticLimits ( CLs ) --
Expected  2.5%: r < 37.9395
Expected 16.0%: r < 57.1209
Expected 50.0%: r < 92.5000
Expected 84.0%: r < 150.7560
Expected 97.5%: r < 235.3920

Done in 0.00 min (cpu), 0.00 min (real)
----- 1000 -----
 <<< Combine >>> 
>>> random number generator seed is 123456
Will use a-priori expected background instead of a-posteriori one.
>>> method used is AsymptoticLimits
SimNLL created with 5 channels, 0 generic constraints, 1 fast gaussian constraints, 0 fast poisson constraints, 0 fast group constraints, 

 -- AsymptoticLimits ( CLs ) --
Expected  2.5%: r < 36.4014
Expected 16.0%: r < 55.2142
Expected 50.0%: r < 88.7500
Expected 84.0%: r < 145.3518
Expected 97.5%: r < 226.0978

Done in 0.00 min (cpu), 0.00 min (real)
----- 3500 -----
 <<< Combine >>> 
>>> random number generator seed is 123456
Will use a-priori expected background instead of a-posteriori one.
>>> method used is AsymptoticLimits
SimNLL created with 6 channels, 0 generic constraints, 1 fast gaussian constraints, 0 fast poisson constraints, 0 fast group constraints, 

 -- AsymptoticLimits ( CLs ) --
Expected  2.5%: r < 36.2988
Expected 16.0%: r < 55.0586
Expected 50.0%: r < 88.5000
Expected 84.0%: r < 145.6479
Expected 97.5%: r < 225.7090

Done in 0.00 min (cpu), 0.00 min (real)
