----- 420 -----
 <<< Combine >>> 
>>> random number generator seed is 123456
Will use a-priori expected background instead of a-posteriori one.
>>> method used is AsymptoticLimits
Parameters: 
  1) RooRealVar:: n_exp_binbin1_proc_TTToSemiLeptonic = 1.30665
  2) RooRealVar::                                   r = 0.2 +/- 2
Obs: 
  1) RooRealVar::    CMS_th1x = 5.5
  2) RooCategory:: CMS_channel = bin1(idx = 0)

SimNLL created with 1 channels, 0 generic constraints, 0 fast gaussian constraints, 0 fast poisson constraints, 0 fast group constraints, 

 -- AsymptoticLimits ( CLs ) --
Expected  2.5%: r < 111.0156
Expected 16.0%: r < 172.5415
Expected 50.0%: r < 290.0000
Expected 84.0%: r < 500.3833
Expected 97.5%: r < 819.2637

Done in 0.00 min (cpu), 0.00 min (real)
----- 520 -----
 <<< Combine >>> 
>>> random number generator seed is 123456
Will use a-priori expected background instead of a-posteriori one.
>>> method used is AsymptoticLimits
Parameters: 
  1) RooRealVar:: n_exp_binbin1_proc_TTToSemiLeptonic = 1.30665
  2) RooRealVar:: n_exp_binbin2_proc_TTToSemiLeptonic = 2.38057
  3) RooRealVar::                                   r = 0.2 +/- 2
Obs: 
  1) RooRealVar::    CMS_th1x = 5.5
  2) RooCategory:: CMS_channel = bin2(idx = 1)

SimNLL created with 2 channels, 0 generic constraints, 0 fast gaussian constraints, 0 fast poisson constraints, 0 fast group constraints, 

 -- AsymptoticLimits ( CLs ) --
Expected  2.5%: r < 51.1992
Expected 16.0%: r < 78.3753
Expected 50.0%: r < 128.5000
Expected 84.0%: r < 213.5263
Expected 97.5%: r < 336.7520

Done in 0.00 min (cpu), 0.00 min (real)
----- 620 -----
 <<< Combine >>> 
>>> random number generator seed is 123456
Will use a-priori expected background instead of a-posteriori one.
>>> method used is AsymptoticLimits
Parameters: 
  1) RooRealVar:: n_exp_binbin1_proc_TTToSemiLeptonic = 1.30665
  2) RooRealVar:: n_exp_binbin2_proc_TTToSemiLeptonic = 2.38057
  3) RooRealVar:: n_exp_binbin3_proc_TTToSemiLeptonic = 1.22166
  4) RooRealVar::                                   r = 0.2 +/- 2
Obs: 
  1) RooRealVar::    CMS_th1x = 5.5
  2) RooCategory:: CMS_channel = bin3(idx = 2)

SimNLL created with 3 channels, 0 generic constraints, 0 fast gaussian constraints, 0 fast poisson constraints, 0 fast group constraints, 

 -- AsymptoticLimits ( CLs ) --
Expected  2.5%: r < 40.8281
Expected 16.0%: r < 61.8065
Expected 50.0%: r < 100.5000
Expected 84.0%: r < 165.3968
Expected 97.5%: r < 258.5043

Done in 0.00 min (cpu), 0.00 min (real)
----- 800 -----
 <<< Combine >>> 
>>> random number generator seed is 123456
Will use a-priori expected background instead of a-posteriori one.
>>> method used is AsymptoticLimits
Parameters: 
  1) RooRealVar:: n_exp_binbin1_proc_TTToSemiLeptonic = 1.30665
  2) RooRealVar:: n_exp_binbin2_proc_TTToSemiLeptonic = 2.38057
  3) RooRealVar:: n_exp_binbin3_proc_TTToSemiLeptonic = 1.22166
  4) RooRealVar:: n_exp_binbin4_proc_TTToSemiLeptonic = 0.490216
  5) RooRealVar::                                   r = 0.2 +/- 2
Obs: 
  1) RooRealVar::    CMS_th1x = 5.5
  2) RooCategory:: CMS_channel = bin4(idx = 3)

SimNLL created with 4 channels, 0 generic constraints, 0 fast gaussian constraints, 0 fast poisson constraints, 0 fast group constraints, 

 -- AsymptoticLimits ( CLs ) --
Expected  2.5%: r < 37.0703
Expected 16.0%: r < 56.5411
Expected 50.0%: r < 91.2500
Expected 84.0%: r < 150.1737
Expected 97.5%: r < 232.7225

Done in 0.00 min (cpu), 0.00 min (real)
----- 1000 -----
 <<< Combine >>> 
>>> random number generator seed is 123456
Will use a-priori expected background instead of a-posteriori one.
>>> method used is AsymptoticLimits
Parameters: 
  1) RooRealVar:: n_exp_binbin1_proc_TTToSemiLeptonic = 1.30665
  2) RooRealVar:: n_exp_binbin2_proc_TTToSemiLeptonic = 2.38057
  3) RooRealVar:: n_exp_binbin3_proc_TTToSemiLeptonic = 1.22166
  4) RooRealVar:: n_exp_binbin4_proc_TTToSemiLeptonic = 0.490216
  5) RooRealVar:: n_exp_binbin5_proc_TTToSemiLeptonic = 0.151712
  6) RooRealVar::                                   r = 0.2 +/- 2
Obs: 
  1) RooRealVar::    CMS_th1x = 5.5
  2) RooCategory:: CMS_channel = bin5(idx = 4)

SimNLL created with 5 channels, 0 generic constraints, 0 fast gaussian constraints, 0 fast poisson constraints, 0 fast group constraints, 

 -- AsymptoticLimits ( CLs ) --
Expected  2.5%: r < 35.6484
Expected 16.0%: r < 54.3724
Expected 50.0%: r < 87.7500
Expected 84.0%: r < 144.4136
Expected 97.5%: r < 223.7962

Done in 0.00 min (cpu), 0.00 min (real)
----- 3500 -----
 <<< Combine >>> 
>>> random number generator seed is 123456
Will use a-priori expected background instead of a-posteriori one.
>>> method used is AsymptoticLimits
Parameters: 
  1) RooRealVar:: n_exp_binbin1_proc_TTToSemiLeptonic = 1.30665
  2) RooRealVar:: n_exp_binbin2_proc_TTToSemiLeptonic = 2.38057
  3) RooRealVar:: n_exp_binbin3_proc_TTToSemiLeptonic = 1.22166
  4) RooRealVar:: n_exp_binbin4_proc_TTToSemiLeptonic = 0.490216
  5) RooRealVar:: n_exp_binbin5_proc_TTToSemiLeptonic = 0.151712
  6) RooRealVar:: n_exp_binbin6_proc_TTToSemiLeptonic = 0.00672054
  7) RooRealVar::                                   r = 0.2 +/- 2
Obs: 
  1) RooRealVar::    CMS_th1x = 5.5
  2) RooCategory:: CMS_channel = bin6(idx = 5)

SimNLL created with 6 channels, 0 generic constraints, 0 fast gaussian constraints, 0 fast poisson constraints, 0 fast group constraints, 

 -- AsymptoticLimits ( CLs ) --
Expected  2.5%: r < 35.5469
Expected 16.0%: r < 54.2175
Expected 50.0%: r < 87.5000
Expected 84.0%: r < 144.0022
Expected 97.5%: r < 223.1586

Done in 0.00 min (cpu), 0.00 min (real)
