
>>> random number generator seed is 123456
>>> method used is AsymptoticLimits
Nuisance parameters after fit for asimov dataset: 
  1) RooRealVar::            datasyst = -3.09469 +/- 0.740142
  2) RooRealVar::                 fsr = -0.0106971 +/- 0.969279
  3) RooRealVar::                 isr = 0.0125663 +/- 1.01618
  4) RooRealVar:: lumi_13TeV_fullRun2 = -3.53742 +/- 0.893689
  5) RooRealVar::             mcscale = 0.703955 +/- 0.194678
  6) RooRealVar::                 pdf = -0.322235 +/- 0.978458
  7) RooRealVar::                  pu = 0.039544 +/- 0.927902
  8) RooRealVar::   prop_binbin1_bin0 = 3.23352 +/- 1
  9) RooRealVar::   prop_binbin1_bin1 = 1.01036 +/- 1
 10) RooRealVar::   prop_binbin1_bin2 = 0.771364 +/- 1
 11) RooRealVar::   prop_binbin1_bin3 = 0.277745 +/- 1
 12) RooRealVar::   prop_binbin1_bin4 = 2.14367 +/- 1
 13) RooRealVar::   prop_binbin1_bin5 = 0.447556 +/- 1
 14) RooRealVar::   prop_binbin2_bin0 = -1.12585 +/- 1
 15) RooRealVar::   prop_binbin2_bin1 = -1.66065 +/- 1
 16) RooRealVar::   prop_binbin2_bin2 = -1.63722 +/- 1
 17) RooRealVar::   prop_binbin2_bin3 = 0.824105 +/- 1
 18) RooRealVar::   prop_binbin2_bin4 = -2.74439 +/- 1
 19) RooRealVar::   prop_binbin2_bin5 = 1.79366 +/- 1
 20) RooRealVar::   prop_binbin3_bin0 = 1.59514 +/- 1
 21) RooRealVar::   prop_binbin3_bin1 = -1.50783 +/- 1
 22) RooRealVar::   prop_binbin3_bin2 = 1.01737 +/- 1
 23) RooRealVar::   prop_binbin3_bin3 = -4.91203 +/- 1
 24) RooRealVar::   prop_binbin3_bin4 = 2.50543 +/- 1
 25) RooRealVar::   prop_binbin3_bin5 = -0.916142 +/- 1
 26) RooRealVar::   prop_binbin4_bin0 = -0.128862 +/- 1
 27) RooRealVar::   prop_binbin4_bin1 = -2.00822 +/- 1
 28) RooRealVar::   prop_binbin4_bin2 = -2.46536 +/- 1
 29) RooRealVar::   prop_binbin4_bin3 = -1.38581 +/- 1
 30) RooRealVar::   prop_binbin4_bin4 = -3.63888 +/- 1
 31) RooRealVar::   prop_binbin4_bin5 = 3.43838 +/- 1
Global observables for data: 
  1) RooRealVar::            datasyst_In = 0
  2) RooRealVar::                 fsr_In = 0
  3) RooRealVar::                 isr_In = 0
  4) RooRealVar:: lumi_13TeV_fullRun2_In = 0
  5) RooRealVar::             mcscale_In = 0
  6) RooRealVar::                 pdf_In = 0
  7) RooRealVar::                  pu_In = 0
  8) RooRealVar::   prop_binbin1_bin0_In = 0
  9) RooRealVar::   prop_binbin1_bin1_In = 0
 10) RooRealVar::   prop_binbin1_bin2_In = 0
 11) RooRealVar::   prop_binbin1_bin3_In = 0
 12) RooRealVar::   prop_binbin1_bin4_In = 0
 13) RooRealVar::   prop_binbin1_bin5_In = 0
 14) RooRealVar::   prop_binbin2_bin0_In = 0
 15) RooRealVar::   prop_binbin2_bin1_In = 0
 16) RooRealVar::   prop_binbin2_bin2_In = 0
 17) RooRealVar::   prop_binbin2_bin3_In = 0
 18) RooRealVar::   prop_binbin2_bin4_In = 0
 19) RooRealVar::   prop_binbin2_bin5_In = 0
 20) RooRealVar::   prop_binbin3_bin0_In = 0
 21) RooRealVar::   prop_binbin3_bin1_In = 0
 22) RooRealVar::   prop_binbin3_bin2_In = 0
 23) RooRealVar::   prop_binbin3_bin3_In = 0
 24) RooRealVar::   prop_binbin3_bin4_In = 0
 25) RooRealVar::   prop_binbin3_bin5_In = 0
 26) RooRealVar::   prop_binbin4_bin0_In = 0
 27) RooRealVar::   prop_binbin4_bin1_In = 0
 28) RooRealVar::   prop_binbin4_bin2_In = 0
 29) RooRealVar::   prop_binbin4_bin3_In = 0
 30) RooRealVar::   prop_binbin4_bin4_In = 0
 31) RooRealVar::   prop_binbin4_bin5_In = 0
Global observables for asimov: 
  1) RooRealVar::            datasyst_In = -3.09469
  2) RooRealVar::                 fsr_In = -0.0106971
  3) RooRealVar::                 isr_In = 0.0125663
  4) RooRealVar:: lumi_13TeV_fullRun2_In = -3.53742
  5) RooRealVar::             mcscale_In = 0.703955
  6) RooRealVar::                 pdf_In = -0.322235
  7) RooRealVar::                  pu_In = 0.039544
  8) RooRealVar::   prop_binbin1_bin0_In = 3.23352
  9) RooRealVar::   prop_binbin1_bin1_In = 1.01036
 10) RooRealVar::   prop_binbin1_bin2_In = 0.771364
 11) RooRealVar::   prop_binbin1_bin3_In = 0.277745
 12) RooRealVar::   prop_binbin1_bin4_In = 2.14367
 13) RooRealVar::   prop_binbin1_bin5_In = 0.447556
 14) RooRealVar::   prop_binbin2_bin0_In = -1.12585
 15) RooRealVar::   prop_binbin2_bin1_In = -1.66065
 16) RooRealVar::   prop_binbin2_bin2_In = -1.63722
 17) RooRealVar::   prop_binbin2_bin3_In = 0.824105
 18) RooRealVar::   prop_binbin2_bin4_In = -2.74439
 19) RooRealVar::   prop_binbin2_bin5_In = 1.79366
 20) RooRealVar::   prop_binbin3_bin0_In = 1.59514
 21) RooRealVar::   prop_binbin3_bin1_In = -1.50783
 22) RooRealVar::   prop_binbin3_bin2_In = 1.01737
 23) RooRealVar::   prop_binbin3_bin3_In = -4.91203
 24) RooRealVar::   prop_binbin3_bin4_In = 2.50543
 25) RooRealVar::   prop_binbin3_bin5_In = -0.916142
 26) RooRealVar::   prop_binbin4_bin0_In = -0.128862
 27) RooRealVar::   prop_binbin4_bin1_In = -2.00822
 28) RooRealVar::   prop_binbin4_bin2_In = -2.46536
 29) RooRealVar::   prop_binbin4_bin3_In = -1.38581
 30) RooRealVar::   prop_binbin4_bin4_In = -3.63888
 31) RooRealVar::   prop_binbin4_bin5_In = 3.43838
SimNLL created with 4 channels, 0 generic constraints, 31 fast gaussian constraints, 0 fast poisson constraints, 0 fast group constraints, 
  [WARNING] Found [pu] at boundary. 
  [WARNING] Found [isr] at boundary. 
  [WARNING] Found [pdf] at boundary. 
Fit to asimov dataset:

  RooFitResult: minimized FCN value: -0.143978, estimated distance to minimum: 6.78833e-05
                covariance matrix quality: Full matrix, but forced positive-definite
                Status : MINIMIZE=1 

    Constant Parameter    Value     
  --------------------  ------------
                   ONE    1.0000e+00
           datasyst_In   -3.0947e+00
                fsr_In   -1.0697e-02
                isr_In    1.2566e-02
  lumi_13TeV_fullRun2_In   -3.5374e+00
            mcscale_In    7.0395e-01
                pdf_In   -3.2223e-01
     prop_binbin1_bin0    3.2345e+00
  prop_binbin1_bin0_In    3.2335e+00
     prop_binbin1_bin1    1.0111e+00
  prop_binbin1_bin1_In    1.0104e+00
     prop_binbin1_bin2    7.7124e-01
  prop_binbin1_bin2_In    7.7136e-01
     prop_binbin1_bin3    2.7793e-01
  prop_binbin1_bin3_In    2.7774e-01
     prop_binbin1_bin4    2.1442e+00
  prop_binbin1_bin4_In    2.1437e+00
     prop_binbin1_bin5    4.4866e-01
  prop_binbin1_bin5_In    4.4756e-01
     prop_binbin2_bin0   -1.1253e+00
  prop_binbin2_bin0_In   -1.1259e+00
     prop_binbin2_bin1   -1.6600e+00
  prop_binbin2_bin1_In   -1.6607e+00
     prop_binbin2_bin2   -1.6370e+00
  prop_binbin2_bin2_In   -1.6372e+00
     prop_binbin2_bin3    8.2412e-01
  prop_binbin2_bin3_In    8.2410e-01
     prop_binbin2_bin4   -2.7439e+00
  prop_binbin2_bin4_In   -2.7444e+00
     prop_binbin2_bin5    1.7932e+00
  prop_binbin2_bin5_In    1.7937e+00
     prop_binbin3_bin0    1.5947e+00
  prop_binbin3_bin0_In    1.5951e+00
     prop_binbin3_bin1   -1.5073e+00
  prop_binbin3_bin1_In   -1.5078e+00
     prop_binbin3_bin2    1.0177e+00
  prop_binbin3_bin2_In    1.0174e+00
     prop_binbin3_bin3   -4.9110e+00
  prop_binbin3_bin3_In   -4.9120e+00
     prop_binbin3_bin4    2.5055e+00
  prop_binbin3_bin4_In    2.5054e+00
     prop_binbin3_bin5   -9.1559e-01
  prop_binbin3_bin5_In   -9.1614e-01
     prop_binbin4_bin0   -1.2797e-01
  prop_binbin4_bin0_In   -1.2886e-01
     prop_binbin4_bin1   -2.0076e+00
  prop_binbin4_bin1_In   -2.0082e+00
     prop_binbin4_bin2   -2.4649e+00
  prop_binbin4_bin2_In   -2.4654e+00
     prop_binbin4_bin3   -1.3854e+00
  prop_binbin4_bin3_In   -1.3858e+00
     prop_binbin4_bin4   -3.6381e+00
  prop_binbin4_bin4_In   -3.6389e+00
     prop_binbin4_bin5    3.4385e+00
  prop_binbin4_bin5_In    3.4384e+00
                 pu_In    3.9544e-02

    Floating Parameter  InitialValue    FinalValue +/-  Error     GblCorr.
  --------------------  ------------  --------------------------  --------
              datasyst   -3.0947e+00   -3.0903e+00 +/-  6.57e-01  <none>
                   fsr   -1.0697e-02   -1.0823e-02 +/-  2.10e+00  <none>
                   isr    1.2566e-02    1.2666e-02 +/-  5.87e+00  <none>
   lumi_13TeV_fullRun2   -3.5374e+00   -3.5395e+00 +/-  1.10e+00  <none>
               mcscale    7.0395e-01    7.0329e-01 +/-  3.38e-02  <none>
                   pdf   -3.2223e-01   -3.2319e-01 +/-  5.77e+00  <none>
                    pu    3.9544e-02    3.9491e-02 +/-  6.02e+00  <none>
                     r    5.0000e-02    9.5401e-04 +/-  3.19e+00  <none>

At r = 0.960938:	delta(nll) = 1.94655
Median for expected limits: 0.957031
Sigma  for expected limits: 0.48829
At r = 1.605572:	delta(nll) = 6.64006
SimNLL created with 4 channels, 0 generic constraints, 31 fast gaussian constraints, 0 fast poisson constraints, 0 fast group constraints, 
SimNLL created with 4 channels, 0 generic constraints, 31 fast gaussian constraints, 0 fast poisson constraints, 0 fast group constraints, 
Restricting r to positive values.
  1) RooRealVar::                    ONE = 1
  2) RooRealVar::               datasyst = 0 +/- 1
  3) RooRealVar::            datasyst_In = 0
  4) RooRealVar::                    fsr = 0 +/- 1
  5) RooRealVar::                 fsr_In = 0
  6) RooRealVar::                    isr = 0 +/- 1
  7) RooRealVar::                 isr_In = 0
  8) RooRealVar::    lumi_13TeV_fullRun2 = 0 +/- 1
  9) RooRealVar:: lumi_13TeV_fullRun2_In = 0
 10) RooRealVar::                mcscale = 0 +/- 1
 11) RooRealVar::             mcscale_In = 0
 12) RooRealVar::                    pdf = 0 +/- 1
 13) RooRealVar::                 pdf_In = 0
 14) RooRealVar::      prop_binbin1_bin0 = 0 +/- 1
 15) RooRealVar::   prop_binbin1_bin0_In = 0
 16) RooRealVar::      prop_binbin1_bin1 = 0 +/- 1
 17) RooRealVar::   prop_binbin1_bin1_In = 0
 18) RooRealVar::      prop_binbin1_bin2 = 0 +/- 1
 19) RooRealVar::   prop_binbin1_bin2_In = 0
 20) RooRealVar::      prop_binbin1_bin3 = 0 +/- 1
 21) RooRealVar::   prop_binbin1_bin3_In = 0
 22) RooRealVar::      prop_binbin1_bin4 = 0 +/- 1
 23) RooRealVar::   prop_binbin1_bin4_In = 0
 24) RooRealVar::      prop_binbin1_bin5 = 0 +/- 1
 25) RooRealVar::   prop_binbin1_bin5_In = 0
 26) RooRealVar::      prop_binbin2_bin0 = 0 +/- 1
 27) RooRealVar::   prop_binbin2_bin0_In = 0
 28) RooRealVar::      prop_binbin2_bin1 = 0 +/- 1
 29) RooRealVar::   prop_binbin2_bin1_In = 0
 30) RooRealVar::      prop_binbin2_bin2 = 0 +/- 1
 31) RooRealVar::   prop_binbin2_bin2_In = 0
 32) RooRealVar::      prop_binbin2_bin3 = 0 +/- 1
 33) RooRealVar::   prop_binbin2_bin3_In = 0
 34) RooRealVar::      prop_binbin2_bin4 = 0 +/- 1
 35) RooRealVar::   prop_binbin2_bin4_In = 0
 36) RooRealVar::      prop_binbin2_bin5 = 0 +/- 1
 37) RooRealVar::   prop_binbin2_bin5_In = 0
 38) RooRealVar::      prop_binbin3_bin0 = 0 +/- 1
 39) RooRealVar::   prop_binbin3_bin0_In = 0
 40) RooRealVar::      prop_binbin3_bin1 = 0 +/- 1
 41) RooRealVar::   prop_binbin3_bin1_In = 0
 42) RooRealVar::      prop_binbin3_bin2 = 0 +/- 1
 43) RooRealVar::   prop_binbin3_bin2_In = 0
 44) RooRealVar::      prop_binbin3_bin3 = 0 +/- 1
 45) RooRealVar::   prop_binbin3_bin3_In = 0
 46) RooRealVar::      prop_binbin3_bin4 = 0 +/- 1
 47) RooRealVar::   prop_binbin3_bin4_In = 0
 48) RooRealVar::      prop_binbin3_bin5 = 0 +/- 1
 49) RooRealVar::   prop_binbin3_bin5_In = 0
 50) RooRealVar::      prop_binbin4_bin0 = 0 +/- 1
 51) RooRealVar::   prop_binbin4_bin0_In = 0
 52) RooRealVar::      prop_binbin4_bin1 = 0 +/- 1
 53) RooRealVar::   prop_binbin4_bin1_In = 0
 54) RooRealVar::      prop_binbin4_bin2 = 0 +/- 1
 55) RooRealVar::   prop_binbin4_bin2_In = 0
 56) RooRealVar::      prop_binbin4_bin3 = 0 +/- 1
 57) RooRealVar::   prop_binbin4_bin3_In = 0
 58) RooRealVar::      prop_binbin4_bin4 = 0 +/- 1
 59) RooRealVar::   prop_binbin4_bin4_In = 0
 60) RooRealVar::      prop_binbin4_bin5 = 0 +/- 1
 61) RooRealVar::   prop_binbin4_bin5_In = 0
 62) RooRealVar::                     pu = 0 +/- 1
 63) RooRealVar::                  pu_In = 0
 64) RooRealVar::                      r = 0.5

Make global fit of real data
NLL at global minimum of data: -61221.5 (r = 0.608197)
   0) ONE                            =         1
   1) datasyst                       =  -2.80504
   2) datasyst_In                    =         0
   3) fsr                            = 0.0201569
   4) fsr_In                         =         0
   5) isr                            = 0.00505373
   6) isr_In                         =         0
   7) lumi_13TeV_fullRun2            =  -3.17532
   8) lumi_13TeV_fullRun2_In         =         0
   9) mcscale                        =  0.741797
  10) mcscale_In                     =         0
  11) pdf                            = -0.420745
  12) pdf_In                         =         0
  13) prop_binbin1_bin0              =   3.59594
  14) prop_binbin1_bin0_In           =         0
  15) prop_binbin1_bin1              =   1.23809
  16) prop_binbin1_bin1_In           =         0
  17) prop_binbin1_bin2              =  0.879014
  18) prop_binbin1_bin2_In           =         0
  19) prop_binbin1_bin3              =  0.409688
  20) prop_binbin1_bin3_In           =         0
  21) prop_binbin1_bin4              =   2.33147
  22) prop_binbin1_bin4_In           =         0
  23) prop_binbin1_bin5              =  0.847464
  24) prop_binbin1_bin5_In           =         0
  25) prop_binbin2_bin0              =   -1.0838
  26) prop_binbin2_bin0_In           =         0
  27) prop_binbin2_bin1              =  -1.36677
  28) prop_binbin2_bin1_In           =         0
  29) prop_binbin2_bin2              =  -1.35689
  30) prop_binbin2_bin2_In           =         0
  31) prop_binbin2_bin3              =   1.04806
  32) prop_binbin2_bin3_In           =         0
  33) prop_binbin2_bin4              =  -2.45289
  34) prop_binbin2_bin4_In           =         0
  35) prop_binbin2_bin5              =   1.71022
  36) prop_binbin2_bin5_In           =         0
  37) prop_binbin3_bin0              =   1.29458
  38) prop_binbin3_bin0_In           =         0
  39) prop_binbin3_bin1              =  -1.37902
  40) prop_binbin3_bin1_In           =         0
  41) prop_binbin3_bin2              =   1.18891
  42) prop_binbin3_bin2_In           =         0
  43) prop_binbin3_bin3              =  -4.59118
  44) prop_binbin3_bin3_In           =         0
  45) prop_binbin3_bin4              =   2.51483
  46) prop_binbin3_bin4_In           =         0
  47) prop_binbin3_bin5              =  -1.13885
  48) prop_binbin3_bin5_In           =         0
  49) prop_binbin4_bin0              = -0.621249
  50) prop_binbin4_bin0_In           =         0
  51) prop_binbin4_bin1              =  -2.04256
  52) prop_binbin4_bin1_In           =         0
  53) prop_binbin4_bin2              =  -2.32493
  54) prop_binbin4_bin2_In           =         0
  55) prop_binbin4_bin3              =  -1.28151
  56) prop_binbin4_bin3_In           =         0
  57) prop_binbin4_bin4              =  -3.65507
  58) prop_binbin4_bin4_In           =         0
  59) prop_binbin4_bin5              =   2.82199
  60) prop_binbin4_bin5_In           =         0
  61) pu                             = 0.0385766
  62) pu_In                          =         0
  63) r                              =  0.608197


Make global fit of asimov data
NLL at global minimum of asimov: -61147.9 (r = 0.00172147)
   0) ONE                            =         1
   1) datasyst                       =  -2.35382
   2) datasyst_In                    =  -3.09469
   3) fsr                            = -0.0120216
   4) fsr_In                         = -0.0106971
   5) isr                            = 0.0164465
   6) isr_In                         = 0.0125663
   7) lumi_13TeV_fullRun2            =    -3.154
   8) lumi_13TeV_fullRun2_In         =  -3.53742
   9) mcscale                        =      0.68
  10) mcscale_In                     =  0.703955
  11) pdf                            = -0.520581
  12) pdf_In                         = -0.322235
  13) prop_binbin1_bin0              =   3.90757
  14) prop_binbin1_bin0_In           =   3.23352
  15) prop_binbin1_bin1              =   1.40742
  16) prop_binbin1_bin1_In           =   1.01036
  17) prop_binbin1_bin2              =   0.92203
  18) prop_binbin1_bin2_In           =  0.771364
  19) prop_binbin1_bin3              =   0.48534
  20) prop_binbin1_bin3_In           =  0.277745
  21) prop_binbin1_bin4              =   2.47513
  22) prop_binbin1_bin4_In           =   2.14367
  23) prop_binbin1_bin5              =   1.17767
  24) prop_binbin1_bin5_In           =  0.447556
  25) prop_binbin2_bin0              =  -0.91041
  26) prop_binbin2_bin0_In           =  -1.12585
  27) prop_binbin2_bin1              =  -1.21932
  28) prop_binbin2_bin1_In           =  -1.66065
  29) prop_binbin2_bin2              =   -1.2816
  30) prop_binbin2_bin2_In           =  -1.63722
  31) prop_binbin2_bin3              =   1.09293
  32) prop_binbin2_bin3_In           =  0.824105
  33) prop_binbin2_bin4              =  -2.31828
  34) prop_binbin2_bin4_In           =  -2.74439
  35) prop_binbin2_bin5              =   1.76674
  36) prop_binbin2_bin5_In           =   1.79366
  37) prop_binbin3_bin0              =   1.23844
  38) prop_binbin3_bin0_In           =   1.59514
  39) prop_binbin3_bin1              =  -1.38418
  40) prop_binbin3_bin1_In           =  -1.50783
  41) prop_binbin3_bin2              =    1.1265
  42) prop_binbin3_bin2_In           =   1.01737
  43) prop_binbin3_bin3              =  -4.54597
  44) prop_binbin3_bin3_In           =  -4.91203
  45) prop_binbin3_bin4              =   2.43435
  46) prop_binbin3_bin4_In           =   2.50543
  47) prop_binbin3_bin5              =  -1.09283
  48) prop_binbin3_bin5_In           = -0.916142
  49) prop_binbin4_bin0              = -0.644065
  50) prop_binbin4_bin0_In           = -0.128862
  51) prop_binbin4_bin1              =  -2.30303
  52) prop_binbin4_bin1_In           =  -2.00822
  53) prop_binbin4_bin2              =  -2.62724
  54) prop_binbin4_bin2_In           =  -2.46536
  55) prop_binbin4_bin3              =  -1.60084
  56) prop_binbin4_bin3_In           =  -1.38581
  57) prop_binbin4_bin4              =  -3.88895
  58) prop_binbin4_bin4_In           =  -3.63888
  59) prop_binbin4_bin5              =   2.70298
  60) prop_binbin4_bin5_In           =   3.43838
  61) pu                             = 0.0381411
  62) pu_In                          =  0.039544
  63) r                              =  0.979345

At r = 0.979345:	q_mu = 3.72200	q_A  = 4.04141	CLsb = 0.02685	CLb  = 0.53231	CLs  = 0.05044

 -- AsymptoticLimits ( CLs ) --
Observed Limit: r < 0.9793
Expected  2.5%: r < 0.4785
Expected 16.0%: r < 0.6654
Expected 50.0%: r < 0.9570
Expected 84.0%: r < 1.2889
Expected 97.5%: r < 1.5992

Done in 0.00 min (cpu), 0.00 min (real)
Printing Message Summary From ... combine_logger.out
----------------------------------------------
Messages of type INFO : 172
Messages of type DEBUG : 25
Messages of type ERROR : 0
----------------------------------------------
INFO: (function: improveOnce) CascadeMinimizer.cc: 188 -- Minimisation configured with Type=Minuit2, Algo=Migrad, strategy=1, tolerance=0.1
INFO: (function: improveOnce) CascadeMinimizer.cc: 211 -- Minimisation finished with status=0
INFO: (function: improveOnce) CascadeMinimizer.cc: 216 -- Minimization success! status=0
INFO: (function: generateAsimov) ToyMCSamplerOpt.cc: 139 -- Using internal logic for binned/unbinned Asimov dataset generation
INFO: (function: generateWithHisto) ToyMCSamplerOpt.cc: 214 -- Generating asimov with histogram for pdf pdf_binbin1_obsOnly: in 6 x-bins
INFO: (function: generateAsimov) ToyMCSamplerOpt.cc: 139 -- Using internal logic for binned/unbinned Asimov dataset generation
INFO: (function: generateWithHisto) ToyMCSamplerOpt.cc: 214 -- Generating asimov with histogram for pdf pdf_binbin2_obsOnly: in 6 x-bins
INFO: (function: generateAsimov) ToyMCSamplerOpt.cc: 139 -- Using internal logic for binned/unbinned Asimov dataset generation
INFO: (function: generateWithHisto) ToyMCSamplerOpt.cc: 214 -- Generating asimov with histogram for pdf pdf_binbin3_obsOnly: in 6 x-bins
INFO: (function: generateAsimov) ToyMCSamplerOpt.cc: 139 -- Using internal logic for binned/unbinned Asimov dataset generation
INFO: (function: generateWithHisto) ToyMCSamplerOpt.cc: 214 -- Generating asimov with histogram for pdf pdf_binbin4_obsOnly: in 6 x-bins
INFO: (function: improveOnce) CascadeMinimizer.cc: 188 -- Minimisation configured with Type=Minuit2, Algo=Migrad, strategy=1, tolerance=0.1
INFO: (function: improveOnce) CascadeMinimizer.cc: 211 -- Minimisation finished with status=1
DEBUG: (function: improveOnce) CascadeMinimizer.cc: 212 -- finished with status 1 (covariance forced positive definite), this could indicate a problem with the minimim.
INFO: (function: improveOnce) CascadeMinimizer.cc: 216 -- Minimization success! status=0
INFO: (function: improveOnce) CascadeMinimizer.cc: 188 -- Minimisation configured with Type=Minuit2, Algo=Migrad, strategy=1, tolerance=0.1
INFO: (function: improveOnce) CascadeMinimizer.cc: 211 -- Minimisation finished with status=1
DEBUG: (function: improveOnce) CascadeMinimizer.cc: 212 -- finished with status 1 (covariance forced positive definite), this could indicate a problem with the minimim.
INFO: (function: improveOnce) CascadeMinimizer.cc: 216 -- Minimization success! status=0
INFO: (function: improveOnce) CascadeMinimizer.cc: 188 -- Minimisation configured with Type=Minuit2, Algo=Migrad, strategy=1, tolerance=0.1
INFO: (function: improveOnce) CascadeMinimizer.cc: 211 -- Minimisation finished with status=0
INFO: (function: improveOnce) CascadeMinimizer.cc: 216 -- Minimization success! status=0
INFO: (function: improveOnce) CascadeMinimizer.cc: 188 -- Minimisation configured with Type=Minuit2, Algo=Migrad, strategy=1, tolerance=0.1
INFO: (function: improveOnce) CascadeMinimizer.cc: 211 -- Minimisation finished with status=0
INFO: (function: improveOnce) CascadeMinimizer.cc: 216 -- Minimization success! status=0
INFO: (function: improveOnce) CascadeMinimizer.cc: 188 -- Minimisation configured with Type=Minuit2, Algo=Migrad, strategy=1, tolerance=0.1
INFO: (function: improveOnce) CascadeMinimizer.cc: 211 -- Minimisation finished with status=1
DEBUG: (function: improveOnce) CascadeMinimizer.cc: 212 -- finished with status 1 (covariance forced positive definite), this could indicate a problem with the minimim.
INFO: (function: improveOnce) CascadeMinimizer.cc: 216 -- Minimization success! status=0
INFO: (function: improveOnce) CascadeMinimizer.cc: 188 -- Minimisation configured with Type=Minuit2, Algo=Migrad, strategy=1, tolerance=0.1
INFO: (function: improveOnce) CascadeMinimizer.cc: 211 -- Minimisation finished with status=1
DEBUG: (function: improveOnce) CascadeMinimizer.cc: 212 -- finished with status 1 (covariance forced positive definite), this could indicate a problem with the minimim.
INFO: (function: improveOnce) CascadeMinimizer.cc: 216 -- Minimization success! status=0
INFO: (function: improveOnce) CascadeMinimizer.cc: 188 -- Minimisation configured with Type=Minuit2, Algo=Migrad, strategy=1, tolerance=0.1
INFO: (function: improveOnce) CascadeMinimizer.cc: 211 -- Minimisation finished with status=1
DEBUG: (function: improveOnce) CascadeMinimizer.cc: 212 -- finished with status 1 (covariance forced positive definite), this could indicate a problem with the minimim.
INFO: (function: improveOnce) CascadeMinimizer.cc: 216 -- Minimization success! status=0
INFO: (function: improveOnce) CascadeMinimizer.cc: 188 -- Minimisation configured with Type=Minuit2, Algo=Migrad, strategy=1, tolerance=0.1
INFO: (function: improveOnce) CascadeMinimizer.cc: 211 -- Minimisation finished with status=0
INFO: (function: improveOnce) CascadeMinimizer.cc: 216 -- Minimization success! status=0
INFO: (function: improveOnce) CascadeMinimizer.cc: 188 -- Minimisation configured with Type=Minuit2, Algo=Migrad, strategy=1, tolerance=0.1
INFO: (function: improveOnce) CascadeMinimizer.cc: 211 -- Minimisation finished with status=1
DEBUG: (function: improveOnce) CascadeMinimizer.cc: 212 -- finished with status 1 (covariance forced positive definite), this could indicate a problem with the minimim.
INFO: (function: improveOnce) CascadeMinimizer.cc: 216 -- Minimization success! status=0
INFO: (function: improveOnce) CascadeMinimizer.cc: 188 -- Minimisation configured with Type=Minuit2, Algo=Migrad, strategy=1, tolerance=0.1
INFO: (function: improveOnce) CascadeMinimizer.cc: 211 -- Minimisation finished with status=1
DEBUG: (function: improveOnce) CascadeMinimizer.cc: 212 -- finished with status 1 (covariance forced positive definite), this could indicate a problem with the minimim.
INFO: (function: improveOnce) CascadeMinimizer.cc: 216 -- Minimization success! status=0
INFO: (function: improveOnce) CascadeMinimizer.cc: 188 -- Minimisation configured with Type=Minuit2, Algo=Migrad, strategy=1, tolerance=0.1
INFO: (function: improveOnce) CascadeMinimizer.cc: 211 -- Minimisation finished with status=1
DEBUG: (function: improveOnce) CascadeMinimizer.cc: 212 -- finished with status 1 (covariance forced positive definite), this could indicate a problem with the minimim.
INFO: (function: improveOnce) CascadeMinimizer.cc: 216 -- Minimization success! status=0
INFO: (function: runLimitExpected) AsymptoticLimits.cc: 436 -- Median for expected limits = 0.957031 (Sigma for expected limits = 0.48829)
INFO: (function: improveOnce) CascadeMinimizer.cc: 188 -- Minimisation configured with Type=Minuit2, Algo=Migrad, strategy=1, tolerance=0.1
INFO: (function: improveOnce) CascadeMinimizer.cc: 211 -- Minimisation finished with status=0
INFO: (function: improveOnce) CascadeMinimizer.cc: 216 -- Minimization success! status=0
INFO: (function: improveOnce) CascadeMinimizer.cc: 188 -- Minimisation configured with Type=Minuit2, Algo=Migrad, strategy=1, tolerance=0.1
INFO: (function: improveOnce) CascadeMinimizer.cc: 211 -- Minimisation finished with status=0
INFO: (function: improveOnce) CascadeMinimizer.cc: 216 -- Minimization success! status=0
INFO: (function: improveOnce) CascadeMinimizer.cc: 188 -- Minimisation configured with Type=Minuit2, Algo=Migrad, strategy=1, tolerance=0.1
INFO: (function: improveOnce) CascadeMinimizer.cc: 211 -- Minimisation finished with status=0
INFO: (function: improveOnce) CascadeMinimizer.cc: 216 -- Minimization success! status=0
INFO: (function: improveOnce) CascadeMinimizer.cc: 188 -- Minimisation configured with Type=Minuit2, Algo=Migrad, strategy=1, tolerance=0.1
INFO: (function: improveOnce) CascadeMinimizer.cc: 211 -- Minimisation finished with status=0
INFO: (function: improveOnce) CascadeMinimizer.cc: 216 -- Minimization success! status=0
INFO: (function: improveOnce) CascadeMinimizer.cc: 188 -- Minimisation configured with Type=Minuit2, Algo=Migrad, strategy=1, tolerance=0.1
INFO: (function: improveOnce) CascadeMinimizer.cc: 211 -- Minimisation finished with status=0
INFO: (function: improveOnce) CascadeMinimizer.cc: 216 -- Minimization success! status=0
INFO: (function: improveOnce) CascadeMinimizer.cc: 188 -- Minimisation configured with Type=Minuit2, Algo=Migrad, strategy=1, tolerance=0.1
INFO: (function: improveOnce) CascadeMinimizer.cc: 211 -- Minimisation finished with status=0
INFO: (function: improveOnce) CascadeMinimizer.cc: 216 -- Minimization success! status=0
INFO: (function: improveOnce) CascadeMinimizer.cc: 188 -- Minimisation configured with Type=Minuit2, Algo=Migrad, strategy=1, tolerance=0.1
INFO: (function: improveOnce) CascadeMinimizer.cc: 211 -- Minimisation finished with status=0
INFO: (function: improveOnce) CascadeMinimizer.cc: 216 -- Minimization success! status=0
INFO: (function: improveOnce) CascadeMinimizer.cc: 188 -- Minimisation configured with Type=Minuit2, Algo=Migrad, strategy=1, tolerance=0.1
INFO: (function: improveOnce) CascadeMinimizer.cc: 211 -- Minimisation finished with status=0
INFO: (function: improveOnce) CascadeMinimizer.cc: 216 -- Minimization success! status=0
INFO: (function: improveOnce) CascadeMinimizer.cc: 188 -- Minimisation configured with Type=Minuit2, Algo=Migrad, strategy=1, tolerance=0.1
INFO: (function: improveOnce) CascadeMinimizer.cc: 211 -- Minimisation finished with status=1
DEBUG: (function: improveOnce) CascadeMinimizer.cc: 212 -- finished with status 1 (covariance forced positive definite), this could indicate a problem with the minimim.
INFO: (function: improveOnce) CascadeMinimizer.cc: 216 -- Minimization success! status=0
INFO: (function: improveOnce) CascadeMinimizer.cc: 188 -- Minimisation configured with Type=Minuit2, Algo=Migrad, strategy=1, tolerance=0.1
INFO: (function: improveOnce) CascadeMinimizer.cc: 211 -- Minimisation finished with status=1
DEBUG: (function: improveOnce) CascadeMinimizer.cc: 212 -- finished with status 1 (covariance forced positive definite), this could indicate a problem with the minimim.
INFO: (function: improveOnce) CascadeMinimizer.cc: 216 -- Minimization success! status=0
INFO: (function: improveOnce) CascadeMinimizer.cc: 188 -- Minimisation configured with Type=Minuit2, Algo=Migrad, strategy=1, tolerance=0.1
INFO: (function: improveOnce) CascadeMinimizer.cc: 211 -- Minimisation finished with status=0
INFO: (function: improveOnce) CascadeMinimizer.cc: 216 -- Minimization success! status=0
INFO: (function: improveOnce) CascadeMinimizer.cc: 188 -- Minimisation configured with Type=Minuit2, Algo=Migrad, strategy=1, tolerance=0.1
INFO: (function: improveOnce) CascadeMinimizer.cc: 211 -- Minimisation finished with status=0
INFO: (function: improveOnce) CascadeMinimizer.cc: 216 -- Minimization success! status=0
INFO: (function: improveOnce) CascadeMinimizer.cc: 188 -- Minimisation configured with Type=Minuit2, Algo=Migrad, strategy=1, tolerance=0.1
INFO: (function: improveOnce) CascadeMinimizer.cc: 211 -- Minimisation finished with status=1
DEBUG: (function: improveOnce) CascadeMinimizer.cc: 212 -- finished with status 1 (covariance forced positive definite), this could indicate a problem with the minimim.
INFO: (function: improveOnce) CascadeMinimizer.cc: 216 -- Minimization success! status=0
INFO: (function: improveOnce) CascadeMinimizer.cc: 188 -- Minimisation configured with Type=Minuit2, Algo=Migrad, strategy=1, tolerance=0.1
INFO: (function: improveOnce) CascadeMinimizer.cc: 211 -- Minimisation finished with status=1
DEBUG: (function: improveOnce) CascadeMinimizer.cc: 212 -- finished with status 1 (covariance forced positive definite), this could indicate a problem with the minimim.
INFO: (function: improveOnce) CascadeMinimizer.cc: 216 -- Minimization success! status=0
INFO: (function: improveOnce) CascadeMinimizer.cc: 188 -- Minimisation configured with Type=Minuit2, Algo=Migrad, strategy=1, tolerance=0.1
INFO: (function: improveOnce) CascadeMinimizer.cc: 211 -- Minimisation finished with status=1
DEBUG: (function: improveOnce) CascadeMinimizer.cc: 212 -- finished with status 1 (covariance forced positive definite), this could indicate a problem with the minimim.
INFO: (function: improveOnce) CascadeMinimizer.cc: 216 -- Minimization success! status=0
INFO: (function: improveOnce) CascadeMinimizer.cc: 188 -- Minimisation configured with Type=Minuit2, Algo=Migrad, strategy=1, tolerance=0.1
INFO: (function: improveOnce) CascadeMinimizer.cc: 211 -- Minimisation finished with status=0
INFO: (function: improveOnce) CascadeMinimizer.cc: 216 -- Minimization success! status=0
INFO: (function: improveOnce) CascadeMinimizer.cc: 188 -- Minimisation configured with Type=Minuit2, Algo=Migrad, strategy=1, tolerance=0.1
INFO: (function: improveOnce) CascadeMinimizer.cc: 211 -- Minimisation finished with status=1
DEBUG: (function: improveOnce) CascadeMinimizer.cc: 212 -- finished with status 1 (covariance forced positive definite), this could indicate a problem with the minimim.
INFO: (function: improveOnce) CascadeMinimizer.cc: 216 -- Minimization success! status=0
INFO: (function: improveOnce) CascadeMinimizer.cc: 188 -- Minimisation configured with Type=Minuit2, Algo=Migrad, strategy=1, tolerance=0.1
INFO: (function: improveOnce) CascadeMinimizer.cc: 211 -- Minimisation finished with status=1
DEBUG: (function: improveOnce) CascadeMinimizer.cc: 212 -- finished with status 1 (covariance forced positive definite), this could indicate a problem with the minimim.
INFO: (function: improveOnce) CascadeMinimizer.cc: 216 -- Minimization success! status=0
INFO: (function: improveOnce) CascadeMinimizer.cc: 188 -- Minimisation configured with Type=Minuit2, Algo=Migrad, strategy=1, tolerance=0.1
INFO: (function: improveOnce) CascadeMinimizer.cc: 211 -- Minimisation finished with status=0
INFO: (function: improveOnce) CascadeMinimizer.cc: 216 -- Minimization success! status=0
INFO: (function: improveOnce) CascadeMinimizer.cc: 188 -- Minimisation configured with Type=Minuit2, Algo=Migrad, strategy=1, tolerance=0.1
INFO: (function: improveOnce) CascadeMinimizer.cc: 211 -- Minimisation finished with status=0
INFO: (function: improveOnce) CascadeMinimizer.cc: 216 -- Minimization success! status=0
INFO: (function: improveOnce) CascadeMinimizer.cc: 188 -- Minimisation configured with Type=Minuit2, Algo=Migrad, strategy=1, tolerance=0.1
INFO: (function: improveOnce) CascadeMinimizer.cc: 211 -- Minimisation finished with status=1
DEBUG: (function: improveOnce) CascadeMinimizer.cc: 212 -- finished with status 1 (covariance forced positive definite), this could indicate a problem with the minimim.
INFO: (function: improveOnce) CascadeMinimizer.cc: 216 -- Minimization success! status=0
INFO: (function: improveOnce) CascadeMinimizer.cc: 188 -- Minimisation configured with Type=Minuit2, Algo=Migrad, strategy=1, tolerance=0.1
INFO: (function: improveOnce) CascadeMinimizer.cc: 211 -- Minimisation finished with status=0
INFO: (function: improveOnce) CascadeMinimizer.cc: 216 -- Minimization success! status=0
INFO: (function: runLimit) AsymptoticLimits.cc: 193 -- NLL at global minimum of data = -61221.5 (r=0.608197)
INFO: (function: improveOnce) CascadeMinimizer.cc: 188 -- Minimisation configured with Type=Minuit2, Algo=Migrad, strategy=1, tolerance=0.1
INFO: (function: improveOnce) CascadeMinimizer.cc: 211 -- Minimisation finished with status=0
INFO: (function: improveOnce) CascadeMinimizer.cc: 216 -- Minimization success! status=0
INFO: (function: runLimit) AsymptoticLimits.cc: 213 -- NLL at global minimum of asimov = -61147.9 (r=0.00172147)
INFO: (function: improveOnce) CascadeMinimizer.cc: 188 -- Minimisation configured with Type=Minuit2, Algo=Migrad, strategy=1, tolerance=0.1
INFO: (function: improveOnce) CascadeMinimizer.cc: 211 -- Minimisation finished with status=0
INFO: (function: improveOnce) CascadeMinimizer.cc: 216 -- Minimization success! status=0
INFO: (function: improveOnce) CascadeMinimizer.cc: 188 -- Minimisation configured with Type=Minuit2, Algo=Migrad, strategy=1, tolerance=0.1
INFO: (function: improveOnce) CascadeMinimizer.cc: 211 -- Minimisation finished with status=0
INFO: (function: improveOnce) CascadeMinimizer.cc: 216 -- Minimization success! status=0
INFO: (function: getCLs) AsymptoticLimits.cc: 343 -- At r = 1.186024:	q_mu = 9.24721	q_A  = 6.06120	CLsb = 0.00094	CLb  = 0.25880	CLs  = 0.00363
INFO: (function: improveOnce) CascadeMinimizer.cc: 188 -- Minimisation configured with Type=Minuit2, Algo=Migrad, strategy=1, tolerance=0.1
INFO: (function: improveOnce) CascadeMinimizer.cc: 211 -- Minimisation finished with status=1
DEBUG: (function: improveOnce) CascadeMinimizer.cc: 212 -- finished with status 1 (covariance forced positive definite), this could indicate a problem with the minimim.
INFO: (function: improveOnce) CascadeMinimizer.cc: 216 -- Minimization success! status=0
INFO: (function: improveOnce) CascadeMinimizer.cc: 188 -- Minimisation configured with Type=Minuit2, Algo=Migrad, strategy=1, tolerance=0.1
INFO: (function: improveOnce) CascadeMinimizer.cc: 211 -- Minimisation finished with status=1
DEBUG: (function: improveOnce) CascadeMinimizer.cc: 212 -- finished with status 1 (covariance forced positive definite), this could indicate a problem with the minimim.
INFO: (function: improveOnce) CascadeMinimizer.cc: 216 -- Minimization success! status=0
INFO: (function: getCLs) AsymptoticLimits.cc: 343 -- At r = 0.897110:	q_mu = 2.23002	q_A  = 3.41037	CLsb = 0.06768	CLb  = 0.63810	CLs  = 0.10606
INFO: (function: improveOnce) CascadeMinimizer.cc: 188 -- Minimisation configured with Type=Minuit2, Algo=Migrad, strategy=1, tolerance=0.1
INFO: (function: improveOnce) CascadeMinimizer.cc: 211 -- Minimisation finished with status=0
INFO: (function: improveOnce) CascadeMinimizer.cc: 216 -- Minimization success! status=0
INFO: (function: improveOnce) CascadeMinimizer.cc: 188 -- Minimisation configured with Type=Minuit2, Algo=Migrad, strategy=1, tolerance=0.1
INFO: (function: improveOnce) CascadeMinimizer.cc: 211 -- Minimisation finished with status=0
INFO: (function: improveOnce) CascadeMinimizer.cc: 216 -- Minimization success! status=0
INFO: (function: getCLs) AsymptoticLimits.cc: 343 -- At r = 1.041567:	q_mu = 5.11242	q_A  = 4.57754	CLsb = 0.01177	CLb  = 0.45026	CLs  = 0.02614
INFO: (function: improveOnce) CascadeMinimizer.cc: 188 -- Minimisation configured with Type=Minuit2, Algo=Migrad, strategy=1, tolerance=0.1
INFO: (function: improveOnce) CascadeMinimizer.cc: 211 -- Minimisation finished with status=0
INFO: (function: improveOnce) CascadeMinimizer.cc: 216 -- Minimization success! status=0
INFO: (function: improveOnce) CascadeMinimizer.cc: 188 -- Minimisation configured with Type=Minuit2, Algo=Migrad, strategy=1, tolerance=0.1
INFO: (function: improveOnce) CascadeMinimizer.cc: 211 -- Minimisation finished with status=1
DEBUG: (function: improveOnce) CascadeMinimizer.cc: 212 -- finished with status 1 (covariance forced positive definite), this could indicate a problem with the minimim.
INFO: (function: improveOnce) CascadeMinimizer.cc: 216 -- Minimization success! status=0
INFO: (function: getCLs) AsymptoticLimits.cc: 343 -- At r = 0.959164:	q_mu = 3.31987	q_A  = 3.87881	CLsb = 0.03422	CLb  = 0.55860	CLs  = 0.06127
INFO: (function: improveOnce) CascadeMinimizer.cc: 188 -- Minimisation configured with Type=Minuit2, Algo=Migrad, strategy=1, tolerance=0.1
INFO: (function: improveOnce) CascadeMinimizer.cc: 211 -- Minimisation finished with status=1
DEBUG: (function: improveOnce) CascadeMinimizer.cc: 212 -- finished with status 1 (covariance forced positive definite), this could indicate a problem with the minimim.
INFO: (function: improveOnce) CascadeMinimizer.cc: 216 -- Minimization success! status=0
INFO: (function: improveOnce) CascadeMinimizer.cc: 188 -- Minimisation configured with Type=Minuit2, Algo=Migrad, strategy=1, tolerance=0.1
INFO: (function: improveOnce) CascadeMinimizer.cc: 211 -- Minimisation finished with status=0
INFO: (function: improveOnce) CascadeMinimizer.cc: 216 -- Minimization success! status=0
INFO: (function: getCLs) AsymptoticLimits.cc: 343 -- At r = 0.991375:	q_mu = 3.97305	q_A  = 4.14127	CLsb = 0.02312	CLb  = 0.51666	CLs  = 0.04474
INFO: (function: improveOnce) CascadeMinimizer.cc: 188 -- Minimisation configured with Type=Minuit2, Algo=Migrad, strategy=1, tolerance=0.1
INFO: (function: improveOnce) CascadeMinimizer.cc: 211 -- Minimisation finished with status=1
DEBUG: (function: improveOnce) CascadeMinimizer.cc: 212 -- finished with status 1 (covariance forced positive definite), this could indicate a problem with the minimim.
INFO: (function: improveOnce) CascadeMinimizer.cc: 216 -- Minimization success! status=0
INFO: (function: improveOnce) CascadeMinimizer.cc: 188 -- Minimisation configured with Type=Minuit2, Algo=Migrad, strategy=1, tolerance=0.1
INFO: (function: improveOnce) CascadeMinimizer.cc: 211 -- Minimisation finished with status=0
INFO: (function: improveOnce) CascadeMinimizer.cc: 216 -- Minimization success! status=0
INFO: (function: getCLs) AsymptoticLimits.cc: 343 -- At r = 0.975826:	q_mu = 3.65018	q_A  = 4.01284	CLsb = 0.02803	CLb  = 0.53691	CLs  = 0.05221
INFO: (function: improveOnce) CascadeMinimizer.cc: 188 -- Minimisation configured with Type=Minuit2, Algo=Migrad, strategy=1, tolerance=0.1
INFO: (function: improveOnce) CascadeMinimizer.cc: 211 -- Minimisation finished with status=1
DEBUG: (function: improveOnce) CascadeMinimizer.cc: 212 -- finished with status 1 (covariance forced positive definite), this could indicate a problem with the minimim.
INFO: (function: improveOnce) CascadeMinimizer.cc: 216 -- Minimization success! status=0
INFO: (function: improveOnce) CascadeMinimizer.cc: 188 -- Minimisation configured with Type=Minuit2, Algo=Migrad, strategy=1, tolerance=0.1
INFO: (function: improveOnce) CascadeMinimizer.cc: 211 -- Minimisation finished with status=1
DEBUG: (function: improveOnce) CascadeMinimizer.cc: 212 -- finished with status 1 (covariance forced positive definite), this could indicate a problem with the minimim.
INFO: (function: improveOnce) CascadeMinimizer.cc: 216 -- Minimization success! status=0
INFO: (function: getCLs) AsymptoticLimits.cc: 343 -- At r = 0.982420:	q_mu = 3.78538	q_A  = 4.06666	CLsb = 0.02585	CLb  = 0.52830	CLs  = 0.04893
INFO: (function: improveOnce) CascadeMinimizer.cc: 188 -- Minimisation configured with Type=Minuit2, Algo=Migrad, strategy=1, tolerance=0.1
INFO: (function: improveOnce) CascadeMinimizer.cc: 211 -- Minimisation finished with status=1
DEBUG: (function: improveOnce) CascadeMinimizer.cc: 212 -- finished with status 1 (covariance forced positive definite), this could indicate a problem with the minimim.
INFO: (function: improveOnce) CascadeMinimizer.cc: 216 -- Minimization success! status=0
INFO: (function: improveOnce) CascadeMinimizer.cc: 188 -- Minimisation configured with Type=Minuit2, Algo=Migrad, strategy=1, tolerance=0.1
INFO: (function: improveOnce) CascadeMinimizer.cc: 211 -- Minimisation finished with status=1
DEBUG: (function: improveOnce) CascadeMinimizer.cc: 212 -- finished with status 1 (covariance forced positive definite), this could indicate a problem with the minimim.
INFO: (function: improveOnce) CascadeMinimizer.cc: 216 -- Minimization success! status=0
INFO: (function: getCLs) AsymptoticLimits.cc: 343 -- At r = 0.979345:	q_mu = 3.72200	q_A  = 4.04141	CLsb = 0.02685	CLb  = 0.53231	CLs  = 0.05044
