
>>> random number generator seed is 123456
>>> method used is AsymptoticLimits
Nuisance parameters after fit for asimov dataset: 
  1) RooRealVar::            datasyst = -3.13975 +/- 0.679779
  2) RooRealVar::                 fsr = -0.0242171 +/- 0.966922
  3) RooRealVar::                 isr = -0.0131382 +/- 1.01402
  4) RooRealVar:: lumi_13TeV_fullRun2 = -4.32401 +/- 0.87766
  5) RooRealVar::             mcscale = 0.840843 +/- 0.175174
  6) RooRealVar::                 pdf = -0.244388 +/- 0.975723
  7) RooRealVar::                  pu = 0.0636672 +/- 0.93561
  8) RooRealVar::   prop_binbin1_bin0 = 3.06093 +/- 1
  9) RooRealVar::   prop_binbin1_bin1 = 0.95276 +/- 1
 10) RooRealVar::   prop_binbin1_bin2 = 0.749597 +/- 1
 11) RooRealVar::   prop_binbin1_bin3 = 0.253357 +/- 1
 12) RooRealVar::   prop_binbin1_bin4 = 2.08341 +/- 1
 13) RooRealVar::   prop_binbin1_bin5 = 0.272596 +/- 1
 14) RooRealVar::   prop_binbin2_bin0 = -1.36638 +/- 1
 15) RooRealVar::   prop_binbin2_bin1 = -1.69962 +/- 1
 16) RooRealVar::   prop_binbin2_bin2 = -1.61849 +/- 1
 17) RooRealVar::   prop_binbin2_bin3 = 0.837394 +/- 1
 18) RooRealVar::   prop_binbin2_bin4 = -2.78871 +/- 1
 19) RooRealVar::   prop_binbin2_bin5 = 1.54247 +/- 1
 20) RooRealVar::   prop_binbin3_bin0 = 1.34766 +/- 1
 21) RooRealVar::   prop_binbin3_bin1 = -1.52597 +/- 1
 22) RooRealVar::   prop_binbin3_bin2 = 1.06591 +/- 1
 23) RooRealVar::   prop_binbin3_bin3 = -4.8605 +/- 1
 24) RooRealVar::   prop_binbin3_bin4 = 2.4703 +/- 1
 25) RooRealVar::   prop_binbin3_bin5 = -1.18198 +/- 1
 26) RooRealVar::   prop_binbin4_bin0 = -0.537654 +/- 1
 27) RooRealVar::   prop_binbin4_bin1 = -2.01407 +/- 1
 28) RooRealVar::   prop_binbin4_bin2 = -2.37376 +/- 1
 29) RooRealVar::   prop_binbin4_bin3 = -1.30149 +/- 1
 30) RooRealVar::   prop_binbin4_bin4 = -3.66186 +/- 1
 31) RooRealVar::   prop_binbin4_bin5 = 3.00861 +/- 1
 32) RooRealVar::   prop_binbin5_bin0 = 3.30411 +/- 1
 33) RooRealVar::   prop_binbin5_bin1 = -2.76485 +/- 1
 34) RooRealVar::   prop_binbin5_bin2 = 0.121499 +/- 1
 35) RooRealVar::   prop_binbin5_bin3 = -2.62344 +/- 1
 36) RooRealVar::   prop_binbin5_bin4 = 2.18531 +/- 1
 37) RooRealVar::   prop_binbin5_bin5 = 0.00339773 +/- 1
Global observables for data: 
  1) RooRealVar::            datasyst_In = 0
  2) RooRealVar::                 fsr_In = 0
  3) RooRealVar::                 isr_In = 0
  4) RooRealVar:: lumi_13TeV_fullRun2_In = 0
  5) RooRealVar::             mcscale_In = 0
  6) RooRealVar::                 pdf_In = 0
  7) RooRealVar::                  pu_In = 0
  8) RooRealVar::   prop_binbin1_bin0_In = 0
  9) RooRealVar::   prop_binbin1_bin1_In = 0
 10) RooRealVar::   prop_binbin1_bin2_In = 0
 11) RooRealVar::   prop_binbin1_bin3_In = 0
 12) RooRealVar::   prop_binbin1_bin4_In = 0
 13) RooRealVar::   prop_binbin1_bin5_In = 0
 14) RooRealVar::   prop_binbin2_bin0_In = 0
 15) RooRealVar::   prop_binbin2_bin1_In = 0
 16) RooRealVar::   prop_binbin2_bin2_In = 0
 17) RooRealVar::   prop_binbin2_bin3_In = 0
 18) RooRealVar::   prop_binbin2_bin4_In = 0
 19) RooRealVar::   prop_binbin2_bin5_In = 0
 20) RooRealVar::   prop_binbin3_bin0_In = 0
 21) RooRealVar::   prop_binbin3_bin1_In = 0
 22) RooRealVar::   prop_binbin3_bin2_In = 0
 23) RooRealVar::   prop_binbin3_bin3_In = 0
 24) RooRealVar::   prop_binbin3_bin4_In = 0
 25) RooRealVar::   prop_binbin3_bin5_In = 0
 26) RooRealVar::   prop_binbin4_bin0_In = 0
 27) RooRealVar::   prop_binbin4_bin1_In = 0
 28) RooRealVar::   prop_binbin4_bin2_In = 0
 29) RooRealVar::   prop_binbin4_bin3_In = 0
 30) RooRealVar::   prop_binbin4_bin4_In = 0
 31) RooRealVar::   prop_binbin4_bin5_In = 0
 32) RooRealVar::   prop_binbin5_bin0_In = 0
 33) RooRealVar::   prop_binbin5_bin1_In = 0
 34) RooRealVar::   prop_binbin5_bin2_In = 0
 35) RooRealVar::   prop_binbin5_bin3_In = 0
 36) RooRealVar::   prop_binbin5_bin4_In = 0
 37) RooRealVar::   prop_binbin5_bin5_In = 0
Global observables for asimov: 
  1) RooRealVar::            datasyst_In = -3.13975
  2) RooRealVar::                 fsr_In = -0.0242171
  3) RooRealVar::                 isr_In = -0.0131382
  4) RooRealVar:: lumi_13TeV_fullRun2_In = -4.32401
  5) RooRealVar::             mcscale_In = 0.840843
  6) RooRealVar::                 pdf_In = -0.244388
  7) RooRealVar::                  pu_In = 0.0636672
  8) RooRealVar::   prop_binbin1_bin0_In = 3.06093
  9) RooRealVar::   prop_binbin1_bin1_In = 0.95276
 10) RooRealVar::   prop_binbin1_bin2_In = 0.749597
 11) RooRealVar::   prop_binbin1_bin3_In = 0.253357
 12) RooRealVar::   prop_binbin1_bin4_In = 2.08341
 13) RooRealVar::   prop_binbin1_bin5_In = 0.272596
 14) RooRealVar::   prop_binbin2_bin0_In = -1.36638
 15) RooRealVar::   prop_binbin2_bin1_In = -1.69962
 16) RooRealVar::   prop_binbin2_bin2_In = -1.61849
 17) RooRealVar::   prop_binbin2_bin3_In = 0.837394
 18) RooRealVar::   prop_binbin2_bin4_In = -2.78871
 19) RooRealVar::   prop_binbin2_bin5_In = 1.54247
 20) RooRealVar::   prop_binbin3_bin0_In = 1.34766
 21) RooRealVar::   prop_binbin3_bin1_In = -1.52597
 22) RooRealVar::   prop_binbin3_bin2_In = 1.06591
 23) RooRealVar::   prop_binbin3_bin3_In = -4.8605
 24) RooRealVar::   prop_binbin3_bin4_In = 2.4703
 25) RooRealVar::   prop_binbin3_bin5_In = -1.18198
 26) RooRealVar::   prop_binbin4_bin0_In = -0.537654
 27) RooRealVar::   prop_binbin4_bin1_In = -2.01407
 28) RooRealVar::   prop_binbin4_bin2_In = -2.37376
 29) RooRealVar::   prop_binbin4_bin3_In = -1.30149
 30) RooRealVar::   prop_binbin4_bin4_In = -3.66186
 31) RooRealVar::   prop_binbin4_bin5_In = 3.00861
 32) RooRealVar::   prop_binbin5_bin0_In = 3.30411
 33) RooRealVar::   prop_binbin5_bin1_In = -2.76485
 34) RooRealVar::   prop_binbin5_bin2_In = 0.121499
 35) RooRealVar::   prop_binbin5_bin3_In = -2.62344
 36) RooRealVar::   prop_binbin5_bin4_In = 2.18531
 37) RooRealVar::   prop_binbin5_bin5_In = 0.00339773
SimNLL created with 5 channels, 0 generic constraints, 37 fast gaussian constraints, 0 fast poisson constraints, 0 fast group constraints, 
Fit to asimov dataset:

  RooFitResult: minimized FCN value: -0.178352, estimated distance to minimum: 1.06711e-05
                covariance matrix quality: Full matrix, but forced positive-definite
                Status : MINIMIZE=1 

    Constant Parameter    Value     
  --------------------  ------------
                   ONE    1.0000e+00
           datasyst_In   -3.1397e+00
                fsr_In   -2.4217e-02
                isr_In   -1.3138e-02
  lumi_13TeV_fullRun2_In   -4.3240e+00
            mcscale_In    8.4084e-01
                pdf_In   -2.4439e-01
     prop_binbin1_bin0    3.0593e+00
  prop_binbin1_bin0_In    3.0609e+00
     prop_binbin1_bin1    9.5167e-01
  prop_binbin1_bin1_In    9.5276e-01
     prop_binbin1_bin2    7.4966e-01
  prop_binbin1_bin2_In    7.4960e-01
     prop_binbin1_bin3    2.5299e-01
  prop_binbin1_bin3_In    2.5336e-01
     prop_binbin1_bin4    2.0826e+00
  prop_binbin1_bin4_In    2.0834e+00
     prop_binbin1_bin5    2.7067e-01
  prop_binbin1_bin5_In    2.7260e-01
     prop_binbin2_bin0   -1.3669e+00
  prop_binbin2_bin0_In   -1.3664e+00
     prop_binbin2_bin1   -1.7002e+00
  prop_binbin2_bin1_In   -1.6996e+00
     prop_binbin2_bin2   -1.6186e+00
  prop_binbin2_bin2_In   -1.6185e+00
     prop_binbin2_bin3    8.3756e-01
  prop_binbin2_bin3_In    8.3739e-01
     prop_binbin2_bin4   -2.7892e+00
  prop_binbin2_bin4_In   -2.7887e+00
     prop_binbin2_bin5    1.5433e+00
  prop_binbin2_bin5_In    1.5425e+00
     prop_binbin3_bin0    1.3487e+00
  prop_binbin3_bin0_In    1.3477e+00
     prop_binbin3_bin1   -1.5262e+00
  prop_binbin3_bin1_In   -1.5260e+00
     prop_binbin3_bin2    1.0660e+00
  prop_binbin3_bin2_In    1.0659e+00
     prop_binbin3_bin3   -4.8617e+00
  prop_binbin3_bin3_In   -4.8605e+00
     prop_binbin3_bin4    2.4710e+00
  prop_binbin3_bin4_In    2.4703e+00
     prop_binbin3_bin5   -1.1823e+00
  prop_binbin3_bin5_In   -1.1820e+00
     prop_binbin4_bin0   -5.3828e-01
  prop_binbin4_bin0_In   -5.3765e-01
     prop_binbin4_bin1   -2.0139e+00
  prop_binbin4_bin1_In   -2.0141e+00
     prop_binbin4_bin2   -2.3739e+00
  prop_binbin4_bin2_In   -2.3738e+00
     prop_binbin4_bin3   -1.3015e+00
  prop_binbin4_bin3_In   -1.3015e+00
     prop_binbin4_bin4   -3.6621e+00
  prop_binbin4_bin4_In   -3.6619e+00
     prop_binbin4_bin5    3.0091e+00
  prop_binbin4_bin5_In    3.0086e+00
     prop_binbin5_bin0    3.3060e+00
  prop_binbin5_bin0_In    3.3041e+00
     prop_binbin5_bin1   -2.7639e+00
  prop_binbin5_bin1_In   -2.7649e+00
     prop_binbin5_bin2    1.2262e-01
  prop_binbin5_bin2_In    1.2150e-01
     prop_binbin5_bin3   -2.6231e+00
  prop_binbin5_bin3_In   -2.6234e+00
     prop_binbin5_bin4    2.1873e+00
  prop_binbin5_bin4_In    2.1853e+00
     prop_binbin5_bin5    4.5016e-03
  prop_binbin5_bin5_In    3.3977e-03
                 pu_In    6.3667e-02

    Floating Parameter  InitialValue    FinalValue +/-  Error     GblCorr.
  --------------------  ------------  --------------------------  --------
              datasyst   -3.1397e+00   -3.1456e+00 +/-  8.33e-01  <none>
                   fsr   -2.4217e-02   -2.3362e-02 +/-  8.95e-01  <none>
                   isr   -1.3138e-02   -1.1905e-02 +/-  8.66e-01  <none>
   lumi_13TeV_fullRun2   -4.3240e+00   -4.3282e+00 +/-  2.60e+00  <none>
               mcscale    8.4084e-01    8.4228e-01 +/-  5.45e-02  <none>
                   pdf   -2.4439e-01   -2.4424e-01 +/-  2.61e+00  <none>
                    pu    6.3667e-02    6.5207e-02 +/-  8.51e-01  <none>
                     r    5.0000e-02    2.2556e-03 +/-  4.80e+00  <none>

At r = 0.507812:	delta(nll) = 1.89537
At r = 0.515625:	delta(nll) = 1.96927
At r = 0.511719:	delta(nll) = 1.93200
Median for expected limits: 0.509766
Sigma  for expected limits: 0.260089
At r = 0.804446:	delta(nll) = 6.57965
SimNLL created with 5 channels, 0 generic constraints, 37 fast gaussian constraints, 0 fast poisson constraints, 0 fast group constraints, 
SimNLL created with 5 channels, 0 generic constraints, 37 fast gaussian constraints, 0 fast poisson constraints, 0 fast group constraints, 
Restricting r to positive values.
  1) RooRealVar::                    ONE = 1
  2) RooRealVar::               datasyst = 0 +/- 1
  3) RooRealVar::            datasyst_In = 0
  4) RooRealVar::                    fsr = 0 +/- 1
  5) RooRealVar::                 fsr_In = 0
  6) RooRealVar::                    isr = 0 +/- 1
  7) RooRealVar::                 isr_In = 0
  8) RooRealVar::    lumi_13TeV_fullRun2 = 0 +/- 1
  9) RooRealVar:: lumi_13TeV_fullRun2_In = 0
 10) RooRealVar::                mcscale = 0 +/- 1
 11) RooRealVar::             mcscale_In = 0
 12) RooRealVar::                    pdf = 0 +/- 1
 13) RooRealVar::                 pdf_In = 0
 14) RooRealVar::      prop_binbin1_bin0 = 0 +/- 1
 15) RooRealVar::   prop_binbin1_bin0_In = 0
 16) RooRealVar::      prop_binbin1_bin1 = 0 +/- 1
 17) RooRealVar::   prop_binbin1_bin1_In = 0
 18) RooRealVar::      prop_binbin1_bin2 = 0 +/- 1
 19) RooRealVar::   prop_binbin1_bin2_In = 0
 20) RooRealVar::      prop_binbin1_bin3 = 0 +/- 1
 21) RooRealVar::   prop_binbin1_bin3_In = 0
 22) RooRealVar::      prop_binbin1_bin4 = 0 +/- 1
 23) RooRealVar::   prop_binbin1_bin4_In = 0
 24) RooRealVar::      prop_binbin1_bin5 = 0 +/- 1
 25) RooRealVar::   prop_binbin1_bin5_In = 0
 26) RooRealVar::      prop_binbin2_bin0 = 0 +/- 1
 27) RooRealVar::   prop_binbin2_bin0_In = 0
 28) RooRealVar::      prop_binbin2_bin1 = 0 +/- 1
 29) RooRealVar::   prop_binbin2_bin1_In = 0
 30) RooRealVar::      prop_binbin2_bin2 = 0 +/- 1
 31) RooRealVar::   prop_binbin2_bin2_In = 0
 32) RooRealVar::      prop_binbin2_bin3 = 0 +/- 1
 33) RooRealVar::   prop_binbin2_bin3_In = 0
 34) RooRealVar::      prop_binbin2_bin4 = 0 +/- 1
 35) RooRealVar::   prop_binbin2_bin4_In = 0
 36) RooRealVar::      prop_binbin2_bin5 = 0 +/- 1
 37) RooRealVar::   prop_binbin2_bin5_In = 0
 38) RooRealVar::      prop_binbin3_bin0 = 0 +/- 1
 39) RooRealVar::   prop_binbin3_bin0_In = 0
 40) RooRealVar::      prop_binbin3_bin1 = 0 +/- 1
 41) RooRealVar::   prop_binbin3_bin1_In = 0
 42) RooRealVar::      prop_binbin3_bin2 = 0 +/- 1
 43) RooRealVar::   prop_binbin3_bin2_In = 0
 44) RooRealVar::      prop_binbin3_bin3 = 0 +/- 1
 45) RooRealVar::   prop_binbin3_bin3_In = 0
 46) RooRealVar::      prop_binbin3_bin4 = 0 +/- 1
 47) RooRealVar::   prop_binbin3_bin4_In = 0
 48) RooRealVar::      prop_binbin3_bin5 = 0 +/- 1
 49) RooRealVar::   prop_binbin3_bin5_In = 0
 50) RooRealVar::      prop_binbin4_bin0 = 0 +/- 1
 51) RooRealVar::   prop_binbin4_bin0_In = 0
 52) RooRealVar::      prop_binbin4_bin1 = 0 +/- 1
 53) RooRealVar::   prop_binbin4_bin1_In = 0
 54) RooRealVar::      prop_binbin4_bin2 = 0 +/- 1
 55) RooRealVar::   prop_binbin4_bin2_In = 0
 56) RooRealVar::      prop_binbin4_bin3 = 0 +/- 1
 57) RooRealVar::   prop_binbin4_bin3_In = 0
 58) RooRealVar::      prop_binbin4_bin4 = 0 +/- 1
 59) RooRealVar::   prop_binbin4_bin4_In = 0
 60) RooRealVar::      prop_binbin4_bin5 = 0 +/- 1
 61) RooRealVar::   prop_binbin4_bin5_In = 0
 62) RooRealVar::      prop_binbin5_bin0 = 0 +/- 1
 63) RooRealVar::   prop_binbin5_bin0_In = 0
 64) RooRealVar::      prop_binbin5_bin1 = 0 +/- 1
 65) RooRealVar::   prop_binbin5_bin1_In = 0
 66) RooRealVar::      prop_binbin5_bin2 = 0 +/- 1
 67) RooRealVar::   prop_binbin5_bin2_In = 0
 68) RooRealVar::      prop_binbin5_bin3 = 0 +/- 1
 69) RooRealVar::   prop_binbin5_bin3_In = 0
 70) RooRealVar::      prop_binbin5_bin4 = 0 +/- 1
 71) RooRealVar::   prop_binbin5_bin4_In = 0
 72) RooRealVar::      prop_binbin5_bin5 = 0 +/- 1
 73) RooRealVar::   prop_binbin5_bin5_In = 0
 74) RooRealVar::                     pu = 0 +/- 1
 75) RooRealVar::                  pu_In = 0
 76) RooRealVar::                      r = 0.5

Make global fit of real data
NLL at global minimum of data: -136174 (r = 1.09543e-08)
   0) ONE                            =         1
   1) datasyst                       =  -3.13842
   2) datasyst_In                    =         0
   3) fsr                            = -0.0305081
   4) fsr_In                         =         0
   5) isr                            = -0.0125201
   6) isr_In                         =         0
   7) lumi_13TeV_fullRun2            =  -4.32766
   8) lumi_13TeV_fullRun2_In         =         0
   9) mcscale                        =   0.84118
  10) mcscale_In                     =         0
  11) pdf                            = -0.241212
  12) pdf_In                         =         0
  13) prop_binbin1_bin0              =   3.05931
  14) prop_binbin1_bin0_In           =         0
  15) prop_binbin1_bin1              =  0.952128
  16) prop_binbin1_bin1_In           =         0
  17) prop_binbin1_bin2              =  0.749115
  18) prop_binbin1_bin2_In           =         0
  19) prop_binbin1_bin3              =  0.252958
  20) prop_binbin1_bin3_In           =         0
  21) prop_binbin1_bin4              =   2.08277
  22) prop_binbin1_bin4_In           =         0
  23) prop_binbin1_bin5              =  0.270996
  24) prop_binbin1_bin5_In           =         0
  25) prop_binbin2_bin0              =  -1.36855
  26) prop_binbin2_bin0_In           =         0
  27) prop_binbin2_bin1              =  -1.70072
  28) prop_binbin2_bin1_In           =         0
  29) prop_binbin2_bin2              =  -1.61927
  30) prop_binbin2_bin2_In           =         0
  31) prop_binbin2_bin3              =   0.83649
  32) prop_binbin2_bin3_In           =         0
  33) prop_binbin2_bin4              =  -2.78993
  34) prop_binbin2_bin4_In           =         0
  35) prop_binbin2_bin5              =   1.53995
  36) prop_binbin2_bin5_In           =         0
  37) prop_binbin3_bin0              =   1.34439
  38) prop_binbin3_bin0_In           =         0
  39) prop_binbin3_bin1              =  -1.52791
  40) prop_binbin3_bin1_In           =         0
  41) prop_binbin3_bin2              =   1.06459
  42) prop_binbin3_bin2_In           =         0
  43) prop_binbin3_bin3              =  -4.86137
  44) prop_binbin3_bin3_In           =         0
  45) prop_binbin3_bin4              =   2.46809
  46) prop_binbin3_bin4_In           =         0
  47) prop_binbin3_bin5              =  -1.18482
  48) prop_binbin3_bin5_In           =         0
  49) prop_binbin4_bin0              = -0.541911
  50) prop_binbin4_bin0_In           =         0
  51) prop_binbin4_bin1              =   -2.0166
  52) prop_binbin4_bin1_In           =         0
  53) prop_binbin4_bin2              =  -2.37525
  54) prop_binbin4_bin2_In           =         0
  55) prop_binbin4_bin3              =  -1.30297
  56) prop_binbin4_bin3_In           =         0
  57) prop_binbin4_bin4              =  -3.66395
  58) prop_binbin4_bin4_In           =         0
  59) prop_binbin4_bin5              =   3.00405
  60) prop_binbin4_bin5_In           =         0
  61) prop_binbin5_bin0              =   3.29993
  62) prop_binbin5_bin0_In           =         0
  63) prop_binbin5_bin1              =  -2.76671
  64) prop_binbin5_bin1_In           =         0
  65) prop_binbin5_bin2              =  0.120336
  66) prop_binbin5_bin2_In           =         0
  67) prop_binbin5_bin3              =  -2.62446
  68) prop_binbin5_bin3_In           =         0
  69) prop_binbin5_bin4              =   2.18278
  70) prop_binbin5_bin4_In           =         0
  71) prop_binbin5_bin5              = -0.000544049
  72) prop_binbin5_bin5_In           =         0
  73) pu                             = 0.0659339
  74) pu_In                          =         0
  75) r                              = 1.09543e-08


Make global fit of asimov data
NLL at global minimum of asimov: -136072 (r = 1.73172e-06)
   0) ONE                            =         1
   1) datasyst                       =  -3.28937
   2) datasyst_In                    =  -3.13975
   3) fsr                            = -0.0276807
   4) fsr_In                         = -0.0242171
   5) isr                            = -0.0127801
   6) isr_In                         = -0.0131382
   7) lumi_13TeV_fullRun2            =  -4.48151
   8) lumi_13TeV_fullRun2_In         =  -4.32401
   9) mcscale                        =  0.865966
  10) mcscale_In                     =  0.840843
  11) pdf                            = -0.226716
  12) pdf_In                         = -0.244388
  13) prop_binbin1_bin0              =   2.98997
  14) prop_binbin1_bin0_In           =   3.06093
  15) prop_binbin1_bin1              =  0.904602
  16) prop_binbin1_bin1_In           =   0.95276
  17) prop_binbin1_bin2              =  0.737788
  18) prop_binbin1_bin2_In           =  0.749597
  19) prop_binbin1_bin3              =  0.230305
  20) prop_binbin1_bin3_In           =  0.253357
  21) prop_binbin1_bin4              =   2.04535
  22) prop_binbin1_bin4_In           =   2.08341
  23) prop_binbin1_bin5              =  0.190585
  24) prop_binbin1_bin5_In           =  0.272596
  25) prop_binbin2_bin0              =  -1.37538
  26) prop_binbin2_bin0_In           =  -1.36638
  27) prop_binbin2_bin1              =  -1.75188
  28) prop_binbin2_bin1_In           =  -1.69962
  29) prop_binbin2_bin2              =  -1.66245
  30) prop_binbin2_bin2_In           =  -1.61849
  31) prop_binbin2_bin3              =  0.807357
  32) prop_binbin2_bin3_In           =  0.837394
  33) prop_binbin2_bin4              =  -2.83875
  34) prop_binbin2_bin4_In           =  -2.78871
  35) prop_binbin2_bin5              =   1.57603
  36) prop_binbin2_bin5_In           =   1.54247
  37) prop_binbin3_bin0              =   1.40771
  38) prop_binbin3_bin0_In           =   1.34766
  39) prop_binbin3_bin1              =  -1.55994
  40) prop_binbin3_bin1_In           =  -1.52597
  41) prop_binbin3_bin2              =   1.02747
  42) prop_binbin3_bin2_In           =   1.06591
  43) prop_binbin3_bin3              =  -4.94221
  44) prop_binbin3_bin3_In           =   -4.8605
  45) prop_binbin3_bin4              =   2.46851
  46) prop_binbin3_bin4_In           =    2.4703
  47) prop_binbin3_bin5              =  -1.15937
  48) prop_binbin3_bin5_In           =  -1.18198
  49) prop_binbin4_bin0              = -0.490495
  50) prop_binbin4_bin0_In           = -0.537654
  51) prop_binbin4_bin1              =  -2.04722
  52) prop_binbin4_bin1_In           =  -2.01407
  53) prop_binbin4_bin2              =  -2.44526
  54) prop_binbin4_bin2_In           =  -2.37376
  55) prop_binbin4_bin3              =  -1.36386
  56) prop_binbin4_bin3_In           =  -1.30149
  57) prop_binbin4_bin4              =  -3.70566
  58) prop_binbin4_bin4_In           =  -3.66186
  59) prop_binbin4_bin5              =   3.09349
  60) prop_binbin4_bin5_In           =   3.00861
  61) prop_binbin5_bin0              =   3.41868
  62) prop_binbin5_bin0_In           =   3.30411
  63) prop_binbin5_bin1              =  -2.77465
  64) prop_binbin5_bin1_In           =  -2.76485
  65) prop_binbin5_bin2              =  0.104309
  66) prop_binbin5_bin2_In           =  0.121499
  67) prop_binbin5_bin3              =  -2.66693
  68) prop_binbin5_bin3_In           =  -2.62344
  69) prop_binbin5_bin4              =   2.21632
  70) prop_binbin5_bin4_In           =   2.18531
  71) prop_binbin5_bin5              =  0.092026
  72) prop_binbin5_bin5_In           = 0.00339773
  73) pu                             = 0.0622258
  74) pu_In                          = 0.0636672
  75) r                              =   0.11411

At r = 0.114110:	q_mu = 5.89953	q_A  = 0.13317	CLsb = 0.00000	CLb  = 0.00000	CLs  = 0.05011

 -- AsymptoticLimits ( CLs ) --
Observed Limit: r < 0.1141
Expected  2.5%: r < 0.3067
Expected 16.0%: r < 0.3908
Expected 50.0%: r < 0.5098
Expected 84.0%: r < 0.6581
Expected 97.5%: r < 0.8010

Done in 0.01 min (cpu), 0.01 min (real)
Printing Message Summary From ... combine_logger.out
----------------------------------------------
Messages of type INFO : 203
Messages of type DEBUG : 24
Messages of type ERROR : 0
----------------------------------------------
INFO: (function: improveOnce) CascadeMinimizer.cc: 188 -- Minimisation configured with Type=Minuit2, Algo=Migrad, strategy=1, tolerance=0.1
INFO: (function: improveOnce) CascadeMinimizer.cc: 211 -- Minimisation finished with status=0
INFO: (function: improveOnce) CascadeMinimizer.cc: 216 -- Minimization success! status=0
INFO: (function: generateAsimov) ToyMCSamplerOpt.cc: 139 -- Using internal logic for binned/unbinned Asimov dataset generation
INFO: (function: generateWithHisto) ToyMCSamplerOpt.cc: 214 -- Generating asimov with histogram for pdf pdf_binbin1_obsOnly: in 6 x-bins
INFO: (function: generateAsimov) ToyMCSamplerOpt.cc: 139 -- Using internal logic for binned/unbinned Asimov dataset generation
INFO: (function: generateWithHisto) ToyMCSamplerOpt.cc: 214 -- Generating asimov with histogram for pdf pdf_binbin2_obsOnly: in 6 x-bins
INFO: (function: generateAsimov) ToyMCSamplerOpt.cc: 139 -- Using internal logic for binned/unbinned Asimov dataset generation
INFO: (function: generateWithHisto) ToyMCSamplerOpt.cc: 214 -- Generating asimov with histogram for pdf pdf_binbin3_obsOnly: in 6 x-bins
INFO: (function: generateAsimov) ToyMCSamplerOpt.cc: 139 -- Using internal logic for binned/unbinned Asimov dataset generation
INFO: (function: generateWithHisto) ToyMCSamplerOpt.cc: 214 -- Generating asimov with histogram for pdf pdf_binbin4_obsOnly: in 6 x-bins
INFO: (function: generateAsimov) ToyMCSamplerOpt.cc: 139 -- Using internal logic for binned/unbinned Asimov dataset generation
INFO: (function: generateWithHisto) ToyMCSamplerOpt.cc: 214 -- Generating asimov with histogram for pdf pdf_binbin5_obsOnly: in 6 x-bins
INFO: (function: improveOnce) CascadeMinimizer.cc: 188 -- Minimisation configured with Type=Minuit2, Algo=Migrad, strategy=1, tolerance=0.1
INFO: (function: improveOnce) CascadeMinimizer.cc: 211 -- Minimisation finished with status=1
DEBUG: (function: improveOnce) CascadeMinimizer.cc: 212 -- finished with status 1 (covariance forced positive definite), this could indicate a problem with the minimim.
INFO: (function: improveOnce) CascadeMinimizer.cc: 216 -- Minimization success! status=0
INFO: (function: improveOnce) CascadeMinimizer.cc: 188 -- Minimisation configured with Type=Minuit2, Algo=Migrad, strategy=1, tolerance=0.1
INFO: (function: improveOnce) CascadeMinimizer.cc: 211 -- Minimisation finished with status=0
INFO: (function: improveOnce) CascadeMinimizer.cc: 216 -- Minimization success! status=0
INFO: (function: improveOnce) CascadeMinimizer.cc: 188 -- Minimisation configured with Type=Minuit2, Algo=Migrad, strategy=1, tolerance=0.1
INFO: (function: improveOnce) CascadeMinimizer.cc: 211 -- Minimisation finished with status=1
DEBUG: (function: improveOnce) CascadeMinimizer.cc: 212 -- finished with status 1 (covariance forced positive definite), this could indicate a problem with the minimim.
INFO: (function: improveOnce) CascadeMinimizer.cc: 216 -- Minimization success! status=0
INFO: (function: improveOnce) CascadeMinimizer.cc: 188 -- Minimisation configured with Type=Minuit2, Algo=Migrad, strategy=1, tolerance=0.1
INFO: (function: improveOnce) CascadeMinimizer.cc: 211 -- Minimisation finished with status=0
INFO: (function: improveOnce) CascadeMinimizer.cc: 216 -- Minimization success! status=0
INFO: (function: improveOnce) CascadeMinimizer.cc: 188 -- Minimisation configured with Type=Minuit2, Algo=Migrad, strategy=1, tolerance=0.1
INFO: (function: improveOnce) CascadeMinimizer.cc: 211 -- Minimisation finished with status=0
INFO: (function: improveOnce) CascadeMinimizer.cc: 216 -- Minimization success! status=0
INFO: (function: improveOnce) CascadeMinimizer.cc: 188 -- Minimisation configured with Type=Minuit2, Algo=Migrad, strategy=1, tolerance=0.1
INFO: (function: improveOnce) CascadeMinimizer.cc: 211 -- Minimisation finished with status=1
DEBUG: (function: improveOnce) CascadeMinimizer.cc: 212 -- finished with status 1 (covariance forced positive definite), this could indicate a problem with the minimim.
INFO: (function: improveOnce) CascadeMinimizer.cc: 216 -- Minimization success! status=0
INFO: (function: improveOnce) CascadeMinimizer.cc: 188 -- Minimisation configured with Type=Minuit2, Algo=Migrad, strategy=1, tolerance=0.1
INFO: (function: improveOnce) CascadeMinimizer.cc: 211 -- Minimisation finished with status=1
DEBUG: (function: improveOnce) CascadeMinimizer.cc: 212 -- finished with status 1 (covariance forced positive definite), this could indicate a problem with the minimim.
INFO: (function: improveOnce) CascadeMinimizer.cc: 216 -- Minimization success! status=0
INFO: (function: improveOnce) CascadeMinimizer.cc: 188 -- Minimisation configured with Type=Minuit2, Algo=Migrad, strategy=1, tolerance=0.1
INFO: (function: improveOnce) CascadeMinimizer.cc: 211 -- Minimisation finished with status=1
DEBUG: (function: improveOnce) CascadeMinimizer.cc: 212 -- finished with status 1 (covariance forced positive definite), this could indicate a problem with the minimim.
INFO: (function: improveOnce) CascadeMinimizer.cc: 216 -- Minimization success! status=0
INFO: (function: improveOnce) CascadeMinimizer.cc: 188 -- Minimisation configured with Type=Minuit2, Algo=Migrad, strategy=1, tolerance=0.1
INFO: (function: improveOnce) CascadeMinimizer.cc: 211 -- Minimisation finished with status=0
INFO: (function: improveOnce) CascadeMinimizer.cc: 216 -- Minimization success! status=0
INFO: (function: improveOnce) CascadeMinimizer.cc: 188 -- Minimisation configured with Type=Minuit2, Algo=Migrad, strategy=1, tolerance=0.1
INFO: (function: improveOnce) CascadeMinimizer.cc: 211 -- Minimisation finished with status=0
INFO: (function: improveOnce) CascadeMinimizer.cc: 216 -- Minimization success! status=0
INFO: (function: runLimitExpected) AsymptoticLimits.cc: 436 -- Median for expected limits = 0.509766 (Sigma for expected limits = 0.260089)
INFO: (function: improveOnce) CascadeMinimizer.cc: 188 -- Minimisation configured with Type=Minuit2, Algo=Migrad, strategy=1, tolerance=0.1
INFO: (function: improveOnce) CascadeMinimizer.cc: 211 -- Minimisation finished with status=0
INFO: (function: improveOnce) CascadeMinimizer.cc: 216 -- Minimization success! status=0
INFO: (function: improveOnce) CascadeMinimizer.cc: 188 -- Minimisation configured with Type=Minuit2, Algo=Migrad, strategy=1, tolerance=0.1
INFO: (function: improveOnce) CascadeMinimizer.cc: 211 -- Minimisation finished with status=1
DEBUG: (function: improveOnce) CascadeMinimizer.cc: 212 -- finished with status 1 (covariance forced positive definite), this could indicate a problem with the minimim.
INFO: (function: improveOnce) CascadeMinimizer.cc: 216 -- Minimization success! status=0
INFO: (function: improveOnce) CascadeMinimizer.cc: 188 -- Minimisation configured with Type=Minuit2, Algo=Migrad, strategy=1, tolerance=0.1
INFO: (function: improveOnce) CascadeMinimizer.cc: 211 -- Minimisation finished with status=0
INFO: (function: improveOnce) CascadeMinimizer.cc: 216 -- Minimization success! status=0
INFO: (function: improveOnce) CascadeMinimizer.cc: 188 -- Minimisation configured with Type=Minuit2, Algo=Migrad, strategy=1, tolerance=0.1
INFO: (function: improveOnce) CascadeMinimizer.cc: 211 -- Minimisation finished with status=1
DEBUG: (function: improveOnce) CascadeMinimizer.cc: 212 -- finished with status 1 (covariance forced positive definite), this could indicate a problem with the minimim.
INFO: (function: improveOnce) CascadeMinimizer.cc: 216 -- Minimization success! status=0
INFO: (function: improveOnce) CascadeMinimizer.cc: 188 -- Minimisation configured with Type=Minuit2, Algo=Migrad, strategy=1, tolerance=0.1
INFO: (function: improveOnce) CascadeMinimizer.cc: 211 -- Minimisation finished with status=1
DEBUG: (function: improveOnce) CascadeMinimizer.cc: 212 -- finished with status 1 (covariance forced positive definite), this could indicate a problem with the minimim.
INFO: (function: improveOnce) CascadeMinimizer.cc: 216 -- Minimization success! status=0
INFO: (function: improveOnce) CascadeMinimizer.cc: 188 -- Minimisation configured with Type=Minuit2, Algo=Migrad, strategy=1, tolerance=0.1
INFO: (function: improveOnce) CascadeMinimizer.cc: 211 -- Minimisation finished with status=1
DEBUG: (function: improveOnce) CascadeMinimizer.cc: 212 -- finished with status 1 (covariance forced positive definite), this could indicate a problem with the minimim.
INFO: (function: improveOnce) CascadeMinimizer.cc: 216 -- Minimization success! status=0
INFO: (function: improveOnce) CascadeMinimizer.cc: 188 -- Minimisation configured with Type=Minuit2, Algo=Migrad, strategy=1, tolerance=0.1
INFO: (function: improveOnce) CascadeMinimizer.cc: 211 -- Minimisation finished with status=0
INFO: (function: improveOnce) CascadeMinimizer.cc: 216 -- Minimization success! status=0
INFO: (function: improveOnce) CascadeMinimizer.cc: 188 -- Minimisation configured with Type=Minuit2, Algo=Migrad, strategy=1, tolerance=0.1
INFO: (function: improveOnce) CascadeMinimizer.cc: 211 -- Minimisation finished with status=1
DEBUG: (function: improveOnce) CascadeMinimizer.cc: 212 -- finished with status 1 (covariance forced positive definite), this could indicate a problem with the minimim.
INFO: (function: improveOnce) CascadeMinimizer.cc: 216 -- Minimization success! status=0
INFO: (function: improveOnce) CascadeMinimizer.cc: 188 -- Minimisation configured with Type=Minuit2, Algo=Migrad, strategy=1, tolerance=0.1
INFO: (function: improveOnce) CascadeMinimizer.cc: 211 -- Minimisation finished with status=0
INFO: (function: improveOnce) CascadeMinimizer.cc: 216 -- Minimization success! status=0
INFO: (function: improveOnce) CascadeMinimizer.cc: 188 -- Minimisation configured with Type=Minuit2, Algo=Migrad, strategy=1, tolerance=0.1
INFO: (function: improveOnce) CascadeMinimizer.cc: 211 -- Minimisation finished with status=1
DEBUG: (function: improveOnce) CascadeMinimizer.cc: 212 -- finished with status 1 (covariance forced positive definite), this could indicate a problem with the minimim.
INFO: (function: improveOnce) CascadeMinimizer.cc: 216 -- Minimization success! status=0
INFO: (function: improveOnce) CascadeMinimizer.cc: 188 -- Minimisation configured with Type=Minuit2, Algo=Migrad, strategy=1, tolerance=0.1
INFO: (function: improveOnce) CascadeMinimizer.cc: 211 -- Minimisation finished with status=0
INFO: (function: improveOnce) CascadeMinimizer.cc: 216 -- Minimization success! status=0
INFO: (function: improveOnce) CascadeMinimizer.cc: 188 -- Minimisation configured with Type=Minuit2, Algo=Migrad, strategy=1, tolerance=0.1
INFO: (function: improveOnce) CascadeMinimizer.cc: 211 -- Minimisation finished with status=0
INFO: (function: improveOnce) CascadeMinimizer.cc: 216 -- Minimization success! status=0
INFO: (function: improveOnce) CascadeMinimizer.cc: 188 -- Minimisation configured with Type=Minuit2, Algo=Migrad, strategy=1, tolerance=0.1
INFO: (function: improveOnce) CascadeMinimizer.cc: 211 -- Minimisation finished with status=0
INFO: (function: improveOnce) CascadeMinimizer.cc: 216 -- Minimization success! status=0
INFO: (function: improveOnce) CascadeMinimizer.cc: 188 -- Minimisation configured with Type=Minuit2, Algo=Migrad, strategy=1, tolerance=0.1
INFO: (function: improveOnce) CascadeMinimizer.cc: 211 -- Minimisation finished with status=0
INFO: (function: improveOnce) CascadeMinimizer.cc: 216 -- Minimization success! status=0
INFO: (function: improveOnce) CascadeMinimizer.cc: 188 -- Minimisation configured with Type=Minuit2, Algo=Migrad, strategy=1, tolerance=0.1
INFO: (function: improveOnce) CascadeMinimizer.cc: 211 -- Minimisation finished with status=0
INFO: (function: improveOnce) CascadeMinimizer.cc: 216 -- Minimization success! status=0
INFO: (function: improveOnce) CascadeMinimizer.cc: 188 -- Minimisation configured with Type=Minuit2, Algo=Migrad, strategy=1, tolerance=0.1
INFO: (function: improveOnce) CascadeMinimizer.cc: 211 -- Minimisation finished with status=0
INFO: (function: improveOnce) CascadeMinimizer.cc: 216 -- Minimization success! status=0
INFO: (function: improveOnce) CascadeMinimizer.cc: 188 -- Minimisation configured with Type=Minuit2, Algo=Migrad, strategy=1, tolerance=0.1
INFO: (function: improveOnce) CascadeMinimizer.cc: 211 -- Minimisation finished with status=0
INFO: (function: improveOnce) CascadeMinimizer.cc: 216 -- Minimization success! status=0
INFO: (function: improveOnce) CascadeMinimizer.cc: 188 -- Minimisation configured with Type=Minuit2, Algo=Migrad, strategy=1, tolerance=0.1
INFO: (function: improveOnce) CascadeMinimizer.cc: 211 -- Minimisation finished with status=0
INFO: (function: improveOnce) CascadeMinimizer.cc: 216 -- Minimization success! status=0
INFO: (function: improveOnce) CascadeMinimizer.cc: 188 -- Minimisation configured with Type=Minuit2, Algo=Migrad, strategy=1, tolerance=0.1
INFO: (function: improveOnce) CascadeMinimizer.cc: 211 -- Minimisation finished with status=0
INFO: (function: improveOnce) CascadeMinimizer.cc: 216 -- Minimization success! status=0
INFO: (function: improveOnce) CascadeMinimizer.cc: 188 -- Minimisation configured with Type=Minuit2, Algo=Migrad, strategy=1, tolerance=0.1
INFO: (function: improveOnce) CascadeMinimizer.cc: 211 -- Minimisation finished with status=0
INFO: (function: improveOnce) CascadeMinimizer.cc: 216 -- Minimization success! status=0
INFO: (function: improveOnce) CascadeMinimizer.cc: 188 -- Minimisation configured with Type=Minuit2, Algo=Migrad, strategy=1, tolerance=0.1
INFO: (function: improveOnce) CascadeMinimizer.cc: 211 -- Minimisation finished with status=0
INFO: (function: improveOnce) CascadeMinimizer.cc: 216 -- Minimization success! status=0
INFO: (function: improveOnce) CascadeMinimizer.cc: 188 -- Minimisation configured with Type=Minuit2, Algo=Migrad, strategy=1, tolerance=0.1
INFO: (function: improveOnce) CascadeMinimizer.cc: 211 -- Minimisation finished with status=0
INFO: (function: improveOnce) CascadeMinimizer.cc: 216 -- Minimization success! status=0
INFO: (function: improveOnce) CascadeMinimizer.cc: 188 -- Minimisation configured with Type=Minuit2, Algo=Migrad, strategy=1, tolerance=0.1
INFO: (function: improveOnce) CascadeMinimizer.cc: 211 -- Minimisation finished with status=0
INFO: (function: improveOnce) CascadeMinimizer.cc: 216 -- Minimization success! status=0
INFO: (function: improveOnce) CascadeMinimizer.cc: 188 -- Minimisation configured with Type=Minuit2, Algo=Migrad, strategy=1, tolerance=0.1
INFO: (function: improveOnce) CascadeMinimizer.cc: 211 -- Minimisation finished with status=0
INFO: (function: improveOnce) CascadeMinimizer.cc: 216 -- Minimization success! status=0
INFO: (function: improveOnce) CascadeMinimizer.cc: 188 -- Minimisation configured with Type=Minuit2, Algo=Migrad, strategy=1, tolerance=0.1
INFO: (function: improveOnce) CascadeMinimizer.cc: 211 -- Minimisation finished with status=1
DEBUG: (function: improveOnce) CascadeMinimizer.cc: 212 -- finished with status 1 (covariance forced positive definite), this could indicate a problem with the minimim.
INFO: (function: improveOnce) CascadeMinimizer.cc: 216 -- Minimization success! status=0
INFO: (function: improveOnce) CascadeMinimizer.cc: 188 -- Minimisation configured with Type=Minuit2, Algo=Migrad, strategy=1, tolerance=0.1
INFO: (function: improveOnce) CascadeMinimizer.cc: 211 -- Minimisation finished with status=0
INFO: (function: improveOnce) CascadeMinimizer.cc: 216 -- Minimization success! status=0
INFO: (function: improveOnce) CascadeMinimizer.cc: 188 -- Minimisation configured with Type=Minuit2, Algo=Migrad, strategy=1, tolerance=0.1
INFO: (function: improveOnce) CascadeMinimizer.cc: 211 -- Minimisation finished with status=1
DEBUG: (function: improveOnce) CascadeMinimizer.cc: 212 -- finished with status 1 (covariance forced positive definite), this could indicate a problem with the minimim.
INFO: (function: improveOnce) CascadeMinimizer.cc: 216 -- Minimization success! status=0
INFO: (function: improveOnce) CascadeMinimizer.cc: 188 -- Minimisation configured with Type=Minuit2, Algo=Migrad, strategy=1, tolerance=0.1
INFO: (function: improveOnce) CascadeMinimizer.cc: 211 -- Minimisation finished with status=0
INFO: (function: improveOnce) CascadeMinimizer.cc: 216 -- Minimization success! status=0
INFO: (function: runLimit) AsymptoticLimits.cc: 193 -- NLL at global minimum of data = -136174 (r=1.09543e-08)
INFO: (function: improveOnce) CascadeMinimizer.cc: 188 -- Minimisation configured with Type=Minuit2, Algo=Migrad, strategy=1, tolerance=0.1
INFO: (function: improveOnce) CascadeMinimizer.cc: 211 -- Minimisation finished with status=1
DEBUG: (function: improveOnce) CascadeMinimizer.cc: 212 -- finished with status 1 (covariance forced positive definite), this could indicate a problem with the minimim.
INFO: (function: improveOnce) CascadeMinimizer.cc: 216 -- Minimization success! status=0
INFO: (function: runLimit) AsymptoticLimits.cc: 213 -- NLL at global minimum of asimov = -136072 (r=1.73172e-06)
INFO: (function: improveOnce) CascadeMinimizer.cc: 188 -- Minimisation configured with Type=Minuit2, Algo=Migrad, strategy=1, tolerance=0.1
INFO: (function: improveOnce) CascadeMinimizer.cc: 211 -- Minimisation finished with status=1
DEBUG: (function: improveOnce) CascadeMinimizer.cc: 212 -- finished with status 1 (covariance forced positive definite), this could indicate a problem with the minimim.
INFO: (function: improveOnce) CascadeMinimizer.cc: 216 -- Minimization success! status=0
INFO: (function: improveOnce) CascadeMinimizer.cc: 188 -- Minimisation configured with Type=Minuit2, Algo=Migrad, strategy=1, tolerance=0.1
INFO: (function: improveOnce) CascadeMinimizer.cc: 211 -- Minimisation finished with status=0
INFO: (function: improveOnce) CascadeMinimizer.cc: 216 -- Minimization success! status=0
INFO: (function: getCLs) AsymptoticLimits.cc: 343 -- At r = 0.300000:	q_mu = 18.18442	q_A  = 1.08500	CLsb = 0.00000	CLb  = 0.00000	CLs  = 0.00010
INFO: (function: improveOnce) CascadeMinimizer.cc: 188 -- Minimisation configured with Type=Minuit2, Algo=Migrad, strategy=1, tolerance=0.1
INFO: (function: improveOnce) CascadeMinimizer.cc: 211 -- Minimisation finished with status=0
INFO: (function: improveOnce) CascadeMinimizer.cc: 216 -- Minimization success! status=0
INFO: (function: improveOnce) CascadeMinimizer.cc: 188 -- Minimisation configured with Type=Minuit2, Algo=Migrad, strategy=1, tolerance=0.1
INFO: (function: improveOnce) CascadeMinimizer.cc: 211 -- Minimisation finished with status=0
INFO: (function: improveOnce) CascadeMinimizer.cc: 216 -- Minimization success! status=0
INFO: (function: getCLs) AsymptoticLimits.cc: 343 -- At r = 0.150000:	q_mu = 8.00259	q_A  = 0.23725	CLsb = 0.00000	CLb  = 0.00000	CLs  = 0.01727
INFO: (function: improveOnce) CascadeMinimizer.cc: 188 -- Minimisation configured with Type=Minuit2, Algo=Migrad, strategy=1, tolerance=0.1
INFO: (function: improveOnce) CascadeMinimizer.cc: 211 -- Minimisation finished with status=0
INFO: (function: improveOnce) CascadeMinimizer.cc: 216 -- Minimization success! status=0
INFO: (function: improveOnce) CascadeMinimizer.cc: 188 -- Minimisation configured with Type=Minuit2, Algo=Migrad, strategy=1, tolerance=0.1
INFO: (function: improveOnce) CascadeMinimizer.cc: 211 -- Minimisation finished with status=1
DEBUG: (function: improveOnce) CascadeMinimizer.cc: 212 -- finished with status 1 (covariance forced positive definite), this could indicate a problem with the minimim.
INFO: (function: improveOnce) CascadeMinimizer.cc: 216 -- Minimization success! status=0
INFO: (function: getCLs) AsymptoticLimits.cc: 343 -- At r = 0.075000:	q_mu = 3.74593	q_A  = 0.05567	CLsb = 0.00000	CLb  = 0.00000	CLs  = 0.14930
INFO: (function: improveOnce) CascadeMinimizer.cc: 188 -- Minimisation configured with Type=Minuit2, Algo=Migrad, strategy=1, tolerance=0.1
INFO: (function: improveOnce) CascadeMinimizer.cc: 211 -- Minimisation finished with status=1
DEBUG: (function: improveOnce) CascadeMinimizer.cc: 212 -- finished with status 1 (covariance forced positive definite), this could indicate a problem with the minimim.
INFO: (function: improveOnce) CascadeMinimizer.cc: 216 -- Minimization success! status=0
INFO: (function: improveOnce) CascadeMinimizer.cc: 188 -- Minimisation configured with Type=Minuit2, Algo=Migrad, strategy=1, tolerance=0.1
INFO: (function: improveOnce) CascadeMinimizer.cc: 211 -- Minimisation finished with status=0
INFO: (function: improveOnce) CascadeMinimizer.cc: 216 -- Minimization success! status=0
INFO: (function: getCLs) AsymptoticLimits.cc: 343 -- At r = 0.105427:	q_mu = 5.40901	q_A  = 0.11284	CLsb = 0.00000	CLb  = 0.00000	CLs  = 0.06425
INFO: (function: improveOnce) CascadeMinimizer.cc: 188 -- Minimisation configured with Type=Minuit2, Algo=Migrad, strategy=1, tolerance=0.1
INFO: (function: improveOnce) CascadeMinimizer.cc: 211 -- Minimisation finished with status=0
INFO: (function: improveOnce) CascadeMinimizer.cc: 216 -- Minimization success! status=0
INFO: (function: improveOnce) CascadeMinimizer.cc: 188 -- Minimisation configured with Type=Minuit2, Algo=Migrad, strategy=1, tolerance=0.1
INFO: (function: improveOnce) CascadeMinimizer.cc: 211 -- Minimisation finished with status=1
DEBUG: (function: improveOnce) CascadeMinimizer.cc: 212 -- finished with status 1 (covariance forced positive definite), this could indicate a problem with the minimim.
INFO: (function: improveOnce) CascadeMinimizer.cc: 216 -- Minimization success! status=0
INFO: (function: getCLs) AsymptoticLimits.cc: 343 -- At r = 0.121145:	q_mu = 6.30230	q_A  = 0.15099	CLsb = 0.00000	CLb  = 0.00000	CLs  = 0.04086
INFO: (function: improveOnce) CascadeMinimizer.cc: 188 -- Minimisation configured with Type=Minuit2, Algo=Migrad, strategy=1, tolerance=0.1
INFO: (function: improveOnce) CascadeMinimizer.cc: 211 -- Minimisation finished with status=1
DEBUG: (function: improveOnce) CascadeMinimizer.cc: 212 -- finished with status 1 (covariance forced positive definite), this could indicate a problem with the minimim.
INFO: (function: improveOnce) CascadeMinimizer.cc: 216 -- Minimization success! status=0
INFO: (function: improveOnce) CascadeMinimizer.cc: 188 -- Minimisation configured with Type=Minuit2, Algo=Migrad, strategy=1, tolerance=0.1
INFO: (function: improveOnce) CascadeMinimizer.cc: 211 -- Minimisation finished with status=0
INFO: (function: improveOnce) CascadeMinimizer.cc: 216 -- Minimization success! status=0
INFO: (function: getCLs) AsymptoticLimits.cc: 343 -- At r = 0.112391:	q_mu = 5.80188	q_A  = 0.12912	CLsb = 0.00000	CLb  = 0.00000	CLs  = 0.05264
INFO: (function: improveOnce) CascadeMinimizer.cc: 188 -- Minimisation configured with Type=Minuit2, Algo=Migrad, strategy=1, tolerance=0.1
INFO: (function: improveOnce) CascadeMinimizer.cc: 211 -- Minimisation finished with status=1
DEBUG: (function: improveOnce) CascadeMinimizer.cc: 212 -- finished with status 1 (covariance forced positive definite), this could indicate a problem with the minimim.
INFO: (function: improveOnce) CascadeMinimizer.cc: 216 -- Minimization success! status=0
INFO: (function: improveOnce) CascadeMinimizer.cc: 188 -- Minimisation configured with Type=Minuit2, Algo=Migrad, strategy=1, tolerance=0.1
INFO: (function: improveOnce) CascadeMinimizer.cc: 211 -- Minimisation finished with status=0
INFO: (function: improveOnce) CascadeMinimizer.cc: 216 -- Minimization success! status=0
INFO: (function: getCLs) AsymptoticLimits.cc: 343 -- At r = 0.115565:	q_mu = 5.98244	q_A  = 0.13682	CLsb = 0.00000	CLb  = 0.00000	CLs  = 0.04804
INFO: (function: improveOnce) CascadeMinimizer.cc: 188 -- Minimisation configured with Type=Minuit2, Algo=Migrad, strategy=1, tolerance=0.1
INFO: (function: improveOnce) CascadeMinimizer.cc: 211 -- Minimisation finished with status=0
INFO: (function: improveOnce) CascadeMinimizer.cc: 216 -- Minimization success! status=0
INFO: (function: improveOnce) CascadeMinimizer.cc: 188 -- Minimisation configured with Type=Minuit2, Algo=Migrad, strategy=1, tolerance=0.1
INFO: (function: improveOnce) CascadeMinimizer.cc: 211 -- Minimisation finished with status=0
INFO: (function: improveOnce) CascadeMinimizer.cc: 216 -- Minimization success! status=0
INFO: (function: getCLs) AsymptoticLimits.cc: 343 -- At r = 0.113822:	q_mu = 5.88314	q_A  = 0.13254	CLsb = 0.00000	CLb  = 0.00000	CLs  = 0.05052
INFO: (function: improveOnce) CascadeMinimizer.cc: 188 -- Minimisation configured with Type=Minuit2, Algo=Migrad, strategy=1, tolerance=0.1
INFO: (function: improveOnce) CascadeMinimizer.cc: 211 -- Minimisation finished with status=1
DEBUG: (function: improveOnce) CascadeMinimizer.cc: 212 -- finished with status 1 (covariance forced positive definite), this could indicate a problem with the minimim.
INFO: (function: improveOnce) CascadeMinimizer.cc: 216 -- Minimization success! status=0
INFO: (function: improveOnce) CascadeMinimizer.cc: 188 -- Minimisation configured with Type=Minuit2, Algo=Migrad, strategy=1, tolerance=0.1
INFO: (function: improveOnce) CascadeMinimizer.cc: 211 -- Minimisation finished with status=1
DEBUG: (function: improveOnce) CascadeMinimizer.cc: 212 -- finished with status 1 (covariance forced positive definite), this could indicate a problem with the minimim.
INFO: (function: improveOnce) CascadeMinimizer.cc: 216 -- Minimization success! status=0
INFO: (function: getCLs) AsymptoticLimits.cc: 343 -- At r = 0.114458:	q_mu = 5.91936	q_A  = 0.13409	CLsb = 0.00000	CLb  = 0.00000	CLs  = 0.04960
INFO: (function: improveOnce) CascadeMinimizer.cc: 188 -- Minimisation configured with Type=Minuit2, Algo=Migrad, strategy=1, tolerance=0.1
INFO: (function: improveOnce) CascadeMinimizer.cc: 211 -- Minimisation finished with status=1
DEBUG: (function: improveOnce) CascadeMinimizer.cc: 212 -- finished with status 1 (covariance forced positive definite), this could indicate a problem with the minimim.
INFO: (function: improveOnce) CascadeMinimizer.cc: 216 -- Minimization success! status=0
INFO: (function: improveOnce) CascadeMinimizer.cc: 188 -- Minimisation configured with Type=Minuit2, Algo=Migrad, strategy=1, tolerance=0.1
INFO: (function: improveOnce) CascadeMinimizer.cc: 211 -- Minimisation finished with status=1
DEBUG: (function: improveOnce) CascadeMinimizer.cc: 212 -- finished with status 1 (covariance forced positive definite), this could indicate a problem with the minimim.
INFO: (function: improveOnce) CascadeMinimizer.cc: 216 -- Minimization success! status=0
INFO: (function: getCLs) AsymptoticLimits.cc: 343 -- At r = 0.114110:	q_mu = 5.89953	q_A  = 0.13317	CLsb = 0.00000	CLb  = 0.00000	CLs  = 0.05011
